0.0955133 0.615813 0.556683 
0.119524 0.532108 0.468917 
0.133106 0.526613 0.372651 
0.0812305 0.427094 0.23421 
0.110835 0.384286 0.244385 
0.118713 0.304365 0.278019 
0.10809 0.30216 0.25024 
0.131513 0.34525 0.191883 
0.162361 0.393716 0.194203 
0.286083 0.480912 0.124183 
0.262807 0.488923 0.110106 
0.263058 0.485716 0.105287 
0.341574 0.475738 0.156424 
0.391039 0.445274 0.198687 
0.332176 0.47427 0.190466 
0.352851 0.469905 0.180272 
0.403927 0.565935 0.235445 
0.403361 0.537813 0.243454 
0.392806 0.65733 0.279052 
0.437169 0.694572 0.321704 
0.517178 0.557623 0.34769 
0.525764 0.625122 0.348452 
0.457074 0.628058 0.384405 
0.568889 0.608876 0.432317 
0.519923 0.607541 0.426344 
0.597227 0.680481 0.464055 
0.617733 0.775086 0.496428 
0.574937 0.811184 0.607517 
0.604671 0.738684 0.680812 
0.607962 0.778821 0.753804 
0.611107 0.846326 0.771713 
0.629352 0.791761 0.770778 
0.651618 0.873699 0.774761 
0.722538 0.80592 0.77942 
0.750311 0.748926 0.854059 
0.802736 0.808958 0.899023 
0.787249 0.814286 0.959263 
0.830052 0.82684 0.98821 
0.866198 0.854628 0.952387 
0.958951 0.850799 1 
0.947707 0.843024 0.997181 
0.968309 0.926718 1 
1 0.868516 1 
0.98782 0.848016 1 
1 0.900191 1 
1 0.941374 1 
1 0.873709 0.994987 
1 0.966972 1 
1 1 1 
1 0.967666 1 
1 0.911992 1 
0.965032 0.850304 1 
0.959891 0.757157 1 
1 0.793694 0.992964 
1 0.895955 0.966276 
1 0.823009 0.975458 
1 0.889257 0.996711 
1 0.913564 1 
1 0.901021 1 
0.946631 0.919139 0.99971 
1 0.972236 1 
1 1 1 
1 1 1 
0.952423 1 0.994938 
0.892473 1 1 
0.97968 1 1 
0.974244 1 1 
0.958264 1 1 
0.927125 0.943971 0.980471 
0.939481 0.92284 0.997576 
0.921337 0.934475 1 
0.986208 0.960847 1 
1 0.962422 0.96988 
0.971009 1 1 
1 1 1 
0.998305 1 1 
0.949846 1 1 
0.955962 0.994135 0.998899 
0.931181 1 1 
1 1 1 
1 1 1 
1 1 1 
1 1 1 
1 1 1 
1 0.923778 1 
1 0.892725 0.998029 
1 0.882977 1 
1 0.919553 1 
1 0.95329 0.99568 
0.989917 0.995974 1 
1 1 1 
1 1 1 
0.931063 1 1 
0.944171 1 1 
0.894694 1 1 
0.917592 1 1 
0.850312 1 1 
0.835914 1 1 
0.971859 1 1 
1 1 1 
1 1 1 
1 1 1 
1 1 1 
0.945987 1 1 
0.916784 1 1 
0.873647 1 1 
0.918708 1 1 
0.894799 1 1 
0.891778 0.985299 0.995919 
0.9492 0.986929 0.96578 
0.951944 0.950702 1 
0.897343 0.964704 1 
0.883361 1 1 
0.90031 1 1 
0.979768 1 0.983111 
1 0.999352 1 
0.994453 1 1 
1 1 1 
1 0.951081 0.999532 
1 1 1 
1 1 1 
1 1 1 
1 1 1 
1 0.985748 1 
1 1 1 
1 1 1 
1 1 1 
1 1 1 
1 1 0.99233 
1 1 0.992716 
1 1 1 
1 1 1 
1 1 1 
1 1 1 
1 1 0.993973 
1 1 0.981853 
1 1 0.981359 
0.981755 1 1 
1 1 1 
0.908468 1 0.998652 
0.902141 1 0.9269 
0.977034 0.922376 0.992792 
1 0.941006 0.936938 
1 0.859986 1 
1 0.925414 1 
1 1 1 
1 1 1 
1 0.989407 1 
1 1 1 
0.978299 0.966262 0.957076 
1 0.890557 1 
1 0.910888 1 
1 0.974433 1 
1 0.946057 1 
1 1 1 
1 1 0.995444 
1 0.978732 0.98582 
1 1 1 
0.966332 1 1 
1 1 1 
1 1 1 
1 1 1 
1 1 0.993563 
1 1 0.977283 
1 1 1 
1 0.938049 1 
1 0.95306 1 
1 0.991947 1 
1 1 1 
1 1 1 
1 1 1 
1 0.922483 1 
1 0.967489 1 
1 1 1 
1 1 1 
1 1 1 
1 1 1 
1 1 1 
1 1 1 
1 1 1 
1 1 1 
1 1 1 
1 1 1 
1 0.993995 1 
1 0.905404 1 
1 0.86953 1 
1 0.95529 1 
1 0.922339 1 
1 1 1 
1 1 1 
1 1 1 
1 1 1 
1 1 0.979646 
1 1 0.983742 
1 0.989082 1 
0.990146 1 1 
1 1 1 
1 0.984733 1 
1 1 0.985152 
1 1 0.967482 
1 1 0.991805 
1 1 1 
1 1 0.997276 
0.979825 1 1 
0.95157 1 1 
1 1 1 
1 1 1 
1 1 0.990492 
1 1 1 
1 1 1 
1 1 1 
0.999836 0.969895 1 
1 1 1 
1 1 1 
1 1 1 
0.952327 1 1 
0.922838 1 1 
0.992188 1 1 
0.912959 0.998601 1 
0.892856 1 1 
0.974545 1 1 
1 1 1 
1 0.983266 1 
1 1 1 
1 1 1 
1 1 1 
1 1 1 
1 1 1 
1 1 1 
0.998813 1 1 
1 0.974214 1 
1 0.985855 1 
1 1 0.994206 
1 1 1 
1 1 1 
1 1 0.969836 
1 1 1 
1 1 0.988853 
1 1 1 
1 1 1 
0.993612 0.979841 1 
1 1 0.976992 
1 1 0.940816 
1 1 0.97872 
1 1 0.984079 
1 1 0.997295 
1 0.990334 1 
1 1 1 
1 1 0.963907 
0.98258 1 1 
1 1 0.991205 
1 1 1 
1 1 1 
1 1 1 
1 1 0.974959 
1 1 1 
0.977481 1 1 
1 1 1 
1 1 1 
1 1 1 
1 0.990884 1 
0.976149 1 1 
1 0.975682 0.959111 
1 1 1 
0.99578 1 1 
1 1 0.988306 
0.994625 1 0.991981 
1 1 0.96805 
1 1 1 
1 0.974026 1 
1 0.993568 1 
1 1 1 
1 1 1 
1 1 1 
1 1 0.983964 
1 1 1 
1 1 1 
1 1 1 
1 1 1 
1 1 1 
1 1 1 
0.988671 1 1 
0.926338 1 1 
0.967685 1 1 
0.95869 1 1 
1 1 1 
1 1 1 
1 1 1 
1 0.93809 1 
1 0.940785 1 
1 1 0.986366 
1 1 1 
1 0.991901 1 
1 1 1 
1 1 1 
1 1 1 
1 0.998809 1 
0.981602 1 1 
0.972157 0.9479 1 
1 0.96227 1 
1 0.959821 1 
1 0.949031 1 
1 1 0.98511 
1 1 1 
1 1 1 
1 1 1 
0.96052 1 1 
1 0.994427 1 
1 1 1 
1 1 1 
1 1 1 
1 1 0.997813 
1 1 1 
0.991667 1 0.991517 
1 0.956277 0.982752 
1 0.954731 1 
1 0.973022 1 
1 1 1 
1 1 1 
1 1 1 
1 1 1 
1 1 1 
1 1 0.975288 
1 1 1 
1 1 0.971772 
1 1 0.934154 
0.992136 1 1 
1 1 0.988329 
1 1 1 
1 1 1 
1 1 0.987363 
0.993364 1 1 
1 0.999954 0.983989 
1 0.997394 1 
1 0.987232 1 
1 1 1 
1 1 1 
1 1 0.949984 
1 1 1 
1 1 1 
1 1 1 
1 1 1 
1 1 1 
1 1 1 
1 1 1 
0.958301 1 1 
1 0.970375 1 
1 0.933994 0.979701 
1 0.971261 0.942076 
1 1 0.980784 
1 1 1 
1 1 1 
1 1 1 
1 1 1 
1 1 1 
1 1 1 
0.980774 1 1 
1 1 0.970756 
1 1 0.981944 
1 1 1 
1 1 1 
0.981986 0.976132 1 
1 0.944681 1 
1 1 1 
1 0.973445 1 
1 0.95681 1 
1 1 0.987619 
1 1 1 
1 1 1 
1 0.957421 1 
1 0.934909 1 
1 0.922236 1 
1 0.977293 1 
1 1 0.990765 
1 1 1 
1 0.994743 0.998241 
1 0.973587 1 
1 0.968842 1 
1 0.986378 1 
0.982273 0.993691 1 
0.995658 1 1 
1 0.996763 1 
0.990135 1 1 
1 1 1 
1 1 1 
1 1 1 
1 1 1 
0.969209 1 1 
1 0.98691 1 
1 1 0.982871 
1 1 1 
1 1 1 
1 1 1 
1 1 1 
1 1 1 
1 1 1 
1 0.999819 1 
1 1 1 
1 1 1 
1 1 1 
1 1 1 
1 1 0.987341 
0.992173 1 1 
0.96809 1 1 
0.949244 1 1 
0.961605 1 0.995608 
0.865258 1 1 
0.869238 1 1 
0.924526 1 1 
0.933244 1 1 
1 1 1 
0.99798 0.999819 1 
1 1 1 
1 1 0.995483 
1 0.927506 1 
1 0.995736 1 
1 0.944078 1 
1 0.969332 1 
1 1 1 
1 1 1 
1 1 1 
0.991497 1 0.988101 
0.991726 0.981531 1 
1 0.988642 1 
1 1 1 
0.987298 1 1 
1 1 0.998317 
1 1 1 
1 1 1 
1 1 1 
1 1 1 
1 1 0.921942 
1 1 0.968558 
1 0.980338 1 
1 0.976561 1 
1 1 1 
1 1 1 
1 1 1 
1 1 1 
1 1 1 
1 1 1 
1 1 1 
1 1 1 
1 1 1 
1 1 0.982054 
1 1 1 
1 1 1 
0.999608 1 0.961711 
1 1 0.969166 
1 1 1 
1 0.989833 1 
0.986332 1 1 
1 1 1 
1 1 1 
1 1 1 
1 1 1 
0.988383 1 1 
1 1 1 
1 1 1 
1 1 1 
1 0.978594 1 
1 1 0.993294 
1 1 1 
1 1 1 
1 1 1 
1 1 1 
1 0.996097 1 
1 1 1 
1 1 1 
1 0.939857 1 
1 0.967926 1 
1 1 1 
1 1 0.992575 
1 1 1 
1 0.941951 0.986846 
0.977028 1 1 
0.982452 1 0.97872 
0.942932 1 1 
1 1 1 
1 1 1 
1 1 1 
1 1 1 
1 1 1 
0.974727 1 1 
1 1 1 
0.984496 1 1 
0.99534 1 1 
0.932919 1 1 
0.902538 1 1 
0.948447 0.965137 1 
0.993612 0.995909 1 
1 1 1 
1 1 1 
1 0.95507 1 
1 0.883822 1 
1 0.911817 0.969765 
1 0.940471 1 
1 0.997114 0.99927 
1 1 1 
1 1 1 
0.985596 1 1 
1 1 1 
1 1 1 
1 1 1 
1 0.989998 1 
1 0.976916 1 
1 1 1 
1 0.998637 1 
1 1 1 
1 0.950578 1 
1 0.970194 1 
1 0.975886 1 
1 0.996575 1 
1 1 1 
1 1 1 
0.988879 1 1 
1 1 1 
1 1 0.985812 
1 1 0.988924 
0.999887 0.971298 1 
1 0.954998 1 
1 1 1 
1 0.99654 1 
0.949275 1 1 
0.968462 1 1 
0.969003 1 1 
1 1 1 
1 0.97183 1 
1 0.938623 1 
0.948379 0.899211 1 
1 1 1 
1 1 1 
0.942682 0.987891 1 
0.984167 1 1 
0.998785 0.942649 0.97717 
1 0.953677 1 
1 0.998965 1 
1 1 1 
1 1 0.962221 
1 1 0.940122 
1 1 0.936129 
0.98009 1 0.93551 
1 0.952406 1 
1 0.884518 1 
0.98748 0.868637 1 
1 0.924232 1 
0.99276 0.966164 1 
1 1 1 
1 1 1 
1 0.978016 1 
1 0.979509 0.993396 
1 0.956217 0.989156 
1 1 1 
0.996506 1 1 
1 1 1 
1 1 1 
1 1 0.98977 
1 1 1 
1 1 1 
1 1 1 
1 1 1 
1 1 1 
1 1 1 
1 1 1 
1 1 1 
1 1 0.995145 
1 1 1 
1 0.975713 1 
0.962085 1 0.997039 
0.886715 0.987842 1 
0.959757 1 1 
0.951719 0.890494 1 
1 0.89422 1 
0.982276 0.878518 1 
0.969907 0.958046 1 
1 1 1 
1 1 0.977702 
0.999524 1 0.935401 
0.999268 1 0.905821 
1 1 0.961644 
0.947124 1 1 
0.984751 1 1 
1 0.967839 1 
1 1 1 
1 1 1 
1 1 0.994232 
1 1 0.99683 
1 1 1 
1 1 1 
1 1 1 
1 0.994297 1 
1 1 1 
1 1 0.98373 
1 1 1 
0.992449 1 0.965664 
1 1 1 
1 0.968213 1 
1 0.921565 1 
0.992942 0.938077 1 
1 1 0.975984 
1 1 1 
1 0.93736 1 
1 0.963532 0.901902 
1 1 0.967545 
1 1 1 
1 1 1 
1 1 1 
1 1 0.986738 
0.986496 0.998133 0.972931 
1 1 1 
1 1 0.99764 
1 1 1 
1 1 1 
1 1 1 
1 1 1 
1 1 0.988174 
1 1 0.976539 
0.963977 1 1 
0.997324 1 1 
1 1 1 
1 1 1 
1 1 1 
1 1 1 
1 1 1 
1 0.981656 1 
1 0.991823 1 
0.99294 1 1 
1 1 1 
1 1 1 
0.993138 1 1 
0.992833 0.928562 0.990397 
1 1 1 
0.9743 0.963283 1 
0.979602 0.981628 1 
1 0.986983 1 
0.978934 0.962347 1 
0.968956 0.969233 1 
1 1 1 
1 1 0.984368 
1 1 1 
1 1 0.984586 
1 1 1 
1 1 1 
1 0.987781 1 
1 1 0.996879 
1 0.99979 1 
1 0.985343 1 
0.991515 0.969257 1 
0.986513 1 1 
1 1 0.951999 
1 1 0.978731 
1 1 1 
1 1 1 
1 0.977265 0.999856 
1 0.951335 1 
1 0.931665 1 
0.992558 1 1 
0.980522 0.939435 1 
1 0.902165 1 
1 0.892435 1 
1 0.91002 1 
1 0.928778 1 
1 0.839068 1 
1 0.827681 1 
1 0.813103 1 
1 0.890077 1 
1 0.977492 0.994373 
1 0.956362 1 
1 0.986209 1 
1 0.962519 1 
1 1 1 
1 0.985318 1 
1 0.936249 1 
1 0.961924 1 
1 0.927739 1 
0.978662 0.929774 1 
0.978866 0.959115 0.966838 
0.99635 1 1 
0.984685 1 1 
1 1 1 
1 0.962187 1 
1 1 1 
1 1 1 
1 1 0.997825 
1 1 1 
1 1 0.977089 
1 1 1 
1 0.982665 1 
1 1 1 
1 1 1 
1 1 1 
1 1 1 
1 1 1 
1 1 1 
1 1 1 
1 1 1 
1 1 1 
0.988345 1 1 
1 1 1 
1 1 1 
0.965001 0.969771 1 
0.948167 1 0.991663 
1 1 0.954911 
1 1 0.948589 
1 1 0.973395 
1 0.971338 0.978475 
1 1 0.971258 
1 1 1 
1 1 1 
1 1 0.99655 
1 1 1 
1 1 0.984301 
1 1 0.98706 
0.92291 0.959281 0.963559 
0.922171 0.9823 0.953004 
1 1 1 
1 1 1 
1 0.96079 1 
1 0.976426 1 
1 0.981214 1 
1 1 1 
1 1 1 
1 1 1 
1 1 1 
1 1 1 
0.998738 0.986192 1 
1 1 1 
0.992655 1 1 
1 1 1 
1 1 1 
1 1 1 
1 1 1 
1 1 1 
1 1 0.993731 
1 1 1 
1 0.961897 0.970049 
1 1 1 
1 1 1 
1 1 1 
0.931299 1 1 
0.900265 0.956466 1 
0.943468 1 1 
1 1 1 
1 1 1 
1 1 1 
0.98196 0.954897 1 
0.969173 0.946038 1 
0.988201 0.891284 1 
1 0.92879 1 
0.97722 0.96962 1 
1 1 1 
1 1 1 
1 0.955553 1 
1 0.994132 1 
1 1 0.997483 
1 1 1 
1 1 1 
1 1 0.960508 
1 1 0.990958 
1 1 1 
0.997551 1 0.934516 
0.976602 1 0.968132 
1 1 1 
1 1 1 
1 1 1 
1 1 1 
1 1 1 
1 1 1 
1 1 1 
1 1 0.993269 
1 1 0.98842 
1 1 1 
1 1 1 
1 1 1 
1 1 1 
1 1 1 
1 1 1 
1 1 1 
1 1 1 
1 1 1 
1 1 1 
1 1 1 
1 1 1 
0.982575 1 1 
1 1 1 
1 1 1 
1 1 1 
1 0.948865 1 
0.977679 0.996924 1 
1 1 0.993318 
1 0.993855 0.964557 
1 1 1 
1 1 1 
1 1 0.987742 
0.985394 0.993608 1 
1 1 1 
1 1 0.972382 
1 1 0.99607 
1 0.955975 0.94491 
1 1 1 
1 1 1 
0.988362 1 1 
0.997391 1 1 
1 1 1 
1 1 1 
1 1 0.993137 
1 1 0.948984 
1 1 0.982289 
1 1 1 
1 1 1 
1 1 1 
1 1 1 
1 1 1 
0.946775 1 1 
0.902768 1 0.994758 
0.924661 1 1 
0.861226 0.990254 1 
0.88873 1 1 
0.893287 0.992717 1 
1 1 1 
0.987746 1 1 
1 1 1 
0.988906 1 1 
0.977875 1 1 
0.977993 1 1 
1 1 0.963118 
1 1 1 
1 0.997923 0.985545 
1 0.982771 1 
1 1 1 
1 1 1 
0.980607 1 0.998081 
1 1 0.97759 
1 1 0.988009 
1 1 0.929969 
1 0.990656 0.923794 
1 1 0.944741 
1 1 1 
1 1 1 
0.990097 1 1 
1 1 1 
1 1 1 
1 1 1 
1 1 1 
1 1 1 
1 0.984332 1 
0.995005 1 1 
1 1 1 
1 1 1 
1 1 1 
1 1 1 
1 1 1 
1 1 1 
1 1 0.994905 
1 1 1 
1 1 1 
1 1 0.985851 
1 1 1 
1 1 1 
1 1 1 
1 1 0.994499 
1 1 1 
1 1 1 
1 1 1 
1 1 0.99868 
1 1 1 
1 0.920734 1 
1 0.908788 0.987012 
1 0.903843 1 
0.978557 0.998502 1 
0.979247 0.956512 1 
1 1 1 
1 1 1 
0.959977 1 1 
1 1 1 
1 0.994071 1 
1 1 0.984617 
1 1 1 
1 0.958027 1 
1 1 1 
1 1 0.964735 
1 1 0.95432 
1 0.995325 1 
0.968107 0.98415 1 
0.987855 1 1 
1 0.991436 1 
0.995539 1 1 
1 1 1 
1 1 1 
1 1 1 
1 1 1 
1 1 1 
1 1 1 
0.975182 1 1 
0.958507 0.993719 1 
1 0.98131 1 
1 1 1 
1 1 1 
1 1 1 
1 1 1 
1 1 1 
1 1 1 
1 1 1 
0.927956 1 0.99695 
0.900844 1 1 
0.887544 0.98322 0.971045 
0.981513 0.98581 1 
1 0.995243 1 
1 0.963278 0.986667 
1 0.932954 1 
1 0.971225 1 
1 1 0.982895 
0.994381 1 1 
0.940265 0.989408 1 
0.962089 1 0.986598 
1 1 0.960757 
1 1 0.983683 
1 1 1 
1 1 1 
1 1 1 
0.988614 1 1 
1 1 1 
1 1 1 
0.998156 1 1 
1 1 1 
0.916166 1 1 
1 1 1 
1 1 1 
0.98168 1 1 
0.961915 1 1 
1 1 1 
1 1 1 
1 1 1 
1 1 1 
1 1 0.998337 
1 0.994534 0.991532 
1 1 1 
1 1 1 
1 0.992815 1 
1 1 1 
1 1 1 
1 1 1 
1 1 1 
0.979266 1 1 
1 1 1 
1 1 1 
1 1 0.984761 
1 1 1 
1 1 1 
1 1 1 
1 1 1 
1 1 1 
0.997234 1 1 
1 1 1 
1 1 1 
1 1 1 
1 0.944314 1 
1 1 1 
0.971175 0.930452 1 
1 0.950257 1 
1 0.908522 1 
1 1 1 
1 1 1 
1 1 0.981376 
1 1 1 
1 1 1 
1 1 1 
1 1 1 
1 1 0.994508 
1 1 1 
1 1 1 
1 1 1 
1 1 1 
1 1 1 
1 1 1 
1 1 0.991716 
1 1 1 
1 1 1 
1 1 1 
1 0.962736 1 
1 0.990782 1 
1 1 1 
1 1 1 
0.994801 1 1 
1 1 1 
1 1 1 
1 1 1 
1 1 1 
1 1 0.989939 
0.989539 1 1 
0.932423 0.964221 1 
0.940471 1 1 
0.9527 1 1 
0.89553 0.987167 1 
0.945487 1 1 
1 1 1 
0.999643 1 1 
1 0.988252 1 
1 0.987679 1 
1 0.96267 1 
