0.914665 0.833144 0.22079 
0.85827 0.775493 0.18899 
0.812887 0.749121 0.216046 
0.826563 0.735994 0.190344 
0.799824 0.678168 0.301941 
0.844216 0.700361 0.302851 
0.819182 0.690106 0.251522 
0.723896 0.634869 0.328901 
0.645619 0.555802 0.3266 
0.667207 0.536488 0.362503 
0.623667 0.516818 0.332182 
0.619116 0.567557 0.386982 
0.65334 0.55883 0.395274 
0.670439 0.577613 0.387659 
0.599239 0.541249 0.369377 
0.573524 0.55454 0.416079 
0.530887 0.619613 0.465758 
0.482936 0.638696 0.560731 
0.520804 0.647803 0.524191 
0.537533 0.570413 0.570374 
0.532923 0.569718 0.58948 
0.531321 0.602531 0.591166 
0.471065 0.559046 0.573289 
0.528278 0.564326 0.554644 
0.545687 0.6008 0.492728 
0.547354 0.558439 0.564894 
0.489315 0.547786 0.536448 
0.5515 0.558337 0.449724 
0.589108 0.523767 0.417452 
0.506126 0.525389 0.375865 
0.504938 0.529902 0.423039 
0.53169 0.598555 0.480577 
0.532235 0.663931 0.429506 
0.507069 0.625537 0.390749 
0.580646 0.696012 0.356389 
0.506486 0.680182 0.434181 
0.467753 0.626198 0.303096 
0.400524 0.610545 0.313141 
0.414608 0.581217 0.397079 
0.477136 0.595242 0.356591 
0.464936 0.559882 0.260652 
0.520525 0.528245 0.335907 
0.519487 0.555986 0.399009 
0.511029 0.603216 0.426217 
0.51935 0.536581 0.397209 
0.497424 0.543115 0.438528 
0.576446 0.603645 0.533939 
0.548177 0.692157 0.401858 
0.5405 0.66095 0.423026 
0.507903 0.711932 0.50454 
0.540533 0.711103 0.480682 
0.529452 0.656625 0.458965 
0.498864 0.65659 0.401233 
0.542773 0.638068 0.409492 
0.469293 0.74576 0.441368 
0.465399 0.763237 0.43614 
0.505277 0.673198 0.462165 
0.609995 0.712603 0.442257 
0.654828 0.69689 0.458379 
0.753035 0.757098 0.467384 
0.709483 0.799844 0.499705 
0.723339 0.749743 0.425692 
0.748649 0.746713 0.423821 
0.725614 0.769961 0.449084 
0.802779 0.785182 0.462291 
0.831391 0.789661 0.395212 
0.850592 0.798991 0.448576 
0.865132 0.783388 0.473574 
0.700092 0.87552 0.548061 
0.647362 0.918596 0.540536 
0.628388 0.922186 0.598314 
0.563314 1 0.523159 
0.504547 1 0.497878 
0.441486 0.986155 0.535597 
0.450665 1 0.553516 
0.41584 0.97379 0.554734 
0.48861 0.958818 0.524038 
0.521484 0.891063 0.554092 
0.530776 0.903149 0.561261 
0.430395 0.883189 0.533326 
0.445938 0.825549 0.563427 
0.424773 0.856596 0.581457 
0.50036 0.806545 0.698049 
0.447359 0.753813 0.722625 
0.58203 0.810638 0.688087 
0.475547 0.854272 0.704587 
0.453335 0.812699 0.716129 
0.44079 0.837028 0.744602 
0.412598 0.812214 0.713227 
0.429111 0.774366 0.729831 
0.443406 0.772459 0.683776 
0.484623 0.803169 0.695088 
0.498077 0.756509 0.76524 
0.447532 0.861455 0.841219 
0.373343 0.898235 0.835769 
0.398459 0.905615 0.846396 
0.358605 0.962751 0.729277 
0.284402 0.966281 0.76172 
0.343662 1 0.776281 
0.301619 1 0.805369 
0.364701 1 0.776064 
0.369222 0.982687 0.780215 
0.386131 0.935901 0.78124 
0.442802 0.916402 0.79223 
0.488619 0.96549 0.850881 
0.392641 0.960682 0.850312 
0.417801 1 0.839927 
0.412915 1 0.856129 
0.424533 1 0.829353 
0.364672 1 0.856775 
0.306487 1 0.819321 
0.315025 1 0.875762 
0.254232 1 0.902826 
0.297385 0.968531 0.951512 
0.331649 0.939681 0.906597 
0.27889 1 0.867562 
0.261171 1 0.869383 
0.319112 1 0.8607 
0.414172 1 0.896388 
0.388528 0.965408 0.899306 
0.424202 1 0.924361 
0.315406 0.992452 0.951992 
0.32867 0.990442 1 
0.428972 1 1 
0.449904 1 1 
0.478851 1 1 
0.495747 1 1 
0.504167 0.963829 1 
0.467648 0.960202 1 
0.533527 0.913814 1 
0.492748 0.917279 0.988481 
0.487646 0.88505 1 
0.510925 0.915879 1 
0.493748 1 1 
0.397586 1 1 
0.467432 1 1 
0.443002 0.99392 1 
0.384076 1 1 
0.321126 1 1 
0.299059 1 0.981243 
0.139161 0.926402 1 
0.173937 0.959907 1 
0.251317 1 0.951259 
0.320978 1 0.931391 
0.383665 1 0.970456 
0.433573 0.994022 0.954405 
0.415418 0.917138 0.934357 
0.4525 0.940591 0.925441 
0.445468 0.961026 0.914721 
0.393276 0.9316 0.941287 
0.404072 1 0.95715 
0.379891 0.98458 0.932736 
0.4775 1 0.952339 
0.484175 1 0.94662 
0.494709 0.984354 0.952609 
0.46293 0.985786 0.962365 
0.38417 0.975442 1 
0.41967 0.946937 1 
0.428426 0.991235 1 
0.406241 1 0.994775 
0.342196 0.97814 1 
0.353938 1 1 
0.371804 1 1 
0.345844 1 1 
0.360758 1 0.971324 
0.371596 1 0.969816 
0.310644 1 0.965631 
0.378447 1 0.989437 
0.340572 1 0.932643 
0.467374 0.989818 0.886342 
0.494683 1 0.907693 
0.598056 1 1 
0.55742 1 1 
0.545041 1 1 
0.62627 1 0.998989 
0.598737 1 1 
0.517475 0.966715 1 
0.552384 1 0.989023 
0.55844 0.985102 1 
0.501593 0.984242 0.956148 
0.490134 0.956885 0.915766 
0.503979 0.992872 0.972733 
0.390528 1 1 
0.470124 0.995574 1 
0.475238 1 1 
0.52494 1 1 
0.54795 1 0.962949 
0.526547 1 0.941729 
0.405831 1 0.967986 
0.352007 1 0.933259 
0.381402 1 0.943231 
0.365044 1 1 
0.319648 0.987121 1 
0.323802 0.942844 1 
0.388606 0.931186 1 
0.488035 0.924595 0.989938 
0.510123 0.92389 1 
0.530475 0.939381 1 
0.504976 0.914104 1 
0.516142 0.899266 1 
0.557019 0.847742 1 
0.558275 0.789824 1 
0.617067 0.779665 1 
0.615867 0.844987 0.990388 
0.529213 0.799309 1 
0.564265 0.826429 1 
0.531357 0.820318 1 
0.536235 0.849944 1 
0.514304 0.90291 1 
0.484637 0.876696 1 
0.452218 0.875298 1 
0.449838 0.94961 1 
0.495234 0.884331 1 
0.608362 0.875425 1 
0.633309 0.908334 1 
0.635937 0.914363 1 
0.559334 0.928489 1 
0.612125 1 1 
0.567406 1 1 
0.589993 1 1 
0.578386 1 1 
0.608752 1 0.999442 
0.547754 1 1 
0.511674 1 1 
0.446983 1 1 
0.376884 1 1 
0.41894 1 1 
0.379391 1 1 
0.445733 1 1 
0.427931 0.995041 1 
0.532049 1 0.970701 
0.468318 0.926139 0.971421 
0.471948 0.923793 1 
0.45131 0.964529 1 
0.488915 0.945424 1 
0.487061 0.974724 1 
0.449715 1 1 
0.459627 1 1 
0.467916 1 0.9882 
0.394523 1 1 
0.372265 1 0.986741 
0.342848 1 0.996218 
0.35867 1 1 
0.43294 1 1 
0.420453 1 1 
0.409616 1 1 
0.41634 0.988701 1 
0.533941 1 1 
0.50075 1 0.985948 
0.479728 1 1 
0.493266 1 0.987346 
0.453227 1 0.964336 
0.467776 1 1 
0.527445 1 0.950734 
0.573494 1 1 
0.673179 0.973113 1 
0.614032 1 1 
0.501789 0.98162 1 
0.515554 1 1 
0.519306 1 1 
0.53576 1 1 
0.495993 1 1 
0.495954 1 1 
0.442444 1 1 
0.377699 1 1 
0.364758 1 1 
0.303453 0.988607 1 
0.215176 0.962166 0.99166 
0.246398 0.996919 0.996304 
0.237686 0.981052 1 
0.256763 1 1 
0.264025 0.992543 1 
0.20767 0.991809 1 
0.227831 1 1 
0.27555 1 1 
0.238134 1 1 
0.270165 1 0.96382 
0.261297 1 1 
0.163487 1 1 
0.152797 1 1 
0.154551 1 0.954947 
0.159209 1 0.989992 
0.153439 1 1 
0.0846013 1 1 
0.0390582 1 0.987312 
0.0843796 1 1 
0 1 1 
0 0.937452 1 
0.0295418 0.931611 1 
0.117087 0.935583 1 
0.141559 0.874506 1 
0.217678 0.833556 1 
0.167825 0.841921 1 
0.243488 0.880042 1 
0.259737 0.899542 1 
0.226551 0.930061 1 
0.199084 0.897248 0.981485 
0.240624 0.903866 1 
0.174031 0.909192 1 
0.246946 0.927945 1 
0.178952 0.937706 0.994813 
0.146011 0.920363 0.973236 
0.218339 0.8615 0.94692 
0.117353 0.815738 0.985586 
0.0739052 0.769473 0.966092 
0.0987838 0.792548 1 
0.0384738 0.777055 0.997074 
0.0677272 0.753856 1 
0.102337 0.774996 0.950339 
0.0285491 0.729871 0.95891 
0 0.775173 1 
0 0.78995 1 
0 0.84638 1 
0 0.821321 0.964927 
0 0.90169 0.950977 
0 0.917715 0.960947 
0 0.927862 0.954028 
0.0352233 0.938433 0.969215 
0.0437013 0.934379 1 
0.0467382 0.937014 1 
0.0761898 0.940217 1 
0.0672885 0.909742 0.940745 
0.115367 0.934312 0.954673 
0.126253 0.922051 0.905153 
0.192371 1 0.95333 
0.235667 1 1 
0.206391 1 0.959355 
0.204275 1 0.93922 
0.150131 1 1 
0.22195 1 1 
0.234276 1 1 
0.255832 1 1 
0.235811 1 1 
0.211839 1 1 
0.193637 1 1 
0.243803 1 1 
0.3079 1 1 
0.34372 1 1 
0.337636 1 1 
0.304855 1 0.959228 
0.329172 1 0.996551 
0.319666 1 0.964528 
0.339521 1 1 
0.443667 1 0.987726 
0.442835 1 1 
0.370907 1 1 
0.332084 1 0.975284 
0.375824 0.978294 0.982723 
0.331397 1 1 
0.282562 0.992018 1 
0.285441 1 1 
0.340623 0.989883 0.970998 
0.36279 1 0.959534 
0.295574 1 0.932436 
0.330864 1 0.950727 
0.271191 1 0.918696 
0.277028 1 0.905947 
0.283794 1 0.885183 
0.364527 1 0.954912 
0.336076 1 1 
0.227732 1 1 
0.210343 0.99332 1 
0.257742 1 1 
0.290525 0.993786 1 
0.366187 1 1 
0.379705 1 1 
0.407143 1 1 
0.45034 1 1 
0.404435 0.988635 1 
0.423876 0.996735 1 
0.448665 1 1 
0.499582 1 1 
0.520624 1 0.943694 
0.502017 0.99943 0.963813 
0.539287 0.997416 0.952561 
0.484463 1 0.927185 
0.4864 1 1 
0.465035 1 0.982792 
0.452739 0.980683 1 
0.48482 1 1 
0.469826 1 1 
0.4964 0.992506 1 
0.504701 1 1 
0.523017 0.992269 1 
0.450147 0.957524 1 
0.475688 1 1 
0.408905 1 1 
0.40775 1 0.957328 
0.427641 1 0.957696 
0.431066 1 0.954047 
0.445889 1 1 
0.422761 0.964077 0.96572 
0.408193 0.938279 1 
0.371212 0.900122 1 
0.390321 0.944087 1 
0.360676 0.955178 1 
0.36156 0.943569 1 
0.426887 0.946578 0.94378 
0.416127 0.973016 0.991663 
0.425331 0.959569 0.966622 
0.364132 1 0.99134 
0.429716 1 0.972179 
0.418055 1 1 
0.450998 1 1 
0.394243 1 1 
0.385408 1 1 
0.470059 1 1 
0.405848 1 1 
0.457094 1 0.999648 
0.452674 0.998765 0.961746 
0.497119 1 0.987854 
0.522648 1 0.98712 
0.522057 1 1 
0.498178 1 1 
0.445551 1 1 
0.440453 1 0.976126 
0.457949 1 1 
0.490804 0.994192 1 
0.396362 0.941648 1 
0.419462 0.963496 1 
0.435938 0.942731 1 
0.417451 0.909748 1 
0.410941 0.893442 0.994584 
0.442458 0.906394 1 
0.420727 0.878762 1 
0.427571 0.862775 1 
0.406817 0.875857 1 
0.490524 0.877012 1 
0.474901 0.858867 1 
0.394654 0.846566 0.998216 
0.418386 0.84701 1 
0.438763 0.836443 1 
0.463197 0.835674 1 
0.486041 0.827333 1 
0.536103 0.837833 1 
0.576739 0.857379 1 
0.610937 0.856544 0.996671 
0.560148 0.830826 1 
0.577649 0.850066 1 
0.617815 0.816306 0.983243 
0.560921 0.793135 1 
0.469785 0.805145 1 
0.548326 0.773207 0.992292 
0.479206 0.833187 1 
0.465918 0.838033 1 
0.394807 0.791911 0.93503 
0.332424 0.797212 0.934211 
0.350454 0.802154 0.937044 
0.389894 0.733189 0.987707 
0.341328 0.707907 1 
0.352444 0.712021 1 
0.341826 0.735071 0.993917 
0.249824 0.703611 1 
0.271509 0.744209 1 
0.245364 0.717009 1 
0.193155 0.719255 1 
0.22665 0.680445 0.961159 
0.175005 0.687728 1 
0.12829 0.653855 1 
0.161756 0.704232 1 
0.196351 0.706881 0.988959 
0.226516 0.616715 1 
0.194394 0.667222 1 
0.153078 0.707387 1 
0.137932 0.758842 1 
0.18789 0.798211 1 
0.133655 0.754043 1 
0.161693 0.745735 1 
0.201248 0.716849 1 
0.262932 0.728314 1 
0.32834 0.684723 1 
0.276341 0.668723 1 
0.254403 0.655816 1 
0.254523 0.649853 1 
0.22708 0.638614 0.985481 
0.246153 0.653428 0.963534 
0.274606 0.668936 0.926014 
0.233136 0.654191 0.930951 
0.279198 0.626927 0.945522 
0.303444 0.655956 0.957948 
0.317313 0.685296 0.920649 
0.325062 0.752346 0.93332 
0.278133 0.763598 0.9456 
0.282473 0.768288 0.947597 
0.332502 0.775292 0.9313 
0.328577 0.783186 0.930324 
0.311432 0.790181 0.9186 
0.298964 0.774408 0.889737 
0.269432 0.748027 0.883446 
0.173488 0.767755 0.885651 
0.177441 0.776918 0.918797 
0.199452 0.767053 0.917112 
0.134829 0.773411 0.941002 
0.0571846 0.778467 0.972589 
0.065798 0.798934 1 
0.133384 0.779122 1 
0.0918612 0.800235 1 
0 0.808748 1 
0 0.787641 0.97757 
0 0.805589 1 
0 0.779488 1 
0.0301762 0.749823 1 
0.0771345 0.676531 1 
0.0427113 0.655862 1 
0 0.66873 1 
0.0739451 0.660489 1 
0.00343006 0.669115 1 
0.0287837 0.708492 1 
0.0825527 0.737718 1 
0.154219 0.753332 1 
0.165993 0.772619 0.9977 
0.166934 0.734331 1 
0.176049 0.743659 1 
0.1904 0.784856 1 
0.195901 0.8094 1 
0.196374 0.789859 1 
0.259373 0.798314 0.980765 
0.294838 0.819826 1 
0.283101 0.856259 1 
0.220198 0.854318 1 
0.183617 0.842826 1 
0.186494 0.873375 1 
0.122777 0.873375 1 
0.122309 0.882894 1 
0.109262 0.909513 1 
0.14806 0.903979 0.962465 
0.103656 0.903979 0.951752 
0.135149 0.847473 0.930377 
0.209876 0.846531 0.924327 
0.18038 0.839824 0.918446 
0.27902 0.834432 0.881661 
0.265205 0.871949 0.942307 
0.319495 0.855296 0.999024 
0.321803 0.87727 1 
0.30744 0.961716 1 
0.273263 0.876721 1 
0.259411 0.862945 1 
0.28934 0.85894 0.980335 
0.343696 0.845138 1 
0.404345 0.846515 1 
0.453325 0.867204 1 
0.478125 0.86217 1 
0.478258 0.842652 0.986787 
0.397749 0.830565 1 
0.339636 0.819558 0.980686 
0.302731 0.846134 1 
0.338645 0.837818 0.998197 
0.345964 0.880663 1 
0.323835 0.845236 1 
0.293176 0.869283 1 
0.286634 0.833774 1 
0.23488 0.841003 0.978862 
0.212945 0.902996 1 
0.151014 0.849529 1 
0.105882 0.864448 1 
0.0966284 0.835968 0.97007 
0.11165 0.807585 0.945319 
0.0949311 0.807814 0.987071 
0.148689 0.791769 1 
0.0758782 0.770516 1 
0.104448 0.792396 1 
0.0404798 0.721532 1 
0.0477951 0.730421 1 
0 0.787742 1 
0 0.836347 1 
0 0.862975 1 
0 0.889866 0.988372 
0 0.879459 0.929928 
0 0.926168 0.973697 
0 0.95693 0.928797 
0 0.932152 0.928249 
0.0328819 0.932152 1 
0.0888181 0.938634 1 
0.177331 0.951529 0.993045 
0.274355 0.938485 1 
0.268673 0.980597 0.995301 
0.22218 0.961218 1 
0.215864 0.930704 1 
0.324472 0.930388 0.940915 
0.297926 0.975517 0.933412 
0.343716 1 0.895103 
0.358923 1 0.936929 
0.398696 1 0.819711 
0.412148 1 0.800125 
0.436003 1 0.816701 
0.394397 0.955791 0.848966 
0.413177 1 0.781497 
0.396232 1 0.854624 
0.315118 0.966442 0.874397 
0.282776 0.973598 0.881577 
0.267094 1 0.876598 
0.326436 1 0.909499 
0.33856 1 0.894857 
0.296674 1 0.851893 
0.166022 1 0.841404 
0.166639 1 0.829915 
0.1953 0.988748 0.818684 
0.139019 1 0.846345 
0.247313 1 0.83313 
0.180276 1 0.802876 
0.172817 1 0.842439 
0.198249 1 0.793994 
0.194796 1 0.804745 
0.199522 1 0.80267 
0.124448 1 0.849869 
0.13486 0.946081 0.864812 
0.197949 0.957366 0.900929 
0.281484 1 0.896266 
0.282028 1 0.854612 
0.276647 0.979489 0.86766 
0.306237 0.944406 0.837324 
0.296394 0.988276 0.861293 
0.25021 0.977715 0.879218 
0.285363 0.98759 0.874969 
0.324549 1 0.918928 
0.388131 1 0.909951 
0.411893 1 0.883478 
0.381019 0.923646 0.908945 
0.27078 0.912452 0.934914 
0.232553 0.919193 0.916714 
0.275504 0.896494 0.907816 
0.272134 0.883345 0.891826 
0.304594 0.877923 0.887207 
0.260811 0.852912 0.85762 
0.278646 0.861246 0.865833 
0.313251 0.848699 0.901681 
0.272743 0.893838 0.920538 
0.288173 0.853888 0.916061 
0.278674 0.792754 0.879837 
0.254894 0.786672 0.880065 
0.194405 0.713148 0.90589 
0.182189 0.712748 0.898228 
0.27926 0.698057 0.935193 
0.344446 0.640933 0.933695 
0.251996 0.620365 0.945875 
0.214091 0.63447 0.884324 
0.192217 0.710396 0.930519 
0.156767 0.73151 0.937093 
0.0740603 0.789428 0.921484 
0.0983065 0.769229 0.916929 
0.180637 0.721055 0.914747 
0.198047 0.712647 0.95328 
0.236581 0.696739 0.96745 
0.256603 0.691433 0.98856 
0.221182 0.631634 1 
0.209799 0.606576 1 
0.185301 0.538727 1 
0.1788 0.539337 0.986625 
0.168768 0.574018 0.999109 
0.189102 0.674306 0.923055 
0.276342 0.659837 0.956368 
0.278401 0.641621 0.93738 
0.205771 0.667807 0.883842 
0.157705 0.675956 0.914083 
0.108931 0.698472 0.9505 
0.121023 0.7083 0.962515 
0.123088 0.686547 1 
0.10979 0.703168 1 
0.154268 0.651335 1 
0.0783789 0.621826 1 
0.121939 0.605558 1 
0.151404 0.58485 1 
0.0725613 0.584802 1 
0.0590335 0.601387 1 
0.104162 0.573323 0.983524 
0.106495 0.525533 0.968704 
0.0885268 0.54434 1 
0.121554 0.554832 1 
0.0738637 0.510295 1 
0.118247 0.503608 0.980347 
0.163387 0.435994 1 
0.105099 0.471982 1 
0.113803 0.49643 1 
0.135243 0.528456 1 
0.153363 0.496147 1 
0.18127 0.459597 1 
0.18652 0.496269 1 
0.209068 0.531189 0.976742 
0.193853 0.543156 1 
0.146226 0.541559 1 
0.133342 0.567687 1 
0.0655258 0.558894 1 
0.0739771 0.567482 1 
0.120238 0.55984 1 
0.145276 0.586376 1 
0.102168 0.586397 1 
0.155852 0.573977 1 
0.118424 0.573729 1 
0.13018 0.537984 1 
0.124879 0.553285 0.995438 
0.0342833 0.584271 1 
0.0638842 0.621039 1 
0.0514278 0.62344 1 
0.0474453 0.601128 1 
0.108856 0.580455 1 
0.171371 0.566003 1 
0.197074 0.550418 1 
0.219029 0.533126 0.984315 
0.261721 0.541759 1 
0.13727 0.535115 1 
0.0783046 0.499857 1 
0 0.514582 1 
0 0.550978 1 
0 0.567494 1 
0 0.574808 1 
0 0.575917 1 
0.0215941 0.577278 1 
0 0.608192 1 
0 0.569239 0.982433 
0 0.594395 0.964484 
0 0.610623 1 
0.0121872 0.582366 1 
0.0201319 0.605305 1 
0.000228807 0.620895 1 
0 0.595425 1 
0 0.607186 1 
0.0209265 0.567514 0.986944 
0.0698902 0.59577 1 
0.0725666 0.58434 1 
0.110646 0.595595 1 
0.134984 0.58415 1 
0.0758901 0.605981 1 
0 0.631317 1 
0 0.669833 1 
0.00907042 0.625438 0.98751 
0.0461634 0.593468 0.936949 
0.126483 0.57422 0.952544 
0.112204 0.588779 0.985214 
0.109097 0.596843 1 
0.0945179 0.583812 0.995679 
0.0275824 0.599382 1 
0 0.603284 1 
0 0.569411 1 
0 0.53274 1 
0 0.548123 1 
0 0.591959 0.989495 
0 0.595723 1 
0.0317723 0.613146 1 
0.0783253 0.591474 0.982451 
0.0697333 0.542833 0.917664 
0.0423056 0.526507 0.912834 
0.067639 0.533573 0.99696 
0.0834395 0.521206 0.995645 
0.0525825 0.51561 0.984124 
0 0.520142 1 
0 0.490835 1 
0 0.441449 1 
0 0.409696 0.962316 
0 0.421835 0.966227 
0 0.37113 0.93544 
0 0.337586 0.929428 
0 0.323298 0.956035 
0 0.28951 0.966738 
0 0.269481 0.978549 
0 0.286778 1 
0 0.307208 0.986985 
0 0.308513 0.953144 
0 0.3397 0.962161 
0 0.360333 0.920709 
0 0.366581 0.929372 
0 0.387638 0.87997 
0.0229996 0.383649 0.880513 
0 0.405375 0.890254 
0 0.379111 0.868378 
0 0.36731 0.869877 
0.0125666 0.382403 0.826004 
0.0277866 0.375196 0.79183 
0 0.302363 0.75344 
0 0.253937 0.751132 
0.034048 0.249379 0.729337 
0.0885645 0.246781 0.654313 
0.0870615 0.252435 0.715466 
0.0701347 0.215831 0.748309 
0.0687487 0.226052 0.684146 
0.0509755 0.242671 0.745403 
0.0797482 0.323072 0.741614 
0.078588 0.253009 0.690735 
0.113162 0.361541 0.680011 
0.0996679 0.392442 0.624156 
0.106338 0.474073 0.570223 
0.201652 0.475202 0.567509 
0.129669 0.466192 0.54613 
0.139668 0.515338 0.545423 
0.164646 0.496364 0.543328 
0.107354 0.514917 0.502339 
0.0787396 0.517835 0.525446 
0.0610532 0.532269 0.533525 
0.180063 0.525305 0.563519 
0.134596 0.570415 0.56356 
0.071428 0.587363 0.562641 
0.0753625 0.561181 0.52842 
0.113614 0.527406 0.496989 
0.173174 0.519159 0.521931 
0.204784 0.458119 0.495679 
0.186429 0.488468 0.539417 
0.220386 0.528621 0.491628 
0.245185 0.469272 0.421538 
0.249795 0.439477 0.408148 
0.21955 0.472422 0.444718 
0.186842 0.503049 0.488472 
0.0896191 0.508649 0.53751 
0.0618012 0.505511 0.579605 
0.210682 0.50817 0.615923 
0.157228 0.473294 0.621171 
0.115652 0.487444 0.627839 
0.0805596 0.441949 0.608489 
0.087433 0.467426 0.6563 
0.0776737 0.531684 0.643796 
0.0629503 0.535061 0.604043 
0.0749467 0.4889 0.571206 
0.00343486 0.472451 0.552435 
0.0880176 0.505449 0.56576 
0.126736 0.502425 0.557208 
0.0809361 0.478267 0.577292 
0.0368227 0.477607 0.496624 
0 0.547389 0.501414 
0.00273503 0.483749 0.499526 
0.0172859 0.481617 0.444699 
0.07348 0.495659 0.45523 
0.0490066 0.451811 0.456506 
0.079969 0.44545 0.485441 
0.0941125 0.509424 0.494635 
0.120643 0.511167 0.433542 
0.0628643 0.49893 0.414484 
0.066276 0.516503 0.408593 
0.112899 0.514649 0.426728 
0.0914222 0.491741 0.352795 
0.097486 0.526881 0.329584 
0.0696222 0.559482 0.37252 
0.104772 0.589939 0.340324 
0.144701 0.566702 0.317108 
0.127079 0.507914 0.349213 
0.109202 0.46561 0.37931 
0.0893739 0.429127 0.379006 
0.100012 0.44082 0.410461 
0.115593 0.447627 0.439829 
0.0476636 0.473527 0.436924 
0.0892965 0.43943 0.420593 
0.0616348 0.43151 0.373495 
0.122984 0.446992 0.408801 
0.142704 0.468431 0.37027 
0.144463 0.496833 0.305954 
0.178079 0.508731 0.365827 
0.159172 0.519061 0.430885 
0.130267 0.435246 0.370011 
0.0232997 0.412147 0.453952 
0 0.398932 0.466875 
0.0103816 0.370769 0.554049 
0 0.436181 0.555088 
0 0.447768 0.591741 
0 0.395249 0.51646 
0 0.482771 0.553376 
0.00763015 0.496822 0.558682 
0.045134 0.503731 0.674772 
0 0.496233 0.688495 
0 0.499633 0.636607 
0 0.549739 0.656852 
0 0.584366 0.609199 
0 0.573401 0.620217 
0 0.642173 0.676809 
0 0.597261 0.55689 
0 0.640037 0.579157 
0 0.652877 0.568462 
0 0.666716 0.536076 
0 0.735786 0.590694 
0.0689903 0.722234 0.600705 
0.0702547 0.706379 0.702252 
0 0.706535 0.693025 
0 0.711602 0.747878 
0.00954935 0.729688 0.775116 
0 0.718813 0.754801 
0 0.746721 0.729316 
0 0.746933 0.708206 
0 0.750226 0.766732 
0 0.762076 0.774803 
0 0.746479 0.784692 
0.0881379 0.753692 0.832447 
0 0.713404 0.808508 
0 0.733072 0.805909 
0.0106439 0.708266 0.851705 
0 0.749915 0.819314 
0 0.74761 0.780471 
0 0.735047 0.79825 
0 0.748527 0.737786 
0 0.753248 0.716386 
0 0.731896 0.758318 
0 0.716114 0.702496 
0 0.682483 0.713833 
0 0.725472 0.700967 
0 0.702251 0.760055 
0 0.652909 0.684623 
0 0.567033 0.705556 
0 0.613815 0.706513 
0 0.689601 0.722058 
0.022243 0.629377 0.730492 
0 0.651962 0.692838 
0 0.646079 0.728488 
0 0.650572 0.746045 
0 0.626821 0.781077 
0 0.640231 0.750584 
0 0.655533 0.743616 
0 0.688007 0.6651 
0 0.634028 0.642006 
0.0179901 0.639409 0.679462 
0 0.658646 0.685987 
0 0.619411 0.686692 
0 0.648422 0.674475 
0 0.679071 0.69773 
0 0.67309 0.668459 
0 0.717568 0.714405 
0.00274504 0.683747 0.737054 
0 0.682206 0.692837 
0 0.61802 0.675715 
0.012273 0.646284 0.673004 
0.0185727 0.6661 0.61883 
0 0.647651 0.671236 
0 0.708108 0.661256 
0 0.696032 0.656507 
0 0.734006 0.718999 
0 0.683521 0.676818 
0 0.68041 0.650274 
0 0.684592 0.645217 
0 0.672971 0.636339 
0 0.709785 0.66611 
0.0358865 0.725949 0.667061 
0.0175552 0.778172 0.708241 
0.00232366 0.827072 0.773783 
0.0962336 0.889267 0.821412 
0.148424 0.896092 0.835052 
0.152252 0.915928 0.9107 
0.130881 0.915809 0.856312 
0.113685 0.853679 0.881509 
0.123645 0.871381 0.877657 
0.116583 0.812314 0.846048 
0.0671989 0.755488 0.884757 
0 0.777251 0.857536 
0.00389991 0.770048 0.854219 
0.0501358 0.785476 0.813657 
0.0939918 0.769766 0.812778 
0.107359 0.822857 0.822644 
0.0956294 0.83642 0.773253 
0.101505 0.827748 0.794945 
0.138708 0.841689 0.803127 
0.164743 0.854471 0.774012 
0.184462 0.836451 0.749381 
0.204381 0.805271 0.722628 
0.190286 0.78773 0.776156 
0.227139 0.890682 0.875497 
0.231865 0.906151 0.880781 
0.216264 0.951927 0.929389 
0.294267 1 0.87183 
0.25886 0.997418 0.848894 
0.23407 0.943017 0.879386 
0.230942 0.932763 0.886676 
0.288027 0.954488 0.903156 
0.345961 1 0.867945 
0.392342 1 0.870534 
0.403425 1 0.811306 
0.428275 0.983876 0.788803 
0.506438 0.976122 0.806154 
0.523194 1 0.824701 
0.551692 1 0.894651 
0.545538 1 0.973416 
0.567706 1 1 
0.576737 0.984253 0.98643 
0.566412 1 1 
0.678069 1 1 
0.72434 1 1 
0.698457 1 1 
0.702793 1 1 
0.738153 0.998033 1 
0.794267 1 1 
0.819494 1 0.979365 
0.768188 1 1 
0.759561 1 1 
0.71084 1 1 
0.726503 1 0.981982 
0.637703 0.969231 1 
0.660179 1 1 
0.638009 1 1 
0.599754 1 1 
0.590121 1 1 
0.595475 1 0.971385 
0.562152 0.999557 0.932897 
0.586775 0.989382 0.921243 
0.557058 1 0.892104 
0.560142 0.958736 0.930313 
0.528578 0.995003 0.93165 
0.467534 0.975305 0.911751 
0.458024 1 0.893562 
0.412227 1 0.871546 
0.385262 1 0.860962 
0.344554 1 0.93576 
0.353034 0.978335 0.947583 
0.311848 1 0.902066 
0.348375 1 0.879222 
0.303419 0.993898 0.933447 
0.403648 1 0.922443 
0.366749 1 0.872698 
0.345958 0.943902 0.803049 
