0.321151 
0.346712 
0.248599 
0.233259 
0.191327 
0.222761 
0.276666 
0.190552 
0.198397 
0.157839 
0.136143 
0.166444 
0.166189 
0.17838 
0.220099 
0.377288 
0.478155 
0.474206 
0.427044 
0.781556 
0.947517 
0.562214 
0.395714 
0.615089 
0.743523 
0.432302 
0.456542 
0.788026 
0.463932 
0.463819 
0.42243 
0.185889 
0.262818 
0.371352 
0.986209 
2.81497 
1.00729 
0.491233 
1.21846 
1.96953 
0.642807 
1.01474 
0.635019 
0.553745 
0.541959 
0.560789 
0.539211 
0.744041 
0.550143 
0.730602 
0.988338 
1.3751 
1.49873 
0.834531 
0.975337 
0.651018 
0.816996 
0.735022 
0.598259 
0.472596 
0.429038 
0.360156 
0.305576 
0.210652 
0.327194 
0.342079 
0.253357 
0.378417 
0.36933 
0.226306 
0.301049 
0.301719 
0.272816 
0.177423 
0.180199 
0.161508 
0.14261 
0.120471 
0.161856 
0.162223 
0.143459 
0.126347 
0.131502 
0.123004 
0.114852 
0.111611 
0.100471 
0.102044 
0.12597 
0.127641 
0.0991954 
0.101288 
0.119148 
0.120902 
0.101968 
0.104459 
0.0978364 
0.100794 
0.104457 
0.110622 
0.0883733 
0.0873653 
0.0931869 
0.0871767 
0.0774943 
0.0784013 
0.0855683 
0.0782875 
0.0830832 
0.0829938 
0.0813539 
0.0767837 
0.0777312 
0.0763112 
0.0819687 
0.0863177 
0.0798017 
0.0891204 
0.093847 
0.0888863 
0.0951905 
0.0761504 
0.0824775 
0.0766166 
0.0842884 
0.0899022 
0.103583 
0.104297 
0.105316 
0.10116 
0.100421 
0.0949963 
0.0856633 
0.0847113 
0.0747571 
0.0719796 
0.0771574 
0.0735598 
0.0765951 
0.0757679 
0.0687283 
0.0611689 
0.0666136 
0.0712247 
0.0713251 
0.0660572 
0.065652 
0.0661245 
0.0661651 
0.0640796 
0.0670829 
0.0768253 
0.0737377 
0.0696791 
0.0703598 
0.0723026 
0.0738983 
0.0758105 
0.071421 
0.0632652 
0.0658291 
0.0773542 
0.0667795 
0.0702598 
0.0715994 
0.0668045 
0.0705426 
0.0811336 
0.0744819 
0.0744706 
0.0696727 
0.0634512 
0.0734987 
0.0726239 
0.0671058 
0.0654171 
0.06671 
0.069398 
0.0747124 
0.0819364 
0.0794843 
0.0837141 
0.0848974 
0.108335 
0.10257 
0.12209 
0.111258 
0.104384 
0.113884 
0.107519 
0.108973 
0.117283 
0.106172 
0.0992424 
0.0923577 
0.0904856 
0.100749 
0.099761 
0.0996763 
0.0968118 
0.0943586 
0.0890728 
0.091926 
0.0922055 
0.0873778 
0.0894316 
0.0823193 
0.0825192 
0.0917057 
0.103214 
0.0983114 
0.0948015 
0.090169 
0.0927786 
0.0872562 
0.103203 
0.098892 
0.111132 
0.10988 
0.100152 
0.104522 
0.115627 
0.113049 
0.122432 
0.10975 
0.0969692 
0.104078 
0.0934661 
0.0886663 
0.0987277 
0.0908309 
0.0835146 
0.08047 
0.0758938 
0.0728228 
0.0733069 
0.0741684 
0.0829498 
0.0820855 
0.0863631 
0.0797283 
0.070798 
0.0718491 
0.0715753 
0.0681887 
0.0768398 
0.0682797 
0.0721789 
0.0776639 
0.0774503 
0.0719818 
0.0770043 
0.068126 
0.0697055 
0.0605342 
0.0667181 
0.0820662 
0.0741654 
0.0629108 
0.0630584 
0.0616883 
0.0605668 
0.0669437 
0.0644154 
0.0602927 
0.0616978 
0.0586132 
0.0562753 
0.0564355 
0.0569752 
0.0666697 
0.081249 
0.0785871 
0.0648812 
0.0624166 
0.0635389 
0.0688423 
0.0767996 
0.07285 
0.064552 
0.0827269 
0.0689077 
0.0648569 
0.0681608 
0.061532 
0.0599286 
0.0523373 
0.0575945 
0.0584728 
0.0569368 
0.0514522 
0.0587526 
0.057873 
0.056031 
0.0566343 
0.0528082 
0.0539811 
0.057885 
0.0692111 
0.0721419 
0.0712365 
0.0631878 
0.0774488 
0.0689128 
0.0707811 
0.0645386 
0.066141 
0.0647674 
0.0583221 
0.054989 
0.0611058 
0.0653275 
0.059131 
0.0603662 
0.0639508 
0.0604939 
0.06017 
0.0725028 
0.0787292 
0.0767419 
0.0745818 
0.0688342 
0.0706993 
0.0764395 
0.0796984 
0.0783389 
0.0775761 
0.0846508 
0.0698581 
0.0750863 
0.084576 
0.0833865 
0.0854126 
0.0937332 
0.0860858 
0.0809478 
0.0798851 
0.0898439 
0.0888101 
0.0884042 
0.0878139 
0.0859757 
0.0891176 
0.0884321 
0.0841236 
0.0834396 
0.0736325 
0.0795013 
0.0925193 
0.0976702 
0.0925675 
0.0786397 
0.0821376 
0.0793123 
0.0771952 
0.0793953 
0.077362 
0.0847194 
0.0795694 
0.0749318 
0.0631408 
0.062819 
0.0645883 
0.0689411 
0.0689141 
0.0750348 
0.0774934 
0.087579 
0.0937873 
0.0936545 
0.108706 
0.0984676 
0.0907231 
0.0832528 
0.0816814 
0.0779346 
0.0761201 
0.0787284 
0.0746133 
0.0833416 
0.0769717 
0.0819086 
0.0788156 
0.080373 
0.0773552 
0.0772896 
0.075436 
0.0791642 
0.0794606 
0.0757587 
0.0674169 
0.070161 
0.0768841 
0.0775884 
0.0769836 
0.0679524 
0.0789223 
0.0766783 
0.0752934 
0.0794953 
0.0752589 
0.0759019 
0.0818019 
0.0841518 
0.0836834 
0.0824854 
0.0747128 
0.0761851 
0.081144 
0.0802145 
0.0774508 
0.0792469 
0.0812451 
0.0779023 
0.0662936 
0.069825 
0.0680937 
0.0733948 
0.0739387 
0.0700688 
0.0740783 
0.077939 
0.0789155 
0.0730951 
0.0724883 
0.0728956 
0.0873294 
0.0842436 
0.0831712 
0.0741031 
0.0748487 
0.0771348 
0.0747904 
0.0872209 
0.0894849 
0.0903209 
0.0875401 
0.0834855 
0.0914648 
0.0936735 
0.0773269 
0.0829557 
0.0904637 
0.0817707 
0.0869355 
0.0706305 
0.0695941 
0.0677877 
0.0644254 
0.0695245 
0.0740772 
0.0636694 
0.0587644 
0.0536643 
0.057934 
0.0599904 
0.0586136 
0.0528013 
0.0509402 
0.0538288 
0.0522103 
0.0513409 
0.0531752 
0.0523866 
0.0477056 
0.0495161 
0.0618486 
0.0609056 
0.0540694 
0.056584 
0.0574136 
0.0549037 
0.0541512 
0.0555205 
0.0596655 
0.0633271 
0.0631191 
0.0610845 
0.0571448 
0.0538667 
0.0507095 
0.0541816 
0.055103 
0.0536446 
0.0630524 
0.0583322 
0.0578493 
0.064275 
0.0612751 
0.0604881 
0.0684602 
0.060623 
0.0568024 
0.0603394 
0.0622187 
0.0567019 
0.0584583 
0.0532927 
0.0546148 
0.0570964 
0.0574541 
0.0552467 
0.0571632 
0.0479151 
0.048365 
0.0515682 
0.049841 
0.0458411 
0.0503022 
0.0539314 
0.0506526 
0.0512745 
0.0551561 
0.0543598 
0.0581461 
0.0641812 
0.0663383 
0.0661298 
0.063246 
0.0637574 
0.0695539 
0.0657485 
0.0737854 
0.0666774 
0.0705173 
0.0739966 
0.074163 
0.0809974 
0.0675963 
0.0778683 
0.0728977 
0.0707222 
0.0638071 
0.057089 
0.0552726 
0.0527853 
0.053063 
0.0653819 
0.0707318 
0.077864 
0.0791286 
0.0740212 
0.0763013 
0.0706747 
0.0671407 
0.0711917 
0.0781489 
0.0849915 
0.0739396 
0.0663879 
0.0701927 
0.0634021 
0.0675631 
0.0664924 
0.0651 
0.0593209 
0.0617125 
0.0636104 
0.0692869 
0.0636722 
0.0651485 
0.0647059 
0.0617239 
0.0686991 
0.0720134 
0.066337 
0.0672743 
0.067407 
0.0637995 
0.0739585 
0.0730764 
0.0831802 
0.0737135 
0.0710732 
0.0697527 
0.0720413 
0.0768415 
0.0735894 
0.0669116 
0.0715507 
0.0719242 
0.0654217 
0.0711683 
0.0672768 
0.0668491 
0.0740936 
0.0737101 
0.0774327 
0.0719292 
0.066401 
0.0793198 
0.0767817 
0.0673056 
0.0666786 
0.0631574 
0.061092 
0.0625368 
0.0636275 
0.0677979 
0.071926 
0.0646557 
0.0703557 
0.0725277 
0.0727347 
0.0706612 
0.0698662 
0.0735893 
0.0774883 
0.0795783 
0.0800722 
0.0898687 
0.078015 
0.0757508 
0.0830306 
0.0765811 
0.0729923 
0.0701972 
0.076587 
0.067354 
0.0838981 
0.0855496 
0.0783292 
0.0869483 
0.0777692 
0.0799175 
0.0772496 
0.0772975 
0.0763604 
0.0744166 
0.0636326 
0.0592806 
0.0695371 
0.0687571 
0.0641199 
0.0627343 
0.0575009 
0.0592423 
0.0627334 
0.0613345 
0.0650329 
0.0632467 
0.0749955 
0.0689596 
0.067208 
0.0700783 
0.0733053 
0.0702185 
0.0842233 
0.0682827 
0.0635327 
0.0677228 
0.0630136 
0.0670175 
0.0727836 
0.0758754 
0.0659203 
0.067278 
0.0629212 
0.0667581 
0.0631347 
0.0528589 
0.0607393 
0.0618702 
0.0641579 
0.0601525 
0.0592408 
0.0590017 
0.0655017 
0.0601715 
0.0581955 
0.0647057 
0.0567584 
0.0555299 
0.053793 
0.0562858 
0.058203 
0.0573821 
0.0616434 
0.0640395 
0.0646015 
0.0727918 
0.0766547 
0.0635887 
0.0644224 
0.0628958 
0.0616911 
0.0628386 
0.0541935 
0.0561742 
0.0518126 
0.0473063 
0.0538522 
0.0605659 
0.0622359 
0.0631149 
0.0637054 
0.0618338 
0.0608345 
0.0577029 
0.0588369 
0.0577722 
0.059705 
0.0577551 
0.0580311 
0.0585294 
0.051341 
0.0486787 
0.0528662 
0.0567774 
0.051818 
0.055237 
0.0606443 
0.0583603 
0.0546775 
0.048299 
0.0520881 
0.0562594 
0.0540478 
0.0560614 
0.0453491 
0.0486715 
0.0448613 
0.0424662 
0.0477074 
0.0497181 
0.0469534 
0.0435734 
0.0455886 
0.0474044 
0.046709 
0.0448294 
0.0502319 
0.0557803 
0.0504604 
0.0511567 
0.0555484 
0.0566708 
0.0554354 
0.0505777 
0.0486677 
0.0545971 
0.0492347 
0.0575136 
0.0552096 
0.055539 
0.0641923 
0.0615022 
0.0591781 
0.0546085 
0.0496107 
0.0493242 
0.0509611 
0.0530735 
0.0521819 
0.0514535 
0.0532014 
0.0511442 
0.0496011 
0.0504066 
0.0530256 
0.0515243 
0.0527775 
0.0517332 
0.0483822 
0.0469652 
0.0448181 
0.0425311 
0.0481728 
0.0541886 
0.0449021 
0.0445524 
0.0452695 
0.0464032 
0.0437596 
0.0438723 
0.04229 
0.043758 
0.0440715 
0.0444568 
0.0498887 
0.0518857 
0.0507505 
0.0567274 
0.0606857 
0.0616961 
0.0656788 
0.0688028 
0.0669958 
0.0670058 
0.0649665 
0.0610554 
0.0621826 
0.0622603 
0.0617359 
0.0580219 
0.056064 
0.0552799 
0.0559647 
0.0499365 
0.050806 
0.0516303 
0.0501355 
0.0499654 
0.0508843 
0.051137 
0.0519568 
0.0545763 
0.0517215 
0.0526889 
0.0637537 
0.0582779 
0.0530083 
0.0535452 
0.0571582 
0.0568335 
0.0615525 
0.0580772 
0.055777 
0.050536 
0.0509433 
0.0608022 
0.0594481 
0.0636572 
0.0574667 
0.0560323 
0.0685252 
0.0673151 
0.0741159 
0.0713185 
0.0758738 
0.0683218 
0.065422 
0.0704559 
0.0674566 
0.079591 
0.0720423 
0.0604618 
0.0597587 
0.0541514 
0.0641856 
0.0642271 
0.0652423 
0.0611598 
0.0607125 
0.0668861 
0.0569575 
0.0597477 
0.0455917 
0.0435811 
0.0483412 
0.0496043 
0.0568002 
0.0591278 
0.0571798 
0.0517474 
0.0492577 
0.046659 
0.050315 
0.0490176 
0.0446682 
0.0448985 
0.0451147 
0.0470251 
0.0472614 
0.0519847 
0.0491053 
0.0523482 
0.0534787 
0.0593274 
0.0510339 
0.0525458 
0.0526577 
0.047613 
0.0510235 
0.0480263 
0.0546449 
0.0503025 
0.053688 
0.053851 
0.051231 
0.049296 
0.0472394 
0.0524592 
0.051926 
0.0485044 
0.0557638 
0.0541116 
0.053124 
0.0572756 
0.0494415 
0.0497459 
0.0477262 
0.0573687 
0.0545566 
0.0463715 
0.0479265 
0.0506593 
0.0523849 
0.0459724 
0.0492777 
0.0434526 
0.0391792 
0.0462051 
0.0474008 
0.0466105 
0.0488793 
0.0459646 
0.057076 
0.0516143 
0.0559454 
0.0611503 
0.0580639 
0.0510042 
0.0606909 
0.062974 
0.063702 
0.0687907 
0.0683158 
0.071116 
0.0630907 
0.0624908 
0.0537984 
0.0524714 
0.0610868 
0.0637577 
0.0616063 
0.0699188 
0.0715979 
0.0775704 
0.0844955 
0.0806629 
0.0939302 
0.0824311 
0.0847091 
0.087722 
0.0704361 
0.0794537 
0.0822297 
0.0773902 
0.0725126 
0.0690064 
0.0656809 
0.0720646 
0.0676521 
0.0721838 
0.0585533 
0.0560976 
0.0689451 
0.0795538 
0.0724227 
0.0809645 
0.0800617 
0.0863261 
0.0839373 
0.0778493 
0.0771102 
0.0773731 
0.0669827 
0.0719405 
0.0680698 
0.0692682 
0.0760744 
0.0791291 
0.079297 
0.0871343 
0.0806243 
0.0783073 
0.0737537 
0.0707016 
0.0721789 
0.0709792 
0.0715405 
0.0742076 
0.069654 
0.067236 
0.0769253 
0.0809448 
0.076158 
0.0729624 
0.0742364 
0.0621396 
0.0629057 
0.0714174 
0.0721944 
0.0709723 
0.0720933 
0.0798232 
0.0752384 
0.0709309 
0.0718852 
0.0748621 
0.0739166 
0.0746129 
0.0616277 
0.0664378 
0.0676403 
0.0740902 
0.0737784 
0.0684589 
0.05798 
