1.94353 
1.73172 
1.66893 
1.69028 
1.65476 
1.76106 
1.66928 
1.61761 
1.66731 
1.62932 
1.64783 
1.66889 
1.65816 
1.66546 
1.63686 
1.73181 
1.77447 
1.63969 
1.65454 
1.71316 
1.76698 
1.78615 
1.82597 
1.74319 
1.78942 
1.84877 
1.69468 
1.84082 
1.96118 
1.88961 
1.88977 
1.96468 
2.12098 
2.14676 
1.94373 
2.00944 
1.93982 
2.09003 
2.0731 
2.07294 
2.05216 
2.09991 
2.00114 
2.06607 
2.20792 
2.00017 
2.11347 
2.24 
2.17678 
2.34069 
2.28642 
2.3593 
2.38867 
2.24516 
2.43914 
2.4152 
2.56036 
2.69623 
2.692 
2.55078 
2.56453 
2.6878 
2.60906 
2.52459 
2.52852 
2.64099 
2.61501 
2.56196 
2.43929 
2.43328 
2.57691 
2.50827 
2.54132 
2.50101 
2.73142 
2.90001 
2.73777 
2.75001 
2.90551 
2.93858 
2.67946 
2.58133 
2.8179 
2.8513 
3.01949 
2.98258 
2.78072 
2.71188 
2.83815 
2.91727 
2.92742 
2.96636 
2.87398 
2.95833 
3.01368 
2.74511 
3.06753 
2.87268 
3.01917 
3.13362 
2.83971 
3.14617 
2.77879 
2.77741 
2.72591 
3.08671 
2.86706 
3.14936 
2.6489 
2.75767 
2.98512 
2.99835 
3.03184 
3.25128 
2.93607 
2.94277 
2.91375 
3.01236 
3.09608 
3.08575 
3.20436 
3.18232 
2.98353 
3.13768 
3.31414 
3.15925 
2.98545 
3.03894 
3.2284 
2.92459 
3.17218 
3.09715 
3.0282 
3.06473 
3.20192 
3.14311 
3.04382 
3.07438 
2.93267 
3.10781 
3.1208 
2.96994 
3.10055 
2.91843 
3.19814 
3.07628 
3.29103 
3.19929 
2.91351 
3.19246 
3.17837 
3.03006 
3.03352 
3.08217 
3.15797 
3.46899 
3.02134 
3.19079 
3.25014 
3.20289 
3.12603 
3.117 
3.09791 
3.0806 
3.22302 
3.15027 
3.27197 
3.26363 
3.13562 
3.08352 
3.19346 
2.96666 
2.915 
2.97901 
2.95977 
3.20131 
2.95296 
3.01565 
3.02046 
2.95898 
3.09235 
3.09596 
2.98849 
2.83801 
3.09266 
3.12574 
3.07314 
3.10624 
3.1356 
3.28619 
3.18622 
3.1026 
3.33154 
3.20656 
3.01356 
3.08099 
3.16741 
3.29217 
3.02059 
3.15153 
3.25993 
3.21987 
2.94274 
3.19618 
3.18346 
3.15451 
3.04902 
3.30187 
2.76813 
3.0486 
3.14448 
2.88336 
3.00619 
3.11008 
3.16325 
3.30019 
3.14222 
3.03748 
3.15287 
2.93821 
3.04801 
3.0995 
3.17278 
2.80792 
3.05443 
3.30546 
3.2757 
3.15814 
3.08598 
2.94257 
3.08976 
3.24005 
3.1778 
3.31324 
3.39188 
3.19332 
2.9791 
3.16453 
3.20868 
2.99924 
3.05891 
3.17444 
3.12313 
3.08271 
3.17732 
3.00799 
3.12522 
3.28358 
3.16202 
3.32809 
3.09892 
3.28525 
3.14247 
3.07237 
3.02242 
3.18614 
3.07893 
3.00404 
3.14307 
3.17635 
3.28725 
3.14119 
3.19838 
3.10412 
3.21694 
2.91102 
3.14241 
2.91713 
3.0658 
3.07409 
2.83336 
3.10302 
3.0648 
3.08438 
3.00005 
2.987 
3.34001 
2.97452 
3.05821 
3.0186 
3.03995 
3.1145 
2.93347 
3.06483 
3.21182 
2.92055 
2.96369 
2.93728 
3.01619 
3.08294 
3.12019 
3.20826 
3.05841 
3.15057 
3.15879 
3.21256 
3.29916 
3.42348 
3.36609 
3.29031 
3.17202 
2.88096 
3.17221 
3.25982 
3.03616 
3.13827 
3.11589 
3.07827 
3.10603 
3.01796 
3.02866 
3.1752 
3.06122 
3.00202 
3.28481 
3.29629 
3.1101 
3.19143 
3.22705 
3.1893 
2.94923 
2.98911 
3.03356 
3.10627 
3.17369 
3.31191 
2.96661 
3.03305 
2.82458 
3.24664 
3.06501 
2.82128 
3.22841 
2.96782 
2.95137 
3.0105 
3.04507 
3.19799 
3.11237 
3.25117 
3.21774 
2.98694 
2.96106 
2.83878 
2.91371 
3.16303 
2.92661 
3.01571 
3.0763 
3.00404 
3.00277 
3.13277 
2.95044 
3.15342 
3.12667 
3.00858 
3.00503 
3.06394 
3.19973 
3.25765 
2.78252 
2.93503 
3.02365 
3.00147 
3.19759 
3.01685 
3.15884 
3.18371 
3.21978 
3.26645 
2.9986 
2.84459 
2.98071 
2.91053 
2.94838 
2.93917 
3.08898 
3.00345 
3.02194 
2.9543 
2.9535 
2.89507 
2.96216 
2.9059 
2.93561 
2.9002 
2.96226 
2.83972 
2.79196 
2.98508 
3.17248 
2.84927 
3.12033 
3.00641 
3.09905 
2.91111 
2.97006 
3.28385 
3.00559 
2.8518 
2.97007 
2.9799 
2.90265 
2.884 
2.7982 
2.9625 
2.88984 
2.7845 
3.00446 
2.97764 
3.16483 
3.08776 
2.97926 
3.09562 
3.0891 
3.3166 
3.26128 
3.24784 
3.05545 
3.15212 
3.07589 
3.18248 
2.99721 
2.91857 
3.27381 
2.9264 
2.97241 
2.92002 
2.93043 
3.15667 
2.91696 
2.91377 
3.00624 
3.17689 
2.96225 
2.90211 
2.7688 
2.77933 
3.13877 
3.05422 
3.05311 
3.06612 
3.03693 
3.1803 
2.93587 
3.12938 
2.92837 
3.14578 
3.12121 
3.04407 
3.15875 
3.11804 
3.08853 
3.30643 
3.23841 
3.14247 
3.19322 
3.193 
3.10688 
3.10767 
2.98041 
3.13821 
3.33483 
3.53492 
3.23389 
3.4073 
3.18214 
3.4453 
3.40431 
3.56854 
3.38223 
3.31831 
3.37361 
3.3034 
3.32332 
3.21091 
3.39285 
3.20393 
3.19772 
3.24066 
3.07703 
3.2505 
2.90614 
2.92415 
3.22139 
3.39226 
3.45695 
3.26933 
3.01264 
2.86656 
2.83275 
3.09218 
3.19119 
2.9799 
3.22727 
3.09693 
3.36631 
3.00844 
3.22606 
3.04716 
3.07667 
2.98095 
3.18665 
3.11294 
3.12101 
3.04829 
3.09262 
3.04257 
2.92437 
3.06491 
3.0464 
3.27581 
3.32342 
2.90848 
3.08651 
3.0535 
3.31368 
3.08818 
3.06755 
3.34205 
2.89508 
3.04315 
2.87217 
3.14429 
3.1714 
2.99087 
3.21248 
3.14594 
3.02371 
2.95737 
3.0496 
2.90276 
3.09929 
3.1197 
3.07045 
3.09373 
3.21908 
3.08113 
3.1557 
3.16369 
2.95738 
2.99245 
3.06327 
3.04792 
3.00945 
3.00279 
2.9914 
3.09696 
3.00245 
2.93468 
3.01461 
2.95612 
3.1529 
3.17682 
3.15151 
3.20796 
3.25337 
3.25973 
3.24837 
3.29473 
3.15986 
3.32517 
3.11722 
3.02197 
3.30887 
3.12358 
3.34833 
3.32343 
2.97406 
2.88076 
3.27263 
3.2807 
3.33989 
3.18139 
3.3394 
3.28384 
3.2901 
3.25388 
3.18895 
3.2632 
3.36735 
3.18094 
3.09138 
3.0162 
3.18273 
3.12079 
3.1857 
3.30762 
2.98846 
3.0794 
3.17517 
2.90964 
3.06475 
3.39042 
3.18459 
3.3077 
3.23254 
3.29499 
3.09706 
3.21913 
3.01172 
3.23591 
3.02037 
3.07507 
3.11106 
3.15554 
3.32473 
3.10391 
3.16448 
3.14652 
3.20812 
3.42998 
3.30679 
3.23758 
3.2283 
3.08775 
3.159 
3.12623 
3.01402 
3.1201 
3.03739 
3.02348 
3.13013 
2.94119 
3.34984 
3.10764 
2.94474 
3.05111 
2.89535 
3.27229 
3.09932 
3.22076 
3.18279 
3.28623 
2.96788 
3.05778 
3.10823 
3.13572 
3.12902 
3.10436 
3.10644 
3.47684 
3.09663 
3.24343 
3.18252 
3.29053 
3.06451 
3.04434 
3.26967 
3.16956 
3.19654 
3.0602 
3.10446 
3.221 
3.17882 
3.07063 
2.95819 
3.14227 
3.37257 
3.12069 
3.36077 
3.33331 
3.2499 
3.11256 
3.1926 
3.39305 
3.27426 
3.17181 
3.36476 
3.24722 
3.3762 
3.21124 
3.18904 
3.16501 
3.04152 
3.27353 
3.11236 
2.89988 
2.97253 
3.01698 
3.022 
2.94389 
2.97974 
2.99057 
3.12183 
3.39226 
3.27308 
2.91038 
3.23406 
2.9997 
3.24695 
3.07769 
3.25516 
3.3128 
3.18753 
3.31016 
3.18311 
3.32044 
3.2495 
3.14076 
3.07109 
2.88606 
2.84876 
3.04864 
2.87436 
3.04313 
3.18593 
3.16765 
2.95439 
3.2717 
3.15635 
3.13965 
3.28741 
2.90271 
3.13851 
3.07756 
3.00984 
3.05296 
3.0899 
2.81905 
3.04609 
3.03658 
3.03524 
2.91807 
3.06546 
3.03235 
3.09016 
3.31108 
2.9536 
2.84193 
3.00991 
3.08664 
3.1952 
2.95061 
2.79467 
3.28759 
3.11805 
3.0632 
3.21236 
3.08324 
3.03454 
2.85546 
2.87214 
3.04498 
3.12084 
2.91299 
3.1943 
3.04191 
2.85128 
3.08816 
3.13538 
3.18474 
3.1647 
2.98936 
3.00259 
3.09233 
3.09198 
3.01028 
3.04178 
3.02783 
2.77752 
3.16461 
3.01534 
2.90168 
3.09587 
2.99688 
2.96366 
2.94295 
3.03887 
2.87955 
2.80191 
3.14545 
3.03583 
2.87079 
3.29761 
3.16538 
3.0448 
3.15766 
3.04637 
3.03403 
3.20889 
2.96798 
3.0105 
2.83853 
2.79887 
2.98136 
3.17752 
3.15319 
3.23614 
3.19858 
2.98726 
3.29902 
3.39993 
3.30084 
3.21934 
3.32752 
3.04212 
3.16513 
3.0751 
3.11892 
3.16118 
3.32908 
3.27013 
3.04226 
3.09013 
3.30999 
2.96401 
3.11298 
3.09128 
3.15225 
3.05305 
3.40698 
3.06359 
3.35585 
3.18742 
3.17131 
3.02222 
3.1869 
2.98855 
3.11344 
3.09998 
3.39316 
3.26043 
3.50879 
3.34542 
3.26884 
3.21692 
3.29088 
3.4855 
3.12501 
3.25042 
3.39841 
3.23697 
3.26848 
3.03845 
2.95526 
3.23234 
3.26438 
3.03574 
3.13525 
3.17567 
3.18984 
3.16199 
3.37755 
3.12797 
3.19613 
3.05169 
3.23487 
3.0332 
3.02149 
2.98708 
3.21256 
3.0786 
3.17857 
3.01224 
2.96007 
2.88898 
2.91292 
3.02585 
3.26938 
3.17038 
3.13076 
3.29258 
3.15469 
3.05233 
3.05359 
2.9163 
3.27564 
3.03197 
3.19821 
3.02522 
3.066 
2.94973 
3.17573 
3.24984 
3.09735 
3.14233 
3.11756 
3.02538 
3.13173 
3.21695 
3.36175 
3.16377 
3.1196 
3.06056 
3.02803 
3.0194 
3.0991 
3.07412 
3.16402 
3.11915 
3.29721 
3.03902 
3.19575 
3.12712 
3.21099 
3.0189 
3.2792 
3.2316 
3.15124 
3.17345 
3.21875 
3.11437 
3.16482 
3.20109 
3.33814 
3.33871 
3.26005 
3.41167 
3.34041 
3.12495 
3.06341 
3.17476 
3.12118 
3.49014 
3.03608 
3.18126 
2.9379 
3.07423 
2.98532 
3.10988 
3.07422 
3.23241 
3.3446 
3.11043 
3.34741 
3.27006 
3.08608 
3.4169 
3.22906 
3.08258 
3.04079 
3.15635 
3.40755 
3.37321 
3.20797 
2.96487 
3.37087 
3.1826 
3.17923 
3.34786 
3.33758 
3.3808 
3.24633 
3.36297 
3.33546 
3.41665 
3.16379 
3.19304 
3.17058 
3.25502 
3.1126 
3.15887 
3.31866 
3.41743 
2.99908 
3.24144 
3.05344 
3.14529 
3.21075 
3.53799 
3.1671 
3.24235 
3.2027 
3.22947 
3.05782 
3.32494 
3.06387 
3.13379 
3.18204 
3.10108 
3.10751 
3.43138 
3.3305 
3.02461 
3.27061 
3.03542 
3.35325 
3.14959 
3.01913 
3.06548 
3.31986 
3.11926 
3.08765 
3.43691 
3.24727 
3.26442 
3.06227 
3.1633 
3.03081 
3.03441 
2.96901 
3.12994 
3.17885 
3.00572 
3.05763 
3.17504 
3.09057 
2.89328 
2.95215 
