0.991025 0.973604 0.968229 
0.961278 0.973604 0.937304 
0.961278 0.908689 0.934638 
0.927371 0.905134 0.934638 
0.88937 0.874688 0.897421 
0.872475 0.871714 0.866316 
0.849612 0.853778 0.84462 
0.836834 0.862014 0.816471 
0.845782 0.900469 0.766834 
0.878713 0.935147 0.765086 
0.878713 0.969243 0.722814 
0.933238 0.969243 0.706775 
0.947729 0.994119 0.723391 
0.961805 1.0293 0.733797 
0.980523 1.05051 0.742306 
0.999878 1.08465 0.770164 
1.00835 1.10909 0.799404 
1.03622 1.11424 0.800073 
1.07233 1.15554 0.827631 
1.07233 1.18526 0.827631 
1.11358 1.22978 0.844314 
1.14916 1.23913 0.840441 
1.14916 1.29817 0.840441 
1.17345 1.3152 0.832815 
1.17278 1.38238 0.849213 
1.17278 1.37811 0.858474 
1.17278 1.33483 0.858474 
1.19028 1.31725 0.912508 
1.22652 1.33901 0.91926 
1.19908 1.34444 0.94637 
1.16963 1.34651 0.94739 
1.13598 1.35617 0.99243 
1.14643 1.30589 1.02575 
1.11797 1.21918 1.07009 
1.11925 1.23443 1.14359 
1.06715 1.15501 1.14359 
1.07281 1.19854 1.15263 
1.05165 1.11997 1.15408 
1.05165 1.13559 1.11837 
1.04815 1.12227 1.13656 
1.01105 1.10711 1.12509 
0.998591 1.06939 1.13367 
0.991426 1.04048 1.1616 
0.989492 1.04044 1.13493 
1.02352 1.04044 1.13393 
0.99286 1.0744 1.10574 
0.950048 1.05544 1.11246 
0.941191 1.02483 1.10954 
0.954798 0.992023 1.10883 
0.950438 0.975448 1.03796 
0.942604 0.950332 1.02916 
0.952416 0.939077 1.02907 
0.945989 0.956966 1.03391 
0.917984 0.952322 1.03391 
0.893573 0.945315 1.00876 
0.893573 0.903614 0.989564 
0.893573 0.933883 0.991513 
0.903385 0.906552 0.958478 
0.867598 0.897908 0.958478 
0.831131 0.873712 0.949893 
0.80983 0.894626 0.949893 
0.789691 0.901398 0.949893 
0.777476 0.884306 0.949893 
0.78718 0.895861 0.946106 
0.78718 0.900682 0.924912 
0.757027 0.875875 0.939788 
0.730862 0.875844 0.904176 
0.738242 0.842511 0.906352 
0.728504 0.817483 0.888123 
0.730255 0.816693 0.861121 
0.720303 0.791815 0.84161 
0.719287 0.791815 0.814488 
0.726014 0.794425 0.845902 
0.702766 0.757921 0.825821 
0.710216 0.754391 0.811182 
0.711114 0.73674 0.827171 
0.70366 0.735832 0.827171 
0.717457 0.746405 0.825449 
0.698176 0.723835 0.820332 
0.712863 0.723835 0.816295 
0.702587 0.704548 0.795851 
0.698474 0.689287 0.810959 
0.687771 0.679408 0.801618 
0.695046 0.683006 0.779635 
0.693482 0.676478 0.80278 
0.68395 0.66464 0.800272 
0.689679 0.669558 0.793608 
0.663436 0.693093 0.800692 
0.667764 0.664484 0.783054 
0.636126 0.622205 0.754776 
0.659068 0.603797 0.754776 
0.64973 0.60507 0.754776 
0.643929 0.58986 0.727144 
0.612108 0.595811 0.724949 
0.621687 0.59626 0.724949 
0.611737 0.608061 0.748247 
0.595072 0.628043 0.723369 
0.585867 0.616741 0.721167 
0.594606 0.616741 0.710044 
0.577098 0.616478 0.716429 
0.577098 0.605099 0.707035 
0.583341 0.620173 0.71566 
0.583341 0.617982 0.727883 
0.602327 0.609151 0.736297 
0.597052 0.609151 0.720377 
0.600954 0.61404 0.685815 
0.595762 0.627313 0.69197 
0.60031 0.640804 0.667422 
0.59706 0.644682 0.667422 
0.563394 0.632842 0.662187 
0.589349 0.615857 0.662187 
0.589349 0.609768 0.65084 
0.573461 0.613837 0.65375 
0.549526 0.613837 0.653041 
0.548102 0.595238 0.653041 
0.569489 0.588093 0.648415 
0.582837 0.599865 0.659589 
0.571596 0.613388 0.664332 
0.570938 0.613388 0.664973 
0.5757 0.610672 0.646056 
0.561334 0.606809 0.649487 
0.549979 0.606809 0.628593 
0.560829 0.606809 0.628593 
0.560829 0.607272 0.63433 
0.577598 0.610656 0.64152 
0.560598 0.596065 0.655767 
0.565788 0.596925 0.678391 
0.569947 0.596925 0.647753 
0.576291 0.596925 0.654678 
0.573258 0.595341 0.682196 
0.573258 0.586424 0.667 
0.582657 0.581485 0.658245 
0.582657 0.562761 0.670018 
0.581347 0.572255 0.670018 
0.575764 0.58509 0.670018 
0.578756 0.556488 0.649226 
0.570876 0.57161 0.664529 
0.590545 0.57161 0.675884 
0.57993 0.56944 0.675884 
0.578717 0.579302 0.675884 
0.572357 0.563792 0.68625 
0.567845 0.577029 0.667799 
0.588427 0.591418 0.69581 
0.594646 0.567216 0.682419 
0.580207 0.570876 0.689319 
0.564959 0.570876 0.688992 
0.57373 0.569989 0.693321 
0.575399 0.569989 0.697993 
0.586657 0.58228 0.670967 
0.58384 0.573399 0.670967 
0.577674 0.555672 0.666383 
0.571475 0.570304 0.652875 
0.571482 0.570304 0.641275 
0.571482 0.558671 0.657585 
0.548526 0.522096 0.652977 
0.548867 0.537804 0.662961 
0.5574 0.543371 0.662961 
0.552872 0.528429 0.66728 
0.552872 0.545853 0.665349 
0.562032 0.540172 0.672308 
0.562032 0.55607 0.675632 
0.547062 0.55528 0.665006 
0.552619 0.562155 0.645547 
0.545851 0.545466 0.643898 
0.562267 0.538733 0.660537 
0.551207 0.542236 0.651858 
0.56879 0.529392 0.654932 
0.570296 0.542062 0.630497 
0.581601 0.54509 0.621203 
0.576415 0.548517 0.63085 
0.557551 0.561416 0.63174 
0.595286 0.565636 0.634466 
0.595286 0.565636 0.634466 
0.591883 0.569716 0.625346 
0.595411 0.568338 0.623964 
0.580321 0.56993 0.648536 
0.593182 0.577608 0.636013 
0.608279 0.577608 0.642066 
0.594231 0.577608 0.642066 
0.597276 0.563156 0.644349 
0.598891 0.56354 0.667685 
0.582268 0.575456 0.641771 
0.563665 0.563602 0.641771 
0.580055 0.552452 0.658213 
0.563226 0.554519 0.668042 
0.580722 0.571048 0.658223 
0.577151 0.578646 0.665737 
0.580908 0.592343 0.667293 
0.580908 0.571908 0.655766 
0.580423 0.570617 0.655766 
0.566728 0.561221 0.663577 
0.557622 0.548568 0.648928 
0.567061 0.54296 0.636127 
0.571085 0.538489 0.636127 
0.579714 0.52244 0.61663 
0.586515 0.542774 0.605643 
0.5831 0.551152 0.605643 
0.588796 0.550385 0.632513 
0.583065 0.557705 0.631719 
0.602786 0.568417 0.630857 
0.586799 0.541379 0.618722 
0.587754 0.536691 0.631022 
0.559555 0.527298 0.631022 
0.569829 0.538125 0.631022 
0.569829 0.54672 0.629329 
0.569829 0.559078 0.642772 
0.569829 0.550746 0.634349 
0.560798 0.585308 0.637541 
0.560562 0.586899 0.646971 
0.566952 0.576953 0.621075 
0.564987 0.577446 0.643836 
0.580755 0.582471 0.639929 
0.574572 0.583058 0.629589 
0.547556 0.565835 0.620101 
0.545267 0.571872 0.61458 
0.555106 0.571872 0.633219 
0.565194 0.591197 0.649694 
0.565716 0.591197 0.644846 
0.557324 0.577204 0.660915 
0.556046 0.598928 0.643432 
0.53402 0.622641 0.635721 
0.561414 0.599237 0.62589 
0.556384 0.613704 0.621295 
0.546818 0.605777 0.642325 
0.524751 0.604576 0.651243 
0.530437 0.611164 0.623092 
0.544319 0.629467 0.606798 
0.540704 0.63018 0.606456 
0.552625 0.613772 0.616908 
0.541044 0.594376 0.594247 
0.54976 0.58502 0.614325 
0.543014 0.581604 0.607992 
0.550476 0.593001 0.612238 
0.549591 0.593001 0.612238 
0.538681 0.565343 0.623043 
0.526307 0.576596 0.623043 
0.538249 0.559859 0.647291 
0.533813 0.568953 0.647291 
0.55311 0.568531 0.641054 
0.525928 0.571792 0.642141 
0.541588 0.5647 0.623775 
0.523113 0.586017 0.646185 
0.523113 0.586017 0.631815 
0.523113 0.585942 0.631486 
0.506328 0.599027 0.654048 
0.521275 0.606552 0.629295 
0.548198 0.606552 0.614135 
0.548198 0.603912 0.611919 
0.540723 0.574025 0.627893 
0.549528 0.574025 0.627893 
0.548868 0.586791 0.602861 
0.548868 0.585876 0.603377 
0.548868 0.585876 0.621736 
0.545865 0.583373 0.642994 
0.543757 0.585047 0.644005 
0.563053 0.577115 0.655777 
0.543766 0.549117 0.658431 
0.563057 0.549117 0.66266 
0.546026 0.551838 0.653457 
0.553885 0.5588 0.646253 
0.572896 0.555389 0.639413 
0.572896 0.559298 0.655866 
0.560191 0.554211 0.67522 
0.553147 0.545026 0.681572 
0.561898 0.556798 0.647797 
0.568435 0.568041 0.647797 
0.556668 0.552386 0.644296 
0.555116 0.565945 0.663469 
0.563492 0.54484 0.666743 
0.575445 0.541306 0.697146 
0.566098 0.54448 0.6808 
0.566098 0.56042 0.680736 
0.575468 0.566403 0.653579 
0.574847 0.558601 0.653757 
0.555869 0.553871 0.660784 
0.565349 0.567824 0.660993 
0.565349 0.55498 0.649928 
0.559892 0.551447 0.642581 
0.576749 0.551447 0.647033 
0.579032 0.564335 0.630805 
0.579032 0.551701 0.623436 
0.562846 0.539316 0.631896 
0.563886 0.534015 0.629353 
0.562987 0.522712 0.622031 
0.566515 0.527015 0.622031 
0.566515 0.51678 0.62522 
0.557866 0.528618 0.624113 
0.557866 0.521078 0.623424 
0.567356 0.518652 0.653483 
0.57041 0.518652 0.629234 
0.580135 0.518652 0.628297 
0.577018 0.520427 0.628297 
0.564348 0.518218 0.631026 
0.576079 0.518218 0.636383 
0.555244 0.520977 0.654825 
0.554577 0.506488 0.642877 
0.546339 0.5139 0.63561 
0.555749 0.519064 0.661219 
0.555749 0.523159 0.642304 
0.55823 0.515689 0.651058 
0.541178 0.522432 0.648471 
0.557516 0.505025 0.667385 
0.568828 0.513716 0.680373 
0.553755 0.513491 0.676057 
0.575295 0.506295 0.656022 
0.575295 0.495149 0.656022 
0.575295 0.504148 0.686388 
0.575295 0.517331 0.700207 
0.593168 0.517331 0.707729 
0.604594 0.510124 0.705694 
0.601794 0.517767 0.694079 
0.578747 0.522346 0.668187 
0.584813 0.524233 0.680919 
0.592035 0.514174 0.680919 
0.596084 0.532814 0.665276 
0.58864 0.53242 0.64621 
0.564236 0.53242 0.6735 
0.582697 0.537315 0.6735 
0.579018 0.521266 0.667077 
0.584155 0.521266 0.667365 
0.553805 0.512289 0.660149 
0.560574 0.511666 0.688472 
0.575926 0.502619 0.701356 
0.566641 0.49556 0.713337 
0.57507 0.503532 0.71106 
0.596773 0.512361 0.713358 
0.588673 0.489057 0.703066 
0.588673 0.507189 0.726094 
0.585055 0.49898 0.720474 
0.602327 0.501373 0.696732 
0.59117 0.501373 0.711276 
0.602652 0.506964 0.686782 
0.602652 0.483567 0.733728 
0.602652 0.497682 0.741404 
0.607225 0.504697 0.725776 
0.625349 0.518476 0.75651 
0.625349 0.525381 0.763154 
0.609024 0.520871 0.728632 
0.601883 0.520871 0.719811 
0.600129 0.514852 0.730021 
0.623364 0.514852 0.724368 
0.605933 0.523049 0.714717 
0.621195 0.536116 0.716505 
0.615341 0.536116 0.722522 
0.608178 0.536116 0.721105 
0.611136 0.540745 0.712276 
0.618193 0.540745 0.712276 
0.612389 0.533096 0.719503 
0.592102 0.526212 0.718539 
0.597555 0.546347 0.718539 
0.597555 0.545141 0.727461 
0.605303 0.539055 0.745383 
0.5991 0.537145 0.735024 
0.599331 0.533768 0.717532 
0.590678 0.516471 0.696923 
0.583401 0.516471 0.704943 
0.564625 0.532877 0.70609 
0.567651 0.548612 0.706132 
0.569231 0.527717 0.713569 
0.565772 0.527717 0.724379 
0.583181 0.532152 0.697044 
0.59095 0.519909 0.711376 
0.592129 0.514351 0.71152 
0.592129 0.507044 0.71152 
0.610504 0.510782 0.71152 
0.604858 0.498775 0.720104 
0.581742 0.521606 0.735315 
0.581742 0.521606 0.714726 
0.59916 0.523258 0.691938 
0.581704 0.512966 0.691938 
0.598034 0.512966 0.691938 
0.58496 0.507902 0.718914 
0.58496 0.511705 0.718914 
0.586885 0.521168 0.708826 
0.591324 0.504566 0.707719 
0.607791 0.524339 0.686263 
0.607843 0.519226 0.705114 
0.608508 0.539358 0.702373 
0.626812 0.522774 0.691677 
0.617508 0.53472 0.691677 
0.622144 0.541045 0.690868 
0.637794 0.531503 0.71322 
0.612822 0.531503 0.701067 
0.612822 0.522722 0.687442 
0.614101 0.531104 0.691982 
0.611328 0.517158 0.698886 
0.589565 0.527531 0.725321 
0.603796 0.527531 0.723263 
0.603796 0.533437 0.750138 
0.626171 0.542122 0.739202 
0.656722 0.555414 0.743597 
0.656722 0.566993 0.741273 
0.633899 0.559997 0.740298 
0.643845 0.539275 0.743083 
0.637268 0.542517 0.725606 
0.643169 0.538148 0.707589 
0.620476 0.523289 0.707589 
0.619553 0.538253 0.695883 
0.638988 0.531013 0.695883 
0.639724 0.531753 0.676853 
0.636208 0.544122 0.674356 
0.645962 0.533965 0.688749 
0.637129 0.529682 0.688749 
0.648077 0.546932 0.666195 
0.648077 0.543849 0.685855 
0.624076 0.546488 0.682585 
0.63655 0.541854 0.67849 
0.631752 0.53199 0.675394 
0.640927 0.545111 0.662179 
0.649208 0.530848 0.64401 
0.647607 0.528174 0.64401 
0.647607 0.532022 0.651642 
0.654351 0.513226 0.64737 
0.66909 0.5257 0.621497 
0.65029 0.539339 0.633176 
0.625759 0.539339 0.633176 
0.640286 0.539501 0.649727 
0.640286 0.521183 0.661432 
0.640771 0.515459 0.651023 
0.640771 0.525879 0.634837 
0.634036 0.531227 0.647152 
0.634036 0.529125 0.652831 
0.625537 0.528824 0.657516 
0.615821 0.528824 0.658975 
0.621072 0.527403 0.657229 
0.60247 0.524527 0.661644 
0.624569 0.525612 0.663885 
0.624072 0.528232 0.685318 
0.624072 0.534895 0.685318 
0.634083 0.536678 0.688546 
0.6259 0.536182 0.688546 
0.626699 0.546261 0.705717 
0.640612 0.525254 0.693592 
0.65306 0.545664 0.693592 
0.655809 0.546592 0.719776 
0.63073 0.537138 0.718394 
0.63073 0.556902 0.728088 
0.654489 0.546992 0.716976 
0.609249 0.556571 0.67627 
0.60504 0.557585 0.684892 
0.613584 0.563831 0.681631 
0.592953 0.573022 0.714659 
0.602255 0.575735 0.714659 
0.621815 0.583586 0.704487 
0.624461 0.552847 0.697102 
0.621417 0.545688 0.67961 
0.607821 0.520466 0.67961 
0.593339 0.523215 0.668097 
0.594209 0.532573 0.668097 
0.594209 0.538624 0.661098 
0.594209 0.518955 0.677151 
0.5889 0.523981 0.661814 
0.574038 0.536979 0.641378 
0.579769 0.528902 0.652619 
0.559613 0.534801 0.665077 
0.556847 0.528483 0.686009 
0.556847 0.522554 0.663992 
0.540027 0.522554 0.649675 
0.532523 0.515425 0.641549 
0.532523 0.531903 0.640276 
0.534453 0.530823 0.610433 
0.548305 0.517356 0.619534 
0.565359 0.511853 0.627602 
0.549689 0.51078 0.637564 
0.53801 0.499726 0.639817 
0.553815 0.499726 0.622801 
0.565853 0.493469 0.617099 
0.546635 0.511991 0.599044 
0.542831 0.511991 0.614445 
0.550738 0.507183 0.598248 
0.564277 0.508254 0.589224 
0.562235 0.526657 0.597526 
0.568746 0.5248 0.594114 
0.588715 0.5221 0.614893 
0.588715 0.531452 0.621815 
0.590294 0.526313 0.621815 
0.581065 0.529469 0.621815 
0.584863 0.529469 0.615869 
0.579781 0.521489 0.605936 
0.566274 0.541562 0.609395 
0.58798 0.549342 0.615132 
0.597747 0.544611 0.615132 
0.574778 0.551598 0.635381 
0.585789 0.549814 0.631642 
0.59447 0.549504 0.646938 
0.59447 0.549504 0.618235 
0.574543 0.562733 0.635975 
0.586113 0.550846 0.656112 
0.586113 0.550846 0.623292 
0.593436 0.536237 0.633536 
0.593436 0.555982 0.611324 
0.598834 0.555827 0.611324 
0.580194 0.552762 0.615945 
0.576594 0.555091 0.60067 
0.59254 0.555091 0.602284 
0.579838 0.554251 0.625646 
0.583324 0.553471 0.629883 
0.574342 0.553471 0.64439 
0.58022 0.557605 0.646376 
0.572604 0.556015 0.668372 
0.572199 0.551783 0.656541 
0.591147 0.553041 0.656541 
0.573581 0.540536 0.661134 
0.595704 0.533779 0.666782 
0.58268 0.548777 0.669047 
0.562817 0.562451 0.652901 
0.570112 0.540979 0.671092 
0.570112 0.540847 0.692493 
0.561015 0.511446 0.680925 
0.55666 0.527296 0.675647 
0.554067 0.525863 0.677338 
0.552948 0.549322 0.692515 
0.556154 0.549322 0.681363 
0.571258 0.524576 0.681363 
0.572072 0.522141 0.699903 
0.552614 0.535041 0.677957 
0.573206 0.512992 0.680323 
0.573206 0.52403 0.691243 
0.573206 0.531343 0.691243 
0.578514 0.535912 0.679415 
0.583485 0.538794 0.662255 
0.59383 0.545678 0.670957 
0.575449 0.546766 0.672669 
0.581565 0.528307 0.688752 
0.579328 0.525747 0.687502 
0.577508 0.534362 0.687502 
0.586297 0.54034 0.689896 
0.586297 0.541081 0.679187 
0.578801 0.52222 0.683788 
0.562212 0.515999 0.678115 
0.567197 0.532222 0.678115 
0.557009 0.532222 0.680276 
0.551977 0.519998 0.677063 
0.52907 0.510665 0.677063 
0.534149 0.513147 0.63591 
0.556583 0.518255 0.638477 
0.572266 0.523157 0.638477 
0.594756 0.507263 0.616093 
0.616688 0.497171 0.616093 
0.62127 0.510111 0.619696 
0.602297 0.505643 0.626798 
0.608254 0.536744 0.626798 
0.608254 0.529951 0.610565 
0.608254 0.531602 0.608894 
0.608254 0.541924 0.621608 
0.611235 0.543873 0.634773 
0.609524 0.54976 0.656706 
0.598275 0.54976 0.640667 
0.577636 0.549648 0.628435 
0.570711 0.546186 0.623745 
0.543133 0.535803 0.63194 
0.540348 0.536166 0.635049 
0.54129 0.52167 0.628353 
0.549242 0.541571 0.614704 
0.555042 0.540766 0.618039 
0.558448 0.535606 0.629483 
0.58635 0.519951 0.636829 
0.589798 0.519951 0.662052 
0.607535 0.521295 0.662052 
0.603424 0.512596 0.662052 
0.582799 0.52692 0.645133 
0.590975 0.545204 0.631772 
0.570156 0.530702 0.641761 
0.570156 0.539857 0.650871 
0.570156 0.539852 0.652119 
0.569579 0.53051 0.668814 
0.564615 0.512 0.668814 
0.568124 0.523564 0.683776 
0.568124 0.526772 0.642459 
0.588033 0.519881 0.655711 
0.566096 0.537011 0.651707 
0.544389 0.537011 0.639225 
0.544389 0.5332 0.624232 
0.561303 0.52489 0.624232 
0.554356 0.515378 0.6291 
0.533301 0.509106 0.61562 
0.52961 0.509106 0.61286 
0.529536 0.514721 0.630939 
0.541327 0.543996 0.636948 
0.530228 0.520493 0.629565 
0.546946 0.519771 0.640065 
0.547712 0.527423 0.644618 
0.580189 0.531753 0.657499 
0.566004 0.537606 0.657499 
0.578304 0.537606 0.662893 
0.565312 0.5542 0.677646 
0.543813 0.544701 0.655675 
0.562195 0.544701 0.658311 
0.561613 0.534715 0.658311 
0.561613 0.536756 0.698886 
0.563794 0.528163 0.69089 
0.550379 0.531548 0.705608 
0.566744 0.517683 0.725363 
0.563354 0.504159 0.709646 
0.563354 0.534376 0.704861 
0.575035 0.550747 0.68852 
0.563628 0.543415 0.68852 
0.560435 0.526836 0.698865 
0.56268 0.535877 0.686861 
0.576457 0.552556 0.683703 
0.579924 0.537975 0.68372 
0.584898 0.532905 0.68372 
0.56737 0.513073 0.68372 
0.56323 0.49185 0.698751 
0.56323 0.511169 0.70303 
0.578751 0.511785 0.669337 
0.578853 0.508458 0.669337 
0.569272 0.499881 0.658161 
0.556512 0.499881 0.678336 
0.556512 0.499881 0.697945 
0.554698 0.487437 0.687718 
0.558405 0.50495 0.683604 
0.578847 0.50495 0.699939 
0.581884 0.485157 0.695459 
0.575936 0.485157 0.710506 
0.596429 0.495108 0.707467 
0.589802 0.501967 0.707467 
0.564215 0.502485 0.69806 
0.571841 0.504012 0.708788 
0.569533 0.508398 0.710563 
0.55774 0.515349 0.727279 
0.577891 0.528522 0.719926 
0.577632 0.509022 0.711835 
0.577632 0.506153 0.715949 
0.571877 0.51064 0.711978 
0.586003 0.499109 0.695993 
0.584849 0.49999 0.699761 
0.585774 0.506853 0.701003 
0.566972 0.529109 0.704807 
0.565761 0.527489 0.711554 
0.57447 0.508307 0.702874 
0.570909 0.51171 0.707203 
0.585584 0.513178 0.711886 
0.57058 0.518495 0.713434 
0.565832 0.518495 0.699495 
0.565832 0.528665 0.705782 
0.58838 0.524455 0.705316 
0.592309 0.523738 0.723774 
0.570438 0.531024 0.723774 
0.593937 0.516793 0.723774 
0.600244 0.516793 0.720299 
0.587255 0.511156 0.711259 
0.563448 0.500204 0.725991 
0.567816 0.492419 0.708887 
0.585797 0.507106 0.695459 
0.580224 0.507508 0.695459 
0.585321 0.510957 0.698096 
0.582462 0.514603 0.702236 
0.570134 0.508877 0.682806 
0.57449 0.537848 0.684918 
0.555787 0.532824 0.654499 
0.54414 0.52723 0.667096 
0.561151 0.52723 0.670627 
0.545089 0.504423 0.670964 
0.549484 0.504407 0.670964 
0.557713 0.501436 0.670964 
0.557713 0.517268 0.646556 
0.577046 0.517268 0.649527 
0.56078 0.518469 0.675455 
0.539394 0.518469 0.649776 
0.532571 0.525794 0.667797 
0.535664 0.525794 0.667797 
0.546131 0.525794 0.667797 
0.551804 0.52393 0.668832 
0.551097 0.525864 0.693749 
0.541254 0.527672 0.674291 
0.531855 0.543894 0.699943 
0.52622 0.543894 0.694275 
0.540977 0.543894 0.673028 
0.538296 0.552829 0.678644 
0.536616 0.568014 0.691426 
0.537691 0.579388 0.670951 
0.529882 0.573083 0.691434 
0.531305 0.573083 0.691434 
0.531432 0.574736 0.693685 
0.533425 0.560423 0.678932 
0.521519 0.553191 0.688212 
0.511172 0.573966 0.66292 
0.52012 0.552526 0.66292 
0.505876 0.567711 0.665068 
0.522162 0.565368 0.674427 
0.525671 0.56495 0.686208 
0.540294 0.562339 0.706631 
0.534907 0.551403 0.678026 
0.546612 0.572258 0.675349 
0.530518 0.567828 0.70005 
0.5321 0.553391 0.690115 
0.542346 0.542644 0.685103 
0.515588 0.537644 0.685176 
0.508189 0.542282 0.678943 
0.502947 0.542282 0.684409 
0.492991 0.555264 0.670936 
0.492991 0.555264 0.664614 
0.505375 0.542092 0.664614 
0.505375 0.546317 0.675598 
0.493226 0.544351 0.696385 
0.493226 0.538637 0.675435 
0.494613 0.551837 0.687999 
0.489378 0.551837 0.67677 
0.506307 0.53893 0.67677 
0.51626 0.530039 0.691943 
0.520886 0.542793 0.691509 
0.528521 0.529573 0.688512 
0.520515 0.534234 0.690696 
0.533381 0.528818 0.7088 
0.526043 0.54215 0.735969 
0.515116 0.548174 0.736804 
0.528367 0.548174 0.716818 
0.521758 0.537085 0.722734 
0.524481 0.529284 0.731574 
0.519335 0.525655 0.717073 
0.514178 0.528746 0.741297 
0.544126 0.560546 0.724725 
0.541631 0.558739 0.729325 
0.530343 0.561322 0.714785 
0.530343 0.561322 0.743168 
0.530343 0.540378 0.7296 
0.546597 0.550393 0.728963 
0.562546 0.529724 0.732232 
0.543041 0.529724 0.707237 
0.556781 0.53425 0.700738 
0.563488 0.53425 0.73817 
0.560818 0.53425 0.739873 
0.540868 0.53425 0.735299 
0.554034 0.522966 0.731137 
0.565995 0.522897 0.723226 
0.55325 0.522897 0.719564 
0.54478 0.509237 0.704265 
0.555641 0.519719 0.708151 
0.546023 0.526221 0.695147 
0.560863 0.541328 0.694436 
0.580675 0.529004 0.715058 
0.579754 0.529571 0.729317 
0.572886 0.510263 0.729317 
0.572886 0.523286 0.708051 
0.566391 0.517341 0.73044 
0.56895 0.513098 0.737883 
0.552492 0.508576 0.715514 
0.55239 0.521864 0.697293 
0.542742 0.521864 0.699197 
0.559031 0.532077 0.711758 
0.554412 0.512199 0.711758 
0.566791 0.512199 0.710526 
0.568931 0.521731 0.710724 
0.564585 0.521731 0.712363 
0.570975 0.508752 0.699823 
0.554493 0.52142 0.689158 
0.568335 0.515186 0.69763 
0.561308 0.504358 0.670732 
0.569298 0.526792 0.670732 
0.570495 0.526792 0.670357 
0.588738 0.536596 0.681716 
0.586889 0.528653 0.671668 
0.581408 0.53783 0.676842 
0.581408 0.53803 0.690217 
0.594025 0.53803 0.710967 
0.582341 0.549856 0.68525 
0.582689 0.547761 0.690955 
0.581718 0.554861 0.672504 
0.551904 0.561089 0.665182 
0.567676 0.554785 0.689801 
0.571859 0.554785 0.687521 
0.591486 0.572525 0.677531 
0.579092 0.567578 0.680419 
0.588319 0.561675 0.679611 
0.583003 0.546019 0.673507 
0.597963 0.559501 0.675069 
0.594729 0.558764 0.661805 
0.570424 0.558764 0.660635 
0.58175 0.540219 0.675129 
0.58175 0.54541 0.650589 
0.563292 0.537339 0.656333 
0.580075 0.531195 0.656333 
0.572657 0.545003 0.695748 
0.577304 0.549826 0.695748 
0.577801 0.535164 0.696734 
0.59617 0.53291 0.692601 
0.58043 0.519523 0.677311 
0.599508 0.513839 0.654094 
0.599453 0.533167 0.666285 
0.577001 0.520632 0.666285 
0.58226 0.52012 0.653505 
0.578368 0.534749 0.630801 
0.576265 0.514335 0.657659 
0.594699 0.514335 0.643616 
0.588649 0.515453 0.627861 
0.590805 0.52826 0.652526 
0.587956 0.527092 0.657669 
0.566915 0.536162 0.639791 
0.575913 0.536162 0.638627 
0.570619 0.524777 0.640157 
0.540393 0.524704 0.662625 
0.550513 0.52159 0.662625 
0.547729 0.513483 0.679048 
0.552817 0.527319 0.665564 
0.541545 0.527319 0.676148 
0.539636 0.523794 0.692144 
0.550849 0.523794 0.692144 
0.543505 0.527309 0.684265 
0.57016 0.518157 0.707446 
0.563874 0.525797 0.699843 
0.563874 0.527919 0.686615 
0.55269 0.511738 0.655627 
0.55269 0.520056 0.664382 
0.55269 0.512632 0.663923 
0.565351 0.506159 0.658664 
0.566969 0.521689 0.692485 
0.536895 0.516583 0.651356 
0.563028 0.519101 0.646958 
0.579044 0.512858 0.631621 
0.565567 0.514397 0.650486 
0.555604 0.503118 0.672335 
0.555604 0.50482 0.656172 
0.564909 0.508495 0.656172 
0.554923 0.511166 0.674288 
0.563345 0.528207 0.674288 
0.566254 0.528207 0.679965 
0.57446 0.51605 0.662525 
0.563567 0.510273 0.681939 
0.548792 0.516382 0.657399 
0.566608 0.516382 0.645124 
0.549053 0.505842 0.650088 
0.547355 0.510189 0.64871 
0.529935 0.501001 0.65873 
0.537732 0.502828 0.668103 
0.566909 0.502828 0.668103 
0.564658 0.504087 0.669749 
0.573076 0.493208 0.659663 
0.595767 0.49423 0.659663 
0.566913 0.503483 0.650564 
0.551649 0.512085 0.650603 
0.551649 0.512978 0.657657 
0.569429 0.503013 0.659768 
0.569429 0.49265 0.663218 
0.595807 0.518598 0.686351 
0.55998 0.518598 0.686681 
0.565915 0.508846 0.691464 
0.559845 0.51745 0.690075 
0.55162 0.533758 0.676423 
0.5344 0.533989 0.676423 
0.554836 0.539695 0.655049 
0.554836 0.536523 0.668839 
0.554836 0.533116 0.668839 
0.554836 0.525695 0.65651 
0.535365 0.514777 0.677524 
0.55029 0.515054 0.698847 
0.55029 0.521944 0.694325 
0.564498 0.520918 0.694325 
0.583988 0.508934 0.694325 
0.563267 0.516335 0.688603 
0.56551 0.516335 0.688603 
0.56551 0.499824 0.667674 
0.56551 0.50507 0.663685 
0.586799 0.511342 0.690242 
0.58074 0.496001 0.697544 
0.58244 0.511667 0.674294 
0.58244 0.498264 0.685697 
0.586162 0.501992 0.685697 
0.587459 0.501992 0.662199 
0.590702 0.51987 0.672166 
0.582927 0.507523 0.670868 
0.569976 0.506766 0.652249 
0.561189 0.520283 0.645471 
0.561825 0.520283 0.644381 
0.561859 0.51304 0.659028 
0.548959 0.497744 0.653886 
0.541462 0.498788 0.638362 
0.541462 0.487848 0.647305 
0.566866 0.507312 0.647305 
0.543915 0.512688 0.628777 
0.539995 0.519898 0.617234 
0.539995 0.519696 0.622516 
0.553284 0.502134 0.647819 
0.572132 0.510026 0.637107 
0.561964 0.504459 0.635779 
0.561964 0.503427 0.631052 
0.561309 0.524441 0.620865 
0.571216 0.527484 0.634475 
0.555656 0.538273 0.632251 
0.564701 0.53874 0.646083 
0.564701 0.541068 0.651539 
0.55867 0.521892 0.637503 
0.55867 0.52725 0.657854 
0.550413 0.526183 0.679531 
0.539146 0.528331 0.669919 
0.527343 0.528331 0.669919 
0.534046 0.514595 0.672208 
0.554651 0.510463 0.658563 
0.538003 0.52554 0.639948 
0.534277 0.507679 0.648351 
0.531843 0.506061 0.660266 
0.531843 0.508959 0.669652 
0.539439 0.508959 0.666508 
0.56348 0.51382 0.664613 
0.553807 0.503249 0.664613 
0.563985 0.508534 0.661332 
0.573909 0.508534 0.650245 
0.558894 0.512056 0.643804 
0.555212 0.513227 0.635258 
0.543944 0.511716 0.62616 
0.541192 0.511597 0.611176 
0.555246 0.506528 0.630498 
0.555246 0.497249 0.64351 
0.539077 0.514445 0.641962 
0.539077 0.529352 0.645265 
0.522695 0.529352 0.655953 
0.53183 0.521199 0.655953 
0.544094 0.529382 0.670416 
0.530814 0.533251 0.652607 
0.54479 0.534658 0.661247 
0.54019 0.517668 0.686943 
0.531161 0.537536 0.698892 
0.544949 0.532213 0.698892 
0.550053 0.532213 0.679255 
0.539655 0.51994 0.687391 
0.544687 0.525024 0.681101 
0.544687 0.518365 0.670237 
0.54926 0.521778 0.683592 
0.541331 0.504712 0.677279 
0.548006 0.504712 0.69988 
0.535436 0.504712 0.680917 
0.537012 0.508142 0.677146 
0.535248 0.508142 0.668564 
0.523635 0.508142 0.653195 
0.533882 0.522524 0.653221 
0.535568 0.522524 0.639494 
0.550842 0.514527 0.616669 
0.551742 0.521198 0.627544 
0.538958 0.534454 0.627134 
0.538958 0.542793 0.618535 
0.555246 0.532466 0.620433 
0.552472 0.539346 0.620433 
0.540721 0.522015 0.613776 
0.533684 0.519772 0.605089 
0.524668 0.519772 0.604969 
0.548887 0.519772 0.607313 
0.556463 0.527709 0.610095 
0.551594 0.517657 0.624705 
0.558896 0.517657 0.634726 
0.539066 0.521887 0.600527 
0.551547 0.527973 0.609583 
0.54479 0.523253 0.60599 
0.548835 0.526216 0.58894 
0.564131 0.529157 0.596927 
0.569483 0.533647 0.607256 
0.569483 0.532721 0.607256 
0.569999 0.545928 0.610356 
0.540646 0.539699 0.611316 
0.546091 0.53449 0.611405 
0.522999 0.552492 0.610343 
0.540164 0.535825 0.610343 
0.540164 0.535825 0.594214 
0.540164 0.534667 0.594687 
0.554299 0.534667 0.616023 
0.538212 0.521747 0.616023 
0.531929 0.532135 0.616023 
0.547621 0.540004 0.622329 
0.526652 0.541368 0.624614 
0.535749 0.533266 0.624614 
0.517117 0.530637 0.63927 
0.525563 0.535544 0.650708 
0.525563 0.547726 0.637526 
0.52173 0.557626 0.643258 
0.540392 0.565086 0.640819 
0.561993 0.56392 0.62294 
0.544712 0.546277 0.644342 
0.544712 0.546277 0.658276 
0.541482 0.531821 0.68128 
0.550192 0.522901 0.667295 
0.559988 0.525027 0.666777 
0.564322 0.527069 0.667543 
0.562118 0.536719 0.667543 
0.555841 0.51722 0.667543 
0.553183 0.501271 0.698524 
0.548873 0.513209 0.693615 
0.548694 0.523544 0.699433 
0.562646 0.538518 0.699433 
0.545265 0.537945 0.707086 
0.554437 0.532112 0.71727 
0.554437 0.533651 0.71994 
0.545099 0.526007 0.695449 
0.572816 0.531642 0.657038 
0.554135 0.534815 0.660893 
0.555726 0.552162 0.685717 
0.573561 0.534451 0.662416 
0.573561 0.550354 0.65789 
0.573075 0.54468 0.668621 
0.575493 0.559415 0.660714 
0.585521 0.559991 0.662031 
0.582717 0.555189 0.66866 
0.554431 0.536374 0.667457 
0.554431 0.52181 0.646088 
0.549034 0.523018 0.646088 
0.570085 0.524095 0.668289 
0.570085 0.538381 0.68098 
0.575015 0.53251 0.683132 
0.565067 0.520398 0.666466 
0.58092 0.520398 0.666466 
0.58092 0.531438 0.66851 
0.58092 0.531438 0.651409 
