1.01834 1 0.964712 
1.03978 1 0.964712 
1.1045 1 0.947703 
1.05096 1.0605 0.912458 
1.05096 1.05676 0.912458 
1.05096 1.05507 0.949082 
1.04378 1.05507 0.968252 
0.976555 1.0713 1.04847 
1.06594 1.0713 1.01144 
1.06594 1.06376 0.993729 
1.12358 1.00303 1.02126 
1.11999 1.00303 1.02126 
1.11999 1.05175 1.02126 
1.14734 1.09404 1.02126 
1.15176 1.09404 1.02126 
1.16028 1.09404 1.0495 
1.1316 1.07954 1.03793 
1.13183 1.07954 1.01261 
1.13183 1.10122 1.0663 
1.14548 1.09044 1.05421 
1.04419 1.09044 1.04919 
1.13409 1.09044 1.04919 
1.10169 1.10742 1.04919 
1.03816 1.11815 1.07336 
1.11025 1.11808 1.05226 
1.11228 1.11808 1.11451 
1.06055 1.12189 1.06905 
1.06055 1.12189 1.06905 
1.06055 1.12319 1.02795 
1.05211 1.08462 1.06971 
1.05211 1.07127 1.06971 
1.11409 1.07127 1.0793 
1.08699 1.14505 1.0793 
1.11974 1.0971 1.0793 
1.13367 1.0971 1.0793 
1.08074 1.0971 1.03947 
1.16426 1.10669 1.03947 
1.16426 1.10669 1.11201 
1.15176 1.11864 1.0841 
1.17781 1.11864 1.0863 
1.1529 1.11864 1.0863 
1.09438 1.19791 1.0863 
1.09438 1.15594 1.08888 
1.09438 1.15594 1.09965 
1.09438 1.21958 1.09965 
1.17935 1.22194 1.10183 
1.12948 1.2283 1.10183 
1.10933 1.2283 1.12723 
1.10933 1.26015 1.12723 
1.10933 1.26015 1.12723 
1.10057 1.26015 1.1494 
1.10057 1.2498 1.1494 
1.10057 1.2498 1.17861 
1.10057 1.25652 1.17861 
1.09734 1.28624 1.17861 
1.08094 1.28624 1.17861 
1.07231 1.28624 1.17861 
1.0681 1.28624 1.17861 
1.0681 1.28624 1.17861 
1.05898 1.28624 1.17861 
1.12825 1.28624 1.17194 
1.12542 1.24075 1.17194 
1.12542 1.24075 1.17431 
1.12542 1.24075 1.17431 
1.13284 1.28745 1.17431 
1.12804 1.28745 1.17431 
1.09781 1.28745 1.1945 
1.09781 1.28745 1.1945 
1.09781 1.28745 1.1945 
1.09781 1.28745 1.20013 
1.09781 1.28745 1.20013 
1.09781 1.28745 1.21946 
1.09781 1.2681 1.21946 
1.09781 1.2609 1.21946 
1.09781 1.2609 1.19735 
1.09781 1.2609 1.19735 
1.17899 1.2609 1.265 
1.13792 1.2609 1.265 
1.13792 1.2609 1.25963 
1.13073 1.28358 1.26441 
1.13073 1.28379 1.26441 
1.13073 1.28898 1.26441 
1.12188 1.28898 1.26441 
1.12188 1.28898 1.26441 
1.12188 1.28898 1.26441 
1.13594 1.28898 1.26441 
1.17131 1.28898 1.2582 
1.18578 1.34257 1.25261 
1.18578 1.34257 1.25261 
1.15925 1.34257 1.25261 
1.15925 1.34257 1.25261 
1.15925 1.33764 1.25261 
1.15925 1.33764 1.25261 
1.18547 1.33764 1.25261 
1.18547 1.30917 1.25261 
1.16994 1.30917 1.25261 
1.20078 1.30917 1.25261 
1.18876 1.30917 1.20483 
1.18876 1.30917 1.25963 
1.18876 1.30917 1.205 
1.1921 1.30917 1.205 
1.16473 1.33953 1.205 
1.16473 1.34708 1.22447 
1.16473 1.34792 1.20396 
1.16473 1.34792 1.20727 
1.16473 1.34792 1.20727 
1.16473 1.34792 1.1867 
1.16473 1.38034 1.1867 
1.16473 1.38034 1.20384 
1.16826 1.38034 1.20901 
1.16769 1.38034 1.19919 
1.15053 1.40411 1.22914 
1.14413 1.42827 1.22914 
1.14413 1.42827 1.24709 
1.12281 1.34208 1.24709 
1.12281 1.33125 1.2096 
1.12281 1.3644 1.2096 
1.12281 1.3644 1.2096 
1.12281 1.3644 1.2096 
1.12281 1.33384 1.2096 
1.12666 1.37433 1.1433 
1.13832 1.37433 1.1433 
1.13832 1.37433 1.1433 
1.13832 1.37626 1.16308 
1.13832 1.37626 1.16308 
1.13832 1.41044 1.16308 
1.13744 1.41044 1.15122 
1.13744 1.44194 1.15122 
1.13744 1.44194 1.13297 
1.13744 1.44194 1.13297 
1.13744 1.478 1.13106 
1.13744 1.478 1.13106 
1.13744 1.47796 1.15283 
1.11928 1.47796 1.15283 
1.11928 1.48057 1.15283 
1.11924 1.48057 1.17451 
1.12594 1.48057 1.1785 
1.12651 1.51629 1.16691 
1.12651 1.48684 1.16691 
1.12651 1.44161 1.16691 
1.11565 1.44161 1.16691 
1.15955 1.47697 1.16691 
1.15955 1.47697 1.16691 
1.12525 1.47697 1.16691 
1.19114 1.42913 1.16593 
1.1844 1.42913 1.16593 
1.1844 1.42913 1.16593 
1.1844 1.42913 1.16596 
1.1844 1.42913 1.16596 
1.17336 1.42913 1.16596 
1.17336 1.42913 1.16596 
1.19009 1.45792 1.13723 
1.19009 1.45792 1.13375 
1.19009 1.42757 1.13944 
1.15739 1.44189 1.13944 
1.15739 1.44189 1.13944 
1.15739 1.48823 1.13944 
1.15739 1.48823 1.10719 
1.16491 1.47082 1.10719 
1.199 1.47082 1.10719 
1.16747 1.46409 1.10719 
1.17615 1.46409 1.10719 
1.17615 1.46409 1.13779 
1.17615 1.46409 1.13779 
1.17615 1.41447 1.13779 
1.17615 1.41447 1.10446 
1.17615 1.41447 1.10446 
1.17615 1.41447 1.10446 
1.18049 1.41447 1.10445 
1.18049 1.41513 1.10445 
1.19442 1.3856 1.10445 
1.19442 1.40041 1.10701 
1.17838 1.40041 1.10717 
1.17838 1.40041 1.10717 
1.17281 1.40041 1.09782 
1.17281 1.41276 1.09782 
1.17281 1.33542 1.09782 
1.17281 1.33542 1.13533 
1.17281 1.33542 1.13533 
1.17281 1.37069 1.13533 
1.17281 1.37069 1.12623 
1.17281 1.37069 1.12623 
1.17281 1.37069 1.12623 
1.17281 1.37069 1.12623 
1.17281 1.37069 1.09602 
1.17281 1.37069 1.10024 
1.16533 1.37069 1.11641 
1.16533 1.37069 1.11641 
1.16533 1.38744 1.11641 
1.16533 1.34729 1.11641 
1.16533 1.34729 1.11641 
1.16533 1.34729 1.11641 
1.16961 1.34729 1.14717 
1.18319 1.40797 1.10797 
1.18319 1.33432 1.10797 
1.17333 1.3348 1.10797 
1.17333 1.34733 1.10797 
1.17333 1.34939 1.09596 
1.15789 1.3667 1.11148 
1.16204 1.33882 1.11148 
1.16204 1.37075 1.11148 
1.16204 1.41131 1.10498 
1.17475 1.37012 1.09598 
1.16413 1.37012 1.09598 
1.16413 1.37012 1.09598 
1.16413 1.37012 1.09598 
1.16413 1.36028 1.09598 
1.16413 1.40104 1.09598 
1.16413 1.40104 1.09598 
1.19119 1.41545 1.07955 
1.19119 1.41545 1.07955 
1.19074 1.41997 1.07955 
1.20656 1.41997 1.07955 
1.20656 1.42123 1.07955 
1.20656 1.42123 1.07955 
1.18213 1.42123 1.07955 
1.18213 1.42123 1.07955 
1.23508 1.3919 1.13491 
1.23508 1.3919 1.15159 
1.23508 1.3919 1.15159 
1.18049 1.42598 1.13879 
1.18049 1.43446 1.1393 
1.19047 1.43446 1.11189 
1.19047 1.43446 1.11189 
1.18949 1.43446 1.11189 
1.21257 1.43603 1.11189 
1.21257 1.43603 1.11189 
1.20672 1.43603 1.11189 
1.20672 1.44269 1.11189 
1.20672 1.46147 1.11189 
1.20672 1.50879 1.09769 
1.20672 1.4882 1.09769 
1.20672 1.4882 1.09769 
1.21471 1.4882 1.11924 
1.21471 1.49378 1.11129 
1.21471 1.48681 1.11129 
1.21471 1.49997 1.11129 
1.21471 1.49997 1.11129 
1.19907 1.49997 1.11129 
1.2167 1.49997 1.11129 
1.2167 1.49997 1.11129 
1.19277 1.48861 1.11129 
1.19277 1.48861 1.11129 
1.19277 1.48861 1.11129 
1.19277 1.48861 1.12506 
1.19277 1.52556 1.12843 
1.19277 1.53802 1.1222 
1.19277 1.49274 1.1222 
1.17267 1.49274 1.1222 
1.15256 1.49274 1.1222 
1.13751 1.49274 1.12224 
1.13751 1.44654 1.13349 
1.1744 1.44654 1.13412 
1.1744 1.43761 1.13412 
1.19238 1.43761 1.11085 
1.19238 1.43761 1.11753 
1.19238 1.45984 1.11753 
1.16334 1.45984 1.13083 
1.16334 1.38443 1.15099 
1.16289 1.46053 1.1619 
1.16289 1.46053 1.13409 
1.16289 1.43246 1.13409 
1.22694 1.45024 1.13409 
1.22694 1.45673 1.14544 
1.21193 1.45673 1.14544 
1.21193 1.48317 1.14544 
1.19783 1.48317 1.14544 
1.19783 1.45238 1.14544 
1.21359 1.45238 1.12449 
1.20115 1.45371 1.12449 
1.15932 1.45371 1.1498 
1.15932 1.50598 1.1498 
1.12734 1.45444 1.1498 
1.12734 1.47676 1.12702 
1.16594 1.4526 1.13601 
1.14236 1.4526 1.14075 
1.14236 1.4526 1.14075 
1.14236 1.4526 1.11933 
1.14236 1.4526 1.11933 
1.14236 1.4526 1.12263 
1.14236 1.4526 1.10772 
1.14236 1.45816 1.10834 
1.15087 1.41547 1.10069 
1.15087 1.43243 1.10069 
1.15778 1.46569 1.1306 
1.15778 1.41219 1.1306 
1.15046 1.41219 1.1119 
1.12896 1.41219 1.12122 
1.12896 1.41219 1.12122 
1.12896 1.41219 1.12122 
1.12152 1.41219 1.12122 
1.12152 1.41219 1.12122 
1.12152 1.41219 1.11726 
1.12152 1.38845 1.11726 
1.12152 1.38024 1.11726 
1.12152 1.38024 1.11644 
1.13154 1.38024 1.11644 
1.11863 1.42544 1.10763 
1.12007 1.42544 1.10243 
1.12007 1.43019 1.12355 
1.14568 1.43019 1.12355 
1.14568 1.43019 1.12355 
1.14568 1.43019 1.12355 
1.14568 1.43019 1.12355 
1.14568 1.40824 1.12355 
1.14568 1.40824 1.12355 
1.14568 1.40824 1.12355 
1.14568 1.40824 1.16648 
1.14568 1.40824 1.10845 
1.14568 1.41099 1.10845 
1.14568 1.42226 1.10845 
1.12625 1.42226 1.10845 
1.12325 1.42226 1.14339 
1.12325 1.42226 1.14339 
1.12755 1.42226 1.14339 
1.12755 1.41649 1.14386 
1.14265 1.41649 1.14386 
1.14265 1.40937 1.14386 
1.13607 1.40937 1.14386 
1.13607 1.40937 1.14386 
1.13607 1.40937 1.14386 
1.13607 1.40937 1.14386 
1.13607 1.40937 1.14386 
1.13607 1.41871 1.14386 
1.13607 1.42103 1.14386 
1.13607 1.42103 1.14386 
1.13359 1.45553 1.13864 
1.14223 1.45553 1.13864 
1.14223 1.45553 1.13864 
1.14223 1.45553 1.13864 
1.14223 1.45408 1.13864 
1.14223 1.45408 1.13864 
1.14223 1.43345 1.12307 
1.14223 1.46083 1.12307 
1.14223 1.46083 1.12307 
1.16248 1.46083 1.12307 
1.12366 1.46083 1.12307 
1.13626 1.46083 1.12307 
1.13671 1.45297 1.10572 
1.13671 1.45297 1.12645 
1.13671 1.45297 1.12645 
1.13671 1.45297 1.12528 
1.12062 1.44705 1.12528 
1.14191 1.46241 1.12528 
1.14191 1.46499 1.12528 
1.12623 1.46499 1.09809 
1.13998 1.4528 1.09809 
1.13998 1.46557 1.09809 
1.13998 1.46557 1.09809 
1.13998 1.47314 1.09809 
1.13998 1.47314 1.09809 
1.13346 1.45879 1.09809 
1.15503 1.45879 1.09809 
1.15503 1.4447 1.09093 
1.15503 1.45875 1.09093 
1.18408 1.45875 1.09093 
1.18408 1.45875 1.09093 
1.18408 1.45875 1.08773 
1.18408 1.45875 1.09028 
1.18408 1.46031 1.09028 
1.18408 1.46031 1.06793 
1.18408 1.46031 1.06793 
1.18408 1.48034 1.06793 
1.18408 1.49197 1.07371 
1.17895 1.49197 1.07371 
1.1825 1.49197 1.08778 
1.1825 1.46075 1.10381 
1.18424 1.48569 1.11084 
1.17948 1.48569 1.11084 
1.17948 1.48569 1.11084 
1.17948 1.48569 1.11084 
1.17948 1.48569 1.12429 
1.20495 1.48569 1.08304 
1.20495 1.54115 1.08304 
1.20495 1.49496 1.073 
1.19646 1.49577 1.073 
1.22056 1.49577 1.073 
1.22056 1.48432 1.073 
1.22056 1.48432 1.073 
1.22056 1.53054 1.073 
1.22056 1.51459 1.08884 
1.22056 1.51451 1.08884 
1.22056 1.40612 1.08884 
1.22056 1.41312 1.08884 
1.22056 1.43975 1.08884 
1.22056 1.43975 1.08884 
1.22056 1.43975 1.08884 
1.22056 1.43975 1.08884 
1.22056 1.47592 1.08884 
1.22056 1.45505 1.08884 
1.22056 1.45505 1.08884 
1.21437 1.38453 1.08884 
1.21437 1.38453 1.05514 
1.21437 1.39016 1.07663 
1.25441 1.39166 1.07663 
1.22257 1.39166 1.07663 
1.22257 1.39166 1.07663 
1.22257 1.39166 1.06802 
1.21201 1.39166 1.06802 
1.21201 1.39166 1.07101 
1.21201 1.39166 1.07101 
1.16606 1.39166 1.07101 
1.17885 1.3943 1.07101 
1.19132 1.3943 1.07101 
1.19132 1.42124 1.07101 
1.19132 1.42124 1.07101 
1.19132 1.40941 1.0802 
1.17641 1.40941 1.0802 
1.16962 1.40941 1.08634 
1.16962 1.40941 1.08634 
1.16962 1.43623 1.08634 
1.16962 1.43623 1.08634 
1.14681 1.42613 1.07908 
1.14681 1.44951 1.07908 
1.14681 1.44951 1.08004 
1.14681 1.44951 1.08004 
1.14681 1.44951 1.08004 
1.14681 1.44951 1.07661 
1.14681 1.44951 1.07661 
1.14681 1.44951 1.05274 
1.14681 1.44951 1.05274 
1.14681 1.44951 1.05274 
1.14681 1.44951 1.05274 
1.14681 1.44951 1.05274 
1.14339 1.50805 1.05274 
1.14339 1.49703 1.05274 
1.1364 1.49703 1.05783 
1.1364 1.49703 1.05783 
1.1364 1.49703 1.04013 
1.15593 1.49703 1.04013 
1.15593 1.49703 1.03313 
1.15593 1.51942 1.03313 
1.15593 1.46536 1.05809 
1.15593 1.46536 1.05809 
1.15593 1.46536 1.05809 
1.15593 1.46536 1.05809 
1.1395 1.45579 1.03511 
1.1395 1.45579 1.03511 
1.1395 1.45579 1.04497 
1.11389 1.45579 1.04497 
1.12326 1.45579 1.04497 
1.14488 1.45633 1.04497 
1.18798 1.46545 1.07133 
1.18798 1.46545 1.07133 
1.18798 1.46545 1.08121 
1.17123 1.44572 1.05256 
1.18193 1.4798 1.0888 
1.1795 1.48333 1.0888 
1.19987 1.48333 1.0888 
1.19987 1.511 1.0888 
1.19987 1.511 1.0888 
1.19987 1.511 1.0888 
1.19987 1.511 1.0888 
1.19284 1.511 1.08066 
1.19284 1.511 1.08066 
1.17935 1.511 1.0804 
1.17935 1.511 1.13196 
1.17935 1.511 1.10901 
1.21787 1.511 1.10901 
1.21787 1.511 1.10901 
1.21787 1.54064 1.10901 
1.22343 1.54064 1.10901 
1.19333 1.54064 1.06521 
1.16945 1.54064 1.07643 
1.16945 1.54064 1.07643 
1.14615 1.55998 1.07643 
1.20856 1.55998 1.07643 
1.20856 1.52249 1.08147 
1.20856 1.52249 1.08147 
1.19485 1.52249 1.08147 
1.19485 1.52249 1.09594 
1.20111 1.5361 1.09594 
1.20111 1.5361 1.09891 
1.20111 1.5361 1.09891 
1.20006 1.5361 1.07748 
1.20006 1.5361 1.07748 
1.20006 1.5361 1.04344 
1.20006 1.5361 1.04344 
1.20006 1.5361 1.05023 
1.17594 1.52322 1.06922 
1.17594 1.52322 1.06922 
1.17594 1.49379 1.06922 
1.21036 1.49827 1.06922 
1.2021 1.49827 1.06922 
1.2021 1.49827 1.06922 
1.2021 1.49827 1.06922 
1.16491 1.49827 1.1 
1.16491 1.49827 1.1 
1.16491 1.49827 1.1 
1.16491 1.49615 1.1 
1.1836 1.49615 1.1 
1.12225 1.49615 1.1127 
1.12225 1.49615 1.15497 
1.14283 1.4881 1.15497 
1.14283 1.4881 1.17699 
1.14283 1.4881 1.17699 
1.14283 1.4881 1.17699 
1.14283 1.4881 1.17699 
1.182 1.4881 1.17699 
1.182 1.4881 1.16341 
1.182 1.46593 1.1649 
1.182 1.46593 1.1649 
1.182 1.46593 1.15757 
1.16545 1.46494 1.15757 
1.16545 1.46494 1.15964 
1.14365 1.46494 1.15964 
1.14365 1.46494 1.18726 
1.14365 1.46494 1.18726 
1.14365 1.46494 1.17803 
1.14365 1.39812 1.17803 
1.14656 1.39812 1.17803 
1.14656 1.41218 1.17803 
1.14656 1.41966 1.17803 
1.14656 1.41966 1.17803 
1.14891 1.41966 1.15498 
1.17034 1.41966 1.17592 
1.17034 1.41966 1.16963 
1.17034 1.43002 1.16963 
1.17985 1.43002 1.16963 
1.1835 1.40464 1.17689 
1.1835 1.40464 1.17689 
1.1835 1.44622 1.17839 
1.1835 1.44659 1.17839 
1.19163 1.44659 1.17839 
1.19163 1.46833 1.17246 
1.20093 1.46833 1.19461 
1.19296 1.46833 1.18643 
1.19296 1.46833 1.23127 
1.17074 1.50226 1.21703 
1.17074 1.50226 1.21251 
1.18466 1.44398 1.21251 
1.18505 1.44398 1.21491 
1.12417 1.44148 1.18183 
1.12417 1.44364 1.18759 
1.15215 1.44364 1.1381 
1.15215 1.44364 1.1381 
1.15291 1.45493 1.1381 
1.15291 1.45493 1.1684 
1.15291 1.46179 1.1684 
1.15291 1.46179 1.1684 
1.15291 1.41123 1.1684 
1.15291 1.4326 1.1684 
1.11721 1.4326 1.1684 
1.11721 1.42201 1.1684 
1.11721 1.45976 1.13168 
1.12505 1.48519 1.13168 
1.12505 1.48519 1.13168 
1.12505 1.48519 1.13168 
1.12505 1.46335 1.13168 
1.15189 1.46335 1.13209 
1.11252 1.45169 1.13209 
1.11252 1.45169 1.1705 
1.11252 1.45169 1.11585 
1.12424 1.45169 1.11682 
1.12424 1.45169 1.14967 
1.12424 1.45169 1.14253 
1.09779 1.44408 1.14253 
1.09779 1.44408 1.14253 
1.09779 1.40721 1.14253 
1.10103 1.40721 1.14253 
1.10103 1.40721 1.14253 
1.10974 1.40721 1.14253 
1.10974 1.40721 1.13972 
1.10974 1.40721 1.14013 
1.10974 1.40942 1.17818 
1.10974 1.40942 1.17818 
1.118 1.40942 1.168 
1.11511 1.40799 1.168 
1.11511 1.40799 1.14078 
1.10053 1.40799 1.14828 
1.10197 1.40799 1.16212 
1.10197 1.40594 1.16607 
1.09289 1.40594 1.15307 
1.09289 1.40594 1.1209 
1.09912 1.40594 1.1209 
1.09912 1.42996 1.1209 
1.10745 1.42996 1.10912 
1.10745 1.43703 1.10912 
1.13004 1.43967 1.10912 
1.12004 1.47428 1.10912 
1.09586 1.47428 1.11644 
1.09586 1.47428 1.11644 
1.09586 1.45618 1.11644 
1.09586 1.45618 1.11644 
1.09586 1.42401 1.11644 
1.09586 1.42401 1.12639 
1.09586 1.42401 1.12639 
1.09586 1.4138 1.12639 
1.09586 1.4233 1.12639 
1.09586 1.43718 1.12639 
1.09586 1.42468 1.12639 
1.08754 1.42468 1.12639 
1.09342 1.42468 1.12639 
1.10123 1.42468 1.12672 
1.0907 1.42468 1.12672 
1.0907 1.42468 1.13445 
1.0944 1.42468 1.146 
1.08847 1.40313 1.12792 
1.08847 1.40313 1.12398 
1.10372 1.38781 1.12398 
1.10372 1.38781 1.12398 
1.10372 1.42399 1.12398 
1.10372 1.42579 1.12398 
1.11535 1.43487 1.12398 
1.10231 1.43487 1.12398 
1.0877 1.48849 1.12398 
1.0877 1.48849 1.12398 
1.0877 1.48849 1.12398 
1.06951 1.48849 1.12398 
1.06951 1.48849 1.12364 
1.04185 1.48849 1.15011 
1.04185 1.5133 1.15011 
1.04455 1.5133 1.15011 
1.04455 1.5133 1.15011 
1.04632 1.47176 1.15011 
1.00229 1.47176 1.15011 
1.01592 1.47176 1.15011 
1.01592 1.44407 1.15011 
1.04906 1.44407 1.15011 
1.04906 1.44407 1.14091 
1.04906 1.46739 1.14091 
1.04239 1.46294 1.13657 
1.04239 1.46294 1.13657 
1.04239 1.46294 1.13657 
1.04996 1.46294 1.13657 
1.08233 1.46294 1.13015 
1.06893 1.46294 1.13015 
1.06854 1.46294 1.17406 
1.06854 1.46294 1.15824 
1.06854 1.41263 1.15824 
1.06854 1.47066 1.15824 
1.06854 1.47066 1.17902 
1.07655 1.47066 1.17902 
1.07655 1.42676 1.17902 
1.07655 1.45861 1.17902 
1.07655 1.45861 1.17902 
1.07862 1.45861 1.18075 
1.07862 1.46075 1.16724 
1.07862 1.46075 1.18406 
1.0843 1.4563 1.18406 
1.0843 1.39584 1.18406 
1.0843 1.39584 1.18406 
1.07903 1.39584 1.18406 
1.0933 1.39584 1.18406 
1.0933 1.4174 1.18406 
1.0933 1.41691 1.18406 
1.0933 1.41691 1.12481 
1.09582 1.41691 1.11313 
1.09582 1.41188 1.11313 
1.09582 1.42785 1.11313 
1.10731 1.46876 1.1581 
1.10731 1.46876 1.12168 
1.10731 1.46876 1.12458 
1.10731 1.46876 1.12458 
1.10731 1.46876 1.12458 
1.10731 1.39995 1.12458 
1.10731 1.39995 1.12458 
1.10731 1.43558 1.12458 
1.10731 1.43558 1.1137 
1.10731 1.46398 1.1137 
1.10731 1.40804 1.14057 
1.10731 1.40804 1.14057 
1.10731 1.40804 1.14057 
1.10731 1.40804 1.14057 
1.10731 1.40804 1.14057 
1.10731 1.40804 1.14057 
1.10731 1.40804 1.14057 
1.10731 1.40804 1.14057 
1.10731 1.36435 1.14057 
1.10731 1.36435 1.14057 
1.10731 1.36917 1.14057 
1.11182 1.36917 1.14057 
1.11182 1.35057 1.14057 
1.11182 1.35057 1.14057 
1.09334 1.35057 1.14057 
1.09334 1.33792 1.13395 
1.12444 1.35627 1.12171 
1.13414 1.35627 1.12171 
1.13414 1.37098 1.12171 
1.13414 1.37098 1.12171 
1.13414 1.37885 1.12171 
1.13414 1.38099 1.12171 
1.13414 1.36725 1.12171 
1.13414 1.35553 1.12171 
1.13158 1.35553 1.10201 
1.13179 1.35575 1.10201 
1.13179 1.36398 1.10201 
1.13179 1.34297 1.1389 
1.13179 1.38268 1.12364 
1.13179 1.39061 1.12364 
1.13179 1.36443 1.12364 
1.13179 1.36443 1.12364 
1.13179 1.36443 1.11134 
1.13179 1.36443 1.11134 
1.13179 1.36443 1.12064 
1.13179 1.36443 1.13429 
1.13179 1.36443 1.13204 
1.13179 1.3801 1.1261 
1.13179 1.3801 1.14366 
1.13179 1.3801 1.15704 
1.13179 1.3801 1.15205 
1.13179 1.34616 1.12365 
1.13646 1.34616 1.14475 
1.13646 1.37953 1.14475 
1.13646 1.37953 1.14475 
1.13646 1.37064 1.14348 
1.15975 1.37064 1.14348 
1.15975 1.40013 1.14348 
1.15975 1.39673 1.15035 
1.15975 1.39673 1.15035 
1.15975 1.4249 1.15035 
1.15448 1.4249 1.15035 
1.15448 1.37946 1.15035 
1.15448 1.37946 1.15035 
1.15448 1.37946 1.15035 
1.14301 1.37946 1.15035 
1.15111 1.34238 1.15035 
1.15114 1.46789 1.15035 
1.15114 1.42016 1.18319 
1.15114 1.42016 1.18319 
1.15114 1.42016 1.18319 
1.15114 1.42016 1.18319 
1.15114 1.42016 1.15668 
1.15114 1.42016 1.17454 
1.15114 1.42016 1.17454 
1.14308 1.42016 1.17454 
1.14308 1.42016 1.17454 
1.14308 1.42016 1.17454 
1.14308 1.42016 1.17454 
1.14308 1.41826 1.17454 
1.14308 1.40889 1.17454 
1.14308 1.39084 1.17653 
1.14308 1.38166 1.12814 
1.14308 1.44126 1.12814 
1.14308 1.44126 1.12814 
1.13933 1.47631 1.15695 
1.13933 1.47631 1.15695 
1.13933 1.45893 1.15695 
1.13933 1.45893 1.15477 
1.13933 1.41317 1.14754 
1.13933 1.41317 1.14754 
1.13933 1.41317 1.14754 
1.13933 1.41317 1.17344 
1.13933 1.41317 1.17344 
1.13933 1.41771 1.17344 
1.13933 1.41771 1.18002 
1.13933 1.41771 1.18002 
1.14398 1.41771 1.15325 
1.14398 1.4363 1.12585 
1.14398 1.45731 1.12585 
1.14398 1.45731 1.12558 
1.14068 1.45731 1.11615 
1.14068 1.45731 1.11615 
1.14068 1.45731 1.11615 
1.14068 1.44642 1.11615 
1.14068 1.44642 1.11615 
1.12599 1.44491 1.16051 
1.13829 1.44491 1.16051 
1.13829 1.40178 1.13749 
1.14464 1.42232 1.13749 
1.14464 1.48068 1.13749 
1.14464 1.48145 1.13749 
1.14464 1.42354 1.13749 
1.13242 1.44733 1.15215 
1.13242 1.44733 1.15215 
1.13242 1.4096 1.14258 
1.1266 1.4096 1.12646 
1.12648 1.43345 1.13664 
1.12648 1.42078 1.13664 
1.12648 1.42078 1.13664 
1.12648 1.42078 1.12857 
1.12807 1.42078 1.12857 
1.12807 1.42078 1.1123 
1.12807 1.42078 1.1123 
1.12851 1.45268 1.12349 
1.12851 1.45268 1.12349 
1.12851 1.45268 1.12349 
1.12851 1.45268 1.12349 
1.12851 1.39361 1.12349 
1.15096 1.39361 1.12349 
1.15096 1.39915 1.13848 
1.1563 1.38788 1.12527 
1.15331 1.38788 1.12527 
1.15331 1.42363 1.11703 
1.15331 1.35703 1.11703 
1.15331 1.36376 1.13134 
1.15331 1.36376 1.15702 
1.15331 1.36073 1.15702 
1.14106 1.35578 1.15702 
1.14106 1.35578 1.12451 
1.14106 1.40899 1.12451 
1.14106 1.40899 1.12451 
1.14106 1.40899 1.12451 
1.14106 1.40899 1.12451 
1.14106 1.40899 1.12451 
1.14106 1.40899 1.12451 
1.14106 1.38701 1.12451 
1.14106 1.38701 1.12451 
1.14106 1.42969 1.12451 
1.14106 1.45835 1.12451 
1.14106 1.44615 1.12451 
1.14106 1.44615 1.12451 
1.14927 1.41931 1.12451 
1.14927 1.39695 1.12451 
1.14927 1.39695 1.14372 
1.14927 1.39695 1.15045 
1.14927 1.40914 1.15045 
1.14927 1.40914 1.1272 
1.14927 1.40914 1.1272 
1.14927 1.40914 1.09904 
1.14927 1.38968 1.09904 
1.14927 1.44605 1.09904 
1.1433 1.44707 1.09904 
1.1433 1.44707 1.14662 
1.17329 1.44707 1.13407 
1.17329 1.44707 1.13919 
1.21177 1.44707 1.11637 
1.19713 1.43153 1.11637 
1.19713 1.48357 1.11637 
1.18434 1.50701 1.11048 
1.18434 1.48034 1.11048 
1.18434 1.48034 1.11048 
1.18434 1.48034 1.11048 
1.18722 1.45189 1.11048 
1.1943 1.45624 1.08912 
1.19022 1.45624 1.08912 
1.19022 1.48224 1.09282 
1.19022 1.49452 1.09282 
1.2053 1.49452 1.07618 
1.20516 1.49452 1.09847 
1.20516 1.49452 1.09847 
1.20516 1.49009 1.09847 
1.20516 1.49009 1.09847 
1.20516 1.49009 1.09371 
1.20516 1.4408 1.08418 
1.20516 1.4408 1.08418 
1.20516 1.4408 1.08418 
1.20516 1.42981 1.08418 
1.1911 1.42981 1.08418 
1.1911 1.45943 1.09554 
1.1911 1.45943 1.10849 
1.1911 1.45943 1.10849 
1.16079 1.45943 1.10849 
1.17844 1.45943 1.10849 
1.17844 1.45943 1.10849 
1.17844 1.45887 1.10323 
1.17844 1.45887 1.10323 
1.17844 1.43909 1.08385 
1.17844 1.44135 1.08385 
1.16254 1.44379 1.08182 
1.15144 1.44379 1.08182 
1.16216 1.44379 1.08182 
1.16216 1.40691 1.08182 
1.16216 1.40691 1.08182 
1.16216 1.40691 1.08182 
1.16216 1.40691 1.08182 
1.15161 1.41173 1.08182 
1.15161 1.44751 1.09528 
1.15161 1.44751 1.09528 
1.15789 1.43076 1.08986 
1.15747 1.43076 1.121 
1.15747 1.43076 1.10346 
1.15747 1.4344 1.10346 
1.15747 1.4344 1.10346 
1.15183 1.39377 1.10346 
1.15183 1.42753 1.10346 
1.15183 1.3338 1.10346 
1.15183 1.3338 1.11252 
1.15183 1.31259 1.12481 
1.16566 1.31259 1.12481 
1.16566 1.29398 1.12849 
1.15427 1.35163 1.12849 
1.15427 1.35163 1.12614 
1.15427 1.35163 1.10533 
1.15124 1.35163 1.13362 
1.15852 1.35163 1.13362 
1.15852 1.35163 1.13362 
1.09257 1.35163 1.13362 
1.09257 1.41099 1.13362 
1.09257 1.37193 1.15874 
1.09257 1.37193 1.15874 
1.12624 1.39885 1.15874 
1.12624 1.39885 1.13515 
1.12624 1.39885 1.13515 
1.12624 1.39885 1.13515 
1.12624 1.39885 1.13515 
1.12624 1.39885 1.13515 
1.11279 1.39885 1.13515 
1.11279 1.39885 1.14033 
1.11279 1.35451 1.14033 
1.11279 1.35451 1.17272 
1.10578 1.37057 1.17272 
1.10578 1.37057 1.17272 
1.10578 1.37057 1.17272 
1.10578 1.37057 1.17272 
1.10578 1.37057 1.14327 
1.10578 1.40647 1.14327 
1.10578 1.4589 1.14327 
1.05814 1.36357 1.14327 
1.07446 1.36357 1.14327 
1.07446 1.36357 1.1073 
1.07446 1.37649 1.1073 
1.07446 1.37649 1.1073 
1.07446 1.42748 1.1073 
1.07446 1.40825 1.14865 
1.07446 1.40825 1.14865 
1.11052 1.40825 1.14865 
1.07905 1.44382 1.20015 
1.09546 1.45171 1.18112 
1.09546 1.45171 1.18112 
1.0599 1.45171 1.17744 
1.08533 1.45171 1.17744 
1.071 1.45171 1.17744 
1.0835 1.45171 1.18345 
1.05319 1.45171 1.18345 
1.05319 1.45171 1.18345 
1.07343 1.45171 1.18345 
1.0707 1.47874 1.18345 
1.0707 1.47874 1.18577 
1.0707 1.41723 1.18577 
1.0707 1.46824 1.18577 
1.0707 1.46824 1.18577 
1.0707 1.51955 1.18577 
1.0707 1.51955 1.18577 
1.0707 1.51955 1.18577 
1.05856 1.51955 1.1551 
1.05856 1.51955 1.1551 
1.05056 1.51218 1.15065 
1.05056 1.51218 1.1356 
1.05056 1.51218 1.1356 
1.07528 1.51218 1.1356 
1.0479 1.51218 1.15962 
1.0479 1.52366 1.15962 
1.0479 1.52366 1.15962 
1.0479 1.50439 1.16022 
1.04907 1.54078 1.15639 
1.04907 1.54078 1.18264 
1.04907 1.54078 1.18264 
1.04907 1.516 1.18264 
1.05241 1.49465 1.18264 
1.05241 1.49465 1.18264 
1.06015 1.49465 1.18264 
1.05735 1.49465 1.18264 
1.05735 1.49465 1.18562 
1.05735 1.49465 1.18562 
1.05735 1.49465 1.18562 
1.06403 1.49465 1.18562 
1.0649 1.52413 1.18562 
1.0649 1.52413 1.18562 
1.0649 1.52413 1.18562 
1.0649 1.47366 1.18562 
1.0649 1.48373 1.18562 
1.0649 1.48373 1.18562 
1.0649 1.48373 1.18562 
1.0649 1.50163 1.18436 
1.0649 1.50163 1.18436 
1.07732 1.50163 1.18436 
1.06336 1.45771 1.18436 
1.06336 1.43932 1.18436 
1.06352 1.43932 1.18436 
1.06352 1.43932 1.18436 
1.06352 1.43932 1.19512 
1.06352 1.4549 1.20805 
1.06352 1.4549 1.19527 
1.0736 1.4549 1.20277 
1.05591 1.44828 1.20277 
1.05591 1.44828 1.20277 
1.05591 1.44828 1.20942 
1.06417 1.44828 1.20942 
1.06417 1.43284 1.20942 
1.06417 1.40824 1.19358 
1.06417 1.43394 1.19358 
1.06417 1.4357 1.19358 
1.05931 1.4357 1.18877 
1.05931 1.41563 1.1786 
1.05931 1.41563 1.1786 
1.05931 1.41563 1.1786 
1.05931 1.41563 1.1786 
1.07049 1.41563 1.1786 
1.07049 1.41563 1.1786 
1.07049 1.43014 1.20419 
1.07049 1.43014 1.19307 
1.07049 1.43014 1.20923 
1.07049 1.43811 1.19344 
1.07049 1.41817 1.19344 
1.08206 1.41817 1.19344 
1.08206 1.41817 1.19344 
1.08206 1.41817 1.19344 
1.08206 1.41817 1.19344 
1.08206 1.41817 1.19344 
1.08206 1.41817 1.18217 
1.08206 1.41397 1.18217 
1.08206 1.41397 1.17777 
1.08206 1.41397 1.14852 
1.08206 1.41397 1.14852 
1.08206 1.41397 1.14852 
1.08206 1.40509 1.14852 
1.08206 1.40509 1.14852 
1.08206 1.41174 1.14293 
1.08206 1.44521 1.15185 
