0.29176 0.808861 0.214969 
0.28596 0.806056 0.210195 
0.285604 0.806056 0.206593 
0.289167 0.806071 0.206677 
0.293524 0.806959 0.206998 
0.291964 0.802256 0.205439 
0.295743 0.804649 0.205699 
0.298277 0.804516 0.205999 
0.297363 0.804659 0.207501 
0.293184 0.806481 0.207055 
0.289788 0.808765 0.206226 
0.289224 0.811842 0.203083 
0.283603 0.817073 0.203901 
0.284678 0.816322 0.211074 
0.284933 0.814453 0.20634 
0.282139 0.813571 0.206916 
0.283737 0.813827 0.205501 
0.282951 0.811526 0.20299 
0.287873 0.811895 0.206617 
0.286006 0.813943 0.203639 
0.28496 0.813993 0.203709 
0.28712 0.812534 0.204603 
0.292581 0.812534 0.199998 
0.293425 0.815259 0.201313 
0.294029 0.815422 0.202074 
0.297621 0.815422 0.201655 
0.299082 0.815422 0.199011 
0.300563 0.814055 0.196787 
0.300563 0.815326 0.198115 
0.306899 0.817352 0.195411 
0.306899 0.818547 0.197035 
0.295264 0.818547 0.198101 
0.303415 0.821852 0.198781 
0.302643 0.819723 0.204016 
0.305064 0.821234 0.201029 
0.305064 0.822153 0.204323 
0.301171 0.821722 0.204323 
0.301171 0.820111 0.203138 
0.295474 0.820625 0.20581 
0.294536 0.817639 0.204443 
0.294536 0.818464 0.203573 
0.295962 0.821143 0.208944 
0.296784 0.824197 0.211525 
0.298917 0.828912 0.210528 
0.294305 0.830015 0.208637 
0.294305 0.829178 0.213662 
0.295473 0.832239 0.215324 
0.299969 0.831204 0.205783 
0.300818 0.83009 0.2075 
0.300475 0.827474 0.204782 
0.301729 0.82615 0.20208 
0.303542 0.828159 0.20244 
0.300834 0.829081 0.200896 
0.301621 0.827384 0.204008 
0.301584 0.825343 0.204008 
0.309735 0.822827 0.205153 
0.315759 0.823931 0.20712 
0.316115 0.821713 0.207613 
0.318637 0.820198 0.205955 
0.318637 0.817776 0.200672 
0.320916 0.818207 0.200459 
0.319225 0.815327 0.201156 
0.317609 0.815681 0.200911 
0.317753 0.814062 0.204714 
0.312647 0.815794 0.204359 
0.315881 0.816874 0.202762 
0.318391 0.816552 0.204862 
0.315352 0.81614 0.203642 
0.314307 0.81958 0.206675 
0.314445 0.821721 0.207122 
0.315454 0.822452 0.201604 
0.314043 0.824275 0.198969 
0.312584 0.825824 0.200503 
0.311815 0.825824 0.201321 
0.313482 0.826669 0.200841 
0.314171 0.825949 0.195773 
0.314429 0.824568 0.197147 
0.31582 0.825959 0.195985 
0.314616 0.825959 0.198027 
0.313787 0.823665 0.198096 
0.313971 0.823115 0.197 
0.31221 0.826348 0.194557 
0.310588 0.826672 0.199823 
0.308502 0.826466 0.199296 
0.305896 0.828769 0.200785 
0.307086 0.828449 0.209087 
0.306011 0.829832 0.211385 
0.306197 0.827151 0.209293 
0.304994 0.825198 0.2084 
0.308191 0.825198 0.211966 
0.308935 0.825198 0.213477 
0.301744 0.825682 0.210567 
0.30015 0.821713 0.211514 
0.300271 0.820676 0.212845 
0.302525 0.819222 0.210727 
0.298757 0.819222 0.212437 
0.297427 0.819222 0.214318 
0.295829 0.820463 0.219951 
0.297298 0.820901 0.217446 
0.297298 0.821301 0.217446 
0.298913 0.821405 0.215139 
0.300783 0.820065 0.214268 
0.30465 0.821229 0.213814 
0.306265 0.821824 0.21421 
0.305585 0.821824 0.213836 
0.299874 0.818913 0.21123 
0.299874 0.818081 0.216524 
0.301658 0.818716 0.216524 
0.300966 0.819663 0.213771 
0.300249 0.819078 0.212321 
0.303043 0.818465 0.214594 
0.300993 0.816494 0.220581 
0.308267 0.815164 0.216898 
0.308991 0.816507 0.216663 
0.304157 0.821842 0.216663 
0.298417 0.822476 0.218167 
0.295688 0.822476 0.214955 
0.295688 0.820859 0.215215 
0.298689 0.820886 0.213978 
0.292037 0.820886 0.213978 
0.287088 0.818141 0.213978 
0.287666 0.818974 0.216772 
0.283809 0.820784 0.214223 
0.281865 0.82016 0.214553 
0.281865 0.819635 0.214553 
0.279875 0.821951 0.217466 
0.28039 0.823455 0.2162 
0.283917 0.823455 0.217779 
0.283917 0.822894 0.214029 
0.283917 0.822894 0.211381 
0.288375 0.822894 0.207747 
0.29164 0.822403 0.209539 
0.293204 0.820427 0.211126 
0.300631 0.821665 0.208072 
0.300631 0.816816 0.209352 
0.306835 0.816598 0.208157 
0.308196 0.815073 0.205786 
0.305751 0.8164 0.202598 
0.303915 0.819696 0.198711 
0.305117 0.819217 0.200418 
0.306008 0.816198 0.201751 
0.307403 0.814129 0.203648 
0.305045 0.814731 0.205386 
0.305749 0.812675 0.205017 
0.303915 0.811471 0.204366 
0.304403 0.809188 0.205293 
0.301096 0.805909 0.206194 
0.30075 0.802532 0.204409 
0.303161 0.805107 0.203368 
0.304184 0.803987 0.200779 
0.301046 0.804321 0.197488 
0.302984 0.80317 0.197428 
0.304342 0.80775 0.20113 
0.307374 0.808547 0.202591 
0.311559 0.811479 0.199892 
0.31511 0.813303 0.199451 
0.313965 0.817265 0.203145 
0.31694 0.821206 0.205218 
0.313265 0.819362 0.198996 
0.314218 0.820674 0.199598 
0.314218 0.820365 0.197151 
0.311516 0.81781 0.19969 
0.313066 0.81659 0.201661 
0.312353 0.819772 0.201661 
0.313408 0.817771 0.199931 
0.313862 0.819127 0.199931 
0.320497 0.818995 0.197451 
0.319039 0.820349 0.198485 
0.315021 0.818824 0.196308 
0.315951 0.818594 0.19344 
0.316486 0.816406 0.193342 
0.316486 0.810164 0.194547 
0.313394 0.813544 0.193638 
0.308354 0.816294 0.191744 
0.311702 0.815463 0.193669 
0.311702 0.817967 0.193757 
0.306859 0.817516 0.192595 
0.308557 0.821783 0.191812 
0.309274 0.820086 0.18757 
0.312688 0.819817 0.187446 
0.310419 0.81941 0.189461 
0.315137 0.816558 0.189292 
0.318739 0.816558 0.191623 
0.317805 0.817791 0.197742 
0.3198 0.816928 0.196193 
0.322243 0.816896 0.199719 
0.323604 0.81748 0.199361 
0.327077 0.818541 0.201176 
0.327405 0.818739 0.204544 
0.331129 0.817538 0.206713 
0.331529 0.817205 0.203211 
0.332125 0.817837 0.201944 
0.332152 0.81557 0.201104 
0.334327 0.818757 0.201103 
0.332018 0.814406 0.200001 
0.333281 0.817432 0.20722 
0.334862 0.817335 0.207844 
0.334693 0.818809 0.205729 
0.333379 0.820247 0.202056 
0.335126 0.819412 0.201229 
0.339339 0.819412 0.198652 
0.339339 0.822248 0.202178 
0.34022 0.822248 0.209801 
0.341693 0.823198 0.207337 
0.343424 0.823312 0.207412 
0.346232 0.825147 0.207556 
0.346025 0.826835 0.208038 
0.343046 0.825731 0.206894 
0.340403 0.826436 0.209656 
0.339685 0.826334 0.21078 
0.339685 0.825281 0.213044 
0.336553 0.825281 0.210068 
0.328679 0.820704 0.209227 
0.329699 0.812996 0.209227 
0.333767 0.814045 0.210353 
0.333717 0.813429 0.211176 
0.327084 0.814501 0.208284 
0.323594 0.812967 0.207451 
0.315684 0.810807 0.206361 
0.315684 0.812332 0.206889 
0.315987 0.814353 0.21181 
0.312498 0.811728 0.212729 
0.314398 0.811771 0.210966 
0.315273 0.812775 0.209054 
0.32087 0.813428 0.207303 
0.320752 0.812962 0.205463 
0.324516 0.809099 0.20711 
0.324516 0.811294 0.206288 
0.323249 0.810663 0.20634 
0.318115 0.811002 0.208273 
0.315374 0.816538 0.208231 
0.313797 0.819914 0.210576 
0.314755 0.817012 0.21686 
0.315044 0.818681 0.217199 
0.311807 0.82378 0.22508 
0.311792 0.824945 0.22471 
0.307871 0.824945 0.219754 
0.307871 0.82645 0.225205 
0.312246 0.824579 0.225436 
0.313267 0.827219 0.224803 
0.317114 0.82838 0.223237 
0.315917 0.828382 0.225073 
0.315102 0.829647 0.222572 
0.316786 0.8289 0.222572 
0.319179 0.830027 0.22431 
0.322327 0.830427 0.22431 
0.324715 0.827159 0.224766 
0.323896 0.828694 0.226664 
0.330415 0.828257 0.227812 
0.327284 0.826292 0.231057 
0.330198 0.824919 0.231071 
0.331464 0.82501 0.231058 
0.32614 0.825954 0.229035 
0.326211 0.82757 0.231688 
0.323802 0.828207 0.229587 
0.318395 0.828621 0.229294 
0.321138 0.828621 0.225878 
0.318819 0.826975 0.224163 
0.314982 0.826183 0.227451 
0.312491 0.823294 0.229438 
0.313005 0.822408 0.228314 
0.31502 0.822408 0.229857 
0.320338 0.819207 0.231454 
0.320338 0.826477 0.230922 
0.324312 0.823351 0.231389 
0.327056 0.82336 0.231671 
0.331093 0.82336 0.231906 
0.330204 0.824265 0.234857 
0.332879 0.824959 0.234445 
0.333201 0.825028 0.239279 
0.335551 0.829112 0.247606 
0.332937 0.828719 0.244253 
0.332937 0.828178 0.241142 
0.332937 0.82831 0.239515 
0.327662 0.829988 0.238296 
0.328906 0.829988 0.233766 
0.326533 0.826685 0.232068 
0.324263 0.824534 0.232068 
0.322262 0.825209 0.238034 
0.325235 0.831103 0.235205 
0.327832 0.831783 0.235387 
0.320163 0.82866 0.235387 
0.324409 0.82866 0.231124 
0.323109 0.82577 0.231295 
0.32038 0.824424 0.233064 
0.319978 0.825267 0.235122 
0.322094 0.822708 0.236702 
0.320646 0.822708 0.235681 
0.319413 0.823344 0.236884 
0.321609 0.823344 0.241399 
0.32556 0.824875 0.242369 
0.326325 0.823319 0.241097 
0.322829 0.826805 0.241782 
0.329571 0.825684 0.243745 
0.328871 0.827361 0.243812 
0.328721 0.826137 0.245077 
0.325226 0.822551 0.245077 
0.324891 0.81976 0.245932 
0.331865 0.81976 0.246561 
0.336951 0.820172 0.243999 
0.336962 0.820457 0.243999 
0.334805 0.818994 0.243819 
0.333635 0.822395 0.242826 
0.331691 0.822395 0.245115 
0.331372 0.826408 0.24559 
0.330434 0.825878 0.242649 
0.326086 0.82679 0.242649 
0.323668 0.825656 0.248209 
0.322893 0.828121 0.248561 
0.314161 0.828121 0.247164 
0.312014 0.826432 0.244579 
0.311698 0.828424 0.245266 
0.310913 0.829569 0.24795 
0.310501 0.828992 0.249668 
0.315161 0.8311 0.249265 
0.316889 0.836312 0.251122 
0.316889 0.836293 0.24806 
0.320346 0.837802 0.24806 
0.320769 0.836871 0.24806 
0.319181 0.836871 0.249223 
0.317795 0.835599 0.249223 
0.318266 0.836055 0.247677 
0.320139 0.840716 0.247677 
0.318579 0.839422 0.251781 
0.316818 0.839422 0.248473 
0.321994 0.83745 0.250237 
0.323066 0.836746 0.251058 
0.322184 0.836746 0.24944 
0.322302 0.836819 0.25215 
0.319229 0.837818 0.248684 
0.323738 0.834273 0.2492 
0.324817 0.83337 0.248827 
0.328454 0.832736 0.246634 
0.328454 0.831964 0.246174 
0.325428 0.833802 0.246174 
0.325631 0.833701 0.247152 
0.322554 0.833701 0.244952 
0.32022 0.833847 0.249044 
0.318555 0.834275 0.247301 
0.317943 0.834514 0.247301 
0.325323 0.835376 0.246713 
0.325945 0.834151 0.247067 
0.326253 0.835554 0.247336 
0.332014 0.835836 0.249801 
0.329184 0.836802 0.251169 
0.330565 0.835407 0.252211 
0.334599 0.835108 0.256405 
0.340138 0.836033 0.260888 
0.340138 0.83451 0.269722 
0.346706 0.832607 0.264316 
0.351544 0.832607 0.266144 
0.351143 0.831195 0.263897 
0.347506 0.833289 0.266715 
0.346624 0.833426 0.268855 
0.350081 0.830321 0.268855 
0.348473 0.829254 0.268855 
0.355468 0.828686 0.274163 
0.359038 0.826267 0.271942 
0.353259 0.826795 0.276309 
0.354977 0.82211 0.282792 
0.356159 0.81787 0.281591 
0.355602 0.815445 0.283951 
0.355602 0.818258 0.284087 
0.357852 0.818273 0.283376 
0.357852 0.817296 0.284311 
0.36012 0.817296 0.283455 
0.358299 0.817681 0.282913 
0.356994 0.818342 0.278987 
0.363137 0.819423 0.278659 
0.362603 0.82177 0.276176 
0.362858 0.822064 0.276176 
0.36701 0.826487 0.276661 
0.368293 0.828562 0.277977 
0.372144 0.827611 0.272248 
0.374627 0.826084 0.272106 
0.372541 0.823421 0.274426 
0.372499 0.826563 0.275848 
0.370545 0.824652 0.278128 
0.369822 0.827533 0.278128 
0.369285 0.827064 0.27476 
0.368169 0.827064 0.273709 
0.36525 0.827934 0.272765 
0.369421 0.825915 0.272366 
0.369421 0.826335 0.271799 
0.368982 0.825444 0.270464 
0.366823 0.826532 0.270464 
0.369154 0.826863 0.270464 
0.362439 0.828729 0.276457 
0.362439 0.828802 0.274009 
0.365407 0.828818 0.275147 
0.366548 0.830137 0.277634 
0.36208 0.830137 0.279557 
0.362259 0.831808 0.281047 
0.362586 0.829859 0.282122 
0.365368 0.828525 0.276719 
0.360274 0.828395 0.273532 
0.358303 0.825251 0.273532 
0.356965 0.825849 0.276008 
0.356392 0.825513 0.276008 
0.358938 0.824201 0.278105 
0.358938 0.822245 0.277523 
0.359637 0.823233 0.277926 
0.359247 0.824135 0.27476 
0.360178 0.825279 0.28011 
0.357443 0.825943 0.275297 
0.357443 0.824323 0.276233 
0.355417 0.825383 0.278195 
0.358302 0.825493 0.278737 
0.363745 0.828536 0.278737 
0.364279 0.827448 0.279899 
0.36305 0.829145 0.277734 
0.365193 0.828972 0.278541 
0.365625 0.825316 0.277156 
0.366391 0.823558 0.276816 
0.366195 0.822107 0.278814 
0.368412 0.82075 0.27842 
0.369381 0.822086 0.277646 
0.363794 0.82025 0.282812 
0.367616 0.821764 0.283908 
0.368345 0.821924 0.283848 
0.364856 0.824095 0.2838 
0.367376 0.823513 0.282981 
0.364963 0.824258 0.282935 
0.367901 0.825989 0.283415 
0.366418 0.827466 0.285483 
0.367766 0.826443 0.284016 
0.367766 0.82675 0.283076 
0.367777 0.82675 0.278701 
0.369461 0.82507 0.2798 
0.370397 0.826842 0.280978 
0.368416 0.83059 0.283074 
0.371678 0.83059 0.278295 
0.375595 0.831674 0.277471 
0.378809 0.830512 0.277471 
0.379422 0.830674 0.275134 
0.381673 0.826382 0.275871 
0.385694 0.826592 0.278872 
0.384045 0.826484 0.279938 
0.387603 0.826846 0.27927 
0.387603 0.824023 0.278183 
0.387203 0.824023 0.274764 
0.387203 0.820854 0.276398 
0.387203 0.821327 0.279605 
0.389198 0.824832 0.279605 
0.389198 0.822693 0.279225 
0.389728 0.820025 0.283729 
0.389193 0.816982 0.282683 
0.39333 0.819065 0.280661 
0.392571 0.818326 0.281174 
0.388738 0.818028 0.278598 
0.386584 0.817775 0.278598 
0.386195 0.818142 0.284094 
0.388082 0.816308 0.285135 
0.393597 0.817484 0.285256 
0.396944 0.819048 0.285097 
0.398304 0.817929 0.283796 
0.398304 0.817929 0.28421 
0.400049 0.817929 0.283217 
0.404537 0.818486 0.283657 
0.406288 0.819422 0.277735 
0.408466 0.819445 0.274592 
0.407312 0.823715 0.278046 
0.406009 0.820414 0.279535 
0.407179 0.81765 0.280695 
0.411272 0.817141 0.278256 
0.417127 0.816765 0.278256 
0.419178 0.819827 0.280171 
0.416979 0.819296 0.279046 
0.414297 0.818509 0.279046 
0.414509 0.814804 0.279046 
0.414509 0.814177 0.28192 
0.414509 0.819505 0.280325 
0.41491 0.821388 0.276624 
0.41491 0.824211 0.272565 
0.415845 0.822861 0.268576 
0.417817 0.822861 0.264955 
0.415679 0.823002 0.265558 
0.42184 0.823577 0.264841 
0.417101 0.824068 0.268895 
0.415384 0.821095 0.265315 
0.406856 0.819476 0.266117 
0.407839 0.820996 0.266569 
0.414334 0.821358 0.264365 
0.416642 0.820684 0.264607 
0.418769 0.818974 0.261517 
0.418472 0.822101 0.263452 
0.416149 0.822827 0.267041 
0.421771 0.822001 0.269319 
0.42174 0.823524 0.270594 
0.422006 0.824269 0.276635 
0.422006 0.824168 0.279422 
0.427135 0.824168 0.284737 
0.422111 0.824566 0.283629 
0.421454 0.824247 0.281583 
0.4228 0.826651 0.282072 
0.421954 0.828758 0.282094 
0.424285 0.824252 0.284238 
0.419967 0.823261 0.283423 
0.421642 0.819661 0.283423 
0.420858 0.820193 0.283684 
0.420858 0.819315 0.284536 
0.425165 0.815971 0.290314 
0.436294 0.815971 0.286246 
0.438132 0.815045 0.28614 
0.446515 0.815992 0.28614 
0.444325 0.815747 0.284824 
0.448405 0.813725 0.286673 
0.453355 0.814871 0.286979 
0.455185 0.81377 0.286986 
0.460683 0.813781 0.283138 
0.458718 0.813781 0.282619 
0.457418 0.814835 0.284468 
0.458208 0.823918 0.284468 
0.458208 0.822292 0.285953 
0.456912 0.822349 0.285953 
0.451015 0.820619 0.28839 
0.451015 0.820426 0.291183 
0.445699 0.820334 0.291183 
0.446564 0.82324 0.288341 
0.447039 0.822939 0.285797 
0.446002 0.821845 0.289056 
0.441528 0.821753 0.287518 
0.440717 0.821813 0.288691 
0.440717 0.822118 0.291855 
0.440717 0.824271 0.291855 
0.436156 0.82143 0.299054 
0.432215 0.821824 0.299242 
0.430464 0.823132 0.299442 
0.433255 0.820464 0.292775 
0.430281 0.819062 0.290829 
0.425768 0.818595 0.290829 
0.428427 0.820254 0.290829 
0.428874 0.817794 0.28574 
0.428874 0.815411 0.285017 
0.433524 0.812695 0.286028 
0.433597 0.810729 0.286892 
0.437597 0.810255 0.288644 
0.437597 0.811973 0.285638 
0.440626 0.811973 0.286117 
0.438088 0.812759 0.289823 
0.442023 0.810396 0.287594 
0.448592 0.807656 0.287594 
0.452591 0.805584 0.286058 
0.452591 0.801396 0.283467 
0.449599 0.802148 0.28195 
0.447791 0.802645 0.283842 
0.442429 0.803795 0.291492 
0.444098 0.802751 0.284334 
0.448965 0.800142 0.280971 
0.448965 0.803085 0.284028 
0.445459 0.801971 0.282309 
0.442808 0.79957 0.286092 
0.446962 0.801791 0.282587 
0.446903 0.800948 0.282626 
0.448672 0.802316 0.286451 
0.446097 0.80071 0.286932 
0.446097 0.803211 0.286932 
0.440466 0.802392 0.28484 
0.440051 0.806691 0.28484 
0.443185 0.806285 0.284623 
0.437377 0.805559 0.284392 
0.434066 0.807136 0.283732 
0.433549 0.803442 0.28335 
0.431701 0.806927 0.285867 
0.431487 0.805893 0.285867 
0.43143 0.807827 0.285952 
0.432662 0.808149 0.285952 
0.432143 0.806537 0.283575 
0.43008 0.807265 0.284832 
0.433845 0.8028 0.285784 
0.43544 0.800112 0.281093 
0.436105 0.800538 0.281651 
0.428471 0.800538 0.283777 
0.434991 0.801879 0.283471 
0.440001 0.796915 0.283757 
0.438948 0.804145 0.282972 
0.437244 0.80381 0.281753 
0.437297 0.80381 0.286947 
0.444228 0.801474 0.284802 
0.443025 0.801625 0.285399 
0.448189 0.801162 0.285399 
0.448189 0.795771 0.288117 
0.448077 0.795771 0.28246 
0.452721 0.795636 0.279811 
0.453668 0.795089 0.274989 
0.453103 0.791361 0.273947 
0.453658 0.792726 0.273763 
0.452748 0.792726 0.2757 
0.447378 0.790241 0.274793 
0.449989 0.788709 0.274029 
0.447051 0.791249 0.274048 
0.454113 0.788954 0.274641 
0.452807 0.79159 0.272676 
0.452807 0.789288 0.267967 
0.452066 0.792464 0.268416 
0.455446 0.793096 0.267852 
0.455446 0.791391 0.268516 
0.45856 0.790106 0.266448 
0.45856 0.789839 0.270654 
0.453401 0.790007 0.27029 
0.457801 0.79203 0.273247 
0.451554 0.791921 0.273247 
0.451554 0.789782 0.276193 
0.449902 0.789864 0.28133 
0.445478 0.791936 0.28133 
0.448715 0.789445 0.28133 
0.452847 0.787939 0.278647 
0.453047 0.787458 0.275711 
0.453047 0.79243 0.273181 
0.460646 0.794382 0.271872 
0.460202 0.79603 0.269619 
0.457947 0.793257 0.267235 
0.455618 0.796544 0.269945 
0.457826 0.799608 0.26875 
0.459813 0.800868 0.269705 
0.46091 0.801541 0.274023 
0.460844 0.801541 0.275758 
0.460844 0.800898 0.281474 
0.4569 0.801479 0.285237 
0.4569 0.805642 0.286587 
0.457987 0.803666 0.290235 
0.457923 0.804679 0.294414 
0.462439 0.801435 0.292581 
0.463643 0.80233 0.292581 
0.461316 0.80233 0.296153 
0.463416 0.801968 0.29361 
0.462269 0.802538 0.293787 
0.464282 0.804253 0.293787 
0.462436 0.804253 0.296796 
0.470016 0.802395 0.290118 
0.467626 0.802395 0.289037 
0.465313 0.800838 0.291842 
0.469555 0.802959 0.297887 
0.473253 0.800853 0.29823 
0.470329 0.79875 0.295256 
0.470329 0.800817 0.289172 
0.466428 0.80142 0.283239 
0.466428 0.802987 0.274939 
0.463749 0.801083 0.272576 
0.462825 0.800152 0.273414 
0.465017 0.800898 0.272438 
0.465017 0.801078 0.273317 
0.461833 0.801117 0.277835 
0.453545 0.802534 0.278699 
0.446029 0.801712 0.277624 
0.446029 0.799322 0.276663 
0.448033 0.798546 0.274934 
0.446406 0.801218 0.276655 
0.446406 0.79695 0.279114 
0.443037 0.794465 0.279114 
0.443037 0.791968 0.281779 
0.443135 0.792806 0.278993 
0.441238 0.793785 0.281267 
0.441907 0.794615 0.281267 
0.437232 0.796304 0.283888 
0.432754 0.796304 0.280023 
0.431136 0.795585 0.281043 
0.435299 0.796013 0.276125 
0.438681 0.794505 0.277616 
0.438681 0.797164 0.281096 
0.438681 0.799705 0.276713 
0.442207 0.798192 0.277185 
0.442207 0.79975 0.277668 
0.4428 0.79975 0.274318 
0.447649 0.802258 0.269053 
0.450724 0.802258 0.267504 
0.450724 0.80247 0.269846 
0.455085 0.804223 0.268468 
0.45826 0.805572 0.267588 
0.457893 0.805859 0.269503 
0.46237 0.806833 0.267933 
0.463128 0.809998 0.269272 
0.457352 0.806339 0.269397 
0.456347 0.807326 0.267086 
0.460196 0.807326 0.267944 
0.459153 0.805522 0.269196 
0.458199 0.801904 0.269439 
0.454879 0.799226 0.269439 
0.458161 0.799226 0.271362 
0.458161 0.800911 0.267422 
0.453871 0.800911 0.267915 
0.453381 0.802034 0.268683 
0.455428 0.798843 0.27081 
0.453903 0.799928 0.274734 
0.453931 0.797787 0.270275 
0.453658 0.79152 0.270507 
0.456426 0.795121 0.266835 
0.45825 0.793446 0.268586 
0.45825 0.795955 0.272856 
0.469416 0.79731 0.273018 
0.471448 0.79485 0.273748 
0.471448 0.792508 0.276496 
0.470229 0.797622 0.270562 
0.470229 0.797877 0.269601 
0.470229 0.798552 0.270712 
0.470229 0.798193 0.274623 
0.47079 0.801134 0.280215 
0.471703 0.800522 0.279055 
0.469337 0.800522 0.275712 
0.476407 0.801471 0.272139 
0.480099 0.803222 0.274512 
0.480888 0.803222 0.277702 
0.484178 0.803222 0.285053 
0.482814 0.800544 0.284132 
0.485883 0.8007 0.286732 
0.48894 0.797762 0.28681 
0.490145 0.79617 0.294287 
0.494123 0.792424 0.294287 
0.491816 0.793933 0.297284 
0.494256 0.797156 0.299788 
0.497352 0.793883 0.298502 
0.495239 0.797582 0.295198 
0.499721 0.796357 0.293527 
0.497608 0.796002 0.295337 
0.493554 0.794186 0.295206 
0.4935 0.795949 0.301359 
0.494053 0.79471 0.303412 
0.494053 0.795234 0.3046 
0.496961 0.796723 0.301164 
0.497228 0.797721 0.29914 
0.496647 0.798181 0.302953 
0.497249 0.802776 0.303117 
0.505198 0.805916 0.303117 
0.502718 0.80575 0.30484 
0.511523 0.802093 0.30484 
0.516476 0.802197 0.303521 
0.518185 0.80231 0.30593 
0.512213 0.800807 0.304469 
0.512213 0.802641 0.298308 
0.512101 0.802706 0.291223 
0.510793 0.800005 0.291223 
0.510771 0.799605 0.290558 
0.512771 0.802273 0.291147 
0.513474 0.79944 0.292804 
0.51653 0.796497 0.294375 
0.516746 0.799378 0.290718 
0.516302 0.798232 0.29133 
0.515122 0.800091 0.291923 
0.511957 0.799563 0.291805 
0.509815 0.80143 0.297638 
0.509815 0.800816 0.300632 
0.511831 0.803137 0.302012 
0.509605 0.804162 0.302012 
0.505216 0.804238 0.305111 
0.503305 0.802387 0.306033 
0.499028 0.800712 0.306033 
0.500677 0.800712 0.302278 
0.500073 0.803229 0.306525 
0.500463 0.802172 0.308037 
0.49841 0.802739 0.307046 
0.502713 0.799072 0.312276 
0.510048 0.799072 0.308876 
0.51537 0.80292 0.30989 
0.520014 0.804553 0.305239 
0.520346 0.806578 0.30753 
0.519052 0.808058 0.315272 
0.517778 0.808169 0.314116 
0.51663 0.803983 0.313804 
0.512064 0.803983 0.316025 
0.510202 0.803714 0.318284 
0.509961 0.803482 0.31855 
0.513003 0.803212 0.323921 
0.519274 0.797556 0.324261 
0.519274 0.796624 0.318172 
0.520455 0.796624 0.308254 
0.517971 0.800322 0.311842 
0.52012 0.797468 0.311842 
0.524807 0.798574 0.311009 
0.529897 0.799445 0.304829 
0.529897 0.803763 0.305821 
0.529095 0.802476 0.302228 
0.530582 0.802077 0.304031 
0.529915 0.802077 0.305704 
0.529915 0.794946 0.302877 
0.531273 0.797858 0.302734 
0.533787 0.796092 0.302734 
0.52776 0.798865 0.306337 
0.531232 0.796396 0.30643 
0.534345 0.796533 0.304945 
0.540378 0.796533 0.303203 
0.545481 0.796533 0.303239 
0.548832 0.793931 0.303403 
0.553416 0.794787 0.30604 
0.557645 0.796041 0.307085 
0.56157 0.796563 0.305845 
0.561778 0.796563 0.311262 
0.560602 0.796067 0.311262 
0.562193 0.798449 0.311365 
0.562193 0.79804 0.309436 
0.562743 0.79873 0.305233 
0.56284 0.797611 0.308338 
0.565432 0.797741 0.308338 
0.564069 0.79571 0.308338 
0.563325 0.79571 0.306536 
0.562505 0.795205 0.303679 
0.562698 0.791509 0.304056 
0.558704 0.791509 0.299923 
0.558883 0.793173 0.301734 
0.558883 0.792712 0.300858 
0.564699 0.786235 0.305727 
0.564454 0.785986 0.304784 
0.560745 0.784803 0.305429 
0.563575 0.784929 0.305423 
0.568059 0.788286 0.305461 
0.570461 0.785992 0.303404 
0.565305 0.784807 0.303528 
0.562415 0.787046 0.305979 
0.5666 0.785275 0.311646 
0.56941 0.784047 0.312133 
0.574261 0.782977 0.312133 
0.574484 0.778156 0.308675 
0.579494 0.778833 0.30628 
0.575514 0.780838 0.306463 
0.571613 0.781923 0.306526 
0.571613 0.778606 0.303052 
0.575003 0.775082 0.299214 
0.574099 0.774762 0.292965 
0.575172 0.775662 0.289826 
0.57885 0.770092 0.290066 
0.57885 0.769572 0.286226 
0.576294 0.767155 0.286226 
0.576712 0.767384 0.28916 
0.577073 0.76444 0.29058 
0.580769 0.763945 0.288853 
0.580647 0.762713 0.290725 
0.580284 0.76868 0.2912 
0.580284 0.768709 0.297489 
0.577389 0.773837 0.299168 
0.582589 0.773837 0.294404 
0.579335 0.774356 0.292542 
0.581949 0.778933 0.292627 
0.587142 0.781801 0.29379 
0.585277 0.785594 0.292256 
0.581704 0.785991 0.29628 
0.579055 0.791255 0.297817 
0.579055 0.791689 0.302783 
0.580653 0.791611 0.302783 
0.581533 0.792586 0.302868 
0.584887 0.787085 0.302054 
0.590601 0.787085 0.300943 
0.593068 0.790483 0.300943 
0.594037 0.790685 0.304744 
0.594775 0.791004 0.304744 
0.596802 0.789584 0.309328 
0.592848 0.788408 0.303565 
0.59454 0.789303 0.300855 
0.593591 0.789478 0.303954 
0.592952 0.787561 0.303954 
0.592657 0.786222 0.303103 
0.600847 0.790293 0.303103 
0.599609 0.789588 0.302105 
0.599609 0.789511 0.304683 
0.598927 0.790728 0.303959 
0.596276 0.790412 0.305452 
0.592014 0.792939 0.306748 
0.593901 0.789143 0.301521 
0.594748 0.785179 0.299218 
0.592319 0.785179 0.294786 
0.592615 0.784757 0.290105 
0.592615 0.780858 0.289291 
0.596574 0.77797 0.2925 
0.59804 0.776861 0.29041 
0.597212 0.777951 0.291086 
0.602868 0.777951 0.297502 
0.597362 0.777477 0.297502 
0.593338 0.776045 0.291858 
0.593352 0.778144 0.29122 
0.59214 0.77773 0.287024 
0.589567 0.776179 0.286165 
0.589446 0.777255 0.283382 
0.58864 0.774247 0.284113 
0.586789 0.774247 0.285572 
0.585036 0.773399 0.285817 
0.583351 0.773399 0.282761 
0.58018 0.7752 0.280815 
0.576839 0.773288 0.281285 
0.576609 0.775331 0.280484 
0.575515 0.775331 0.279031 
0.575458 0.776799 0.277155 
0.571742 0.777025 0.27696 
0.579636 0.778732 0.277375 
0.579636 0.778621 0.27746 
0.580227 0.778528 0.278096 
0.579379 0.778528 0.274143 
0.57756 0.776097 0.273274 
0.577758 0.776932 0.271762 
0.581073 0.776533 0.270759 
0.577889 0.778331 0.266684 
0.577978 0.775438 0.269172 
0.581215 0.77599 0.270838 
0.583927 0.776721 0.270838 
0.582371 0.776721 0.268369 
0.580357 0.77087 0.268369 
0.581181 0.770127 0.267387 
0.583274 0.767094 0.26513 
0.583274 0.76628 0.267561 
0.583274 0.766461 0.269383 
0.588998 0.766461 0.27295 
0.585401 0.765944 0.273841 
0.583158 0.765944 0.276851 
0.583158 0.767693 0.282875 
0.580385 0.766323 0.281924 
0.586225 0.765682 0.28058 
0.585573 0.766643 0.277649 
0.585902 0.7694 0.278889 
0.591751 0.7694 0.279281 
0.591751 0.770839 0.290542 
0.599379 0.772454 0.294577 
0.598977 0.771205 0.298875 
0.596698 0.768366 0.293824 
0.595209 0.769919 0.289931 
0.589711 0.769691 0.293087 
0.589711 0.764793 0.29013 
0.587655 0.765414 0.289688 
0.583642 0.768227 0.294249 
0.581532 0.766627 0.297189 
0.581312 0.766729 0.299027 
0.57783 0.764546 0.30007 
0.57783 0.765029 0.303696 
0.57783 0.762142 0.306575 
0.57783 0.75922 0.306349 
0.578196 0.762568 0.303525 
0.581455 0.76116 0.303525 
0.579629 0.757951 0.304337 
0.579287 0.757951 0.30555 
0.574556 0.75797 0.305457 
0.57272 0.75797 0.30153 
0.569392 0.754963 0.30438 
0.562225 0.754775 0.30931 
0.564811 0.752145 0.312417 
0.565406 0.754477 0.308459 
0.565406 0.759429 0.306143 
0.563612 0.759429 0.308755 
0.563612 0.760618 0.306168 
0.559925 0.759216 0.306168 
0.560124 0.759419 0.304302 
0.559917 0.756712 0.304863 
0.559567 0.758296 0.308508 
0.553277 0.752417 0.308508 
0.553458 0.756197 0.307187 
0.558429 0.756566 0.303087 
0.558429 0.75308 0.303057 
0.558779 0.757278 0.304372 
0.562243 0.756023 0.302767 
0.556764 0.75368 0.303571 
0.550529 0.754759 0.303637 
0.550529 0.754104 0.305194 
0.550529 0.752984 0.304095 
0.541562 0.75076 0.301799 
0.542178 0.749823 0.305615 
0.547659 0.751978 0.304737 
0.547655 0.749575 0.304903 
0.550503 0.746025 0.304285 
0.54908 0.748222 0.30484 
0.552024 0.750009 0.305323 
0.549786 0.745961 0.305204 
0.556833 0.745532 0.309724 
0.554623 0.747496 0.310743 
0.553427 0.748781 0.30924 
0.554077 0.747534 0.312396 
0.553553 0.748682 0.312396 
0.555801 0.74926 0.314408 
0.556635 0.74926 0.313318 
0.553017 0.749801 0.314701 
0.551027 0.749295 0.311567 
0.551616 0.75126 0.309212 
0.551211 0.754672 0.309467 
0.550387 0.754672 0.308531 
0.550387 0.753569 0.311024 
0.546672 0.758009 0.311058 
0.553365 0.758652 0.307198 
0.550783 0.763172 0.30919 
0.550783 0.761943 0.313882 
0.548524 0.760737 0.317294 
0.545851 0.766627 0.317803 
0.539705 0.766785 0.310936 
0.546876 0.763836 0.311285 
0.547726 0.765348 0.308914 
0.541999 0.768175 0.308914 
0.545386 0.763407 0.311158 
0.549531 0.763092 0.311524 
0.549773 0.763757 0.309161 
0.551641 0.763876 0.312105 
0.550257 0.765499 0.313806 
0.550675 0.765764 0.319072 
0.551554 0.764144 0.319072 
0.550984 0.76463 0.312081 
0.558665 0.760998 0.31256 
0.558665 0.767686 0.310744 
0.558665 0.766288 0.314996 
0.557795 0.766142 0.317408 
0.563361 0.767017 0.315852 
0.564732 0.767017 0.317968 
0.56606 0.766892 0.318992 
0.56237 0.767207 0.319937 
0.560272 0.766878 0.317938 
0.566795 0.767766 0.321214 
0.567759 0.763604 0.321649 
0.565522 0.767932 0.3274 
0.562786 0.763437 0.3274 
