0.0468179 0.281893 0.0145521 
0.0470272 0.284195 0.0146935 
0.047098 0.281886 0.0145961 
0.0471545 0.279963 0.0146338 
0.0472312 0.274438 0.0144031 
0.0475001 0.275227 0.0144622 
0.0475001 0.273717 0.0144135 
0.0464804 0.274528 0.0144315 
0.0447296 0.277461 0.0143883 
0.0446383 0.278108 0.0147228 
0.0440047 0.282357 0.0145748 
0.0440047 0.280378 0.0147212 
0.0440642 0.279149 0.0147212 
0.0443099 0.278738 0.0145442 
0.0436453 0.278738 0.0143717 
0.0426452 0.278738 0.0144778 
0.0431869 0.278738 0.014215 
0.0434187 0.27909 0.0140991 
0.0436107 0.278619 0.0142426 
0.0432753 0.277888 0.0141612 
0.0427817 0.279756 0.0138417 
0.0437196 0.281074 0.0137727 
0.0441101 0.281706 0.0140267 
0.043794 0.276019 0.0140267 
0.0444573 0.276037 0.0140944 
0.0444573 0.277566 0.013805 
0.0445701 0.281358 0.0140745 
0.0442037 0.284223 0.0140931 
0.0445114 0.284223 0.0139321 
0.0449531 0.283682 0.0137705 
0.0454857 0.277703 0.0137705 
0.0456116 0.277884 0.0137556 
0.0465311 0.277884 0.0137789 
0.0468652 0.278335 0.0135283 
0.0467742 0.278335 0.013334 
0.0471132 0.279284 0.0134809 
0.0480087 0.276522 0.0136999 
0.0479104 0.278726 0.0137889 
0.0486677 0.277975 0.0138987 
0.0484911 0.280403 0.0136716 
0.0485306 0.283616 0.0137802 
0.0485354 0.283504 0.0139924 
0.0480763 0.283504 0.0139924 
0.0475148 0.280348 0.0143455 
0.048068 0.283985 0.0141945 
0.048068 0.281038 0.0143342 
0.0485929 0.282026 0.0141307 
0.0492731 0.285788 0.013945 
0.0495355 0.287254 0.0138945 
0.048652 0.289834 0.0140259 
0.0488081 0.28769 0.0144909 
0.0480925 0.28769 0.0147882 
0.0468982 0.285104 0.0147871 
0.047212 0.291768 0.0147558 
0.0488229 0.291768 0.0147886 
0.0479265 0.293287 0.0148281 
0.0476878 0.29225 0.0148276 
0.0469786 0.290245 0.0148422 
0.048181 0.289777 0.0146488 
0.0489778 0.28973 0.014839 
0.0487361 0.289649 0.0146354 
0.0494871 0.291922 0.0146618 
0.0489701 0.293829 0.0147369 
0.0495325 0.293829 0.0147471 
0.049139 0.287815 0.0147471 
0.0499479 0.287239 0.0145798 
0.0510315 0.283231 0.0144491 
0.0511017 0.284907 0.0145612 
0.0515036 0.284907 0.0148185 
0.0522961 0.286007 0.0149176 
0.0523062 0.285731 0.0148613 
0.051799 0.290984 0.0147185 
0.0515988 0.294169 0.0140963 
0.0516748 0.293411 0.0140963 
0.0514714 0.293331 0.0140963 
0.0521064 0.2931 0.0144125 
0.0519212 0.296155 0.0144963 
0.0520478 0.297264 0.0146822 
0.0520478 0.291964 0.0150591 
0.0523893 0.291905 0.0149959 
0.0528497 0.294593 0.0150351 
0.0528782 0.291033 0.0150351 
0.0522765 0.293502 0.0152142 
0.0533942 0.294173 0.0153287 
0.0543561 0.300233 0.0150213 
0.0543496 0.30161 0.0151492 
0.0556565 0.300456 0.0151815 
0.0565822 0.300456 0.0149076 
0.0570101 0.298034 0.0150563 
0.0566722 0.295811 0.015422 
0.0566722 0.296747 0.0159678 
0.0583239 0.296261 0.0160209 
0.058878 0.296261 0.0161646 
0.0598277 0.29762 0.0161837 
0.0598191 0.299927 0.0161837 
0.0597266 0.299755 0.0163097 
0.0587351 0.297568 0.0167113 
0.0568213 0.294676 0.016643 
0.0567815 0.294676 0.0166405 
0.0561411 0.296266 0.0168682 
0.055962 0.297439 0.0169671 
0.0554157 0.298861 0.016992 
0.0526638 0.295205 0.016992 
0.0525811 0.296395 0.016992 
0.0516953 0.299477 0.0174138 
0.0517151 0.300455 0.0178833 
0.0517151 0.295248 0.0178073 
0.0506551 0.294202 0.0174499 
0.0487173 0.29524 0.0174613 
0.0483993 0.297268 0.017138 
0.0480301 0.294604 0.0170206 
0.048915 0.293202 0.0169702 
0.0501245 0.292508 0.0172572 
0.0501272 0.294399 0.0173429 
0.0502408 0.290945 0.0179446 
0.0502408 0.29642 0.0179984 
0.050716 0.297634 0.0180723 
0.050379 0.297908 0.018368 
0.0509295 0.300322 0.0183122 
0.050695 0.301599 0.0180846 
0.0502519 0.30136 0.0176431 
0.0497645 0.30136 0.0177967 
0.0497645 0.302621 0.0175191 
0.0499174 0.298942 0.0170519 
0.0494316 0.298715 0.0173344 
0.0499775 0.298715 0.0168445 
0.0503014 0.297453 0.0168445 
0.0503014 0.293062 0.0170638 
0.0498983 0.293062 0.0170838 
0.0507455 0.294656 0.0169978 
0.0511508 0.291067 0.0166895 
0.0513989 0.298669 0.0169066 
0.0513989 0.29632 0.0169653 
0.05158 0.296505 0.0172562 
0.0511404 0.295369 0.0168134 
0.0500186 0.292692 0.0169488 
0.0504644 0.295305 0.0175222 
0.0509662 0.29237 0.0175357 
0.0509948 0.288967 0.0175357 
0.051462 0.288967 0.0179349 
0.0513298 0.288489 0.0180225 
0.0516146 0.288182 0.0182035 
0.0526251 0.29001 0.0181842 
0.0519673 0.291611 0.0183766 
0.0515775 0.290486 0.0181359 
0.0516433 0.288629 0.0181359 
0.0523162 0.286627 0.0176916 
0.0526902 0.289993 0.0178942 
0.0531546 0.290311 0.0177187 
0.0531363 0.29123 0.0179183 
0.052049 0.293549 0.0181766 
0.0514804 0.286854 0.0182497 
0.0517471 0.284862 0.018717 
0.0517471 0.290654 0.0184286 
0.0512348 0.290654 0.0190005 
0.051942 0.287802 0.0194361 
0.0517765 0.287802 0.0194889 
0.0511894 0.287802 0.0196735 
0.0517224 0.284457 0.0196204 
0.0508088 0.282037 0.0198126 
0.0510551 0.283508 0.020173 
0.0513128 0.284061 0.020279 
0.0525251 0.283145 0.0202235 
0.0525251 0.281954 0.0202334 
0.0533668 0.277676 0.0199712 
0.0536372 0.271596 0.0200438 
0.052816 0.269303 0.0201327 
0.0525108 0.270249 0.0201399 
0.0525108 0.270318 0.0204901 
0.0523572 0.268955 0.0202017 
0.0527664 0.268763 0.0198347 
0.0526079 0.265559 0.0199929 
0.0518114 0.263388 0.0199902 
0.0500065 0.262341 0.0203409 
0.0506591 0.263986 0.0205143 
0.0495758 0.263986 0.0204428 
0.0499262 0.258774 0.0204428 
0.0507712 0.258303 0.0204028 
0.0500884 0.259978 0.0199002 
0.0496168 0.257438 0.0203141 
0.0496902 0.257828 0.020592 
0.0497132 0.252752 0.0206564 
0.0508252 0.253195 0.0206187 
0.0517456 0.256923 0.0210422 
0.0512501 0.256923 0.0206557 
0.0517692 0.256669 0.0210496 
0.0527332 0.255585 0.0212897 
0.0543408 0.255585 0.0210569 
0.05436 0.251962 0.0218924 
0.0547148 0.251467 0.0213911 
0.0556298 0.254035 0.0218153 
0.0556983 0.253369 0.0222965 
0.056298 0.252249 0.022415 
0.0559019 0.256763 0.022415 
0.056902 0.255293 0.0223569 
0.057527 0.255293 0.0218199 
0.0573378 0.249019 0.0217288 
0.0578184 0.24819 0.0220846 
0.0585015 0.24819 0.0223751 
0.0594907 0.253277 0.0223751 
0.0594907 0.252606 0.0222229 
0.0591455 0.252638 0.0221681 
0.0599246 0.252533 0.0218036 
0.0594311 0.253902 0.0216576 
0.0594311 0.252166 0.0216675 
0.0601858 0.250144 0.0227165 
0.0591118 0.250655 0.0228606 
0.0587813 0.251721 0.0227532 
0.0590277 0.255542 0.0226522 
0.058454 0.253708 0.0220901 
0.0596263 0.253708 0.0219178 
0.0604414 0.249993 0.0218371 
0.0600656 0.249804 0.0217493 
0.0600656 0.254774 0.0218546 
0.0610276 0.255122 0.0221648 
0.0610276 0.256237 0.0219909 
0.0617469 0.257703 0.0216797 
0.0628039 0.259515 0.0215067 
0.0629912 0.251949 0.0214986 
0.0653292 0.253994 0.0214005 
0.0656222 0.251256 0.0215901 
0.0652832 0.254077 0.0215901 
0.0637646 0.255126 0.0214292 
0.0648161 0.255126 0.0213766 
0.0648791 0.256821 0.0214621 
0.0645681 0.263062 0.0217416 
0.0640947 0.266027 0.0217252 
0.0642293 0.266315 0.0217199 
0.0670248 0.266315 0.0218441 
0.0684063 0.266315 0.021509 
0.0696743 0.268349 0.0214452 
0.0696743 0.268349 0.0220216 
0.0679431 0.268349 0.0218464 
0.068002 0.269372 0.0218027 
0.0688705 0.263499 0.0223881 
0.0684431 0.26674 0.0223881 
0.0704383 0.264263 0.0223881 
0.0703269 0.262606 0.0222658 
0.0700899 0.262606 0.022804 
0.0708944 0.262327 0.0227366 
0.0718465 0.263567 0.0225374 
0.0719185 0.266747 0.0226506 
0.0712958 0.272711 0.0226026 
0.070072 0.272711 0.0223796 
0.0704072 0.273909 0.0221796 
0.0701862 0.27112 0.0224915 
0.0701862 0.271632 0.022109 
0.0680206 0.275323 0.022109 
0.0668497 0.275323 0.022109 
0.0673625 0.272604 0.0218756 
0.0678562 0.267313 0.0222787 
0.0668569 0.267313 0.0219231 
0.0668569 0.264008 0.0217426 
0.0660037 0.265573 0.0215348 
0.0657815 0.264396 0.021129 
0.0652786 0.261907 0.021129 
0.065382 0.263932 0.020822 
0.0657642 0.263442 0.0208991 
0.0673348 0.260175 0.0210057 
0.0675186 0.255518 0.0210057 
0.0667036 0.256025 0.0206835 
0.0691215 0.259072 0.020807 
0.0706824 0.257841 0.0209273 
0.0710715 0.257841 0.0209708 
0.0701282 0.253763 0.021118 
0.0703802 0.255789 0.0213619 
0.0706767 0.260041 0.0210943 
0.0703419 0.256394 0.0208579 
0.0694472 0.251128 0.0211256 
0.0704311 0.252553 0.0206664 
0.0698029 0.249111 0.0206664 
0.0702957 0.251386 0.0208976 
0.0702957 0.249109 0.0210797 
0.0702957 0.24196 0.0212428 
0.0715663 0.242485 0.0211975 
0.0715663 0.244078 0.0218289 
0.0715391 0.24635 0.0213905 
0.0719475 0.244517 0.0217334 
0.0725947 0.242379 0.0213326 
0.0713774 0.239928 0.0214763 
0.0713774 0.236769 0.021301 
0.0711022 0.238033 0.021626 
0.0711022 0.238583 0.0220079 
0.0708881 0.236223 0.0216314 
0.0708881 0.240424 0.0215284 
0.0716421 0.239617 0.0213907 
0.0721781 0.239174 0.0213907 
0.0713013 0.240995 0.0212934 
0.0713013 0.239748 0.0213638 
0.0715603 0.238448 0.0208847 
0.0683519 0.237579 0.0210656 
0.069233 0.236921 0.0208757 
0.0685607 0.234428 0.0208006 
0.0696092 0.240221 0.0206163 
0.0684511 0.240221 0.0209399 
0.0675181 0.242414 0.0209235 
0.0662698 0.24306 0.020674 
0.0660945 0.244787 0.0207381 
0.0663454 0.246276 0.0209007 
0.0661444 0.247433 0.0212101 
0.0666158 0.24764 0.0206624 
0.0657296 0.24764 0.0208164 
0.064961 0.249385 0.0207824 
0.0660142 0.252618 0.0207824 
0.0664269 0.254246 0.0207824 
0.0673409 0.255142 0.0200786 
0.0673409 0.253516 0.0203305 
0.0676207 0.25473 0.0203932 
0.0671508 0.2541 0.0206136 
0.0673973 0.256754 0.0203934 
0.0695655 0.255512 0.0203215 
0.0695845 0.257974 0.0204848 
0.0695845 0.256075 0.0205741 
0.0689414 0.257479 0.0212076 
0.0698231 0.256957 0.0211864 
0.0693576 0.256524 0.0212195 
0.0741351 0.256524 0.0212913 
0.0716494 0.252011 0.0214377 
0.0697191 0.252195 0.0214375 
0.0706674 0.252541 0.0209191 
0.0688683 0.252373 0.0209191 
0.0692062 0.252373 0.0213232 
0.0700202 0.254616 0.0211852 
0.0691087 0.253386 0.0211852 
0.0690824 0.250294 0.0216175 
0.0691719 0.252641 0.0221275 
0.0686155 0.251579 0.0223501 
0.0680944 0.25361 0.0223501 
0.0681868 0.25361 0.0220742 
0.0649861 0.255817 0.0223065 
0.06466 0.253193 0.0223065 
0.0657503 0.250697 0.0221525 
0.066635 0.253855 0.0223171 
0.066635 0.253855 0.0219282 
0.0675994 0.252312 0.0221388 
0.0675994 0.256787 0.0225663 
0.0668088 0.256104 0.0227925 
0.0664251 0.254509 0.0231937 
0.0661451 0.253447 0.022875 
0.0655946 0.253447 0.0229612 
0.0649102 0.254355 0.0230058 
0.0648343 0.253481 0.0228481 
0.0647291 0.251099 0.0230645 
0.065869 0.250404 0.0234473 
0.0658673 0.250486 0.0238565 
0.066288 0.250486 0.0237234 
0.0669031 0.250108 0.0239098 
0.0666762 0.250108 0.0236317 
0.0662257 0.250109 0.0234547 
0.0669562 0.250108 0.0232198 
0.0669562 0.256539 0.0239328 
0.0670772 0.253141 0.0242399 
0.0681099 0.252682 0.0240673 
0.0681099 0.253355 0.0240483 
0.070029 0.257098 0.0242575 
0.0707747 0.25739 0.0236032 
0.0719228 0.256745 0.023661 
0.071852 0.25934 0.0240133 
0.0714877 0.260182 0.024716 
0.0718475 0.263596 0.024716 
0.0730773 0.262028 0.0245965 
0.0731872 0.258985 0.0245965 
0.0749185 0.258843 0.0243036 
0.0737068 0.259779 0.0244523 
0.0717761 0.256434 0.0235189 
0.071091 0.252311 0.0234975 
0.0694637 0.257733 0.0235106 
0.0694637 0.260748 0.0236829 
0.0694637 0.26486 0.0237427 
0.0684239 0.263599 0.0237057 
0.0688181 0.265439 0.0234207 
0.0688181 0.258085 0.0240033 
0.0688811 0.258525 0.0235468 
0.0695224 0.256709 0.0232386 
0.0707865 0.260815 0.0232386 
0.0712979 0.258083 0.0232996 
0.0703906 0.25845 0.0233446 
0.0703906 0.260628 0.0235222 
0.0698075 0.257838 0.0238436 
0.0704536 0.253879 0.0235996 
0.0698021 0.254658 0.0236313 
0.0691371 0.250583 0.0239342 
0.0691371 0.250265 0.023159 
0.0698054 0.249911 0.0232857 
0.0710486 0.250842 0.0234682 
0.0705563 0.252097 0.0234682 
0.0687318 0.254347 0.0234938 
0.0700613 0.252922 0.0234009 
0.0696536 0.254411 0.02358 
0.0696619 0.252722 0.0232349 
0.0698 0.252722 0.0233026 
0.0678952 0.254015 0.0231618 
0.068435 0.257122 0.0233084 
0.0686164 0.254359 0.0231552 
0.0680599 0.252456 0.0235207 
0.0665867 0.252456 0.023253 
0.0676063 0.252158 0.0229807 
0.068532 0.252206 0.0229259 
0.0670706 0.255647 0.0223625 
0.0689712 0.254048 0.0217166 
0.0685237 0.255138 0.0216445 
0.0691723 0.249232 0.0217329 
0.0682596 0.247057 0.0219596 
0.0687811 0.251614 0.021259 
0.0691431 0.253385 0.0209125 
0.0696562 0.254557 0.0208563 
0.0711105 0.257037 0.0210114 
0.0711904 0.261839 0.021116 
0.0722319 0.264664 0.020692 
0.071522 0.261036 0.020692 
0.0716951 0.262365 0.020275 
0.0713295 0.263429 0.0205104 
0.0713527 0.259478 0.0206394 
0.0715615 0.258342 0.0206905 
0.0714664 0.258342 0.0204428 
0.0716406 0.259722 0.0202719 
0.0709699 0.262247 0.0204412 
0.0712769 0.263861 0.0200381 
0.0713663 0.270585 0.0200381 
0.0702749 0.270835 0.0207803 
0.0695287 0.274147 0.0207349 
0.069185 0.270325 0.0210702 
0.0690543 0.270006 0.0210261 
0.0691084 0.266736 0.0210928 
0.0705735 0.271729 0.0208769 
0.0711094 0.271025 0.0210065 
0.0711094 0.272485 0.0215854 
0.0692957 0.273007 0.0218077 
0.0684605 0.273007 0.0222915 
0.0683236 0.273364 0.0222915 
0.068176 0.273364 0.0227698 
0.0684637 0.279676 0.0226073 
0.0676211 0.275131 0.0225935 
0.0672916 0.277207 0.0231406 
0.0665821 0.277879 0.0232633 
0.0676432 0.277921 0.0231218 
0.0678784 0.278655 0.0230725 
0.0676607 0.280495 0.0237051 
0.0689827 0.280495 0.0236215 
0.0695235 0.280615 0.0233148 
0.0697663 0.282942 0.0234315 
0.0690274 0.28299 0.0234054 
0.0680931 0.281359 0.0230508 
0.0676973 0.276784 0.0235178 
0.0663577 0.274153 0.0235299 
0.0656802 0.27449 0.0230927 
0.0659 0.277994 0.0229311 
0.0652484 0.282922 0.0230861 
0.0668838 0.281487 0.0234078 
0.0674852 0.280918 0.0232439 
0.0674852 0.283826 0.0230987 
0.0666445 0.289438 0.023189 
0.0680542 0.289416 0.0232985 
0.0682773 0.291214 0.023585 
0.0677222 0.291214 0.0235099 
0.0677667 0.290401 0.0235337 
0.0677398 0.29109 0.0235233 
0.0664623 0.293056 0.0235652 
0.0662493 0.29531 0.0231863 
0.0656621 0.292118 0.0233521 
0.0660266 0.29141 0.0235111 
0.0651861 0.293522 0.0235111 
0.0648187 0.287855 0.023227 
0.0638299 0.287855 0.0231483 
0.0639762 0.289362 0.022995 
0.0647574 0.294304 0.022995 
0.0635447 0.292779 0.0230226 
0.0620931 0.29255 0.0227905 
0.0620931 0.2926 0.0229329 
0.0623585 0.295918 0.0229693 
0.0614853 0.293884 0.0230484 
0.0620972 0.292737 0.0231655 
0.0618445 0.292395 0.0227458 
0.0611338 0.293679 0.0227458 
0.0618032 0.293002 0.0223282 
0.0607824 0.298314 0.0221545 
0.0611655 0.300697 0.022599 
0.0610392 0.298277 0.0222065 
0.0622576 0.297525 0.0221134 
0.0615992 0.30188 0.0221105 
0.0615162 0.302525 0.0219906 
0.0611739 0.303047 0.0218419 
0.0602203 0.303047 0.0221582 
0.0599985 0.30432 0.0220513 
0.0609164 0.309291 0.0223879 
0.0605961 0.308378 0.0223579 
0.0603474 0.316332 0.022398 
0.0598767 0.311378 0.0221182 
0.0617719 0.315559 0.0216131 
0.0615406 0.311488 0.021617 
0.0615406 0.311951 0.0212844 
0.0635161 0.313876 0.0212385 
0.0648277 0.314975 0.0211171 
0.0650202 0.315437 0.0211171 
0.0660887 0.316036 0.0211171 
0.0649251 0.316101 0.0213196 
0.0647282 0.319934 0.0219545 
0.0637893 0.319057 0.0222535 
0.0639204 0.319263 0.0223552 
0.0637685 0.320954 0.0231047 
0.064016 0.32044 0.0232893 
0.0644419 0.320166 0.0233196 
0.0643602 0.321977 0.0233196 
0.0635245 0.322072 0.0233196 
0.0630402 0.320818 0.0237817 
0.0633613 0.319197 0.0241867 
0.0608797 0.31731 0.0241529 
0.0606709 0.314067 0.0244022 
0.0614855 0.314067 0.0242742 
0.0610367 0.318079 0.023673 
0.0606132 0.315707 0.0239281 
0.0607168 0.317002 0.0237992 
0.0587779 0.316709 0.0234448 
0.0587779 0.317798 0.0239622 
0.0582002 0.314585 0.0237093 
0.0585421 0.313859 0.0236446 
0.0580027 0.313859 0.0236366 
0.0577663 0.309846 0.0240169 
0.0566926 0.31924 0.0240169 
0.0561715 0.321857 0.0245058 
0.0555834 0.317499 0.0246674 
0.0562002 0.317499 0.0248003 
0.056663 0.318302 0.0250222 
0.0571585 0.320937 0.0250222 
0.0564426 0.322194 0.0258137 
0.0564426 0.329399 0.0263166 
0.0563469 0.334289 0.0263166 
0.0583155 0.334415 0.0254442 
0.0596705 0.336061 0.0252045 
0.060137 0.344595 0.0253217 
0.0585922 0.341782 0.0258043 
0.0590325 0.345006 0.0259787 
0.0590325 0.344564 0.0262553 
0.0590917 0.345027 0.0260826 
0.0584828 0.346613 0.0262348 
0.0567681 0.345959 0.0260815 
0.0567681 0.346598 0.0259982 
0.0570499 0.346136 0.0262691 
0.0569305 0.34604 0.0259264 
0.05704 0.341926 0.0264327 
0.0580588 0.341926 0.0260371 
0.0586233 0.342184 0.0259562 
0.0585085 0.338906 0.0254508 
0.0583151 0.338328 0.0257929 
0.0585267 0.32958 0.0257929 
0.0596036 0.330875 0.0254555 
0.0592481 0.332937 0.0254555 
0.0594349 0.327529 0.0255253 
0.0599136 0.324391 0.0257206 
0.058085 0.32665 0.0256615 
0.0575543 0.329709 0.0255658 
0.058491 0.32959 0.0266679 
0.058491 0.328632 0.0266381 
0.057182 0.332206 0.0266833 
0.057119 0.334577 0.0269967 
0.0573512 0.336296 0.0266668 
0.0570451 0.335558 0.0270642 
0.0572607 0.329856 0.02735 
0.0575485 0.329737 0.0269194 
0.0583988 0.329554 0.0271361 
0.058713 0.325929 0.0271361 
0.058836 0.325376 0.0269192 
0.058836 0.325224 0.0267136 
0.0579353 0.333411 0.0271726 
0.057934 0.333793 0.0274358 
0.0582032 0.334575 0.0276848 
0.0596785 0.33529 0.0273866 
0.0606404 0.33529 0.0272672 
0.0610083 0.333222 0.0272672 
0.0600454 0.336176 0.0274201 
0.0599606 0.334318 0.0271187 
0.0590557 0.334318 0.0270837 
0.0590557 0.334437 0.0265982 
0.0589853 0.340475 0.0260203 
0.0580543 0.33687 0.0261647 
0.0586002 0.333572 0.0260318 
0.0580489 0.32972 0.0260318 
0.0569541 0.32972 0.0259143 
0.0561223 0.328532 0.0262537 
0.0568553 0.326749 0.0260126 
0.05658 0.330436 0.0258883 
0.0581045 0.330436 0.0250795 
0.0596927 0.330436 0.0251178 
0.0598812 0.331103 0.0247345 
0.0597396 0.332214 0.0249296 
0.0593271 0.331539 0.0257948 
0.0595433 0.332048 0.0256557 
0.0599308 0.328444 0.025666 
0.0598704 0.319528 0.0258 
0.057799 0.319562 0.0259144 
0.0583854 0.321875 0.0252907 
0.0581788 0.321945 0.0251033 
0.057631 0.318724 0.0251383 
0.0567951 0.315943 0.0247202 
0.0570472 0.313414 0.0242296 
0.0570139 0.311482 0.0237475 
0.0570139 0.313727 0.0234226 
0.0557039 0.306362 0.0234226 
0.0559617 0.30563 0.0236851 
0.0552821 0.308011 0.0232883 
0.0546418 0.309776 0.0221949 
0.0542624 0.306305 0.0223321 
0.0534604 0.303673 0.0223321 
0.0534604 0.301165 0.0215919 
0.0523677 0.3048 0.0215919 
0.0514974 0.308409 0.0217587 
0.051629 0.301721 0.0217587 
0.0520124 0.301721 0.0215172 
0.0520124 0.304666 0.0214291 
0.0526931 0.303165 0.0214291 
0.0523385 0.305821 0.0219045 
0.0544015 0.303326 0.0215895 
0.0541212 0.297635 0.0215792 
0.0537434 0.297866 0.0215001 
0.054444 0.292599 0.0215001 
0.0541679 0.290972 0.0214031 
0.0540306 0.289153 0.0214131 
0.0535639 0.292651 0.020327 
0.0524833 0.30182 0.0202249 
0.0528127 0.300882 0.0202249 
0.0532289 0.299445 0.0202249 
0.0532463 0.307358 0.0198111 
0.0532861 0.302715 0.0198673 
0.0532861 0.300759 0.0203324 
0.0533013 0.300349 0.0207194 
0.0540511 0.300837 0.0208667 
0.0541509 0.300925 0.0204473 
0.0552893 0.300446 0.0199613 
0.0542555 0.297985 0.0197071 
0.052401 0.297163 0.0197071 
0.0535151 0.298784 0.0197603 
0.0533325 0.29107 0.0197603 
0.0518382 0.285604 0.0195157 
0.0514069 0.285604 0.0197375 
0.0508601 0.284696 0.0194628 
0.0501223 0.284696 0.0192205 
0.0501223 0.289626 0.0193006 
0.049576 0.289626 0.0196687 
0.0495811 0.288287 0.019275 
0.0501983 0.28825 0.0191666 
0.0508899 0.290815 0.0192759 
0.0508951 0.290815 0.0196656 
0.0497921 0.290815 0.0197493 
0.0508208 0.286146 0.0197542 
0.050809 0.286146 0.0194659 
0.0518635 0.289354 0.0193643 
0.0520581 0.288238 0.0194231 
0.052383 0.285672 0.0193405 
0.0524481 0.286609 0.0194719 
0.0524481 0.286645 0.0196472 
0.0525677 0.285391 0.0192312 
0.0527945 0.283356 0.0187459 
0.0533791 0.283072 0.0186695 
0.0535565 0.283663 0.0188727 
0.0542545 0.28139 0.0186051 
0.0540964 0.2795 0.0186051 
0.0543208 0.272963 0.0185653 
0.0543208 0.267461 0.0183062 
0.0537323 0.264404 0.0183062 
0.054099 0.265949 0.0183911 
0.0538436 0.265949 0.0188302 
0.0532433 0.265391 0.0185622 
0.0536117 0.260475 0.0184924 
0.0538628 0.263948 0.018255 
0.0547107 0.26334 0.0182011 
0.0546107 0.26334 0.0183816 
0.0544781 0.263355 0.0182724 
0.0544781 0.259179 0.0181118 
0.054518 0.259312 0.0180816 
0.0551778 0.258545 0.0181441 
0.0546655 0.254786 0.0180263 
0.0551837 0.25483 0.0180263 
0.055156 0.256612 0.0174221 
0.0558936 0.256203 0.0177728 
0.0555188 0.25486 0.0177728 
0.0552974 0.253215 0.0179574 
0.0551069 0.253215 0.0176911 
0.0561352 0.250822 0.0178125 
0.0567048 0.251986 0.0180695 
0.056911 0.252976 0.0180582 
0.0568077 0.251064 0.0182219 
0.055639 0.251064 0.0184346 
0.0569558 0.255209 0.0189471 
0.0579089 0.256319 0.0189841 
0.0571254 0.256319 0.0191378 
0.0574133 0.256865 0.0196634 
0.0568923 0.257639 0.019876 
0.0565555 0.259664 0.0201477 
0.0555492 0.258527 0.0200687 
0.0565248 0.257459 0.0201098 
0.0559605 0.257896 0.0203317 
0.0556246 0.257896 0.0209082 
0.0556246 0.262892 0.0211412 
0.0563617 0.260617 0.0208963 
0.0560473 0.258873 0.021287 
0.0559413 0.260379 0.0211933 
0.057358 0.260709 0.0211433 
0.0565074 0.257702 0.0212571 
0.0565074 0.258272 0.020521 
0.058333 0.260454 0.0205541 
0.0576417 0.260805 0.0206321 
0.0564141 0.259764 0.0206321 
0.0574896 0.259908 0.020774 
0.0570374 0.253375 0.0215604 
0.0570374 0.25 0.0217873 
0.0576676 0.245757 0.0218115 
0.0576676 0.245 0.0214403 
0.0579638 0.244965 0.0213443 
0.0579638 0.243256 0.0215976 
0.0606104 0.24183 0.0215627 
0.0606104 0.239016 0.0218923 
0.0601206 0.238786 0.0218923 
0.0604165 0.241269 0.0219228 
0.060215 0.242183 0.0220832 
0.0607293 0.245054 0.0220832 
0.0606965 0.246904 0.0216684 
0.0606965 0.244113 0.021987 
0.0609759 0.239571 0.0221235 
0.0603061 0.239571 0.0222633 
0.0606146 0.238947 0.0223309 
0.0604396 0.24134 0.0220719 
0.0593011 0.24134 0.0221276 
0.0611149 0.23926 0.0227238 
0.061277 0.241263 0.0225523 
0.0603078 0.240955 0.0222884 
0.0602476 0.242526 0.0227784 
0.0600201 0.241284 0.0227784 
0.0600201 0.243046 0.0229666 
0.0604373 0.24538 0.0231075 
0.0614224 0.243394 0.0230998 
0.0618164 0.240197 0.0231845 
0.0629235 0.241997 0.0237083 
0.0611975 0.239862 0.0237083 
0.0595935 0.237121 0.0236142 
0.0601563 0.238501 0.0239242 
0.0601474 0.238034 0.0241216 
0.0606303 0.242455 0.0246844 
0.0623371 0.239885 0.0246246 
0.062572 0.2461 0.0250594 
0.063024 0.242204 0.0251222 
0.063024 0.244012 0.0253695 
0.0626854 0.243855 0.0252006 
0.0617822 0.250161 0.025312 
0.0596971 0.248431 0.0252095 
0.0595318 0.248431 0.0255751 
0.0593287 0.250087 0.0254775 
0.0599349 0.246682 0.0265759 
0.0612101 0.248548 0.0268516 
0.060904 0.246935 0.0268516 
0.0609632 0.24709 0.0265021 
0.0616031 0.248857 0.0265468 
0.0616031 0.247091 0.0265666 
0.0634762 0.246839 0.0265666 
0.061704 0.245769 0.0265666 
0.0614264 0.24687 0.0267686 
0.0616078 0.243462 0.0266999 
0.0615334 0.240242 0.0262152 
0.0612381 0.240611 0.0257185 
0.0614083 0.240611 0.0248641 
0.0635381 0.245624 0.024789 
0.0636068 0.2471 0.0244009 
0.061833 0.2471 0.0246132 
0.061833 0.248468 0.0244875 
0.0627691 0.246502 0.0242172 
0.0627535 0.249732 0.0237994 
0.0625962 0.250987 0.0233814 
0.060928 0.247045 0.0233814 
0.0603088 0.244324 0.0232555 
0.0605763 0.243937 0.0228358 
0.061022 0.244848 0.0228432 
0.061022 0.244848 0.0217194 
0.061022 0.244775 0.021367 
0.0623609 0.248692 0.0215869 
0.0604906 0.247007 0.0218303 
0.061173 0.245721 0.0218703 
0.0602597 0.24824 0.0220006 
0.0621323 0.251164 0.0219365 
0.0614057 0.248787 0.0222465 
0.0614751 0.245623 0.0227071 
0.0594276 0.243585 0.0230058 
0.0603034 0.244173 0.0232221 
0.0602046 0.243683 0.0232344 
0.0610482 0.242247 0.023378 
0.0603777 0.23753 0.0234432 
0.0601895 0.242599 0.022926 
0.0602449 0.244826 0.0232668 
0.0603748 0.240046 0.0235094 
0.0592178 0.243967 0.0235222 
0.0586116 0.242771 0.0236666 
0.0586649 0.242072 0.0232515 
0.0583413 0.244744 0.02304 
0.0579191 0.242463 0.0231242 
0.05883 0.242299 0.0233727 
0.0590072 0.243951 0.0232473 
0.0591582 0.247346 0.0229606 
0.0597767 0.245184 0.0232321 
0.0593884 0.244642 0.023502 
0.0617478 0.244642 0.0242457 
0.0604502 0.246161 0.0234191 
0.0606616 0.247898 0.0231945 
0.0606596 0.24452 0.0232498 
0.0597485 0.243923 0.0233297 
0.0603132 0.245716 0.0233987 
0.0603132 0.24395 0.023859 
0.0596179 0.242629 0.0239121 
0.059429 0.243567 0.023646 
0.0590314 0.243621 0.0240701 
0.0603894 0.242244 0.0241757 
0.0599001 0.240948 0.0242747 
0.0608396 0.241542 0.024314 
0.0604254 0.241716 0.0245874 
0.0596066 0.243278 0.0241197 
0.0596066 0.24219 0.0240908 
0.0597965 0.24219 0.0244204 
0.0597472 0.243693 0.0245491 
0.0592135 0.243087 0.024599 
0.0597812 0.243087 0.0244708 
0.0597812 0.241204 0.0243902 
0.059477 0.239504 0.0242068 
0.0591826 0.235888 0.024481 
0.0586431 0.236769 0.0251902 
0.0588231 0.238493 0.0265144 
0.0587507 0.243346 0.0265144 
0.0587507 0.238 0.026834 
0.0590152 0.241068 0.0267403 
0.0613407 0.241068 0.0266526 
0.0613407 0.244573 0.0271856 
0.0612036 0.2438 0.0267644 
0.0615502 0.247489 0.0262894 
0.0596576 0.249934 0.0264962 
0.0602204 0.251609 0.0266586 
0.0609685 0.251609 0.0270445 
0.0613221 0.251662 0.0270022 
0.0613221 0.255885 0.0267786 
0.0613221 0.254963 0.0277994 
0.0609013 0.254963 0.0283459 
0.0605544 0.253648 0.0286846 
0.0613769 0.253313 0.0285804 
0.0619202 0.255104 0.0281664 
0.0610982 0.257199 0.0280825 
0.0615457 0.256204 0.0279527 
0.0618536 0.256957 0.0281424 
0.0618938 0.258134 0.0279928 
0.0618938 0.258444 0.0285462 
0.0610505 0.260112 0.0280407 
0.0618707 0.259565 0.0279462 
0.0609962 0.260527 0.027669 
0.0613064 0.25632 0.0278298 
0.0617537 0.255867 0.0274577 
0.0618279 0.254836 0.0274307 
0.0613012 0.258449 0.0271633 
0.0605449 0.258449 0.027384 
0.0605449 0.264064 0.0267623 
0.0627367 0.266208 0.026162 
0.0629825 0.270422 0.02595 
0.0621408 0.271617 0.0259853 
0.0611957 0.27134 0.0255336 
0.0629219 0.27458 0.0255418 
0.0641438 0.27458 0.0252214 
0.0649497 0.277543 0.025238 
0.0649475 0.27843 0.025482 
0.0659784 0.274678 0.0254272 
0.0648626 0.270716 0.0258609 
0.0651783 0.268469 0.0254456 
0.0661785 0.269292 0.0260061 
0.0646069 0.266802 0.0261436 
0.0651071 0.268913 0.0257157 
0.0654424 0.266886 0.0259 
0.0654424 0.27569 0.0258941 
0.0652761 0.273897 0.0259606 
0.0664346 0.271631 0.026138 
0.0664346 0.267944 0.0258522 
0.0672022 0.261006 0.0256249 
0.0676924 0.258532 0.0266133 
0.0676873 0.259335 0.0266133 
0.0676873 0.261514 0.02595 
0.0674172 0.264105 0.0258919 
0.0680893 0.265815 0.0259962 
0.0681888 0.264719 0.0257548 
0.0667764 0.265516 0.0257548 
0.0667764 0.260606 0.0257562 
0.0662667 0.26349 0.0254949 
0.0666213 0.264966 0.0255028 
0.0673544 0.266579 0.0251301 
0.0673544 0.267451 0.0253217 
0.0672753 0.269576 0.0253217 
0.0678779 0.272208 0.0257097 
0.0690885 0.276185 0.0256598 
0.0699518 0.269283 0.0255102 
0.0677415 0.267563 0.025842 
0.0686642 0.269216 0.0250485 
0.0696347 0.268993 0.0250611 
0.0684928 0.268993 0.025146 
0.0685391 0.269596 0.0248858 
0.0680172 0.270163 0.0250283 
0.067718 0.270163 0.0248113 
0.0675071 0.271414 0.0246102 
0.0657119 0.271792 0.0248634 
0.0669979 0.272137 0.0248205 
0.068587 0.274794 0.0248205 
0.0676134 0.276143 0.0250882 
0.0656267 0.276672 0.0248741 
0.066106 0.279162 0.0254828 
0.0662062 0.277152 0.0261747 
0.0667325 0.279313 0.0273313 
0.0669063 0.27883 0.0273074 
0.0669063 0.27883 0.0271171 
0.0667707 0.277288 0.0269864 
0.0656906 0.275617 0.0271418 
0.0649827 0.273194 0.026682 
0.0652076 0.272051 0.0263155 
0.065915 0.272514 0.0265165 
0.0679432 0.267244 0.0267366 
0.0679432 0.273011 0.0272708 
0.0678394 0.272207 0.0265035 
0.0702049 0.274777 0.026776 
0.0712625 0.277151 0.0265263 
0.0706699 0.276483 0.0262778 
0.070772 0.276483 0.0255652 
0.0710961 0.276483 0.0257071 
0.0708327 0.275941 0.0251528 
0.0702847 0.278755 0.0255495 
0.0694855 0.279795 0.0255151 
0.0684507 0.279795 0.0248464 
0.0686492 0.274259 0.0249151 
0.0678149 0.274531 0.0252939 
0.0676423 0.278097 0.0256542 
0.0683915 0.279635 0.0256536 
0.0686461 0.284439 0.026062 
0.0693801 0.282635 0.0256112 
0.0693801 0.279057 0.0252332 
0.0701845 0.282044 0.0252332 
0.0703023 0.282262 0.0253674 
0.0716798 0.284269 0.0251136 
0.0716049 0.28687 0.0254833 
0.0704835 0.282386 0.025489 
0.0703147 0.283523 0.0254598 
0.0704555 0.283523 0.0260454 
0.0714327 0.283521 0.0258663 
0.0697711 0.283521 0.0264248 
0.0688229 0.283915 0.0263039 
0.0688229 0.285709 0.0262864 
0.0686169 0.287724 0.0265816 
0.0675021 0.289349 0.026222 
0.067233 0.289349 0.0264316 
0.0666771 0.293158 0.0267433 
0.0672922 0.302697 0.0265803 
0.0681581 0.301793 0.026696 
0.0673905 0.306186 0.026696 
0.0680533 0.306186 0.0264372 
0.0675633 0.310198 0.0264366 
0.0675633 0.311277 0.0267102 
0.0675158 0.310714 0.02684 
0.066995 0.310714 0.0261752 
0.0677381 0.315719 0.0261093 
0.0683271 0.31955 0.0260093 
0.0701057 0.318765 0.0261695 
0.0678732 0.318765 0.0260922 
0.0690514 0.318905 0.026546 
0.0683732 0.31735 0.0260896 
0.0682425 0.311973 0.0257635 
0.0685556 0.313016 0.0263424 
0.0694084 0.320597 0.0259922 
0.0682015 0.320597 0.0257177 
0.0677553 0.319928 0.0252509 
0.0677288 0.320984 0.0252509 
0.0672908 0.320984 0.0246558 
0.0683547 0.314101 0.0246558 
0.0672227 0.312665 0.024947 
0.0678463 0.312665 0.0243625 
0.0672908 0.312252 0.0242191 
0.0671181 0.309432 0.0239595 
0.0664822 0.304945 0.0245365 
0.0658826 0.304856 0.0244051 
0.0645366 0.304856 0.0240697 
0.0666205 0.303138 0.024126 
0.0662244 0.301181 0.0243427 
0.0662004 0.303423 0.0240782 
0.0650288 0.303843 0.0240781 
0.066438 0.306853 0.0241749 
0.0662622 0.306794 0.0242093 
0.0667832 0.301837 0.0243302 
0.0665997 0.299986 0.0245543 
0.0665997 0.300819 0.0244317 
0.0656712 0.302747 0.0242657 
0.0664103 0.302747 0.024061 
0.0657573 0.300952 0.0235052 
0.0656038 0.30685 0.0239771 
0.0673254 0.30685 0.0237945 
0.0667916 0.309845 0.0236873 
0.0661839 0.309568 0.0234475 
0.0656943 0.310743 0.0236476 
0.0674622 0.31422 0.0240544 
0.0674622 0.312396 0.0238326 
0.0674472 0.311156 0.0243518 
0.0667281 0.311255 0.0243518 
0.0666529 0.309542 0.0236099 
0.0670336 0.304849 0.0236791 
0.0688597 0.303377 0.0235117 
0.0688597 0.302099 0.0226907 
