1.15715 1.00911 1.02724 
1.16305 1.09917 1.2014 
1.16305 1.2689 1.25417 
1.2194 1.43434 1.28711 
1.28459 1.53479 1.28711 
1.34433 1.67207 1.28711 
1.34433 1.81374 1.30434 
1.4491 1.96958 1.36369 
1.69424 2.03445 1.49998 
1.69424 2.05255 1.64462 
1.85578 2.05255 1.75589 
2.01587 2.05705 1.8853 
1.98902 2.11562 1.89263 
2.16971 2.17871 2.03746 
2.01159 2.23135 2.18893 
2.01159 2.36529 2.51184 
2.01159 2.36529 2.70729 
1.87141 2.24959 2.70729 
1.83179 2.1447 2.64354 
1.7618 2.09075 2.7202 
1.74488 1.96357 2.7202 
1.69647 1.76227 2.62473 
1.56735 1.81713 2.43384 
1.54679 1.93023 2.29104 
1.49967 1.89146 2.09083 
1.4447 1.91287 2.06609 
1.39521 1.75922 1.9011 
1.31484 1.53198 1.7986 
1.31484 1.58178 1.7986 
1.26211 1.56237 1.79577 
1.08568 1.62974 1.81298 
1.04572 1.60874 1.76304 
1.04572 1.55411 1.76304 
0.935037 1.35225 1.73822 
0.875088 1.30459 1.46231 
0.875088 1.24342 1.37001 
0.878921 1.26155 1.37001 
0.824796 1.10727 1.24595 
0.773157 1.11117 1.26964 
0.791247 1.072 1.26964 
0.820889 0.935826 1.1683 
0.800201 0.863402 1.12308 
0.747568 0.857741 1.10949 
0.746848 0.808021 1.16705 
0.754159 0.822855 1.13422 
0.740054 0.822855 1.00972 
0.680931 0.826745 1.01148 
0.619054 0.804779 0.972162 
0.566624 0.741238 0.926192 
0.568489 0.730571 0.833228 
0.577521 0.691968 0.856455 
0.563639 0.652805 0.813908 
0.498347 0.652805 0.74445 
0.52581 0.663901 0.700557 
0.521041 0.658963 0.724854 
0.500275 0.658963 0.703349 
0.460257 0.644868 0.68111 
0.458749 0.644868 0.654516 
0.448921 0.573769 0.610516 
0.446562 0.588081 0.572407 
0.400128 0.577736 0.524615 
0.400128 0.579964 0.554397 
0.397801 0.579964 0.569652 
0.360405 0.583424 0.576219 
0.31529 0.591049 0.594497 
0.318701 0.575206 0.532466 
0.318701 0.532721 0.538867 
0.291078 0.474739 0.53135 
0.288126 0.470039 0.506602 
0.291125 0.417576 0.499691 
0.291125 0.382376 0.481719 
0.293013 0.384231 0.475904 
0.300397 0.384231 0.43576 
0.28119 0.364214 0.43576 
0.280296 0.370136 0.43576 
0.28211 0.364558 0.431825 
0.292857 0.364558 0.399724 
0.272966 0.347856 0.399724 
0.263891 0.317563 0.390832 
0.266766 0.29952 0.413014 
0.24407 0.27561 0.400964 
0.253641 0.234773 0.400964 
0.253641 0.236181 0.389431 
0.262721 0.235797 0.376654 
0.262721 0.231543 0.367713 
0.262588 0.231543 0.358651 
0.240181 0.231543 0.341208 
0.251986 0.231543 0.379798 
0.24076 0.199382 0.363703 
0.21205 0.19286 0.343685 
0.21205 0.17686 0.348306 
0.193538 0.171555 0.354263 
0.183698 0.157104 0.297599 
0.177005 0.16953 0.29929 
0.186358 0.167966 0.282467 
0.167619 0.165579 0.281968 
0.142677 0.173726 0.313792 
0.138975 0.173566 0.279147 
0.133777 0.158052 0.278124 
0.125415 0.170501 0.25988 
0.115231 0.172141 0.262059 
0.121077 0.172141 0.263721 
0.132639 0.179296 0.250368 
0.134527 0.173034 0.253967 
0.136089 0.170879 0.268893 
0.144771 0.160472 0.235992 
0.145384 0.168325 0.253478 
0.149593 0.181253 0.230081 
0.140167 0.181253 0.248269 
0.136448 0.174917 0.229716 
0.131214 0.177276 0.20969 
0.133478 0.176919 0.209974 
0.127086 0.172497 0.215827 
0.119809 0.16177 0.209109 
0.12257 0.163482 0.195489 
0.124313 0.160623 0.190541 
0.126217 0.163783 0.202587 
0.132661 0.169113 0.21845 
0.129449 0.156626 0.204178 
0.13293 0.143234 0.199846 
0.12607 0.152706 0.20202 
0.12607 0.172613 0.205214 
0.128867 0.172613 0.205214 
0.135937 0.165275 0.192216 
0.13387 0.170969 0.179922 
0.144069 0.174086 0.172932 
0.143296 0.174086 0.188758 
0.150336 0.163631 0.181368 
0.161366 0.165031 0.168212 
0.151182 0.165031 0.185631 
0.141411 0.159739 0.191713 
0.149325 0.153329 0.191713 
0.140252 0.14446 0.185527 
0.150944 0.148288 0.182497 
0.147638 0.138818 0.180354 
0.149826 0.132262 0.184394 
0.153112 0.128619 0.186612 
0.150826 0.127305 0.206862 
0.144917 0.144476 0.191412 
0.138212 0.13469 0.201179 
0.138212 0.135204 0.21411 
0.130708 0.134785 0.200358 
0.126261 0.138963 0.207937 
0.129562 0.147077 0.225589 
0.130757 0.139711 0.213624 
0.130757 0.14943 0.213624 
0.127871 0.138096 0.212154 
0.128377 0.137962 0.198949 
0.128377 0.139027 0.205274 
0.128377 0.160473 0.208467 
0.130284 0.143305 0.205908 
0.128324 0.144304 0.200829 
0.122353 0.131943 0.211043 
0.110129 0.133142 0.20858 
0.107016 0.117491 0.203574 
0.112113 0.120582 0.203833 
0.109446 0.112409 0.211127 
0.115786 0.122276 0.201611 
0.122417 0.121427 0.187594 
0.115061 0.122266 0.182319 
0.125525 0.12037 0.198418 
0.120177 0.126567 0.19916 
0.115132 0.128314 0.192771 
0.110502 0.128199 0.200419 
0.114474 0.131944 0.200419 
0.113791 0.130317 0.186818 
0.113791 0.120263 0.193285 
0.122618 0.128192 0.180706 
0.126281 0.136228 0.181212 
0.11502 0.136228 0.194736 
0.113443 0.137414 0.192754 
0.11451 0.142649 0.181632 
0.130858 0.135015 0.172731 
0.130858 0.130932 0.173997 
0.122165 0.127163 0.181187 
0.130239 0.13732 0.181258 
0.132825 0.13732 0.169989 
0.13058 0.132952 0.169266 
0.133873 0.135117 0.17983 
0.125427 0.130982 0.174384 
0.13343 0.136619 0.17986 
0.127382 0.141773 0.184524 
0.126729 0.148246 0.179565 
0.113978 0.135896 0.198923 
0.116042 0.142628 0.208637 
0.116042 0.143285 0.206845 
0.127619 0.151421 0.221044 
0.120758 0.159039 0.204447 
0.126619 0.149084 0.195275 
0.139957 0.141083 0.195275 
0.136301 0.138602 0.193461 
0.132295 0.132033 0.201444 
0.143197 0.120302 0.198941 
0.139729 0.118749 0.198941 
0.145344 0.115588 0.183243 
0.140974 0.119841 0.172873 
0.138993 0.12169 0.174698 
0.145938 0.120271 0.166093 
0.135111 0.120271 0.166093 
0.142007 0.124291 0.166312 
0.142007 0.124291 0.160322 
0.155162 0.108728 0.168215 
0.144798 0.10889 0.158831 
0.140885 0.112107 0.17365 
0.138052 0.122753 0.168773 
0.127423 0.143515 0.19687 
0.143677 0.143515 0.182379 
0.139464 0.13916 0.212688 
0.131946 0.14481 0.19633 
0.120576 0.138496 0.197355 
0.12709 0.138216 0.186448 
0.142866 0.140045 0.216927 
0.131645 0.151824 0.190452 
0.126547 0.151824 0.190452 
0.122773 0.144688 0.182104 
0.118295 0.139835 0.182104 
0.119738 0.153415 0.203371 
0.111526 0.145229 0.190713 
0.118203 0.149893 0.183947 
0.118203 0.137031 0.176543 
0.106533 0.149254 0.176543 
0.114911 0.163264 0.180138 
0.116026 0.151438 0.172945 
0.108763 0.161638 0.172945 
0.0998508 0.167619 0.172758 
0.105765 0.16739 0.162687 
0.106542 0.16739 0.165945 
0.114455 0.157525 0.16636 
0.108269 0.157525 0.174246 
0.107207 0.145942 0.159644 
0.107207 0.144787 0.168032 
0.115624 0.137865 0.163589 
0.116336 0.150753 0.159059 
0.116336 0.141421 0.168927 
0.108374 0.130304 0.160099 
0.107973 0.142011 0.153578 
0.107112 0.146595 0.182503 
0.110497 0.13542 0.183198 
0.117239 0.139369 0.187346 
0.10298 0.139369 0.187177 
0.10298 0.139036 0.18445 
0.110828 0.136024 0.183703 
0.106455 0.145909 0.183703 
0.10647 0.134641 0.183883 
0.12602 0.136864 0.19678 
0.116948 0.142301 0.182305 
0.116948 0.138093 0.193067 
0.116948 0.143322 0.190449 
0.123129 0.139684 0.195511 
0.115096 0.142273 0.183188 
0.127491 0.137672 0.180404 
0.127491 0.15473 0.169409 
0.12277 0.151286 0.170313 
0.127283 0.151286 0.184397 
0.110013 0.134903 0.187171 
0.119916 0.130643 0.205188 
0.112366 0.131157 0.198679 
0.121174 0.13079 0.193498 
0.117286 0.12742 0.192406 
0.117379 0.119484 0.18407 
0.128878 0.124067 0.186574 
0.119079 0.121797 0.207337 
0.114626 0.115225 0.234597 
0.115934 0.117202 0.239788 
0.117284 0.125789 0.250202 
0.116595 0.125789 0.251088 
0.116595 0.131561 0.251088 
0.108486 0.127997 0.250976 
0.123356 0.127997 0.228712 
0.122255 0.118252 0.222403 
0.118694 0.129544 0.227035 
0.10841 0.135301 0.23286 
0.114522 0.127548 0.207835 
0.10952 0.12236 0.207738 
0.103974 0.122693 0.189869 
0.111297 0.121767 0.18642 
0.10564 0.121767 0.177171 
0.11306 0.12781 0.189592 
0.110792 0.120972 0.20467 
0.120977 0.127418 0.182388 
0.116289 0.118059 0.182388 
0.115767 0.106277 0.183697 
0.115767 0.100785 0.177597 
0.120354 0.10929 0.176335 
0.117362 0.10457 0.182429 
0.140295 0.10457 0.176034 
0.136649 0.10457 0.183739 
0.136649 0.101967 0.183739 
0.141034 0.10244 0.185451 
0.141034 0.103624 0.200529 
0.141633 0.110146 0.194109 
0.141633 0.108521 0.182363 
0.135347 0.0923883 0.175875 
0.143775 0.0911166 0.184441 
0.126757 0.0918184 0.189694 
0.126757 0.0869343 0.180394 
0.131268 0.0869343 0.174182 
0.131268 0.0869343 0.178929 
0.128089 0.0926802 0.170802 
0.112575 0.0968148 0.172325 
0.116314 0.0974512 0.169806 
0.113891 0.0992916 0.195181 
0.113733 0.0917168 0.198544 
0.123148 0.0835754 0.20417 
0.122973 0.0853342 0.2125 
0.122973 0.0868259 0.217413 
0.122973 0.0932815 0.214848 
0.132798 0.0797686 0.214848 
0.124034 0.0877787 0.22056 
0.135828 0.0877787 0.22056 
0.139726 0.0870447 0.230272 
0.152921 0.0860126 0.228357 
0.139036 0.0948176 0.22079 
0.132627 0.0903026 0.210667 
0.140456 0.0903026 0.193677 
0.134564 0.0903026 0.189545 
0.138979 0.0978416 0.192119 
0.140098 0.0990349 0.185253 
0.136454 0.0896312 0.208646 
0.137894 0.0821821 0.213084 
0.128147 0.0806373 0.224836 
0.133836 0.0781711 0.215996 
0.135353 0.0755723 0.249163 
0.138599 0.0755723 0.251031 
0.134999 0.0786152 0.255792 
0.138417 0.0790641 0.25996 
0.144937 0.0779801 0.25996 
0.147113 0.0766039 0.241035 
0.147113 0.0820849 0.218401 
0.148309 0.0893246 0.22607 
0.136756 0.0839714 0.238353 
0.151399 0.0840464 0.232896 
0.163886 0.0840464 0.239248 
0.149027 0.0840973 0.238883 
0.162692 0.0840973 0.247602 
0.166364 0.0927015 0.26316 
0.179746 0.102659 0.300629 
0.181022 0.100822 0.292883 
0.181022 0.107043 0.271453 
0.167925 0.105085 0.250684 
0.177772 0.114804 0.257797 
0.177223 0.106598 0.254106 
0.171314 0.106988 0.234348 
0.18683 0.0990088 0.241998 
0.178624 0.106684 0.243539 
0.178624 0.106273 0.240465 
0.172925 0.103516 0.237068 
0.172925 0.104727 0.237031 
0.180737 0.102831 0.241715 
0.190807 0.112015 0.259787 
0.174814 0.105157 0.264772 
0.169746 0.102654 0.280227 
0.171246 0.106273 0.263832 
0.160596 0.10004 0.261995 
0.165442 0.113581 0.234574 
0.156279 0.11506 0.216761 
0.16572 0.111183 0.212515 
0.153905 0.11196 0.235872 
0.160726 0.110019 0.223489 
0.147318 0.110182 0.231576 
0.157883 0.104079 0.229102 
0.162002 0.112351 0.226904 
0.155081 0.110877 0.225734 
0.154121 0.103304 0.22174 
0.156152 0.0904196 0.22174 
0.148158 0.0905644 0.211124 
0.154634 0.0889363 0.234121 
0.160722 0.0899241 0.225291 
0.156702 0.103819 0.224442 
0.1549 0.0972812 0.229287 
0.152254 0.100314 0.216048 
0.151905 0.102144 0.230261 
0.158012 0.102364 0.216437 
0.166094 0.0964748 0.235722 
0.173526 0.0993279 0.206658 
0.173526 0.0993279 0.215986 
0.168128 0.105838 0.224984 
0.150474 0.105838 0.235166 
0.154512 0.0999187 0.201945 
0.166757 0.101464 0.184384 
0.185668 0.101464 0.183507 
0.168649 0.103499 0.208984 
0.171644 0.102408 0.214539 
0.165389 0.102085 0.243432 
0.174404 0.0993132 0.227039 
0.173117 0.0978864 0.208461 
0.17663 0.0978864 0.233882 
0.16595 0.0978864 0.239943 
0.161894 0.105823 0.258078 
0.164522 0.104038 0.270331 
0.179171 0.0982492 0.28841 
0.18574 0.100086 0.263061 
0.188027 0.110617 0.257538 
0.188027 0.107445 0.255764 
0.198769 0.0989083 0.267403 
0.198769 0.0989083 0.265086 
0.19102 0.0989083 0.250122 
0.173631 0.100103 0.226608 
0.188039 0.108565 0.226608 
0.20271 0.0991181 0.217981 
0.197051 0.104467 0.217981 
0.198719 0.100982 0.22965 
0.188701 0.102555 0.221976 
0.177707 0.109734 0.222672 
0.169666 0.111249 0.224383 
0.164256 0.101538 0.224383 
0.17025 0.104744 0.236887 
0.17025 0.101051 0.215784 
0.17025 0.115026 0.228594 
0.168956 0.122762 0.215863 
0.168956 0.114721 0.209594 
0.184934 0.111161 0.198707 
0.188479 0.108381 0.205515 
0.188479 0.105193 0.203553 
0.196819 0.100086 0.20614 
0.196109 0.113609 0.20614 
0.183481 0.115156 0.19798 
0.200036 0.106725 0.183683 
0.204599 0.10098 0.181001 
0.192521 0.0996966 0.19747 
0.20859 0.0996966 0.19883 
0.214114 0.107825 0.196211 
0.203008 0.104392 0.198015 
0.184877 0.107525 0.206807 
0.184877 0.111803 0.206204 
0.186672 0.111907 0.226507 
0.199388 0.118979 0.221001 
0.211146 0.121768 0.233434 
0.204938 0.121768 0.246616 
0.195128 0.117734 0.221991 
0.179442 0.112703 0.221991 
0.179472 0.119191 0.221991 
0.197356 0.108855 0.239057 
0.201214 0.117084 0.26324 
0.21874 0.115377 0.257904 
0.21874 0.113795 0.237586 
0.204497 0.119806 0.253368 
0.207244 0.118175 0.273916 
0.200917 0.116529 0.237081 
0.200051 0.124962 0.237081 
0.192524 0.128289 0.229872 
0.173592 0.131497 0.241976 
0.185405 0.122777 0.252675 
0.180912 0.122777 0.215187 
0.179839 0.12295 0.21757 
0.170493 0.113913 0.260102 
0.165343 0.105587 0.241976 
0.153308 0.0963855 0.203963 
0.164766 0.0983239 0.203963 
0.160997 0.0983239 0.219236 
0.153616 0.0952035 0.208666 
0.157428 0.105684 0.209589 
0.150077 0.105684 0.209589 
0.145225 0.0991664 0.206282 
0.135477 0.111441 0.201919 
0.142576 0.111723 0.192733 
0.142578 0.104532 0.209791 
0.142578 0.0967531 0.21208 
0.133327 0.093658 0.193899 
0.120185 0.0992434 0.179819 
0.121466 0.100791 0.182599 
0.111236 0.101942 0.176794 
0.124471 0.0885591 0.203055 
0.129459 0.0927643 0.190502 
0.121905 0.0850694 0.190502 
0.128299 0.0862413 0.177675 
0.125629 0.0842132 0.177846 
0.121911 0.089139 0.158727 
0.127876 0.089122 0.144109 
0.132231 0.0911603 0.150097 
0.141324 0.0936158 0.141552 
0.137327 0.0954385 0.139254 
0.14021 0.0954385 0.136418 
0.143491 0.0954385 0.149076 
0.157429 0.0916256 0.150679 
0.160142 0.09577 0.150679 
0.146139 0.102905 0.150679 
0.145907 0.102905 0.154425 
0.145907 0.108479 0.15047 
0.13569 0.111373 0.148521 
0.132787 0.108663 0.156358 
0.145956 0.108572 0.17057 
0.153026 0.109642 0.169191 
0.155378 0.110434 0.173314 
0.150714 0.121402 0.179269 
0.154151 0.122535 0.162881 
0.142953 0.114238 0.178909 
0.154462 0.111101 0.172942 
0.164323 0.108414 0.172942 
0.15715 0.11774 0.176373 
0.143249 0.121105 0.173294 
0.144896 0.116624 0.175203 
0.142412 0.107489 0.191202 
0.142412 0.103315 0.168262 
0.144786 0.101338 0.173698 
0.147369 0.101338 0.177964 
0.142406 0.111274 0.194349 
0.141188 0.105003 0.216303 
0.13464 0.105003 0.217425 
0.136639 0.114375 0.217425 
0.139834 0.113437 0.207563 
0.13429 0.120871 0.18969 
0.130696 0.119657 0.200333 
0.138994 0.115293 0.215483 
0.14811 0.108074 0.219039 
0.137932 0.118597 0.22031 
0.14068 0.113576 0.218608 
0.140957 0.103193 0.222039 
0.134973 0.100374 0.246559 
0.132198 0.0988651 0.241254 
0.144335 0.0967648 0.25868 
0.135971 0.101599 0.233497 
0.135106 0.0994141 0.238831 
0.135733 0.106728 0.238831 
0.146729 0.100755 0.229827 
0.132037 0.0967047 0.245466 
0.133945 0.0964026 0.247708 
0.12678 0.104222 0.239762 
0.129283 0.0988955 0.223853 
0.135783 0.102503 0.223853 
0.146502 0.107495 0.218129 
0.159051 0.101887 0.21868 
0.151726 0.107487 0.204313 
0.166897 0.105705 0.216132 
0.166897 0.10394 0.216132 
0.178488 0.103736 0.223301 
0.156427 0.10325 0.219378 
0.157856 0.100417 0.210934 
0.152515 0.0963923 0.209455 
0.153023 0.0914498 0.194532 
0.153023 0.0893987 0.204194 
0.15629 0.0884296 0.204194 
0.157107 0.0971986 0.210786 
0.152225 0.0987916 0.210786 
0.152225 0.1061 0.192707 
0.140683 0.100936 0.188128 
0.156314 0.0949209 0.192762 
0.164762 0.0969047 0.178934 
0.168711 0.0951913 0.187328 
0.177506 0.0951913 0.187908 
0.16732 0.0940445 0.172638 
0.183677 0.103871 0.18241 
0.175579 0.109827 0.18241 
0.162644 0.117035 0.169093 
0.162644 0.115277 0.178426 
0.171176 0.115277 0.178724 
0.158608 0.12508 0.191108 
0.152275 0.124501 0.191884 
0.150205 0.109504 0.190319 
0.138233 0.121165 0.188144 
0.12703 0.112095 0.186882 
0.128452 0.107003 0.184892 
0.138201 0.107001 0.173701 
0.123107 0.112513 0.175954 
0.120842 0.109635 0.190007 
0.125862 0.107209 0.174677 
0.135058 0.0970445 0.176669 
0.146166 0.102036 0.17922 
0.149092 0.0996094 0.186078 
0.149092 0.103838 0.186981 
0.152226 0.113958 0.186981 
0.145637 0.108121 0.179016 
0.147505 0.104105 0.184033 
0.146277 0.0956321 0.192106 
0.134939 0.0993217 0.214462 
0.145097 0.0993217 0.235632 
0.140681 0.0954523 0.228793 
0.12998 0.0954523 0.240881 
0.12998 0.10115 0.21782 
0.147395 0.10115 0.206127 
0.137382 0.102647 0.204781 
0.125581 0.111019 0.20157 
0.128315 0.111019 0.199433 
0.110083 0.106751 0.214227 
0.110083 0.112201 0.208909 
0.110083 0.121334 0.21301 
0.109991 0.121334 0.194244 
0.100146 0.121334 0.184455 
0.110417 0.122279 0.190169 
0.110417 0.117162 0.206781 
0.120043 0.117162 0.193995 
0.126059 0.118738 0.193995 
0.134794 0.115095 0.205757 
0.141826 0.111494 0.222345 
0.132988 0.122587 0.219204 
0.132975 0.11883 0.228048 
0.127609 0.113169 0.228048 
0.11439 0.118607 0.211791 
0.116324 0.121322 0.212414 
0.110664 0.117653 0.239487 
0.110742 0.116599 0.25196 
0.115686 0.122565 0.237232 
0.115686 0.109115 0.253436 
0.112795 0.100432 0.277468 
0.124694 0.103308 0.256653 
0.128455 0.111555 0.241228 
0.119672 0.111057 0.230425 
0.119672 0.116526 0.253726 
0.125315 0.116677 0.262689 
0.131757 0.122817 0.24466 
0.132039 0.122817 0.244675 
0.126469 0.113236 0.246243 
0.127325 0.103327 0.243684 
0.124633 0.102446 0.278034 
0.122233 0.105013 0.278034 
0.127895 0.103021 0.251147 
0.127895 0.112176 0.2437 
0.127895 0.10809 0.229895 
0.117593 0.115172 0.229895 
0.112606 0.115172 0.238268 
0.120207 0.115172 0.238268 
0.13686 0.1154 0.246002 
0.141792 0.0974893 0.238116 
0.136086 0.102261 0.246783 
0.14717 0.0984194 0.246783 
0.14717 0.102755 0.247914 
0.14717 0.0987616 0.266812 
0.132896 0.101938 0.253312 
0.133814 0.0993113 0.256591 
0.140569 0.108551 0.256591 
0.130164 0.107088 0.267199 
0.125136 0.114683 0.275789 
0.119603 0.100754 0.266968 
0.129496 0.10123 0.254478 
0.130605 0.0999431 0.254478 
0.146026 0.100099 0.225631 
0.16133 0.0921223 0.214544 
0.161614 0.0898629 0.237178 
0.15896 0.105519 0.260932 
0.151712 0.100218 0.262489 
0.151712 0.100218 0.262489 
0.169848 0.100218 0.249022 
0.166391 0.0995052 0.243434 
0.162861 0.103662 0.250129 
0.148652 0.102253 0.250129 
0.149522 0.0974384 0.236596 
0.172769 0.105979 0.217852 
0.172769 0.107765 0.247372 
0.163038 0.100516 0.244715 
0.155652 0.096616 0.228812 
0.155652 0.096616 0.238842 
0.159577 0.0979471 0.239279 
0.162163 0.0914559 0.239279 
0.164204 0.0856027 0.255875 
0.162304 0.0926937 0.236079 
0.151861 0.0838567 0.227028 
0.152668 0.0939779 0.223961 
0.152859 0.0999454 0.212805 
0.148467 0.0981358 0.212805 
0.148491 0.102095 0.193561 
0.157636 0.0974543 0.203393 
0.161361 0.0974543 0.19551 
0.150209 0.100709 0.1886 
0.133845 0.097233 0.212642 
0.124026 0.093246 0.201843 
0.124235 0.0921297 0.202626 
0.124235 0.0990018 0.194578 
0.126814 0.104459 0.178502 
0.118928 0.104743 0.194785 
0.116886 0.0952823 0.211338 
0.110137 0.0957556 0.211338 
0.109179 0.0980623 0.221208 
0.10634 0.0973689 0.22182 
0.114638 0.100013 0.242499 
0.105927 0.0911443 0.248493 
0.102222 0.0998984 0.246394 
0.110275 0.102252 0.232343 
0.105067 0.108858 0.252552 
0.105067 0.109045 0.242669 
0.107384 0.111976 0.229119 
0.0993282 0.113875 0.236437 
0.0956207 0.115718 0.218925 
0.0962527 0.122217 0.211761 
0.100296 0.122631 0.230744 
0.111964 0.130491 0.218697 
0.11122 0.117625 0.227232 
0.106935 0.106841 0.212233 
0.10268 0.127656 0.225292 
0.0957401 0.115391 0.212117 
0.0947009 0.112018 0.22984 
0.0962515 0.117412 0.207497 
0.0962515 0.115973 0.23646 
0.104597 0.105953 0.226299 
0.104987 0.113276 0.238335 
0.110797 0.123551 0.240171 
0.106929 0.107219 0.243566 
0.103702 0.103947 0.209613 
0.0995186 0.112729 0.20474 
0.105186 0.118283 0.20419 
0.0960804 0.118609 0.199421 
0.0826451 0.12778 0.191813 
0.0895416 0.134624 0.195955 
0.0895504 0.127086 0.195955 
0.0824148 0.127086 0.198732 
0.0816294 0.116996 0.200769 
0.0881576 0.11361 0.200769 
0.0843664 0.114903 0.200132 
0.0812217 0.123196 0.200132 
0.0835939 0.113847 0.208194 
0.0884729 0.108425 0.196107 
0.0878274 0.112151 0.221003 
0.0915872 0.102176 0.202452 
0.0919898 0.103402 0.220207 
0.0988149 0.0965617 0.219899 
0.1061 0.108768 0.228817 
0.103787 0.114034 0.237224 
0.111487 0.113735 0.26658 
0.108333 0.113735 0.269042 
0.107037 0.105049 0.244548 
0.107037 0.104374 0.235439 
0.107037 0.11402 0.251132 
0.0993535 0.124887 0.26439 
0.105433 0.124887 0.263039 
0.101642 0.133968 0.240967 
0.101642 0.130987 0.252726 
0.110296 0.130987 0.24442 
0.110819 0.127733 0.254372 
0.110819 0.137553 0.264404 
0.103221 0.124244 0.24681 
0.104034 0.116497 0.253067 
0.105999 0.118737 0.253067 
0.102066 0.109019 0.248189 
0.0995127 0.109933 0.257422 
0.106522 0.111496 0.257422 
0.105171 0.106925 0.237689 
0.114534 0.104427 0.230535 
0.114534 0.105738 0.251052 
0.114534 0.105359 0.263561 
0.104867 0.111061 0.234897 
0.104295 0.111061 0.242416 
0.111039 0.120885 0.247604 
0.117798 0.120885 0.240227 
0.122427 0.120103 0.277147 
0.128721 0.110531 0.272463 
0.132541 0.104222 0.282331 
0.121979 0.108061 0.282331 
0.122596 0.101223 0.278865 
0.117649 0.0963301 0.277106 
0.107486 0.0924447 0.252574 
0.119173 0.10097 0.245521 
0.119173 0.098692 0.225645 
0.130901 0.101015 0.225645 
0.132507 0.098242 0.225645 
0.139222 0.0955445 0.238564 
0.13781 0.0893282 0.246271 
0.140565 0.10046 0.246758 
0.130594 0.0951365 0.247269 
0.136352 0.0958016 0.248043 
0.131751 0.0894856 0.248043 
0.138414 0.0930312 0.260729 
0.140884 0.102308 0.240397 
0.131807 0.11026 0.240397 
0.131807 0.11026 0.242038 
0.142854 0.110076 0.225129 
0.146727 0.110076 0.229883 
0.158788 0.108906 0.246403 
0.145219 0.10679 0.248536 
0.140983 0.116819 0.22645 
0.136672 0.122383 0.20888 
0.134253 0.117484 0.228633 
0.129092 0.113346 0.23731 
0.125831 0.11078 0.228961 
0.141543 0.115751 0.212636 
0.12963 0.122276 0.211537 
0.131935 0.122276 0.232661 
0.13441 0.119359 0.232661 
0.132761 0.116516 0.216194 
0.129626 0.116528 0.210748 
0.121721 0.112644 0.217336 
0.116744 0.107665 0.220453 
0.116744 0.107773 0.220453 
0.124237 0.102044 0.237098 
0.133648 0.102676 0.226294 
0.138422 0.101896 0.253842 
0.140377 0.0949102 0.253439 
0.151737 0.0949102 0.243861 
0.149922 0.0917381 0.213614 
0.15876 0.096709 0.229913 
0.138634 0.0979516 0.212918 
0.143726 0.09973 0.212918 
0.139456 0.0910982 0.201902 
0.135172 0.0883892 0.201902 
0.130365 0.0965442 0.192522 
0.149841 0.103661 0.185399 
0.143992 0.100246 0.177604 
0.136282 0.100246 0.198056 
0.134731 0.0909517 0.197004 
0.134232 0.0909517 0.221894 
0.134232 0.085998 0.218914 
0.129248 0.102301 0.210239 
0.122087 0.10304 0.199603 
0.129123 0.0993399 0.204332 
0.136789 0.0993399 0.193149 
0.140591 0.0985944 0.198031 
0.140591 0.094326 0.212763 
0.132649 0.0952616 0.206042 
0.121357 0.0952616 0.206042 
0.120778 0.0985565 0.225987 
0.116187 0.0931368 0.231053 
0.128718 0.0919562 0.251824 
0.134262 0.10145 0.234051 
0.126999 0.100088 0.237467 
0.130769 0.0904585 0.22095 
0.134263 0.0949841 0.208055 
0.134174 0.0868046 0.215179 
0.133852 0.0971714 0.227402 
0.140724 0.0897727 0.239857 
0.133955 0.090847 0.212514 
0.12804 0.090847 0.204793 
0.12992 0.0875382 0.190594 
0.12992 0.0953163 0.185085 
0.137543 0.0953163 0.192802 
0.126561 0.0918348 0.201125 
0.121498 0.0918348 0.201125 
0.11951 0.0920606 0.198203 
0.118707 0.0898117 0.200627 
0.118056 0.0878265 0.213264 
0.129242 0.0847412 0.224291 
0.126923 0.0771426 0.206905 
0.109056 0.0792193 0.211037 
0.100741 0.0845128 0.213063 
0.102933 0.0786977 0.210772 
0.100424 0.079265 0.209213 
0.0997457 0.0795257 0.209213 
0.117547 0.0879893 0.203931 
0.111266 0.0810991 0.215961 
0.114575 0.0781669 0.207776 
0.128023 0.0764389 0.207776 
0.139217 0.077249 0.196465 
0.131165 0.0836079 0.193733 
0.118123 0.0870281 0.193733 
0.122031 0.0852209 0.187352 
0.117633 0.0835163 0.199464 
0.118819 0.079377 0.197711 
0.128921 0.084112 0.19898 
0.127219 0.0822208 0.214553 
0.125704 0.0868335 0.214553 
0.13499 0.0969478 0.209361 
0.125977 0.0888897 0.206991 
0.132179 0.0961004 0.203761 
0.126952 0.0894943 0.20071 
0.126952 0.0941511 0.203484 
0.136555 0.101557 0.194456 
0.135868 0.0984164 0.194456 
0.12431 0.095893 0.200283 
0.12221 0.0944377 0.202552 
0.13235 0.0968074 0.212282 
0.133748 0.0923656 0.214011 
0.136054 0.0939288 0.217526 
0.134322 0.0961636 0.21193 
0.126185 0.0878271 0.216054 
0.123986 0.0878271 0.222601 
0.136499 0.0924587 0.211149 
0.133307 0.0884265 0.211917 
0.13255 0.0884265 0.208754 
0.140167 0.0884265 0.206588 
0.129815 0.0909899 0.209068 
0.131636 0.083819 0.198429 
0.141619 0.0866051 0.204446 
0.138446 0.0889131 0.205483 
0.129074 0.08919 0.190532 
0.134866 0.0909523 0.184241 
0.122773 0.0989238 0.197047 
0.119114 0.0913191 0.197047 
0.117767 0.0934766 0.212668 
0.12054 0.0833314 0.193227 
0.121844 0.0811917 0.192866 
0.1249 0.08982 0.183037 
0.133687 0.0858583 0.189604 
0.119868 0.0858583 0.185676 
0.116832 0.0857069 0.185676 
0.122679 0.0857069 0.184231 
0.122679 0.0824686 0.19066 
0.117287 0.0793274 0.19066 
0.119708 0.0908281 0.19066 
0.128098 0.094235 0.177575 
0.120811 0.0942752 0.17777 
0.122712 0.0942752 0.173333 
0.120927 0.0942752 0.167823 
0.119914 0.0990217 0.197294 
0.11714 0.0990217 0.201047 
0.127858 0.0944876 0.201385 
0.126735 0.0937041 0.197314 
0.122712 0.0967866 0.19434 
0.11987 0.109159 0.206869 
0.1112 0.108893 0.192438 
0.111976 0.105538 0.196572 
0.112462 0.100607 0.20783 
0.112261 0.0954072 0.210552 
0.112261 0.0954072 0.182776 
0.112261 0.0989951 0.193595 
0.107229 0.0988604 0.198586 
0.109656 0.0958346 0.187317 
0.117702 0.103109 0.187317 
0.119523 0.0986107 0.191743 
0.120627 0.097546 0.20012 
0.130917 0.103135 0.202753 
0.136396 0.105533 0.189249 
0.136047 0.107791 0.191418 
0.118794 0.101685 0.178201 
0.118794 0.101685 0.195668 
0.116131 0.0976403 0.189028 
0.122913 0.10972 0.192189 
0.120286 0.10972 0.16978 
0.113948 0.10972 0.163906 
0.111459 0.0976688 0.174483 
0.096366 0.10165 0.185239 
0.100581 0.106226 0.19777 
0.100581 0.104839 0.204381 
0.100581 0.11884 0.203694 
0.104599 0.110618 0.207919 
0.105663 0.115836 0.236156 
0.107759 0.101753 0.242738 
0.104007 0.104117 0.222124 
0.104007 0.106058 0.205287 
0.103464 0.100652 0.196879 
0.104683 0.0994154 0.188656 
0.115074 0.0991016 0.197897 
0.111127 0.10266 0.204044 
0.122707 0.0959133 0.215198 
0.122707 0.0927426 0.216632 
0.116078 0.0927426 0.206468 
0.112447 0.0975867 0.190976 
0.130671 0.09609 0.181137 
0.130671 0.0972508 0.165681 
0.127605 0.100185 0.16318 
0.124423 0.100185 0.16169 
0.124324 0.107915 0.163452 
0.116629 0.110113 0.173493 
0.115732 0.110113 0.162105 
0.119913 0.104689 0.162105 
0.118298 0.100359 0.150608 
0.117807 0.1028 0.148652 
0.117807 0.105946 0.14063 
0.126163 0.097338 0.14063 
0.127308 0.0926757 0.140371 
0.132107 0.0926757 0.153687 
0.118555 0.103349 0.144128 
0.108531 0.0895894 0.139835 
0.110973 0.0978125 0.135522 
0.110973 0.107156 0.129066 
0.107953 0.111393 0.133023 
0.10884 0.115816 0.130721 
0.100851 0.109166 0.130721 
0.107686 0.120005 0.134697 
0.107686 0.117309 0.135725 
0.103249 0.114074 0.138 
0.106555 0.117917 0.138 
0.106555 0.128924 0.145898 
0.10113 0.122646 0.151944 
0.0937893 0.119763 0.152103 
0.0985054 0.111856 0.154522 
0.0998146 0.115227 0.147083 
0.103103 0.108725 0.154737 
0.103103 0.106444 0.17482 
0.108236 0.0910176 0.17482 
0.10209 0.0934126 0.185477 
0.0988655 0.102402 0.178838 
0.0951476 0.106166 0.188332 
0.0989391 0.10443 0.190824 
0.0990764 0.10275 0.184693 
0.097231 0.11718 0.186619 
0.0897667 0.117106 0.177265 
0.0879129 0.120424 0.16292 
0.103937 0.118351 0.166465 
0.103937 0.118352 0.17017 
0.107524 0.109373 0.184676 
0.113351 0.109373 0.194681 
0.123354 0.105043 0.198345 
0.123354 0.105146 0.196252 
0.127041 0.114721 0.19182 
0.128922 0.118467 0.212154 
0.120983 0.110282 0.212154 
0.117463 0.108014 0.229611 
0.121825 0.098366 0.246656 
0.120908 0.105973 0.234312 
0.130315 0.114363 0.24672 
0.126832 0.103665 0.24672 
0.121138 0.114236 0.242136 
0.131889 0.115963 0.239555 
0.125336 0.111657 0.248901 
0.131982 0.119068 0.230645 
0.128695 0.110436 0.223947 
0.119609 0.131603 0.219904 
0.121525 0.132689 0.235307 
0.127451 0.132947 0.216844 
0.119217 0.129333 0.217374 
0.129279 0.13293 0.232456 
0.137413 0.121911 0.216218 
0.137413 0.112237 0.218461 
0.133007 0.110957 0.224761 
0.125833 0.102421 0.223412 
0.122798 0.0985259 0.203514 
0.122798 0.100485 0.213852 
0.124216 0.0909551 0.213852 
0.128412 0.0909551 0.213852 
0.128412 0.0972982 0.209195 
0.121262 0.0983477 0.226474 
0.122782 0.0983477 0.219346 
0.122782 0.107425 0.219346 
