1 1.01927 0.981094 
1 1.02295 0.977561 
0.995751 1.00955 0.994768 
0.995751 1.01006 0.994269 
0.995751 1.01195 0.992412 
0.989122 1.01873 0.992412 
0.979999 1.02371 0.996771 
0.979999 1.04423 0.977189 
1.01566 1.04423 0.942877 
0.985214 1.04423 0.972016 
0.96524 1.04423 0.99213 
0.998376 1.04423 0.959202 
0.998376 1.04423 0.959202 
1.00852 1.04423 0.949557 
1.00852 1.01242 0.979388 
0.994596 1.04643 0.96082 
0.978316 1.04643 0.976809 
0.997713 1.04643 0.957819 
0.971265 1.07936 0.953886 
0.971265 1.09061 0.944048 
0.904831 1.13309 0.975367 
0.904831 1.10962 0.995994 
0.912199 1.10066 0.995994 
0.912199 1.12874 0.971217 
0.938769 1.12874 0.943728 
0.935874 1.13223 0.943728 
0.971113 1.09115 0.943728 
0.971113 1.07728 0.955873 
0.970878 1.07728 0.956105 
0.958361 1.08263 0.963811 
0.953149 1.09217 0.960611 
0.953149 1.08997 0.962551 
0.953149 1.10511 0.949369 
0.951232 1.10733 0.949369 
0.940948 1.09428 0.971191 
0.914292 1.09428 0.999506 
0.913305 1.09547 0.999506 
0.913305 1.09547 0.999506 
0.922871 1.09518 0.989401 
0.954615 1.05876 0.989401 
0.969283 1.05876 0.974429 
1.00005 1.02619 0.974429 
1.01175 0.987169 1.00124 
0.989293 1.04209 0.969996 
0.989293 1.02465 0.986503 
0.998514 1.02465 0.977393 
1.0015 1.02746 0.971812 
0.98286 1.00792 1.00944 
1.01463 0.975667 1.01016 
1.03437 1.00737 0.959705 
1.02125 1.00737 0.972027 
1.08748 0.973133 0.944941 
1.05184 0.985412 0.964786 
1.05184 0.9676 0.982546 
1.07636 0.982487 0.945616 
1.04471 0.989995 0.966881 
1.04471 0.986229 0.970573 
1.06118 0.973456 0.968042 
1.0566 0.992543 0.953539 
1.08701 0.964778 0.953539 
1.10972 0.945038 0.953539 
1.10972 0.945038 0.953539 
1.10972 0.945038 0.953539 
1.09017 0.945038 0.970632 
1.10611 0.931423 0.970632 
1.10957 0.948224 0.950463 
1.08215 0.938231 0.984928 
1.06571 0.938231 1.00012 
1.06957 0.905972 1.03199 
1.06957 0.920899 1.01526 
1.04087 0.910683 1.05496 
1.05017 0.922141 1.03262 
1.09057 0.93036 0.985585 
1.10994 0.93036 0.968387 
1.08831 0.944148 0.973212 
1.05145 0.97725 0.973212 
1.03079 0.996835 0.973212 
1.03079 0.996835 0.973212 
1.03079 0.986768 0.983141 
1.03592 0.968575 0.996645 
1.07125 0.935743 0.997592 
1.08563 0.956645 0.96287 
1.04858 1.01201 0.94235 
1.0656 0.99585 0.94235 
1.04755 1.01301 0.94235 
1.05824 1.00278 0.94235 
1.06506 0.996354 0.94235 
1.04698 0.996354 0.95862 
1.0318 0.996354 0.972726 
1.03513 0.964525 1.00159 
0.993611 1.00483 1.00159 
0.993611 0.991697 1.01486 
0.963208 0.991697 1.04689 
0.963208 1.0023 1.03582 
0.981731 1.0023 1.01628 
0.981731 1.04156 0.977968 
0.981731 1.04256 0.977027 
0.981731 1.01135 1.00718 
0.96667 1.01079 1.02343 
0.967541 1.00988 1.02343 
0.956158 1.02011 1.02523 
0.947826 1.02908 1.02523 
0.944768 1.02908 1.02855 
0.944768 1.0139 1.04395 
0.949694 1.0139 1.03854 
0.949694 1.05805 0.995198 
0.966575 1.05805 0.977817 
1.00339 1.01923 0.977817 
1.00475 1.01923 0.97649 
0.979661 1.04534 0.97649 
0.977456 1.01335 1.00959 
0.987244 1.0033 1.00959 
0.992028 1.0033 1.00472 
0.992028 1.0433 0.966195 
0.974827 1.08656 0.944105 
0.974827 1.08656 0.944105 
0.988121 1.07194 0.944105 
1.01803 1.04044 0.944105 
1.00073 1.06788 0.935744 
1.01123 1.06788 0.926031 
1.04084 1.06788 0.899686 
1.04084 1.10291 0.871116 
1.03771 1.10291 0.873742 
1.03771 1.09446 0.880484 
1.03771 1.06336 0.906234 
1.03771 1.08232 0.890365 
1.07601 1.05761 0.878737 
1.07601 1.05786 0.878534 
1.07603 1.0455 0.8889 
1.07603 1.02716 0.904765 
1.07603 1.05364 0.882027 
1.05192 1.04731 0.907693 
1.05192 1.09203 0.870525 
1.06117 1.08252 0.870525 
1.05698 1.08252 0.873971 
1.02794 1.09721 0.886631 
1.03076 1.09421 0.886631 
0.985622 1.14432 0.886631 
1.0111 1.11549 0.886631 
1.03644 1.08822 0.886631 
1.00967 1.11706 0.886631 
1.02973 1.0953 0.886631 
1.02973 1.09051 0.890529 
1.02973 1.08431 0.895618 
1.0334 1.08431 0.892434 
1.05621 1.08431 0.873166 
1.09552 1.04541 0.873166 
1.09552 1.04226 0.8758 
1.09024 1.01091 0.907326 
1.10764 0.995032 0.907326 
1.10764 0.970325 0.930428 
1.11783 0.961483 0.930428 
1.09979 0.984443 0.923633 
1.0769 1.00537 0.923633 
1.1152 1.00537 0.89191 
1.12218 0.985142 0.904561 
1.12218 0.985142 0.904561 
1.09299 0.985142 0.928719 
1.09299 0.985142 0.928719 
1.09299 1.00873 0.906997 
1.07407 1.02651 0.906997 
1.09285 1.02651 0.891408 
1.11845 1.00974 0.885469 
1.11845 1.01917 0.877274 
1.1247 1.01917 0.872395 
1.12558 1.01917 0.871717 
1.12558 1.01917 0.871717 
1.12558 0.988829 0.898468 
1.12817 0.988829 0.896404 
1.12817 0.984972 0.899914 
1.12817 0.966387 0.91722 
1.12817 0.980663 0.903868 
1.12001 0.98425 0.907136 
1.12001 0.99748 0.895103 
1.08347 1.03112 0.895103 
1.0469 1.03112 0.926372 
1.0469 1.03112 0.926372 
1.0469 1.03112 0.926372 
1.0469 1.03267 0.924989 
1.0469 1.0288 0.928468 
1.0469 1.0288 0.928468 
1.0469 1.01978 0.936675 
1.01112 1.01978 0.969815 
1.00164 1.02944 0.969815 
1.02612 1.00488 0.969815 
1.02612 1.00488 0.969815 
1.02612 1.01072 0.964212 
1.02612 1.00775 0.967051 
1.05876 1.00775 0.937234 
1.05916 1.00738 0.937234 
1.04504 1.03243 0.926842 
1.04504 1.03243 0.926842 
1.04504 1.03243 0.926842 
1.04504 1.03243 0.926842 
1.04504 1.04122 0.919019 
1.04504 1.03254 0.926744 
1.08388 1.02987 0.89585 
1.06273 1.04368 0.901592 
1.06273 1.04368 0.901592 
1.06273 1.04368 0.901592 
1.06273 1.04368 0.901592 
1.03715 1.04368 0.923828 
1.03715 1.04368 0.923828 
1.0379 1.04128 0.925291 
1.0539 1.02547 0.925291 
1.00302 1.07748 0.925291 
1.00302 1.08643 0.917669 
1.01956 1.06816 0.918226 
1.00087 1.06816 0.935374 
1.00087 1.06816 0.935374 
1.00087 1.0903 0.916381 
0.999169 1.09216 0.916381 
0.969473 1.09216 0.944451 
0.966786 1.11573 0.927068 
0.966786 1.11573 0.927068 
0.964001 1.14629 0.904955 
0.968496 1.14097 0.904955 
0.982096 1.14097 0.892423 
0.982096 1.14097 0.892423 
1.00154 1.11882 0.892423 
0.977043 1.14687 0.892423 
0.977043 1.18313 0.865071 
0.962362 1.18313 0.878268 
0.962362 1.18167 0.879355 
0.981808 1.15827 0.879355 
0.981808 1.15827 0.879355 
0.962687 1.18127 0.879355 
0.971108 1.18127 0.87173 
0.996 1.18127 0.849944 
0.996 1.18127 0.849944 
0.978797 1.20204 0.849944 
0.979877 1.21503 0.839927 
0.979877 1.18753 0.859374 
0.979877 1.18753 0.859374 
0.988784 1.18753 0.851633 
0.988784 1.18753 0.851633 
0.988784 1.18753 0.851633 
0.988079 1.18838 0.851633 
0.988079 1.18027 0.857483 
1.01383 1.18027 0.835701 
1.01383 1.16076 0.849747 
1.01556 1.14251 0.86186 
0.991346 1.17041 0.86186 
1.00419 1.15544 0.86186 
1.00419 1.15544 0.86186 
0.99469 1.15544 0.870091 
1.01009 1.11826 0.885315 
1.02244 1.10811 0.882624 
0.987904 1.14686 0.882624 
1.02276 1.08193 0.903706 
1.04072 1.06326 0.903706 
1.04072 1.03874 0.925034 
1.07279 1.03874 0.897379 
1.03157 1.05194 0.921533 
1.03157 1.03893 0.933075 
1.02439 1.03893 0.93961 
1.00281 1.06129 0.93961 
0.981808 1.08399 0.93961 
0.971023 1.09603 0.93961 
0.93854 1.08051 0.986096 
0.937811 1.08652 0.981404 
0.947614 1.08652 0.971251 
0.947614 1.07435 0.982254 
0.947614 1.07435 0.982254 
0.984761 1.06952 0.949467 
0.998863 1.06952 0.936062 
0.998863 1.07729 0.929308 
0.998863 1.07539 0.930958 
1.01033 1.06318 0.930958 
1.03983 1.03302 0.930958 
1.03983 1.03302 0.930958 
1.00987 1.04492 0.947659 
1.01524 1.05474 0.933872 
1.01524 1.07773 0.913946 
0.991514 1.09669 0.919638 
0.991514 1.10383 0.913694 
0.971987 1.126 0.913694 
0.961328 1.13849 0.913694 
0.961328 1.13849 0.913694 
0.961328 1.13719 0.914734 
0.949686 1.14845 0.916873 
0.954317 1.12424 0.932067 
0.954317 1.12424 0.932067 
0.974388 1.09044 0.941164 
0.989239 1.09044 0.927035 
0.989239 1.09178 0.925895 
0.989239 1.09178 0.925895 
0.989239 1.09178 0.925895 
1.02593 1.09178 0.892778 
1.02593 1.08696 0.896744 
1.00184 1.11309 0.896744 
1.00663 1.11309 0.892479 
1.02892 1.0964 0.886442 
1.02672 1.09557 0.889008 
0.991805 1.13414 0.889008 
1.00346 1.15497 0.862839 
0.963704 1.15497 0.898435 
0.956098 1.16415 0.898435 
0.938989 1.18537 0.898435 
0.948454 1.18537 0.889469 
0.93132 1.19559 0.898087 
0.958326 1.1619 0.898087 
0.970345 1.1619 0.886962 
0.970345 1.1619 0.886962 
0.978398 1.15234 0.886962 
0.98562 1.13806 0.891506 
0.962461 1.16545 0.891506 
0.933617 1.16545 0.919049 
0.933617 1.16545 0.919049 
0.928288 1.17214 0.919049 
0.911538 1.17521 0.933491 
0.93188 1.16609 0.920255 
0.964426 1.15227 0.899861 
0.983945 1.12942 0.899861 
0.952021 1.15037 0.913093 
0.952021 1.15259 0.911337 
0.952021 1.15259 0.911337 
0.967821 1.15259 0.896458 
0.967821 1.19759 0.862772 
0.947039 1.19759 0.881704 
0.983612 1.18688 0.856581 
0.971905 1.20273 0.855478 
0.966187 1.20575 0.858387 
0.99832 1.20575 0.830758 
0.954198 1.22812 0.853337 
0.925692 1.22812 0.879615 
0.925692 1.22812 0.879615 
0.911899 1.22768 0.89324 
0.919202 1.21243 0.897291 
0.9311 1.19693 0.897291 
0.930183 1.16534 0.922526 
0.930183 1.16534 0.922526 
0.930183 1.16302 0.924368 
0.930755 1.16302 0.9238 
0.902802 1.16446 0.951226 
0.912995 1.15146 0.951226 
0.944541 1.15146 0.919457 
0.944541 1.15146 0.919457 
0.944541 1.1473 0.922789 
0.944541 1.13763 0.930632 
0.944541 1.13763 0.930632 
0.922171 1.13763 0.953207 
0.93747 1.14933 0.928104 
0.93747 1.14933 0.928104 
0.93747 1.15072 0.926988 
0.961327 1.14261 0.910395 
0.939375 1.14261 0.931669 
0.971892 1.11264 0.924758 
0.971892 1.12621 0.913612 
0.971892 1.12621 0.913612 
0.971892 1.12621 0.913612 
0.981243 1.12621 0.904905 
0.975643 1.15658 0.886205 
0.975643 1.15658 0.886205 
0.946619 1.19204 0.886205 
0.946619 1.19204 0.886205 
0.934964 1.19204 0.897252 
0.957278 1.16425 0.897252 
0.957278 1.16425 0.897252 
0.971442 1.16425 0.88417 
0.971442 1.16825 0.881146 
0.971442 1.16825 0.881146 
0.971442 1.16825 0.881146 
0.955866 1.16825 0.895503 
0.977862 1.14197 0.895503 
0.992991 1.12457 0.895503 
1.01459 1.12661 0.874855 
1.01459 1.12661 0.874855 
0.986958 1.15815 0.874855 
0.986022 1.15925 0.874855 
1.0224 1.11801 0.874855 
1.05893 1.07943 0.874855 
1.05893 1.09065 0.86586 
1.05095 1.09893 0.86586 
1.06069 1.09893 0.85791 
1.06069 1.09893 0.85791 
1.06069 1.09893 0.85791 
1.06467 1.11261 0.844193 
1.06467 1.11261 0.844193 
1.08952 1.11261 0.824941 
1.08952 1.11261 0.824941 
1.08952 1.09701 0.836676 
1.05879 1.12884 0.836676 
1.01853 1.12884 0.86975 
1.01853 1.12962 0.869149 
1.01853 1.13477 0.865204 
1.01853 1.13477 0.865204 
1.02483 1.13477 0.859882 
1.02483 1.13477 0.859882 
1.00188 1.13477 0.879579 
0.998474 1.13477 0.882581 
0.991649 1.13455 0.888832 
0.963751 1.16739 0.888832 
0.963751 1.16739 0.888832 
0.963751 1.16739 0.888832 
0.955731 1.17718 0.888832 
0.955731 1.17718 0.888832 
0.967533 1.17718 0.87799 
0.9757 1.17718 0.870641 
1.00679 1.14084 0.870641 
1.03442 1.14084 0.847386 
1.03442 1.14084 0.847386 
1.03442 1.14084 0.847386 
1.03442 1.14084 0.847386 
1.03442 1.14084 0.847386 
1.03442 1.16084 0.832783 
1.00986 1.17201 0.844903 
0.989767 1.1958 0.844903 
0.996976 1.15045 0.871864 
0.996976 1.15045 0.871864 
1.02914 1.15045 0.844619 
1.03727 1.14919 0.838912 
1.03727 1.14919 0.838912 
1.03727 1.14919 0.838912 
1.03086 1.15634 0.838912 
1.04031 1.16401 0.82581 
1.04031 1.15614 0.831436 
1.01821 1.15614 0.849484 
1.04182 1.12994 0.849484 
1.06686 1.12994 0.829546 
1.06686 1.12994 0.829546 
1.06686 1.12994 0.829546 
1.06751 1.12994 0.82904 
1.10541 1.09554 0.825753 
1.10541 1.10194 0.820959 
1.10541 1.10194 0.820959 
1.13286 1.07523 0.820959 
1.13286 1.07523 0.820959 
1.13286 1.07523 0.820959 
1.13238 1.07523 0.82131 
1.14151 1.06663 0.82131 
1.14528 1.06312 0.82131 
1.18336 1.06017 0.797094 
1.18855 1.06017 0.793611 
1.16377 1.06017 0.810508 
1.16593 1.06017 0.809009 
1.1506 1.06017 0.819787 
1.1506 1.06017 0.819787 
1.12497 1.08432 0.819787 
1.08518 1.12408 0.819787 
1.0963 1.12408 0.811471 
1.0963 1.12408 0.811471 
1.0963 1.13331 0.804862 
1.0963 1.12645 0.809769 
1.11537 1.12645 0.795924 
1.11537 1.12645 0.795924 
1.091 1.12645 0.813702 
1.091 1.12645 0.813702 
1.091 1.12645 0.813702 
1.08575 1.13189 0.813702 
1.08575 1.13189 0.813702 
1.11592 1.11691 0.802324 
1.07574 1.11691 0.832292 
1.07574 1.11691 0.832292 
1.07574 1.12027 0.829789 
1.06225 1.11769 0.842268 
1.03107 1.11769 0.867745 
1.03107 1.12634 0.861083 
1.0335 1.12368 0.861083 
1.0335 1.12368 0.861083 
1.036 1.1351 0.850367 
1.02505 1.12783 0.86499 
1.0552 1.12783 0.840275 
1.07004 1.12783 0.828617 
1.07004 1.12653 0.829574 
1.07004 1.11426 0.838713 
1.07004 1.11426 0.838713 
1.04294 1.1125 0.861871 
1.04294 1.09487 0.875746 
1.06181 1.07541 0.875746 
1.09445 1.07541 0.849636 
1.09445 1.07541 0.849636 
1.09373 1.07611 0.849636 
1.07126 1.09869 0.849636 
1.08747 1.09869 0.83697 
1.07684 1.09869 0.84523 
1.0469 1.09869 0.869405 
1.0469 1.09869 0.869405 
1.0469 1.09869 0.869405 
1.02193 1.12553 0.869405 
1.05692 1.12553 0.84062 
1.05803 1.12553 0.839739 
1.05803 1.14493 0.82551 
1.04284 1.15868 0.827595 
1.03898 1.16298 0.827595 
1.03898 1.16298 0.827595 
1.03898 1.16298 0.827595 
1.02952 1.17298 0.828085 
1.02952 1.17298 0.828085 
1.02952 1.17298 0.828085 
1.02286 1.17298 0.83347 
0.99574 1.18309 0.848862 
0.989124 1.1957 0.845527 
0.984542 1.20126 0.845527 
0.984542 1.20126 0.845527 
1.01478 1.16547 0.845527 
1.01478 1.16547 0.845527 
0.999546 1.16547 0.858414 
0.994316 1.16547 0.862929 
1.00192 1.16547 0.856376 
1.00273 1.16399 0.856773 
0.973019 1.19953 0.856773 
0.974658 1.19953 0.855333 
0.974658 1.19953 0.855333 
0.957093 1.19474 0.874524 
0.958231 1.19474 0.873485 
0.977964 1.19474 0.85586 
0.977964 1.19474 0.85586 
0.977964 1.19474 0.85586 
0.945455 1.19474 0.885289 
0.945455 1.19474 0.885289 
0.919203 1.15736 0.939985 
0.919203 1.15736 0.939985 
0.934301 1.13679 0.941524 
0.949541 1.11855 0.941524 
0.932363 1.13916 0.941524 
0.96115 1.10504 0.941524 
0.95827 1.10836 0.941524 
0.95827 1.10836 0.941524 
0.964156 1.08997 0.95156 
0.965622 1.08196 0.957157 
0.990168 1.08196 0.933429 
0.980104 1.09307 0.933429 
0.980104 1.1005 0.927128 
0.992396 1.08686 0.927128 
0.987226 1.09256 0.927128 
0.987226 1.09256 0.927128 
0.977773 1.10312 0.927128 
0.977773 1.10312 0.927128 
0.990433 1.10312 0.915277 
0.990433 1.10312 0.915277 
0.98773 1.10312 0.917781 
1.01525 1.07322 0.917781 
1.00332 1.08924 0.915032 
1.01201 1.07989 0.915032 
1.02215 1.07989 0.905951 
1.02161 1.06737 0.917065 
1.02161 1.06737 0.917065 
1.01901 1.0543 0.930802 
1.01901 1.0543 0.930802 
1.00919 1.05263 0.941351 
1.00919 1.07182 0.924497 
1.00919 1.07182 0.924497 
1.0276 1.04568 0.930627 
1.02687 1.03941 0.93691 
1.02687 1.03941 0.93691 
0.973937 1.06356 0.9654 
0.978287 1.06356 0.961107 
0.978287 1.07584 0.950136 
0.978287 1.08827 0.939286 
0.978287 1.08827 0.939286 
0.978287 1.08827 0.939286 
0.963425 1.08827 0.953776 
0.963425 1.0756 0.96501 
0.963425 1.07918 0.961806 
0.963425 1.07918 0.961806 
0.983627 1.11159 0.914587 
0.983627 1.11159 0.914587 
0.983627 1.11159 0.914587 
0.983627 1.09944 0.924693 
0.978054 1.10571 0.924693 
0.978054 1.10571 0.924693 
0.978054 1.10571 0.924693 
0.980642 1.10571 0.922252 
0.992523 1.09834 0.917322 
0.962001 1.13319 0.917322 
0.962001 1.12321 0.925469 
0.962001 1.11555 0.931827 
0.932382 1.11555 0.961429 
0.932382 1.12085 0.956886 
0.932382 1.12085 0.956886 
0.932382 1.12085 0.956886 
0.962232 1.09428 0.949708 
0.952287 1.10571 0.949708 
0.952287 1.11308 0.94342 
0.952287 1.11308 0.94342 
0.952287 1.11308 0.94342 
0.974546 1.11308 0.921872 
0.960555 1.11308 0.9353 
0.960555 1.11308 0.9353 
0.964985 1.10797 0.9353 
0.951064 1.12419 0.9353 
0.966699 1.10061 0.939886 
0.974232 1.0921 0.939886 
0.974232 1.0921 0.939886 
0.974232 1.0921 0.939886 
0.995086 1.08798 0.923672 
1.02968 1.08798 0.89264 
1.05217 1.08798 0.873556 
1.05217 1.05813 0.898201 
1.05217 1.05813 0.898201 
1.04265 1.0678 0.898201 
1.04265 1.0678 0.898201 
1.01602 1.09579 0.898201 
1.01602 1.06766 0.92186 
1.01602 1.06766 0.92186 
1.01602 1.06766 0.92186 
0.985069 1.06766 0.950822 
0.99284 1.05931 0.950822 
0.99284 1.06681 0.94413 
1.00614 1.05271 0.94413 
1.00534 1.05355 0.94413 
1.00706 1.05175 0.94413 
1.00706 1.04288 0.952155 
0.975136 1.04288 0.983328 
1.0084 1.06382 0.93218 
0.98536 1.08869 0.93218 
0.981487 1.09299 0.93218 
1.00422 1.08165 0.920632 
1.00313 1.08282 0.920632 
1.03422 1.05027 0.920632 
1.06695 1.01805 0.920632 
1.09192 1.01805 0.899581 
1.09192 1.01805 0.899581 
1.09192 1.01805 0.899581 
1.12967 0.985432 0.8983 
1.12583 0.985432 0.901362 
1.15347 0.961823 0.901362 
1.1295 0.964777 0.917671 
1.09686 0.993486 0.917671 
1.09686 0.993486 0.917671 
1.06898 0.993486 0.941601 
1.07257 0.990162 0.941601 
1.10267 0.97692 0.928313 
1.10267 0.97692 0.928313 
1.10101 0.978394 0.928313 
1.10101 0.98245 0.92448 
1.10101 0.98245 0.92448 
1.1101 0.97441 0.92448 
1.1101 0.97441 0.92448 
1.08561 0.972529 0.94716 
1.08561 0.972529 0.94716 
1.05618 0.999624 0.94716 
1.04202 1.01321 0.94716 
1.04202 1.01321 0.94716 
1.04884 0.97642 0.976458 
1.04544 1.00259 0.95406 
1.02207 1.02552 0.95406 
1.04896 0.999231 0.95406 
1.09084 0.999231 0.917435 
1.0685 0.987504 0.947734 
1.08323 0.973087 0.948701 
1.09618 0.964224 0.946111 
1.09618 0.978501 0.932307 
1.10498 0.970703 0.932307 
1.08099 1.00024 0.924855 
1.08099 1.00206 0.923169 
1.04177 1.00206 0.95793 
1.04177 1.00749 0.952774 
1.00306 1.04519 0.953843 
0.990501 1.02257 0.987305 
1.03248 0.981 0.987305 
1.03336 0.99412 0.973436 
1.00802 0.99412 0.997916 
1.01328 0.983843 1.00311 
1.05072 0.948778 1.00311 
1.02483 0.943455 1.03425 
1.02483 0.973096 1.00275 
1.04623 0.953192 1.00275 
1.04623 0.953192 1.00275 
1.04623 0.953192 1.00275 
1.04308 0.953192 1.00578 
1.03543 0.953782 1.01258 
1.03126 0.988608 0.980863 
1.03126 0.988608 0.980863 
0.999563 0.996709 1.00374 
0.999563 0.996709 1.00374 
0.993044 0.996709 1.01033 
1.00556 0.984304 1.01033 
0.99384 0.995911 1.01033 
0.99384 0.984416 1.02213 
1.02669 0.984416 0.989423 
1.0282 0.984416 0.987968 
1.0513 0.984416 0.966258 
1.01151 1.02314 0.966258 
1.00749 1.02314 0.970116 
1.00749 1.02314 0.970116 
1.00749 1.02314 0.970116 
1.02688 1.00382 0.970116 
1.02257 1.00382 0.97421 
1.02257 1.01907 0.959629 
1.00613 1.03573 0.959629 
1.00613 1.03573 0.959629 
1.00613 1.06035 0.937343 
1.02761 1.03818 0.937343 
1.039 1.0268 0.937343 
1.077 0.989678 0.938193 
1.077 0.989678 0.938193 
1.05559 0.989678 0.957222 
1.05559 0.991852 0.955124 
1.05559 0.991852 0.955124 
1.05559 0.991852 0.955124 
1.03662 1.01 0.955124 
1.03134 1.01517 0.955124 
1.02073 1.02808 0.952938 
1.0155 1.0136 0.971532 
0.985436 1.0136 1.00117 
0.985436 1.0136 1.00117 
0.985436 1.0136 1.00117 
1.01512 1.0136 0.971891 
0.998193 1.03078 0.971891 
0.998193 1.03078 0.971891 
1.01074 1.01799 0.971891 
1.01074 1.02269 0.967421 
1.01074 1.02269 0.967421 
1.03637 0.997397 0.967421 
1.03637 0.997397 0.967421 
1.04202 1.00979 0.950367 
1.0821 0.97582 0.947031 
1.10575 0.97582 0.92677 
1.11805 0.943482 0.947994 
1.11805 0.943482 0.947994 
1.12073 0.943482 0.945727 
1.12073 0.949251 0.939979 
1.08425 0.979329 0.94176 
1.06477 0.997252 0.94176 
1.06248 0.999399 0.94176 
1.05101 1.01031 0.94176 
1.05101 1.02039 0.932452 
1.06386 1.00806 0.932452 
1.06386 1.0155 0.92562 
1.06386 1.0155 0.92562 
1.04801 1.03086 0.92562 
1.06716 1.03086 0.909015 
1.06716 1.03086 0.909015 
1.05913 1.03868 0.909015 
1.05913 1.03868 0.909015 
1.0777 1.03868 0.893346 
1.0777 1.03868 0.893346 
1.0777 1.03868 0.893346 
1.0777 1.03868 0.893346 
1.0777 1.03868 0.893346 
1.0795 1.03695 0.893346 
1.0795 1.03695 0.893346 
1.07747 1.03891 0.893346 
1.07747 1.03891 0.893346 
1.0799 1.03891 0.891334 
1.0799 1.03891 0.891334 
1.0799 1.03891 0.891334 
1.08195 1.03891 0.889646 
1.08195 1.03891 0.889646 
1.06533 1.05511 0.889646 
1.0988 1.05511 0.862552 
1.0988 1.04495 0.870941 
1.08729 1.056 0.870941 
1.06596 1.056 0.888372 
1.06596 1.056 0.888372 
1.07106 1.08201 0.862894 
1.06233 1.0909 0.862894 
1.06233 1.09581 0.859026 
1.06233 1.09581 0.859026 
1.06233 1.09581 0.859026 
1.04453 1.10938 0.862972 
1.04453 1.10938 0.862972 
1.05901 1.10938 0.851175 
1.04267 1.10938 0.864517 
1.04267 1.11915 0.85697 
0.988706 1.15222 0.877802 
1.04046 1.13738 0.845021 
1.03307 1.14552 0.845021 
1.03307 1.14552 0.845021 
1.03307 1.14552 0.845021 
1.02326 1.14552 0.853124 
1.03636 1.14552 0.842337 
1.0517 1.14552 0.830051 
1.0532 1.14389 0.830051 
1.05268 1.14446 0.830051 
1.06448 1.14446 0.820842 
1.06448 1.14446 0.820842 
1.08693 1.14446 0.803894 
1.08693 1.14446 0.803894 
1.117 1.0821 0.827333 
1.117 1.0821 0.827333 
1.117 1.0821 0.827333 
1.14019 1.0821 0.810503 
1.14019 1.08354 0.809428 
1.12045 1.08354 0.823685 
1.12045 1.08354 0.823685 
1.12045 1.08354 0.823685 
1.13179 1.06648 0.828479 
1.14939 1.05015 0.828479 
1.11809 1.07882 0.829038 
1.16282 1.07882 0.797153 
1.12953 1.04848 0.844389 
1.12953 1.06933 0.827923 
1.13964 1.06495 0.823957 
1.11274 1.06495 0.843873 
1.13468 1.04436 0.843873 
1.13468 1.03701 0.849853 
1.07457 1.09502 0.849853 
1.07457 1.07368 0.86674 
1.05528 1.09331 0.86674 
1.06393 1.09331 0.859693 
1.06393 1.15363 0.814741 
1.03163 1.15363 0.840248 
1.04322 1.14082 0.840248 
1.05092 1.13353 0.839452 
1.05456 1.11879 0.847583 
1.05456 1.11879 0.847583 
1.05456 1.11879 0.847583 
1.02396 1.11326 0.877245 
0.997011 1.11326 0.900958 
1.0227 1.0853 0.900958 
1.00787 1.0853 0.914208 
1.00633 1.08696 0.914208 
0.992908 1.10237 0.913615 
0.992908 1.10237 0.913615 
0.975873 1.10237 0.929564 
0.943173 1.14059 0.929564 
0.94927 1.14059 0.923593 
0.979787 1.10507 0.923593 
1.01142 1.10507 0.89471 
1.01142 1.10507 0.89471 
0.972674 1.14467 0.898157 
0.961315 1.16129 0.89576 
0.941938 1.19623 0.887486 
0.965157 1.19623 0.866136 
0.965157 1.19623 0.866136 
0.965157 1.17267 0.883544 
0.967277 1.17009 0.883544 
0.988773 1.15818 0.873229 
0.988773 1.15818 0.873229 
1.01989 1.12285 0.873229 
1.00814 1.11625 0.888626 
1.0425 1.1218 0.855081 
1.0603 1.1218 0.840727 
1.05214 1.1061 0.859273 
1.03589 1.12346 0.859273 
0.996395 1.13109 0.887303 
1.02197 1.10325 0.886929 
1.02197 1.10325 0.886929 
1.03252 1.08465 0.892924 
1.03252 1.09473 0.884703 
1.03252 1.1137 0.869628 
1.05599 1.08895 0.869628 
1.03216 1.11409 0.869628 
1.02222 1.09773 0.891172 
1.05873 1.06137 0.889918 
1.05862 1.06148 0.889918 
1.06272 1.06148 0.886483 
1.06272 1.04593 0.899666 
1.06251 1.0869 0.865916 
1.04081 1.11776 0.859568 
1.04081 1.1106 0.865108 
1.0186 1.10359 0.889588 
1.0186 1.10359 0.889588 
1.0492 1.08312 0.879968 
1.04274 1.08903 0.880605 
1.03649 1.07615 0.896526 
1.05806 1.07615 0.878251 
1.02271 1.07615 0.908605 
1.01554 1.08374 0.908605 
1.01849 1.09151 0.899531 
1.01086 1.09151 0.906317 
1.0191 1.08269 0.906317 
1.0233 1.07397 0.909918 
1.0233 1.04286 0.937061 
1.02418 1.04197 0.937061 
1.02418 1.04617 0.933301 
0.970579 1.06583 0.966676 
0.963576 1.06583 0.973702 
0.966798 1.06583 0.970457 
0.966798 1.06583 0.970457 
0.966798 1.10914 0.932564 
0.939317 1.14159 0.932564 
0.939317 1.14159 0.932564 
0.962749 1.10668 0.938566 
0.985031 1.11916 0.90711 
0.985031 1.11916 0.90711 
0.97258 1.13348 0.90711 
0.973809 1.13205 0.90711 
0.973809 1.13205 0.90711 
0.949903 1.16054 0.90711 
0.949903 1.18317 0.889759 
0.973742 1.15753 0.887203 
0.960016 1.15753 0.899888 
0.960016 1.16017 0.897844 
0.960016 1.14351 0.910926 
0.960016 1.14351 0.910926 
0.962069 1.14351 0.908982 
0.962069 1.14351 0.908982 
0.932702 1.16386 0.921202 
0.932702 1.16386 0.921202 
0.90393 1.20091 0.921202 
0.884088 1.20779 0.936512 
0.884088 1.20779 0.936512 
0.87028 1.22695 0.936512 
0.874859 1.22695 0.93161 
0.854305 1.27743 0.916324 
0.844846 1.29173 0.916324 
0.844846 1.34146 0.882359 
0.844846 1.34146 0.882359 
0.836561 1.35474 0.882359 
0.836561 1.35474 0.882359 
0.85135 1.33121 0.882359 
0.880881 1.28658 0.882359 
0.902338 1.28834 0.8602 
0.908634 1.27941 0.8602 
0.898883 1.23622 0.899915 
0.918069 1.21038 0.899915 
0.943816 1.19476 0.886817 
0.908285 1.2399 0.887959 
0.92623 1.2399 0.870755 
0.92623 1.18758 0.909111 
0.92623 1.18758 0.909111 
0.92623 1.18758 0.909111 
0.930374 1.18758 0.905062 
0.930374 1.18758 0.905062 
0.938308 1.18758 0.897409 
0.944429 1.18758 0.891592 
0.936664 1.19743 0.891592 
0.930765 1.21243 0.886141 
0.952064 1.21243 0.866317 
0.952064 1.21243 0.866317 
0.952064 1.21243 0.866317 
0.952064 1.21243 0.866317 
0.947453 1.21243 0.870533 
0.947453 1.20282 0.877486 
0.947453 1.19389 0.884051 
0.947453 1.19389 0.884051 
0.947453 1.19389 0.884051 
0.957158 1.18179 0.884051 
0.982781 1.15097 0.884051 
0.982781 1.1664 0.872361 
0.987243 1.16328 0.870743 
0.983383 1.16328 0.874161 
0.983383 1.16328 0.874161 
0.972029 1.16328 0.884371 
0.972029 1.14171 0.90108 
0.956427 1.14171 0.915779 
0.948252 1.15156 0.915779 
0.945609 1.15156 0.918339 
0.945609 1.15908 0.912376 
0.963775 1.15908 0.895179 
0.96225 1.15908 0.896598 
0.969212 1.15076 0.896598 
0.969212 1.15076 0.896598 
0.937275 1.18997 0.896598 
0.963926 1.17031 0.886451 
0.972222 1.16033 0.886451 
0.984909 1.17067 0.867297 
0.966176 1.16342 0.889629 
0.956769 1.16342 0.898376 
0.96004 1.15221 0.904019 
0.942882 1.17318 0.904019 
0.980057 1.17318 0.869727 
1.01648 1.17318 0.838562 
1.01648 1.17318 0.838562 
0.977895 1.17318 0.87165 
0.98082 1.16968 0.87165 
0.98082 1.19313 0.854522 
0.98082 1.19313 0.854522 
0.95269 1.19313 0.879753 
0.989031 1.14929 0.879753 
1.01244 1.12272 0.879753 
1.0198 1.11461 0.879753 
1.0198 1.09927 0.892028 
1.0198 1.08753 0.901654 
1.0198 1.08753 0.901654 
1.0198 1.11198 0.881832 
1.0198 1.13297 0.865494 
1.0331 1.11839 0.865494 
1.0331 1.11543 0.867787 
0.985798 1.13229 0.895891 
0.956989 1.13229 0.922861 
0.959467 1.13229 0.920477 
0.959467 1.13789 0.915942 
0.959467 1.13789 0.915942 
0.96984 1.13387 0.909361 
0.943547 1.16547 0.909361 
0.937362 1.17316 0.909361 
0.937362 1.17316 0.909361 
0.937362 1.1611 0.918802 
0.921601 1.1466 0.946337 
0.922891 1.145 0.946337 
0.922891 1.145 0.946337 
0.922891 1.145 0.946337 
0.910202 1.15062 0.954838 
0.92352 1.15062 0.94107 
0.88659 1.16805 0.965637 
0.912054 1.13544 0.965637 
0.912054 1.13544 0.965637 
0.890714 1.16265 0.965637 
0.888126 1.16265 0.968451 
0.908494 1.1622 0.947103 
0.937245 1.1622 0.91805 
0.937245 1.1622 0.91805 
0.951307 1.1622 0.90448 
0.960105 1.18373 0.87989 
0.964144 1.19045 0.87126 
0.960792 1.1484 0.906314 
0.982729 1.12276 0.906314 
0.966782 1.14128 0.906314 
0.966782 1.14128 0.906314 
0.961072 1.14128 0.911699 
0.961072 1.14128 0.911699 
0.961072 1.14128 0.911699 
0.982728 1.14128 0.891608 
0.982728 1.14128 0.891608 
0.982728 1.12811 0.90202 
