1.05021 1.00106 0.951188 
1.06574 0.952691 0.984906 
1.09974 0.873214 1.04133 
1.1277 0.891194 0.995021 
1.14879 0.897462 0.969932 
1.17661 0.837622 1.01466 
1.17518 0.885249 0.961238 
1.25587 0.919306 0.866152 
1.11427 1.01629 0.883068 
1.10629 0.938104 0.963562 
1.11061 0.967125 0.931016 
1.06641 0.977015 0.959784 
1.06594 0.940597 0.997383 
1.02135 0.88828 1.10224 
0.980153 0.921355 1.10734 
1.1044 0.923611 0.980356 
1.03081 0.956869 1.01384 
0.97511 0.940453 1.09046 
0.998413 0.989771 1.01194 
1.04933 0.947906 1.00536 
1.02311 0.952219 1.02645 
1.04774 0.967045 0.986963 
1.03922 0.970047 0.991969 
1.09137 0.961798 0.952675 
0.998898 0.999709 1.0014 
0.994591 1.11616 0.900799 
1.03874 1.01471 0.948746 
1.082 1.02203 0.904295 
1.03165 1.06142 0.913236 
1.06711 1.08352 0.864879 
1.06149 1.06536 0.884273 
1.06851 1.01279 0.924058 
1.01774 1.05579 0.930645 
1.04735 1.01739 0.938471 
1.03207 1.01625 0.953439 
0.960331 1.00728 1.03378 
0.92732 1.05591 1.02127 
1.00286 1.01435 0.983046 
0.977118 1.0963 0.933516 
0.915883 1.13799 0.959444 
0.975439 1.03539 0.990143 
1.00735 1.09755 0.904471 
0.96238 1.05664 0.983394 
0.983029 1.03191 0.985805 
1.01457 0.938059 1.05072 
1.0249 1.00002 0.975684 
1.03637 0.982557 0.982033 
1.00798 1.08188 0.916998 
0.954601 1.09723 0.954732 
0.908054 1.11032 0.991838 
0.873513 1.13868 1.00537 
0.881505 1.18251 0.959336 
0.866209 1.24822 0.924885 
0.841626 1.23357 0.963198 
0.905978 1.17895 0.93624 
0.997558 1.15148 0.870572 
1.02215 1.1511 0.849907 
1.05337 1.10687 0.857674 
1.00043 1.07231 0.932167 
1.0711 1.06439 0.877146 
1.06231 1.08515 0.867477 
1.05604 1.08493 0.872803 
0.97955 1.1446 0.891904 
0.92993 1.18611 0.906616 
0.917553 1.18058 0.923156 
0.922667 1.11915 0.968426 
0.953609 1.1259 0.931386 
0.9791 1.12772 0.905671 
1.08428 1.06314 0.8675 
1.02005 1.0571 0.927395 
1.06921 1.00984 0.926149 
1.07846 0.935158 0.991541 
1.07425 0.916504 1.01569 
1.09702 0.963978 0.945625 
1.04787 1.02025 0.935384 
1.03447 1.02726 0.941027 
0.969377 1.01842 1.01293 
1.00768 1.04999 0.945137 
1.07929 1.01568 0.912232 
1.19054 0.956333 0.878306 
1.09804 0.954494 0.954133 
1.07509 1.02264 0.909557 
1.05337 1.00044 0.948919 
0.995753 1.06062 0.946869 
1.11576 1.05759 0.84745 
1.03237 1.07427 0.901675 
0.950547 1.07123 0.98207 
0.958921 1.06457 0.979587 
0.994806 1.09118 0.921226 
1.01376 1.15038 0.857474 
1.0477 1.11688 0.854587 
1.03911 1.02135 0.942241 
1.00463 1.06958 0.930642 
1.04592 1.02048 0.936905 
1.09123 1.071 0.855642 
0.979018 1.11074 0.919597 
0.942635 1.17588 0.90218 
0.99654 1.13499 0.884124 
1.00576 1.18337 0.840205 
1.08375 1.12644 0.819147 
1.03843 1.09523 0.879256 
0.996846 1.12442 0.892161 
1.02421 1.11597 0.874903 
1.04189 1.11564 0.86031 
1.13116 1.03459 0.854488 
1.09735 1.0569 0.862225 
1.0235 1.14322 0.854645 
1.03353 1.08831 0.889043 
1.07526 1.0839 0.85802 
1.10171 1.01992 0.889952 
1.13769 0.943789 0.931324 
1.11869 0.954022 0.936988 
1.08028 1.00234 0.923522 
1.03818 0.991696 0.971292 
1.06377 1.05199 0.893601 
1.05495 1.07089 0.885167 
1.0341 1.14243 0.846461 
1.03462 1.14339 0.845327 
1.09056 1.10762 0.827864 
1.06952 1.03597 0.902533 
1.04255 1.04206 0.920471 
1.03981 1.01741 0.945258 
1.00818 1.07759 0.920466 
1.02596 1.02969 0.94659 
1.04041 0.994556 0.966425 
1.07887 0.947788 0.977953 
1.09507 0.937904 0.973644 
1.06715 0.945751 0.990826 
1.06751 0.958649 0.97717 
0.996682 1.10297 0.909659 
0.967305 1.08052 0.956765 
0.964349 1.08114 0.959141 
0.915858 1.16691 0.935692 
1.02529 1.10813 0.880164 
0.954151 1.099 0.953637 
0.937775 1.10501 0.965022 
0.973802 1.05852 0.970133 
0.944183 1.06164 0.997623 
0.894201 1.11718 1.00101 
0.893702 1.05209 1.06354 
0.91445 1.0209 1.07116 
0.930478 1.0425 1.03091 
0.862548 1.07895 1.07452 
0.908211 1.03719 1.06158 
0.992904 0.996772 1.01041 
0.971696 1.0062 1.02279 
1.00046 1.07891 0.926439 
0.952604 1.08234 0.969891 
1.02634 1.02248 0.95291 
0.979772 1.05483 0.96759 
1.02735 1.02209 0.952336 
1.06763 0.961781 0.973875 
1.01361 1.01161 0.975248 
0.985709 1.00312 1.01135 
1.01241 1.03006 0.958915 
1.06535 1.03472 0.907166 
1.01788 1.1213 0.876151 
0.971778 1.11065 0.926521 
0.988249 1.09374 0.925169 
0.973027 1.14446 0.897998 
0.94834 1.12793 0.934878 
0.969771 1.10653 0.931897 
0.983223 1.09954 0.924989 
0.996778 1.02912 0.974847 
0.937044 1.11437 0.957662 
0.942185 1.15449 0.919333 
0.952534 1.14036 0.920613 
0.991343 1.0378 0.971991 
1.04358 1.06398 0.900622 
0.972283 1.02933 0.999197 
0.948775 1.09537 0.96222 
0.946367 1.08325 0.975461 
0.997367 1.09657 0.914344 
0.958097 1.11554 0.935634 
1.00507 1.09029 0.912553 
1.03495 1.06342 0.908602 
0.995319 1.16132 0.865138 
0.958085 1.15047 0.907238 
1.02098 1.09331 0.895857 
1.01158 1.0165 0.972506 
1.02798 1.02547 0.948622 
1.04053 1.05088 0.914512 
1.04101 1.08503 0.885325 
0.953956 1.13015 0.927543 
0.968549 1.12201 0.920195 
0.914235 1.18851 0.920319 
0.982026 1.15007 0.885426 
0.97853 1.11533 0.916267 
0.989922 1.10884 0.911025 
1.02482 1.12361 0.868434 
1.01601 1.07746 0.913487 
0.975498 1.02973 0.995524 
0.929404 1.01641 1.05858 
0.953932 1.02095 1.02678 
0.957803 1.01113 1.03257 
1.05156 0.936399 1.01556 
1.04802 0.991659 0.962204 
1.06431 0.964295 0.974363 
1.03995 0.982386 0.978827 
1.04306 0.995645 0.962913 
1.03061 1.04297 0.93033 
1.02917 1.02937 0.943936 
1.00703 1.02203 0.971615 
1.02253 1.03994 0.940407 
1.02302 1.08428 0.901522 
0.981388 1.13242 0.899808 
0.966578 1.15016 0.899506 
0.979208 1.14103 0.895013 
1.02321 1.1579 0.844043 
1.05077 1.0812 0.880209 
0.998441 1.02329 0.978762 
1.07506 1.00128 0.928985 
1.09011 0.959988 0.955576 
1.13717 0.997295 0.88176 
1.11965 0.996199 0.896545 
1.17741 0.962413 0.882491 
1.11012 0.996936 0.90357 
1.10213 1.00459 0.903185 
1.01083 1.06415 0.929649 
1.01874 1.08543 0.90435 
1.0174 1.06389 0.923874 
1.03216 1.01291 0.956488 
0.990538 0.994337 1.0153 
1.01117 1.02355 0.966191 
0.962962 1.04542 0.993347 
0.994639 1.1005 0.91358 
1.069 1.12728 0.829829 
1.05962 1.08103 0.872995 
1.06067 1.05418 0.894352 
0.999257 0.999475 1.00127 
1.02306 1.00773 0.969961 
1.02882 1.01333 0.959203 
1.0157 1.01856 0.96661 
1.10338 1.02142 0.887304 
1.08757 1.12327 0.81857 
1.08512 1.16049 0.79411 
1.04976 1.1165 0.853203 
1.13169 1.04805 0.843128 
1.12078 1.02851 0.867501 
1.14201 1.06691 0.820733 
1.11084 1.04182 0.864084 
1.07119 0.961522 0.970902 
0.99022 0.944927 1.06873 
1.09403 0.906299 1.00855 
1.13639 0.939675 0.936476 
1.09112 0.967815 0.946971 
1.08549 0.97322 0.946593 
1.0404 0.95802 1.00328 
1.06745 0.985934 0.950173 
1.06828 0.99311 0.942581 
1.12378 0.996538 0.892944 
1.04585 1.03291 0.925699 
1.03087 1.03871 0.933899 
0.992661 1.10266 0.9136 
0.925162 1.15255 0.937826 
0.957248 1.19977 0.870718 
0.987459 1.06881 0.947499 
0.922216 1.06127 1.02174 
1.03101 1.02447 0.946759 
1.01559 1.04244 0.944559 
1.11008 0.994734 0.905603 
1.01199 1.0163 0.972301 
1.01725 1.09777 0.89549 
1.01367 1.09343 0.902227 
1.08598 1.03191 0.892348 
1.07283 1.03351 0.901898 
1.03334 1.07606 0.899334 
1.11703 1.06241 0.842643 
1.14014 1.08912 0.805317 
1.02018 1.14017 0.859713 
1.00553 1.15791 0.85888 
0.961527 1.17009 0.888829 
1.02429 1.12226 0.869935 
1.06225 1.07559 0.875233 
1.01649 1.09251 0.900477 
0.981812 1.09173 0.932947 
0.978366 1.10726 0.923102 
1.02869 1.0315 0.942424 
1.02376 1.05162 0.928843 
0.985933 1.04358 0.971909 
0.979153 1.10889 0.921001 
1.04194 1.02576 0.935638 
1.02433 1.05944 0.921478 
0.960202 1.06881 0.974397 
1.05058 1.01667 0.936243 
1.00999 0.994578 0.995508 
1.00658 1.03709 0.957934 
0.994555 1.08197 0.929302 
0.97977 1.18023 0.864788 
0.994454 1.13323 0.887354 
0.958545 1.11904 0.93227 
0.925489 1.10332 0.979325 
0.932598 1.0383 1.03272 
0.952668 0.972592 1.07926 
0.914712 1.05556 1.0357 
0.913412 1.09134 1.00317 
0.929508 1.13135 0.950929 
0.948238 1.16146 0.907986 
0.955148 1.17724 0.889329 
1.03383 1.15082 0.840512 
1.00348 1.13744 0.876113 
1.07019 1.10749 0.843725 
1.09032 1.10148 0.832664 
1.05719 1.09702 0.862246 
0.972989 1.06928 0.961168 
0.922743 1.04976 1.03236 
0.923667 1.09786 0.986142 
0.955676 1.14322 0.915295 
0.968363 1.15852 0.891372 
1.00063 1.09165 0.915467 
1.0181 1.11017 0.884749 
0.957104 1.22015 0.8563 
0.973596 1.22201 0.840519 
1.06421 1.15259 0.815261 
1.08901 1.06647 0.861033 
1.07759 1.07944 0.859704 
0.9988 1.11797 0.895552 
0.976216 1.20865 0.847527 
1.02286 1.12346 0.870216 
0.964506 1.16069 0.893261 
0.969025 1.1703 0.881797 
0.998234 1.16089 0.862933 
1.09201 1.10465 0.828988 
1.09304 1.07272 0.852859 
1.07955 1.0888 0.850762 
0.92875 1.20679 0.892212 
0.893454 1.25574 0.89131 
0.937294 1.24635 0.856017 
1.02505 1.16255 0.839158 
0.928607 1.2302 0.875372 
0.930416 1.21737 0.88288 
1.01163 1.16939 0.845318 
1.10471 1.11046 0.815167 
1.0644 1.1479 0.818444 
1.10139 1.20574 0.753017 
1.0179 1.22076 0.804757 
1.01016 1.12902 0.876815 
0.971213 1.10912 0.92834 
0.951391 1.17774 0.892469 
0.992672 1.11047 0.907169 
1.02988 1.13745 0.853645 
1.02785 1.16102 0.837976 
1.05803 1.00897 0.936747 
1.03975 1.03911 0.925567 
1.01926 1.02327 0.958793 
0.903378 1.10147 1.00498 
0.89919 1.1169 0.995713 
0.941609 1.13787 0.933332 
0.918345 1.17806 0.924332 
0.968747 1.15616 0.892836 
0.95228 1.15875 0.906247 
0.918829 1.1597 0.938464 
0.990005 1.06016 0.952776 
1.01649 1.05523 0.932289 
0.977057 1.12642 0.908616 
1.00369 1.119 0.890363 
0.99235 1.09506 0.920232 
1.03679 1.09316 0.882319 
1.02368 1.09086 0.895506 
1.01753 1.17082 0.839388 
0.999862 1.23884 0.807315 
1.0277 1.23382 0.788642 
1.00074 1.23931 0.8063 
1.00446 1.13242 0.879146 
0.992398 1.20899 0.833475 
0.990665 1.29069 0.782083 
0.982208 1.24704 0.816423 
0.954107 1.30777 0.801444 
0.930959 1.33111 0.806966 
0.914768 1.38888 0.787091 
0.985769 1.2297 0.824946 
0.965952 1.25219 0.826749 
1.0453 1.14984 0.831997 
0.989314 1.25333 0.806493 
1.03087 1.21313 0.799626 
1.07113 1.13396 0.8233 
1.03827 1.15632 0.832934 
1.04478 1.09796 0.871741 
0.991779 1.16107 0.868415 
0.948653 1.16934 0.901473 
0.9567 1.25286 0.834298 
0.897265 1.34463 0.828854 
0.938121 1.31438 0.811002 
0.937927 1.30641 0.816114 
0.891177 1.25056 0.897285 
0.875162 1.36344 0.838059 
0.890866 1.22746 0.91449 
0.886438 1.23818 0.911104 
0.844002 1.29601 0.914213 
0.799668 1.33702 0.935305 
0.801731 1.39852 0.891874 
0.894558 1.19044 0.939036 
0.895296 1.19366 0.935731 
0.912198 1.2777 0.85799 
0.917205 1.23767 0.880904 
0.929803 1.23929 0.867832 
0.929338 1.29549 0.830602 
0.933761 1.28613 0.832684 
1.01413 1.14877 0.858367 
0.941443 1.2662 0.838888 
0.960148 1.20637 0.863336 
0.963834 1.24353 0.834335 
1.01307 1.19163 0.828359 
0.944524 1.21996 0.867842 
1.02284 1.15411 0.847117 
1.02758 1.13812 0.855061 
1.0654 1.11745 0.839964 
1.02814 1.16434 0.835348 
0.905721 1.18913 0.928486 
0.987955 1.16872 0.866069 
0.970365 1.17123 0.879877 
1.03197 1.22474 0.791206 
1.02231 1.19825 0.816335 
1.01883 1.06971 0.917553 
0.995368 1.10835 0.90644 
1.01499 1.07474 0.916718 
0.996151 1.04795 0.957931 
0.915949 1.10868 0.984745 
0.939369 1.15767 0.919561 
0.952347 1.17355 0.89475 
0.951816 1.12834 0.931123 
0.958515 1.23652 0.84372 
1.00479 1.23683 0.804666 
0.946007 1.24364 0.849983 
0.957566 1.20327 0.867896 
0.977624 1.13512 0.90113 
0.992436 1.1188 0.900627 
0.986087 1.15419 0.878636 
0.986248 1.17263 0.864674 
0.945408 1.17417 0.900842 
0.929255 1.16045 0.927342 
0.906642 1.23321 0.894388 
0.926465 1.30489 0.827177 
0.913648 1.26913 0.862413 
0.954277 1.23073 0.851454 
0.998265 1.17704 0.851065 
1.00958 1.15205 0.859781 
1.01127 1.18455 0.834794 
0.903884 1.26059 0.877637 
0.923841 1.19087 0.908947 
0.906594 1.17881 0.935711 
0.924999 1.2757 0.847445 
0.970336 1.29852 0.793647 
1.00481 1.29197 0.770305 
0.934965 1.29021 0.828983 
0.891965 1.31863 0.850218 
0.928167 1.31118 0.821699 
0.931069 1.20836 0.888836 
1.02375 1.09277 0.893874 
0.991957 1.13378 0.889155 
0.930317 1.15858 0.927772 
0.902141 1.13227 0.978988 
0.964468 1.09935 0.943139 
1.02093 1.0853 0.902511 
1.0663 1.04089 0.900973 
1.00642 1.10586 0.898509 
1.02639 1.121 0.869128 
1.04939 1.02265 0.931825 
1.03378 1.08982 0.887598 
1.01578 1.07177 0.918541 
0.997362 1.14612 0.87482 
0.988938 1.12111 0.901947 
0.938332 1.17897 0.90394 
0.981873 1.10613 0.920739 
0.937225 1.01365 1.05261 
0.967847 1.02593 1.00711 
0.959779 1.11065 0.938102 
1.0311 1.04012 0.932433 
1.0622 1.10713 0.850346 
1.04377 1.01158 0.947098 
0.996438 1.07288 0.935403 
0.974403 1.02443 1.0018 
0.96141 1.08576 0.957985 
0.998683 1.08248 0.92502 
1.06232 1.02344 0.919772 
1.06615 0.977224 0.959814 
1.18101 0.959212 0.88274 
1.09181 1.01863 0.899154 
0.967379 1.13112 0.913888 
1.05092 1.01421 0.938212 
0.981899 1.06245 0.958575 
1.00422 1.04867 0.94958 
0.954644 1.09128 0.959896 
1.0077 1.03608 0.957797 
0.943909 1.10321 0.960308 
0.955437 1.06319 0.984438 
1.02892 1.08388 0.896679 
1.05287 1.03256 0.919837 
1.03579 1.094 0.882493 
1.02351 1.05648 0.924793 
0.93071 1.06313 1.01065 
0.915958 1.1239 0.971398 
0.982897 1.10241 0.922888 
1.00091 1.15512 0.864925 
0.912542 1.07987 1.01479 
0.909218 1.06358 1.0341 
0.949091 1.02919 1.02376 
1.09569 1.01028 0.903382 
1.02726 1.0923 0.891208 
1.07133 1.10408 0.845429 
1.14234 1.08795 0.804629 
1.13062 1.15857 0.763418 
1.06017 1.19992 0.786087 
1.13401 1.13266 0.778545 
1.04013 1.13065 0.85032 
1.06766 1.08873 0.860294 
1.07339 1.07213 0.868954 
1.14976 1.06403 0.817407 
1.02627 1.07113 0.909692 
0.941247 1.08036 0.983392 
0.948106 1.1969 0.881222 
1.00551 1.14628 0.867605 
0.990153 1.15615 0.873543 
0.970796 1.20928 0.851813 
0.907491 1.2001 0.918208 
1.01898 1.09042 0.899992 
0.995335 1.12473 0.893271 
0.986222 1.11385 0.910328 
0.993876 1.0871 0.925549 
1.01905 1.10958 0.884392 
1.09242 1.0601 0.863504 
1.08816 1.14564 0.802154 
1.09506 1.21492 0.75165 
1.13378 1.11144 0.793569 
1.09416 1.08249 0.844295 
1.0123 1.10322 0.895417 
1.01719 1.16708 0.84236 
1.06169 1.08021 0.871954 
1.09852 1.02938 0.884336 
1.07491 1.05361 0.882974 
1.13122 0.99469 0.888718 
1.07814 1.04677 0.886078 
1.05677 1.05782 0.894554 
0.988696 1.052 0.961437 
0.965273 1.06324 0.974356 
0.944807 1.06912 0.989988 
0.920794 1.15379 0.941265 
0.94802 1.12693 0.93602 
0.971007 1.0824 0.951455 
0.968202 1.13595 0.909233 
0.948694 1.14139 0.923506 
0.903954 1.20623 0.917114 
0.907771 1.17204 0.939901 
0.958672 1.12593 0.926446 
0.980652 1.10431 0.923409 
0.951269 1.17858 0.891948 
1.03307 1.07774 0.898167 
0.960803 1.14596 0.908232 
0.968829 1.10224 0.936434 
0.92916 1.07405 1.00204 
1.02109 1.08808 0.900065 
1.05496 1.04273 0.909061 
0.962516 1.14105 0.910516 
0.966818 1.06799 0.968478 
0.97533 1.03843 0.987348 
0.972147 1.06497 0.965895 
1.04136 1.06347 0.902966 
1.04983 1.04922 0.907845 
1.01987 1.07094 0.915567 
1.05622 1.07526 0.880504 
0.97679 1.12507 0.909956 
1.00726 1.20343 0.824969 
1.06166 1.09146 0.862992 
1.05253 1.05118 0.903839 
1.07509 1.00972 0.921201 
1.05184 1.01478 0.936868 
1.0366 1.10657 0.871785 
1.08552 1.04343 0.882875 
1.02757 1.11724 0.871047 
1.04327 1.09912 0.872083 
1.03141 1.0871 0.891868 
1.06018 1.07539 0.877114 
1.05922 1.08203 0.872521 
1.08296 1.06505 0.866992 
1.07683 1.01871 0.911599 
1.03403 1.05424 0.917327 
1.06547 1.08535 0.864741 
0.989357 1.03702 0.974679 
0.985984 1.10739 0.915858 
0.984139 1.06239 0.956448 
0.942605 1.07104 0.990527 
1.04708 0.966107 0.988542 
1.03276 1.01072 0.958015 
1.00173 1.08458 0.920427 
1.07323 0.99943 0.932299 
1.13531 0.960616 0.916932 
1.16709 0.971528 0.881939 
1.04988 1.09954 0.866258 
1.03711 1.08872 0.885643 
0.984236 1.17815 0.862379 
0.943066 1.17969 0.898854 
0.951296 1.15858 0.907318 
0.976051 1.12668 0.909344 
0.941943 1.17008 0.907315 
0.991838 1.14002 0.884398 
0.994902 1.06274 0.945787 
0.961342 1.04797 0.992595 
0.967676 1.09012 0.947972 
1.01828 1.07545 0.913149 
1.01444 1.0948 0.900408 
1.06887 1.11238 0.841046 
1.02796 1.12425 0.865289 
0.998898 1.10237 0.908141 
0.953305 1.11074 0.944398 
0.942872 1.06388 0.99691 
0.959553 1.02325 1.01847 
1.01467 1.06891 0.92201 
0.977852 1.0057 1.01685 
0.906999 1.09871 1.00349 
0.905963 1.13662 0.971124 
0.997896 1.13886 0.879921 
0.997401 1.16796 0.858423 
0.932938 1.22135 0.877622 
0.954514 1.19648 0.875613 
0.942789 1.26433 0.83893 
0.952971 1.20331 0.872052 
1.00579 1.24932 0.795828 
0.995355 1.2484 0.804762 
1.01687 1.16265 0.845832 
1.01406 1.18173 0.834483 
1.01722 1.24238 0.791278 
0.995412 1.29869 0.773554 
0.95898 1.22939 0.848204 
0.928352 1.31458 0.819405 
0.917689 1.38051 0.789339 
0.943469 1.27066 0.83415 
0.993669 1.25175 0.803969 
1.00257 1.33254 0.748523 
1.01742 1.17891 0.833718 
1.0024 1.23158 0.810019 
1.10656 1.11334 0.811705 
1.05245 1.15983 0.819225 
0.992416 1.13989 0.88398 
0.949105 1.18188 0.891478 
0.979867 1.1479 0.889054 
1.00722 1.14269 0.868849 
0.949232 1.23579 0.852475 
0.983924 1.20976 0.840113 
0.988099 1.20754 0.838103 
1.08288 1.10717 0.834071 
1.03334 1.18096 0.819447 
0.99644 1.16823 0.859056 
1.06168 1.14729 0.820981 
1.0885 1.10517 0.831273 
1.0159 1.12725 0.87323 
1.1025 1.07768 0.841648 
1.13209 1.11834 0.789855 
1.12541 1.07258 0.828439 
1.07705 1.09147 0.850646 
1.02507 1.06697 0.914314 
0.975316 1.045 0.981161 
0.933836 1.04807 1.02173 
0.974847 1.0099 1.01574 
0.910374 1.08238 1.01484 
0.898472 1.18278 0.941003 
0.910607 1.18994 0.922874 
0.926993 1.1579 0.931648 
0.930145 1.13923 0.94371 
0.912575 1.12518 0.97389 
0.942129 1.17452 0.903707 
0.957497 1.17291 0.890427 
0.907944 1.14453 0.962309 
0.875118 1.22782 0.93068 
0.897065 1.24576 0.894834 
0.953238 1.22888 0.853668 
1.00109 1.07942 0.925408 
1.06351 1.01618 0.925311 
1.06292 1.04309 0.90194 
1.10374 1.04372 0.868057 
1.08098 1.022 0.90518 
1.08248 0.951456 0.970934 
1.02635 0.926992 1.05106 
1.05017 1.04321 0.912784 
1.02784 1.15666 0.841141 
0.99598 1.09132 0.920022 
1.02397 1.07162 0.911317 
0.959835 1.0933 0.952933 
1.13061 1.00782 0.877611 
1.03392 1.03302 0.936275 
1.0572 1.00043 0.945486 
1.06447 1.12619 0.834169 
1.0516 1.07713 0.882841 
1.06941 1.11426 0.839211 
1.07386 1.20947 0.769938 
1.14026 1.15193 0.761329 
1.11507 1.14828 0.780997 
1.11259 1.14938 0.781991 
1.11387 1.08327 0.828759 
1.04172 1.18074 0.813009 
1.03798 1.16709 0.825483 
1.02104 1.17917 0.830579 
1.089 1.06058 0.865827 
1.08034 1.05933 0.873794 
1.05061 1.05773 0.89988 
1.11991 1.03834 0.859954 
1.01499 1.1427 0.862199 
1.03344 1.15183 0.840089 
1.00475 1.14459 0.869552 
0.974413 1.22792 0.835769 
1.02306 1.17937 0.8288 
0.925437 1.20697 0.895273 
1.00115 1.20272 0.830494 
1.01429 1.21974 0.808301 
1.02069 1.19969 0.816652 
1.00992 1.13483 0.872534 
1.05849 1.08864 0.867812 
1.03385 1.09264 0.885253 
1.03091 1.16963 0.829336 
1.05202 1.14324 0.831456 
1.04912 1.13441 0.840244 
1.0891 1.20237 0.763653 
1.09433 1.2519 0.729932 
1.03221 1.19175 0.81292 
1.03374 1.11544 0.86725 
0.958489 1.13344 0.920483 
1.01202 1.18531 0.833639 
1.0456 1.10318 0.866942 
1.01307 1.1839 0.833768 
0.993832 1.14708 0.877192 
0.982701 1.21404 0.838199 
0.994984 1.1515 0.872812 
0.957435 1.24646 0.83794 
0.968913 1.27703 0.808191 
0.975509 1.18165 0.867518 
1.0284 1.08501 0.896197 
1.07458 1.1885 0.783001 
0.995054 1.19315 0.842281 
1.01885 1.17349 0.836396 
0.986784 1.24699 0.812674 
0.962055 1.22685 0.847243 
0.974308 1.1292 0.908933 
0.935352 1.11902 0.955405 
0.931061 1.09132 0.984172 
1.0397 1.1041 0.871134 
1.02892 1.07522 0.903907 
0.946024 1.18742 0.890215 
0.970585 1.14225 0.901996 
0.940459 1.14136 0.931617 
0.956309 1.22014 0.857023 
0.937594 1.16852 0.912744 
0.904084 1.14745 0.963954 
1.04344 1.09366 0.876299 
1.01785 0.999915 0.982549 
1.0006 1.02665 0.973459 
1.01495 1.08844 0.905217 
1.0294 1.0101 0.96173 
1.02083 0.99612 0.983413 
1.0494 1.0382 0.917871 
1.04714 1.0477 0.911501 
1.02583 1.09182 0.892843 
1.00982 1.12107 0.883333 
1.03963 1.10578 0.869868 
1.02279 1.12204 0.871374 
1.03703 1.15152 0.837408 
0.991428 1.11642 0.903468 
1.01757 1.09082 0.900921 
1.02799 1.15036 0.845619 
1.00711 1.12209 0.884901 
0.965431 1.16904 0.886032 
1.01817 1.09451 0.897343 
0.988242 1.05308 0.960895 
0.971751 1.11198 0.92544 
0.943082 1.21014 0.876226 
0.933478 1.17033 0.915351 
0.932723 1.1529 0.929945 
0.943821 1.224 0.865623 
0.961463 1.16023 0.896442 
0.978817 1.23904 0.824546 
0.968896 1.18555 0.87057 
1.0187 1.10071 0.891829 
1.03477 1.11708 0.865111 
0.965865 1.09496 0.945555 
0.97428 1.03964 0.987259 
0.973217 1.03874 0.989203 
1.01743 1.05304 0.93337 
1.04709 1.10756 0.862281 
1.12019 1.09802 0.813014 
1.03243 1.15362 0.839611 
1.04456 1.1887 0.80537 
0.96514 1.20608 0.859076 
0.959742 1.2562 0.829443 
1.00315 1.22807 0.81173 
0.96561 1.20847 0.856967 
0.954087 1.18479 0.884648 
0.946191 1.21337 0.871023 
0.972193 1.19338 0.861924 
0.944737 1.17825 0.898366 
0.986963 1.16933 0.866486 
0.960582 1.211 0.859647 
1.01572 1.08676 0.905923 
1.02308 1.04577 0.934659 
0.963712 1.09603 0.946742 
0.927817 1.14551 0.940891 
0.949999 1.16007 0.907388 
0.951977 1.10336 0.952041 
0.942535 1.10689 0.958513 
0.97173 1.14682 0.897345 
1.06008 1.18795 0.794079 
0.981458 1.12053 0.909291 
1.06303 1.14722 0.819986 
1.03128 1.12529 0.861707 
0.991158 1.12083 0.900159 
0.989162 1.12406 0.899382 
0.917704 1.1536 0.944588 
0.894849 1.20338 0.928643 
0.933855 1.18752 0.901734 
0.960821 1.14342 0.91023 
0.99031 1.17648 0.858309 
0.962318 1.09367 0.950155 
0.968127 1.12312 0.91969 
0.953504 1.12731 0.930327 
0.877098 1.10523 1.03158 
0.981484 1.07996 0.94343 
0.971204 1.12103 0.918487 
0.990765 1.23509 0.817204 
1.01075 1.26326 0.783182 
1.08726 1.19984 0.766554 
1.06487 1.21592 0.772321 
1.03291 1.26089 0.767822 
0.986553 1.15668 0.876327 
0.936914 1.12561 0.948223 
0.937929 1.15344 0.924343 
0.961608 1.09847 0.946702 
0.965676 1.06766 0.969923 
0.97615 1.02969 0.994892 
1.02416 1.11682 0.874281 
0.967208 1.11424 0.927897 
0.981767 1.1377 0.89529 
0.967816 1.1351 0.910273 
0.920403 1.13634 0.956121 
0.948387 1.0846 0.972174 
0.923994 1.08397 0.99842 
0.928627 1.14838 0.937716 
0.986266 1.11515 0.909225 
1.01554 1.09827 0.896592 
0.97314 1.18171 0.869586 
0.961685 1.1403 0.911904 
1.04581 1.09905 0.870019 
1.00054 1.17003 0.854224 
0.94355 1.17807 0.899632 
0.960842 1.2467 0.834806 
0.966959 1.27571 0.81066 
0.921149 1.28064 0.847699 
0.92389 1.22419 0.884163 
0.99956 1.121 0.892449 
1.04822 1.11646 0.854488 
1.02543 1.20327 0.81046 
0.979738 1.26084 0.809527 
0.857341 1.32118 0.882845 
0.98374 1.26254 0.805148 
0.994322 1.19833 0.839259 
0.901656 1.26864 0.87422 
0.909619 1.25377 0.876843 
0.968932 1.21664 0.848293 
0.938021 1.1599 0.919111 
0.983684 1.07335 0.947119 
0.943073 1.20067 0.883141 
0.939122 1.24004 0.858702 
0.964639 1.14196 0.90779 
0.954111 1.18641 0.883417 
0.995937 1.11387 0.901429 
1.00828 1.10358 0.898699 
1.04821 1.11317 0.857021 
1.01753 1.05026 0.935741 
0.934676 1.09601 0.976164 
0.953626 1.07941 0.97148 
0.94752 1.09912 0.960208 
0.899006 1.1352 0.979859 
0.986224 1.18398 0.856406 
0.981277 1.12608 0.904983 
0.921825 1.13542 0.955426 
0.90722 1.19161 0.925027 
0.90395 1.21557 0.910068 
0.857986 1.24211 0.938342 
0.91986 1.19422 0.91032 
0.980239 1.13028 0.902572 
1.00995 1.13303 0.873894 
1.05227 1.12306 0.846198 
1.00325 1.10133 0.905051 
1.03658 1.10201 0.875414 
0.961846 1.11173 0.935178 
0.979091 1.07498 0.950117 
1.06903 1.01966 0.917392 
1.02016 1.05212 0.93168 
0.992214 1.05533 0.955006 
1.12371 0.987056 0.901575 
1.14725 0.992576 0.878171 
1.08181 1.02965 0.897758 
1.03189 1.11197 0.871514 
1.10836 1.06088 0.850461 
1.10702 1.05645 0.855064 
1.10363 1.08714 0.83347 
1.14371 1.04701 0.835093 
1.0714 1.01179 0.922479 
1.05455 1.13593 0.834805 
1.02253 1.18058 0.828375 
1.09622 1.1017 0.828014 
1.11828 1.09356 0.817724 
1.10475 1.1313 0.800124 
1.15016 1.11104 0.78255 
1.08657 1.09855 0.83777 
1.11582 1.05722 0.8477 
1.0988 1.08583 0.838141 
1.0815 1.09424 0.845004 
1.08528 1.12367 0.820011 
1.10671 1.12058 0.80635 
1.10589 1.12173 0.80612 
1.07194 1.09244 0.853954 
1.02528 1.08241 0.901085 
1.08382 1.02304 0.901882 
1.10355 0.994353 0.911315 
1.00719 1.10647 0.897322 
1.01406 1.13573 0.868282 
1.03872 1.13977 0.84467 
0.949026 1.17834 0.894231 
1.0273 1.14985 0.84657 
1.03339 1.18445 0.816992 
1.03528 1.11644 0.865173 
0.960617 1.1386 0.914276 
1.00216 1.0739 0.929184 
0.977769 1.08073 0.94634 
0.985491 1.09883 0.923457 
1.01702 1.04754 0.938649 
1.09464 1.03384 0.883639 
0.994202 1.09182 0.92124 
1.08243 1.01568 0.909588 
0.973431 1.14364 0.898267 
1.01369 1.04997 0.939547 
0.982719 1.07102 0.950108 
0.911755 1.13246 0.968498 
0.977434 1.14495 0.893563 
1.00959 1.12363 0.881522 
1.06083 1.07092 0.880228 
0.985264 1.09066 0.930587 
1.0382 1.0714 0.899018 
0.998108 1.13753 0.880766 
1.05895 1.19225 0.792062 
1.1006 1.09447 0.830169 
1.1166 1.13926 0.786103 
1.12489 1.10944 0.801281 
1.08297 1.10177 0.838094 
1.07231 1.07865 0.86457 
1.0447 1.03543 0.924459 
1.05447 1.10476 0.858417 
1.02208 1.07577 0.909483 
1.03948 1.09668 0.877205 
1.023 1.06937 0.914107 
1.03705 0.98998 0.974032 
1.05946 1.01121 0.933413 
1.13648 1.04889 0.838899 
1.05299 1.07751 0.881363 
1.02855 1.10502 0.879842 
1.0252 1.1096 0.879071 
1.09919 1.06316 0.855715 
1.09653 1.02581 0.889023 
0.986537 1.07565 0.942358 
1.00894 1.16483 0.850885 
0.926453 1.17317 0.920063 
0.942925 1.15972 0.914471 
0.984068 1.15901 0.876776 
1.091 1.13112 0.81034 
1.03418 1.13334 0.853185 
1.01378 1.0868 0.907624 
1.00661 1.04259 0.952855 
0.971422 1.15586 0.890609 
1.06472 1.13182 0.829827 
0.971398 1.19305 0.862867 
0.956876 1.20541 0.866981 
0.960478 1.2774 0.815052 
0.940319 1.20009 0.886158 
0.969272 1.14418 0.901693 
0.923394 1.22692 0.882664 
0.921836 1.17986 0.919421 
0.955232 1.07298 0.975664 
0.915451 1.14931 0.950442 
0.912393 1.21454 0.902414 
0.951146 1.21274 0.866934 
0.913172 1.28413 0.852781 
0.927007 1.17987 0.914288 
0.993837 1.17425 0.856892 
0.972962 1.12047 0.917283 
0.931121 1.13874 0.943128 
1.02598 1.1156 0.873682 
1.10441 1.11918 0.809039 
1.0764 1.14498 0.811386 
1.1056 1.08574 0.833058 
1.03621 1.07741 0.895716 
1.05286 1.09386 0.868297 
1.04097 1.05932 0.906842 
1.08468 1.00151 0.920541 
1.05882 1.08159 0.873206 
1.05104 1.11701 0.851779 
1.05191 1.10202 0.862644 
1.03236 1.06596 0.908718 
1.05242 1.08307 0.877315 
1.06512 1.11457 0.842359 
1.01234 1.18165 0.835957 
1.01009 1.20426 0.822093 
1.01226 1.12114 0.881148 
1.06025 1.04691 0.900914 
