0.982078 1 1.01825 
1.00552 0.978713 1.01614 
1.00742 0.976872 1.01614 
1.01001 0.976872 1.01353 
1.01001 0.98855 1.00155 
0.980688 1.01811 1.00155 
0.980688 1.01811 1.00155 
0.990962 0.999105 1.01002 
1.02738 0.963686 1.01002 
1.02738 0.963686 1.01002 
1.05035 0.933945 1.0194 
1.03892 0.921661 1.04435 
1.05176 0.909864 1.04498 
1.07013 0.927335 1.00769 
1.07013 0.914038 1.02235 
1.07689 0.914038 1.01593 
1.07689 0.914038 1.01593 
1.06098 0.913593 1.03167 
1.12992 0.857852 1.03167 
1.14824 0.844166 1.03167 
1.16165 0.844166 1.01975 
1.16946 0.838532 1.01975 
1.1846 0.838532 1.00672 
1.1846 0.871369 0.96878 
1.22075 0.871369 0.940093 
1.2448 0.854534 0.940093 
1.2448 0.846212 0.949339 
1.19604 0.880708 0.949339 
1.19604 0.891051 0.938321 
1.16759 0.886889 0.965695 
1.15729 0.886889 0.974292 
1.17969 0.859163 0.986634 
1.18579 0.864448 0.975556 
1.1816 0.867518 0.975556 
1.19968 0.852365 0.977933 
1.19968 0.852365 0.977933 
1.19578 0.882597 0.947515 
1.19578 0.908597 0.9204 
1.19578 0.908597 0.9204 
1.19578 0.926229 0.902879 
1.19578 0.946087 0.883928 
1.18808 0.952222 0.883928 
1.21095 0.934237 0.883928 
1.17379 0.934237 0.911908 
1.17379 0.934237 0.911908 
1.15639 0.982325 0.880323 
1.15899 0.965152 0.893972 
1.15899 0.965152 0.893972 
1.18468 0.965152 0.874591 
1.13044 0.988507 0.894893 
1.12158 0.996322 0.894893 
1.11191 0.996322 0.902676 
1.09995 1.0033 0.906143 
1.08564 0.996536 0.924321 
1.08564 1.00263 0.918707 
1.02857 1.00263 0.969678 
1.02857 1.00263 0.969678 
1.02857 1.00263 0.969678 
1.04452 1.01933 0.939226 
1.07142 1.02678 0.908994 
1.07142 1.04641 0.891945 
1.07687 1.04641 0.887434 
1.06232 1.06098 0.887229 
1.06232 1.06098 0.887229 
1.0889 1.03508 0.887229 
1.06228 1.01162 0.930553 
1.06302 1.01162 0.929904 
1.07981 1.01162 0.915452 
1.14673 0.982461 0.887613 
1.13429 0.993234 0.887613 
1.13429 1.03094 0.855151 
1.16204 0.990671 0.868658 
1.16204 0.983941 0.8746 
1.15214 0.983941 0.882113 
1.15214 0.958832 0.905212 
1.13863 0.98564 0.891046 
1.18237 0.953254 0.887233 
1.18237 0.959869 0.881119 
1.19983 0.945904 0.881119 
1.20087 0.930166 0.895245 
1.20108 0.923089 0.901956 
1.1996 0.924227 0.901956 
1.1996 0.924227 0.901956 
1.1996 0.919719 0.906377 
1.21005 0.919719 0.898549 
1.20135 0.919719 0.905058 
1.20135 0.895269 0.929774 
1.19173 0.905592 0.926593 
1.153 0.93601 0.926593 
1.18333 0.90882 0.929856 
1.19001 0.90882 0.924636 
1.20991 0.893873 0.924636 
1.2555 0.861416 0.924636 
1.28847 0.890244 0.871798 
1.28771 0.894293 0.868362 
1.30627 0.894293 0.856024 
1.29603 0.901363 0.856024 
1.27863 0.893042 0.875754 
1.30148 0.906405 0.847696 
1.3219 0.906405 0.834604 
1.3219 0.927809 0.81535 
1.36919 0.89576 0.81535 
1.43617 0.863554 0.806318 
1.42829 0.872296 0.802638 
1.42885 0.871951 0.802638 
1.42885 0.864398 0.809652 
1.43929 0.851641 0.815821 
1.4734 0.878346 0.772703 
1.47935 0.885539 0.763348 
1.44103 0.909086 0.763348 
1.38786 0.943912 0.763348 
1.38786 0.973133 0.740426 
1.4069 0.945652 0.751632 
1.4069 0.913715 0.777903 
1.44923 0.901293 0.765593 
1.49638 0.886826 0.753561 
1.49638 0.866822 0.770952 
1.46054 0.873872 0.783498 
1.4778 0.863668 0.783498 
1.45505 0.877173 0.783498 
1.44368 0.877173 0.789669 
1.44368 0.877173 0.789669 
1.45229 0.877173 0.784986 
1.45229 0.893901 0.770296 
1.44631 0.898579 0.769453 
1.44631 0.898579 0.769453 
1.4782 0.880709 0.76813 
1.4782 0.836313 0.808907 
1.45122 0.846761 0.813776 
1.43827 0.846761 0.821106 
1.43827 0.840071 0.827645 
1.45959 0.827797 0.827645 
1.47747 0.817781 0.827645 
1.48337 0.844047 0.798698 
1.44472 0.875571 0.790543 
1.50213 0.875571 0.760328 
1.47775 0.890016 0.760328 
1.47775 0.878102 0.770644 
1.48656 0.880051 0.764382 
1.51354 0.857591 0.770418 
1.48525 0.864995 0.77837 
1.4603 0.858317 0.79783 
1.4603 0.862821 0.793665 
1.47097 0.879581 0.772896 
1.46905 0.862301 0.789414 
1.43023 0.862301 0.810841 
1.37921 0.877715 0.82607 
1.39928 0.877715 0.814218 
1.40564 0.871584 0.81624 
1.39029 0.889399 0.808717 
1.35949 0.876361 0.839348 
1.37047 0.849294 0.859156 
1.40777 0.826795 0.859156 
1.40777 0.826795 0.859156 
1.40954 0.825754 0.859156 
1.40954 0.823218 0.861803 
1.39021 0.818058 0.879298 
1.39021 0.828906 0.86779 
1.39038 0.857664 0.838591 
1.38407 0.857664 0.842411 
1.40172 0.85875 0.830754 
1.36178 0.85875 0.855118 
1.32754 0.85875 0.877173 
1.36282 0.848827 0.864454 
1.33043 0.848827 0.8855 
1.37636 0.819409 0.886681 
1.40031 0.819409 0.871514 
1.40168 0.818608 0.871514 
1.39883 0.82028 0.871514 
1.39883 0.801114 0.892365 
1.39883 0.795571 0.898582 
1.41915 0.803459 0.877018 
1.41915 0.781284 0.90191 
1.41057 0.788973 0.898552 
1.36955 0.824078 0.886041 
1.36964 0.824078 0.885985 
1.3486 0.848554 0.873848 
1.3494 0.843218 0.878859 
1.3505 0.853065 0.86801 
1.33272 0.88413 0.848682 
1.31249 0.88413 0.861762 
1.31249 0.909228 0.837974 
1.32638 0.899709 0.837974 
1.34545 0.913586 0.813548 
1.34545 0.913586 0.813548 
1.38009 0.904516 0.801081 
1.36901 0.889425 0.821268 
1.33594 0.889425 0.841598 
1.32838 0.894488 0.841598 
1.32838 0.907116 0.829881 
1.36339 0.88382 0.829881 
1.42083 0.874723 0.804615 
1.40381 0.862685 0.825731 
1.40381 0.887989 0.802202 
1.40381 0.894158 0.796667 
1.40381 0.894158 0.796667 
1.4034 0.894158 0.796901 
1.38785 0.900855 0.799839 
1.38785 0.876319 0.822234 
1.38785 0.873066 0.825298 
1.37888 0.878746 0.825298 
1.37888 0.863715 0.83966 
1.32298 0.863715 0.875137 
1.28244 0.91865 0.848817 
1.37109 0.887384 0.821904 
1.32246 0.879467 0.859803 
1.29291 0.861756 0.897524 
1.26204 0.861756 0.919483 
1.22982 0.884334 0.919483 
1.22982 0.884334 0.919483 
1.25039 0.884334 0.904356 
1.26715 0.871624 0.905405 
1.26715 0.868278 0.908894 
1.28009 0.859499 0.908894 
1.26829 0.852866 0.92449 
1.26829 0.852866 0.92449 
1.26829 0.863302 0.913315 
1.26829 0.876714 0.899342 
1.26379 0.876714 0.902538 
1.26379 0.892039 0.887033 
1.30254 0.892039 0.860646 
1.30254 0.901197 0.851899 
1.3109 0.903927 0.843912 
1.3109 0.93678 0.814316 
1.33748 0.93678 0.798135 
1.33748 0.93678 0.798135 
1.33761 0.924252 0.808874 
1.31851 0.924252 0.820593 
1.24148 0.95509 0.843367 
1.24148 0.958908 0.84001 
1.2638 0.955937 0.827737 
1.26915 0.927958 0.849102 
1.26915 0.927958 0.849102 
1.24692 0.936571 0.856289 
1.25288 0.959106 0.832191 
1.22946 0.977376 0.832191 
1.22946 1.00287 0.811032 
1.26548 1.03785 0.761395 
1.26548 1.03785 0.761395 
1.27475 1.044 0.751402 
1.23145 1.044 0.777822 
1.23145 1.04345 0.778234 
1.15754 1.07109 0.806562 
1.15754 1.07109 0.806562 
1.15631 1.07109 0.807425 
1.14702 1.07976 0.807425 
1.14702 1.09887 0.79338 
1.14615 1.05748 0.825064 
1.14615 1.03721 0.841187 
1.16397 1.06232 0.808726 
1.16476 1.06232 0.80818 
1.16476 1.06232 0.80818 
1.16644 1.06232 0.807012 
1.16644 1.02918 0.833001 
1.20102 0.999551 0.833001 
1.14725 1.0464 0.833001 
1.14725 1.06566 0.817941 
1.14725 1.06566 0.817941 
1.10698 1.06566 0.847695 
1.14611 1.05226 0.829177 
1.19188 0.990828 0.846776 
1.18429 0.990828 0.852206 
1.18429 0.979685 0.861898 
1.1797 1.00914 0.839993 
1.15852 1.02675 0.840678 
1.15852 1.02675 0.840678 
1.17454 0.990123 0.859888 
1.18937 0.977778 0.859888 
1.1753 0.989484 0.859888 
1.17507 1.01343 0.83974 
1.17507 1.01788 0.836068 
1.20088 0.995999 0.836068 
1.25006 0.956817 0.836068 
1.16252 0.990751 0.868233 
1.18034 0.97579 0.868233 
1.20321 0.957247 0.868233 
1.1811 0.975165 0.868233 
1.2166 0.956846 0.859036 
1.22207 0.949166 0.862106 
1.22207 0.958643 0.853584 
1.17604 0.996164 0.853584 
1.14594 1.00075 0.871994 
1.16383 0.985364 0.871994 
1.16383 0.943106 0.911066 
1.1246 0.976001 0.911066 
1.15612 0.976001 0.88623 
1.17032 0.976001 0.87548 
1.14972 0.993488 0.87548 
1.14972 0.97737 0.889918 
1.14096 0.947631 0.92489 
1.11135 0.947631 0.949536 
1.14042 0.932152 0.940692 
1.13934 0.900456 0.974729 
1.10432 0.903984 1.00172 
1.09389 0.903984 1.01127 
1.06992 0.92423 1.01127 
1.02988 0.928618 1.04562 
1.02523 0.942826 1.03454 
1.02523 0.937377 1.04055 
1.02523 0.967028 1.00865 
1.02523 0.995554 0.979745 
1.02523 1.05069 0.928328 
1.05795 0.995561 0.949443 
1.07489 0.979866 0.949443 
1.06314 0.979866 0.959933 
1.04898 0.993095 0.959933 
1.04018 0.984562 0.976447 
1.03006 0.994238 0.976447 
1.01065 1.03368 0.957222 
1.04592 0.998828 0.957222 
1.04592 0.990308 0.965457 
1.04592 0.990308 0.965457 
1.07505 0.969 0.959951 
1.11131 0.969 0.928625 
1.10465 0.98758 0.916648 
1.09347 1.00293 0.911844 
1.05415 1.03793 0.913964 
1.08638 1.00518 0.91574 
1.05908 1.00518 0.939347 
1.10127 1.00518 0.90336 
1.08653 1.01882 0.90336 
1.12454 0.984383 0.90336 
1.14685 0.963759 0.904743 
1.14685 0.998009 0.873694 
1.14685 0.999911 0.872031 
1.14878 1.00578 0.86548 
1.14878 1.00153 0.869151 
1.14878 0.971807 0.895739 
1.1182 0.998385 0.895739 
1.1529 0.998385 0.868777 
1.1529 1.02698 0.84459 
1.14977 1.02978 0.84459 
1.16742 1.02781 0.833417 
1.18065 1.01629 0.833417 
1.18065 1.07489 0.787982 
1.16901 1.08559 0.787982 
1.13476 1.11836 0.787982 
1.09204 1.14396 0.800479 
1.09271 1.15594 0.791703 
1.09855 1.14492 0.795072 
1.0669 1.1775 0.796005 
1.0669 1.18131 0.793443 
1.07781 1.16934 0.793443 
1.04298 1.20839 0.793443 
1.00713 1.20839 0.821686 
1.03622 1.20839 0.798619 
1.03395 1.21104 0.798619 
1.02745 1.20463 0.807951 
1.03036 1.20463 0.805666 
1.03036 1.20463 0.805666 
1.00441 1.24567 0.799253 
1.02196 1.24567 0.785527 
1.05653 1.20491 0.785527 
1.05653 1.19508 0.791988 
1.06385 1.20199 0.782019 
1.0759 1.21146 0.767217 
1.0759 1.21146 0.767217 
1.07134 1.22052 0.764767 
1.04096 1.24108 0.774044 
1.01253 1.26532 0.780534 
1.01417 1.26532 0.779271 
0.979718 1.22504 0.833195 
0.979718 1.24517 0.819728 
0.963168 1.21934 0.851475 
0.988634 1.20851 0.836981 
0.988634 1.24986 0.809286 
0.990784 1.26332 0.798931 
0.954867 1.31083 0.798931 
0.950852 1.34348 0.782809 
0.964687 1.34348 0.771583 
0.955534 1.35635 0.771583 
0.939001 1.35635 0.785168 
0.934288 1.36319 0.785168 
0.945334 1.38283 0.764973 
0.95223 1.38283 0.759433 
0.900956 1.42802 0.777252 
0.951005 1.42802 0.736347 
0.951005 1.43026 0.735195 
0.963596 1.43352 0.723937 
0.951037 1.45245 0.723937 
0.951037 1.44871 0.725807 
0.930971 1.44661 0.742527 
0.930971 1.42082 0.756005 
0.955727 1.38402 0.756005 
0.944665 1.38402 0.764858 
0.906309 1.38402 0.797227 
0.927229 1.35279 0.797227 
0.927229 1.28824 0.837176 
0.938287 1.27306 0.837176 
0.904983 1.30183 0.848798 
0.904983 1.32866 0.831662 
0.916851 1.32866 0.820897 
0.901427 1.35139 0.820897 
0.919184 1.32528 0.820897 
0.957879 1.27175 0.820897 
0.927693 1.31313 0.820897 
0.962917 1.26509 0.820897 
0.97785 1.24577 0.820897 
0.992762 1.24577 0.808566 
1.00194 1.28021 0.779608 
0.998758 1.25804 0.795875 
1.03018 1.24741 0.778175 
1.00354 1.28052 0.778175 
0.97419 1.28052 0.801623 
0.963815 1.2892 0.804798 
0.944917 1.2892 0.820893 
0.947962 1.26022 0.837071 
0.947962 1.23182 0.856373 
0.949708 1.23201 0.854663 
0.986377 1.18621 0.854663 
1.01238 1.15574 0.854663 
1.00131 1.16407 0.857934 
1.00131 1.14599 0.871468 
1.00131 1.10603 0.902951 
1.00131 1.10603 0.902951 
1.03932 1.06558 0.902951 
1.03932 1.0565 0.910715 
1.01789 1.11648 0.879935 
1.00232 1.11648 0.893596 
0.992894 1.12708 0.893596 
0.992894 1.13822 0.884854 
0.992894 1.10709 0.90973 
1.00523 1.10709 0.898564 
1.00523 1.14082 0.871998 
1.03098 1.14082 0.850221 
1.01223 1.16195 0.850221 
1.01891 1.16195 0.84465 
1.00697 1.13646 0.873833 
1.00697 1.13132 0.877805 
1.02057 1.10243 0.888798 
1.06177 1.06289 0.886097 
1.0369 1.06289 0.907347 
1.03438 1.0286 0.939885 
1.05766 0.983384 0.961463 
1.02194 0.990244 0.988168 
1.02152 0.959265 1.02051 
1.00634 0.992397 1.00131 
1.032 0.967722 1.00131 
1.032 0.969903 0.999056 
1.02515 0.969903 1.00573 
1.02515 0.980703 0.994659 
1.02515 0.957341 1.01893 
1.05367 0.924229 1.02688 
1.02091 0.953878 1.02688 
1.02466 0.953878 1.02313 
0.990039 0.987979 1.02235 
0.990039 1.01311 0.996991 
0.956574 1.01956 1.02534 
0.956574 1.03295 1.01205 
0.993846 1.02315 0.983426 
0.969547 1.03475 0.996775 
0.982635 1.0407 0.977874 
0.98479 1.07474 0.944826 
0.998099 1.0658 0.940047 
0.998099 1.09809 0.912405 
0.993825 1.10281 0.912405 
0.993825 1.12734 0.892552 
0.993825 1.15293 0.872744 
1.02312 1.15293 0.847757 
0.988016 1.15293 0.877875 
0.981436 1.11842 0.911029 
0.963732 1.13897 0.911029 
0.963732 1.15674 0.897029 
0.927717 1.11587 0.965985 
0.927717 1.11587 0.965985 
0.927717 1.11587 0.965985 
0.927717 1.11868 0.963561 
0.942103 1.1023 0.962944 
0.977722 1.06214 0.962944 
0.951063 1.06214 0.989937 
0.939744 1.06314 1.00092 
0.950428 1.05253 0.999646 
0.950428 1.08972 0.965529 
0.950428 1.08084 0.973459 
0.966597 1.08084 0.957175 
1.01101 1.08084 0.915131 
1.01101 1.08084 0.915131 
1.01418 1.0803 0.912725 
1.03237 1.0803 0.896638 
1.03237 1.08805 0.890255 
1.03237 1.08805 0.890255 
1.06403 1.05568 0.890255 
1.04943 1.09256 0.872171 
1.04523 1.09116 0.876799 
1.04523 1.06895 0.895022 
1.08681 1.03435 0.889565 
1.08348 1.06379 0.867612 
1.09985 1.04795 0.867612 
1.09823 1.07835 0.8444 
1.06225 1.15102 0.817884 
1.07593 1.12581 0.825567 
1.07593 1.12581 0.825567 
1.06016 1.11284 0.847611 
1.02865 1.18751 0.81864 
1.00687 1.21005 0.820776 
1.01972 1.21005 0.810432 
1.01972 1.21005 0.810432 
1.01972 1.18479 0.82771 
1.05708 1.11827 0.845956 
1.05708 1.08209 0.874237 
1.09306 1.04647 0.874237 
1.06946 1.04647 0.893527 
1.09307 1.02778 0.890128 
1.09589 1.02778 0.887838 
1.08214 1.01556 0.909935 
1.01464 1.04507 0.94307 
1.01464 1.04507 0.94307 
0.975763 1.04507 0.980642 
0.932428 1.07222 1.00024 
0.932428 1.09518 0.979259 
0.881156 1.13012 1.00421 
0.876668 1.114 1.02395 
0.898314 1.08316 1.02773 
0.890263 1.09295 1.02773 
0.861649 1.10642 1.04894 
0.886557 1.07533 1.04894 
0.886557 1.10959 1.01655 
0.886557 1.08306 1.04145 
0.886557 1.08306 1.04145 
0.886557 1.08407 1.04049 
0.886557 1.07883 1.04554 
0.895296 1.07883 1.03533 
0.862424 1.0879 1.06584 
0.875075 1.04908 1.08929 
0.872599 1.05206 1.08929 
0.869765 1.03101 1.11515 
0.844336 1.06206 1.11515 
0.84431 1.0621 1.11515 
0.817535 1.0645 1.14907 
0.822821 1.07524 1.13028 
0.825289 1.05216 1.15163 
0.828494 1.08131 1.11625 
0.822612 1.08904 1.11625 
0.822612 1.09522 1.10995 
0.799387 1.09522 1.1422 
0.8262 1.09042 1.10999 
0.815361 1.10492 1.10999 
0.787483 1.14403 1.10999 
0.782619 1.11259 1.14846 
0.797896 1.11259 1.12647 
0.797896 1.08035 1.16008 
0.816659 1.09527 1.11799 
0.816659 1.12217 1.09119 
0.836443 1.08997 1.09686 
0.836443 1.08997 1.09686 
0.82031 1.15318 1.05712 
0.824989 1.15318 1.05113 
0.824989 1.17976 1.02744 
0.836161 1.15437 1.03602 
0.836161 1.15437 1.03602 
0.850976 1.12781 1.04195 
0.850976 1.11929 1.04988 
0.853853 1.11552 1.04988 
0.857029 1.11139 1.04988 
0.838242 1.11139 1.07341 
0.833829 1.11727 1.07341 
0.837684 1.13591 1.05094 
0.837684 1.17164 1.01889 
0.841394 1.17164 1.0144 
0.849115 1.17164 1.00517 
0.844939 1.17164 1.01014 
0.88516 1.1184 1.01014 
0.851744 1.1184 1.04977 
0.851744 1.09544 1.07177 
0.851744 1.09544 1.07177 
0.851744 1.05541 1.11243 
0.861941 1.04292 1.11243 
0.861941 1.02319 1.13388 
0.894483 0.985281 1.13467 
0.902976 0.983564 1.12596 
0.902976 1.03286 1.07222 
0.902976 1.03286 1.07222 
0.916688 1.01741 1.07222 
0.885701 1.05837 1.06678 
0.873316 1.05837 1.08191 
0.857386 1.07482 1.08514 
0.857386 1.08345 1.07651 
0.857386 1.08345 1.07651 
0.868901 1.08345 1.06224 
0.868901 1.08345 1.06224 
0.868901 1.10301 1.0434 
0.868901 1.08961 1.05623 
0.868901 1.06741 1.0782 
0.870551 1.03571 1.10909 
0.844418 1.00421 1.17928 
0.853 0.977401 1.19944 
0.852439 0.978044 1.19944 
0.852439 0.955805 1.22735 
0.823276 1.02529 1.1847 
0.866861 1.02529 1.12514 
0.870814 1.00015 1.14818 
0.888418 1.00015 1.12543 
0.937647 1.00015 1.06634 
0.981062 1.00015 1.01915 
0.981062 1.01082 1.00839 
0.960771 1.001 1.03979 
0.959826 1.001 1.04081 
0.959826 0.971322 1.07262 
0.960514 0.971322 1.07185 
0.945074 0.98719 1.07185 
0.972645 0.95082 1.0813 
0.990703 0.95082 1.06159 
0.98775 0.953663 1.06159 
1.01748 0.953663 1.03057 
1.01748 0.933601 1.05272 
1.01143 0.934168 1.05837 
1.01965 0.926636 1.05837 
1.01965 0.961741 1.01974 
1.04286 0.95887 1.00003 
1.04286 0.987607 0.970932 
1.02955 1.00641 0.965112 
1.0525 1.03436 0.918561 
1.0525 1.03436 0.918561 
1.04056 1.03436 0.929096 
1.04056 1.06586 0.901638 
1.01946 1.08792 0.901638 
1.01608 1.09154 0.901638 
1.04706 1.05924 0.901638 
1.08121 1.04285 0.886883 
1.08121 1.02474 0.902564 
1.09896 1.02474 0.887983 
1.06179 1.06061 0.887983 
1.06509 1.06061 0.885232 
1.09138 1.03259 0.887345 
1.11733 1.06831 0.837763 
1.13859 1.06831 0.822118 
1.1133 1.08896 0.824851 
1.11634 1.06853 0.838336 
1.11634 1.06853 0.838336 
1.11634 1.09184 0.820434 
1.11941 1.09184 0.818181 
1.1307 1.11426 0.793718 
1.15911 1.11558 0.773351 
1.17821 1.11558 0.760813 
1.15228 1.15129 0.753799 
1.14913 1.13691 0.765422 
1.14863 1.13742 0.765422 
1.17004 1.13742 0.751413 
1.15555 1.15168 0.751413 
1.12916 1.13264 0.781898 
1.13975 1.13031 0.776232 
1.13975 1.12552 0.779536 
1.08088 1.16617 0.793337 
1.08223 1.15801 0.797935 
1.07182 1.19303 0.782031 
1.07182 1.16738 0.799215 
1.10149 1.18047 0.769072 
1.11871 1.20108 0.744237 
1.11871 1.25356 0.713081 
1.11871 1.29405 0.690768 
1.14296 1.29405 0.67611 
1.18038 1.25303 0.67611 
1.18038 1.22416 0.692054 
1.18038 1.23415 0.68645 
1.18038 1.2043 0.703466 
1.20914 1.15515 0.715953 
1.24711 1.15515 0.694155 
1.24711 1.15571 0.693818 
1.27295 1.09172 0.719575 
1.27295 1.12241 0.699902 
1.29872 1.08184 0.711742 
1.32803 1.08653 0.693024 
1.37128 1.04524 0.697684 
1.38276 1.05661 0.68444 
1.31384 1.07272 0.709529 
1.28131 1.07272 0.727543 
1.30165 1.08505 0.708037 
1.30165 1.07265 0.716225 
1.34284 1.07265 0.694257 
1.34051 1.07265 0.695462 
1.33701 1.07545 0.695462 
1.33701 1.05773 0.707114 
1.34623 1.04784 0.708897 
1.32637 1.05995 0.711294 
1.34189 1.08163 0.688973 
1.3065 1.0955 0.698678 
1.23962 1.11141 0.725836 
1.25514 1.10181 0.723109 
1.29914 1.04026 0.739953 
1.3507 1.04026 0.711703 
1.34012 1.01751 0.733356 
1.34012 0.97934 0.761942 
1.34012 0.979576 0.761758 
1.3315 0.977292 0.768484 
1.25614 1.00676 0.790748 
1.26517 0.999573 0.790748 
1.26517 0.999573 0.790748 
1.24185 1.01834 0.790748 
1.25363 1.01834 0.783314 
1.30307 0.977178 0.785343 
1.35407 0.96146 0.768117 
1.35407 0.96146 0.768117 
1.35407 0.915434 0.806736 
1.41812 0.88691 0.795075 
1.40638 0.894313 0.795075 
1.40638 0.897853 0.79194 
1.38287 0.897853 0.805406 
1.425 0.908817 0.772165 
1.39401 0.918782 0.780765 
1.42435 0.954118 0.735836 
1.36678 0.975435 0.750073 
1.36678 0.975435 0.750073 
1.33036 1.00213 0.750073 
1.31502 1.01383 0.750073 
1.31589 1.01383 0.749575 
1.31589 1.03467 0.734473 
1.30367 1.06382 0.721048 
1.30763 1.06382 0.718865 
1.25219 1.09726 0.72781 
1.25219 1.12789 0.708048 
1.25219 1.11922 0.713532 
1.25219 1.08025 0.739275 
1.25643 1.0766 0.739275 
1.31293 1.05575 0.721435 
1.31293 1.12397 0.677646 
1.39422 1.09431 0.655434 
1.39093 1.09431 0.656988 
1.42185 1.07087 0.656764 
1.42185 1.09493 0.642334 
1.46025 1.09533 0.625214 
1.49864 1.07547 0.620447 
1.49192 1.06944 0.626757 
1.55033 1.04509 0.617193 
1.5426 1.02506 0.63241 
1.45354 1.02506 0.671159 
1.45354 0.998741 0.688845 
1.42192 0.998741 0.70416 
1.44295 0.984183 0.70416 
1.43793 1.02126 0.680969 
1.40539 1.03119 0.690023 
1.37791 1.05176 0.690023 
1.36829 1.07081 0.682511 
1.42113 1.07081 0.657136 
1.39415 1.09153 0.657136 
1.4319 1.08572 0.643235 
1.4586 1.07645 0.636894 
1.44423 1.11897 0.618794 
1.39157 1.16131 0.618794 
1.38777 1.13787 0.633269 
1.37596 1.10321 0.658777 
1.34318 1.13013 0.658777 
1.34519 1.12844 0.658777 
1.31855 1.19576 0.634248 
1.31233 1.18131 0.645047 
1.38616 1.16206 0.620813 
1.37007 1.1757 0.620813 
1.39717 1.1529 0.620813 
1.35158 1.19179 0.620813 
1.35158 1.22938 0.601827 
1.37556 1.23804 0.587196 
1.37556 1.18625 0.612837 
1.37556 1.14611 0.634298 
1.46416 1.07676 0.634298 
1.46416 1.07676 0.634298 
1.41338 1.11544 0.634298 
1.4337 1.09372 0.637729 
1.36591 1.13118 0.647211 
1.36591 1.1021 0.664287 
1.38378 1.08859 0.663849 
1.35623 1.08859 0.677335 
1.36434 1.08331 0.676587 
1.35485 1.07299 0.687882 
1.40309 1.04526 0.68185 
1.3837 1.04526 0.691408 
1.38897 1.08406 0.664133 
1.37574 1.08406 0.670522 
1.35261 1.07023 0.690795 
1.35513 1.0831 0.681314 
1.3406 1.09656 0.680251 
1.38888 1.06005 0.679219 
1.39758 1.05561 0.677825 
1.36103 1.12057 0.655685 
1.36469 1.14589 0.639475 
1.41139 1.10797 0.639475 
1.41139 1.14474 0.618934 
1.37282 1.21235 0.600842 
1.37282 1.24184 0.586571 
1.35151 1.24184 0.595821 
1.36239 1.2677 0.579004 
1.38241 1.24796 0.579645 
1.36149 1.26386 0.581149 
1.33791 1.26386 0.591387 
1.37112 1.23325 0.591387 
1.37112 1.23325 0.591387 
1.34623 1.23426 0.601832 
1.34623 1.2619 0.58865 
1.33838 1.28062 0.583447 
1.31541 1.27657 0.595517 
1.29012 1.28653 0.602493 
1.29012 1.2885 0.601572 
1.29012 1.2885 0.601572 
1.29242 1.2862 0.601572 
1.29242 1.25298 0.617518 
1.28459 1.22051 0.637814 
1.31747 1.19005 0.637814 
1.3294 1.22547 0.613818 
1.3538 1.22547 0.602755 
1.3576 1.22205 0.602755 
1.3576 1.22059 0.603477 
1.33541 1.24087 0.603477 
1.30107 1.24087 0.619403 
1.32491 1.27314 0.592841 
1.3198 1.3259 0.571452 
1.29513 1.3259 0.582339 
1.30559 1.3259 0.577672 
1.30559 1.3259 0.577672 
1.25764 1.37645 0.577672 
1.25764 1.39915 0.568302 
1.23152 1.39558 0.581842 
1.21759 1.39558 0.5885 
1.26391 1.37822 0.574073 
1.26391 1.39213 0.568336 
1.32229 1.35604 0.5577 
1.32229 1.33545 0.5663 
1.32229 1.33545 0.5663 
1.3137 1.36277 0.558578 
1.3137 1.38356 0.550183 
1.35635 1.33217 0.553436 
1.4101 1.28139 0.553436 
1.4101 1.25999 0.562836 
1.41182 1.25999 0.562151 
1.38661 1.25999 0.572371 
1.37967 1.2252 0.591588 
1.37469 1.2252 0.593729 
1.37469 1.24003 0.586628 
1.37469 1.16474 0.624546 
1.37469 1.1782 0.617414 
1.32565 1.22179 0.617414 
1.32565 1.22179 0.617414 
1.35247 1.22402 0.604066 
1.42527 1.1944 0.587426 
1.44292 1.17979 0.587426 
1.44292 1.1569 0.599049 
1.46891 1.13387 0.6004 
1.46891 1.1531 0.590386 
1.5192 1.11493 0.590386 
1.5192 1.11493 0.590386 
1.46719 1.16055 0.587287 
1.46632 1.18645 0.57481 
1.50387 1.1178 0.594871 
1.48041 1.09 0.619713 
1.48041 1.04834 0.644343 
1.48041 1.04392 0.647071 
1.52925 1.03307 0.632981 
1.51493 1.0387 0.635501 
1.49416 1.05314 0.635501 
1.4589 1.0786 0.635501 
1.4589 1.04316 0.657089 
1.44563 1.04316 0.66312 
1.44563 1.04316 0.66312 
1.44443 1.04316 0.663672 
1.44849 1.08091 0.638693 
1.41979 1.08537 0.648932 
1.4256 1.08537 0.64629 
1.4256 1.038 0.675781 
1.44603 1.02901 0.672055 
1.44603 1.00277 0.689642 
1.45005 0.999988 0.689642 
1.45005 1.04091 0.662532 
1.46273 1.04087 0.656814 
1.46138 1.04087 0.657419 
1.47523 1.02014 0.664477 
1.47523 0.984873 0.688272 
1.45434 0.984873 0.698159 
1.4934 0.984873 0.679898 
1.48005 0.993759 0.679898 
1.52652 0.954515 0.6863 
1.58611 0.954515 0.660517 
1.56292 0.968676 0.660517 
1.60473 0.950976 0.655283 
1.60473 0.950976 0.655283 
1.60473 0.950976 0.655283 
1.57967 0.950976 0.66568 
1.54328 0.950976 0.681374 
1.54328 0.970947 0.667358 
1.58228 0.970947 0.650912 
1.60659 0.970947 0.641061 
1.59779 0.956628 0.654241 
1.59779 0.956628 0.654241 
1.57627 0.969689 0.654241 
1.57627 0.974875 0.650761 
1.56827 0.98887 0.644822 
1.59926 0.996303 0.627608 
1.64678 0.987178 0.615133 
1.64678 0.961833 0.631343 
1.64459 0.961833 0.632183 
1.58605 0.927678 0.679652 
1.58605 0.927678 0.679652 
1.52583 0.927678 0.706473 
1.55582 0.941901 0.682395 
1.58582 0.941901 0.669487 
1.5424 0.941901 0.688331 
1.49925 0.941901 0.708143 
1.5085 0.936126 0.708143 
1.54935 0.936468 0.689221 
1.61759 0.936468 0.660145 
1.55783 0.968273 0.662951 
1.55783 0.968273 0.662951 
1.58272 0.968273 0.652527 
1.56192 0.958035 0.668281 
1.56192 0.953954 0.67114 
1.56192 0.953859 0.671207 
1.56192 0.937874 0.682647 
1.6237 0.937874 0.656672 
1.68172 0.905517 0.656672 
1.68172 0.941557 0.631536 
1.68493 0.941557 0.630336 
1.68795 0.956338 0.619484 
1.62911 0.956338 0.641855 
1.73611 0.8974 0.641855 
1.62547 0.922821 0.666658 
1.63643 0.916641 0.666658 
1.63643 0.916641 0.666658 
1.69968 0.916641 0.64185 
1.64412 0.947616 0.64185 
1.64412 0.883968 0.688065 
1.67821 0.866012 0.688065 
1.67821 0.89488 0.665869 
1.67821 0.89488 0.665869 
1.67472 0.89488 0.667258 
1.65232 0.923717 0.655188 
1.63006 0.935128 0.656031 
1.6344 0.909912 0.672422 
1.60401 0.909912 0.685164 
1.64167 0.913785 0.666609 
1.68044 0.942645 0.631291 
1.68044 0.950956 0.625774 
1.69416 0.96081 0.614339 
1.69416 0.978483 0.603243 
1.62294 1.00866 0.610878 
1.56264 1.04758 0.610878 
1.50942 1.05013 0.630879 
1.50942 1.05013 0.630879 
1.55827 1.05013 0.6111 
1.55827 1.05018 0.611075 
1.53102 1.07132 0.609679 
1.55896 1.05212 0.609679 
1.5386 1.09773 0.592079 
1.51831 1.1124 0.592079 
1.62468 1.07155 0.574409 
1.62252 1.07297 0.574409 
1.62252 1.10508 0.557723 
1.59123 1.10508 0.568688 
1.62337 1.0832 0.568688 
1.62337 1.0832 0.568688 
1.66644 1.0532 0.569772 
1.72874 1.04768 0.552129 
1.74022 1.03613 0.554602 
1.74022 0.996608 0.576595 
1.74022 0.976847 0.588259 
1.715 0.971861 0.599972 
1.64972 1.01032 0.599972 
1.71404 0.989481 0.589618 
1.61891 1.02245 0.604138 
1.57106 0.98518 0.646086 
1.57106 0.964778 0.659749 
1.55725 0.973334 0.659749 
1.60472 0.973334 0.640235 
1.54741 1.00938 0.640235 
1.54741 1.00938 0.640235 
1.57311 1.00938 0.629778 
1.60643 1.04846 0.593724 
1.61252 1.0445 0.593724 
1.57279 1.0445 0.608725 
1.61612 1.0445 0.592401 
1.69352 1.02254 0.577469 
1.7049 1.02385 0.572882 
1.7049 1.02681 0.57123 
1.6733 1.01819 0.586946 
1.6733 1.01819 0.586946 
1.6894 1.04682 0.56545 
1.6894 1.06651 0.555011 
1.6894 1.07774 0.54923 
1.71772 1.07711 0.540491 
1.72625 1.06924 0.541778 
1.78178 1.06924 0.524894 
1.7474 1.06924 0.535221 
1.77323 1.06924 0.527427 
1.77323 1.06924 0.527427 
1.72162 1.06924 0.543237 
1.74516 1.05482 0.543237 
1.7842 1.02431 0.547177 
1.83207 0.997541 0.547177 
1.86624 0.979276 0.547177 
1.84546 0.990301 0.547177 
1.84546 1.00993 0.536544 
1.84546 0.957347 0.566013 
1.80094 0.949391 0.584864 
1.80094 0.921647 0.60247 
1.80094 0.949521 0.584784 
1.80094 0.949521 0.584784 
1.84446 0.949521 0.570986 
1.90631 0.95434 0.549671 
1.92153 0.942013 0.552453 
1.9094 0.947996 0.552453 
1.9388 0.984452 0.523929 
1.88163 1.01436 0.523929 
1.88163 1.01436 0.523929 
1.84555 1.03556 0.523237 
1.84555 1.02031 0.531057 
