1.0065 0.890081 0.98613 
0.936375 0.831953 0.917525 
0.946567 0.849235 0.881163 
0.896466 0.798697 0.777414 
0.871478 0.825323 0.709484 
0.845279 0.758734 0.737957 
0.77906 0.829323 0.69959 
0.744597 0.787615 0.748252 
0.769799 0.732525 0.748252 
0.811727 0.678136 0.698988 
0.822999 0.659501 0.675634 
0.774729 0.659501 0.658122 
0.847004 0.640559 0.620258 
0.847004 0.628847 0.578297 
0.839419 0.664206 0.596619 
0.782431 0.625514 0.627254 
0.784665 0.595369 0.627254 
0.756794 0.595369 0.627254 
0.756794 0.570818 0.612195 
0.680696 0.549921 0.579969 
0.603555 0.521438 0.591673 
0.589519 0.493418 0.532258 
0.585895 0.478994 0.504722 
0.536257 0.457453 0.510296 
0.536257 0.478515 0.486115 
0.523158 0.42279 0.488877 
0.489368 0.416092 0.496435 
0.474211 0.416092 0.458307 
0.448675 0.416092 0.463479 
0.402743 0.45508 0.466353 
0.396382 0.403201 0.439619 
0.419389 0.375619 0.406544 
0.399603 0.359112 0.406544 
0.392223 0.359112 0.399872 
0.394671 0.337117 0.374089 
0.408488 0.336103 0.318505 
0.44597 0.336163 0.318505 
0.41938 0.339239 0.314714 
0.435258 0.339239 0.314714 
0.40655 0.329264 0.313739 
0.379914 0.342056 0.282817 
0.350342 0.344758 0.279354 
0.348168 0.302544 0.271963 
0.348168 0.303894 0.274624 
0.340586 0.322119 0.271393 
0.337059 0.334096 0.279948 
0.330382 0.340743 0.279471 
0.312929 0.35908 0.279471 
0.309227 0.360985 0.280465 
0.300674 0.342823 0.315566 
0.303296 0.337802 0.315566 
0.294652 0.303575 0.299534 
0.278547 0.317501 0.301765 
0.300812 0.310283 0.300536 
0.291995 0.298834 0.305918 
0.272571 0.287933 0.303116 
0.260879 0.299173 0.290736 
0.269166 0.283337 0.30805 
0.283945 0.262158 0.30805 
0.254374 0.261903 0.293129 
0.261956 0.266036 0.269815 
0.27214 0.27685 0.301569 
0.237031 0.265817 0.274982 
0.241273 0.274702 0.269268 
0.241273 0.263754 0.289435 
0.236242 0.264197 0.274911 
0.218662 0.255456 0.280444 
0.219867 0.261126 0.261991 
0.222817 0.248217 0.251873 
0.24079 0.271754 0.267332 
0.225484 0.254602 0.257569 
0.235739 0.244174 0.263312 
0.235739 0.255182 0.282063 
0.226201 0.240906 0.286927 
0.210091 0.222769 0.274341 
0.208509 0.222769 0.278792 
0.20571 0.209198 0.284543 
0.203622 0.206576 0.278872 
0.217081 0.200757 0.290859 
0.210875 0.211104 0.252918 
0.204929 0.213962 0.228477 
0.209507 0.210554 0.222867 
0.22713 0.211738 0.236498 
0.213017 0.225223 0.234198 
0.205304 0.227113 0.227165 
0.20934 0.247207 0.216254 
0.190674 0.225623 0.202608 
0.175684 0.216773 0.197099 
0.187577 0.22243 0.197099 
0.195118 0.24097 0.210421 
0.196844 0.236961 0.210421 
0.190877 0.220156 0.223247 
0.206171 0.201204 0.235974 
0.197188 0.216696 0.225064 
0.180914 0.216696 0.225064 
0.191133 0.212005 0.225064 
0.199176 0.18588 0.225064 
0.196457 0.188038 0.220303 
0.196001 0.177142 0.227876 
0.200901 0.17434 0.239215 
0.18707 0.166285 0.239215 
0.186696 0.162183 0.225999 
0.171383 0.167326 0.225999 
0.158271 0.169452 0.225999 
0.158351 0.169452 0.227075 
0.146957 0.180442 0.234894 
0.146076 0.181979 0.234894 
0.145147 0.191393 0.227863 
0.155561 0.183694 0.227863 
0.155561 0.196387 0.241209 
0.138502 0.191458 0.234119 
0.142144 0.180518 0.239937 
0.140515 0.170665 0.249483 
0.141887 0.173453 0.239063 
0.143802 0.163732 0.22559 
0.134602 0.178609 0.209453 
0.142997 0.182733 0.209453 
0.138295 0.208342 0.199579 
0.135847 0.200109 0.187398 
0.142423 0.202346 0.173653 
0.142844 0.194707 0.15941 
0.138462 0.205014 0.158264 
0.148604 0.199208 0.152054 
0.143363 0.210097 0.15702 
0.136376 0.19895 0.164811 
0.136074 0.215456 0.168971 
0.143661 0.211495 0.155109 
0.135342 0.201479 0.153581 
0.133164 0.214757 0.14961 
0.139869 0.198204 0.145844 
0.144378 0.233894 0.145844 
0.135232 0.219236 0.131994 
0.121717 0.213492 0.131994 
0.117823 0.230073 0.132792 
0.13063 0.21528 0.128256 
0.125724 0.223721 0.141744 
0.126653 0.216218 0.139286 
0.137468 0.233603 0.139286 
0.148895 0.222694 0.138701 
0.147076 0.236178 0.129438 
0.134143 0.236178 0.123689 
0.142564 0.244608 0.12208 
0.141099 0.261363 0.111779 
0.130167 0.263467 0.111779 
0.135019 0.25839 0.114196 
0.141993 0.248619 0.112728 
0.141568 0.25953 0.112703 
0.151708 0.267996 0.120886 
0.154505 0.267996 0.1144 
0.160037 0.267157 0.123612 
0.164374 0.283651 0.113922 
0.158398 0.308535 0.114706 
0.162912 0.308535 0.113919 
0.166319 0.298599 0.109011 
0.169413 0.306654 0.114273 
0.158558 0.290258 0.114772 
0.146164 0.275523 0.121261 
0.150733 0.282732 0.121408 
0.147352 0.287017 0.119493 
0.148621 0.272763 0.118219 
0.143289 0.276464 0.109674 
0.136603 0.297803 0.105587 
0.141331 0.279253 0.104075 
0.140178 0.288852 0.103836 
0.132006 0.265976 0.0993006 
0.130371 0.282791 0.110642 
0.145919 0.265727 0.108535 
0.140517 0.261761 0.107426 
0.134899 0.261258 0.11234 
0.136696 0.280428 0.114799 
0.137878 0.26618 0.107247 
0.128727 0.267872 0.110166 
0.126128 0.284555 0.114748 
0.12307 0.292342 0.108196 
0.123404 0.292342 0.112926 
0.119933 0.292342 0.112926 
0.132332 0.272216 0.101083 
0.134475 0.267707 0.101976 
0.130654 0.294467 0.105093 
0.129988 0.286542 0.103055 
0.128976 0.281186 0.0990801 
0.139094 0.292754 0.108841 
0.137526 0.278173 0.109798 
0.132991 0.272805 0.110191 
0.136369 0.257516 0.103833 
0.13995 0.256543 0.106449 
0.131108 0.272376 0.106449 
0.140743 0.243887 0.106449 
0.141456 0.245462 0.100602 
0.152743 0.25044 0.094312 
0.141281 0.237139 0.097066 
0.150839 0.219253 0.103966 
0.170333 0.226375 0.0958685 
0.160987 0.247591 0.103474 
0.144989 0.247591 0.0953204 
0.133032 0.232345 0.103047 
0.136566 0.242116 0.0985972 
0.139748 0.251157 0.100433 
0.14185 0.251371 0.0939681 
0.124878 0.239887 0.0920003 
0.120304 0.225753 0.0920003 
0.111235 0.2406 0.0997401 
0.1163 0.224474 0.101581 
0.10944 0.219304 0.110024 
0.102493 0.222037 0.101572 
0.109434 0.222037 0.0940795 
0.104452 0.222037 0.102229 
0.103235 0.220435 0.0928132 
0.113923 0.220435 0.0983635 
0.112207 0.255934 0.103766 
0.117389 0.222408 0.100764 
0.117294 0.238733 0.103662 
0.123129 0.239789 0.0963378 
0.134413 0.220405 0.102727 
0.129704 0.220405 0.0967299 
0.133375 0.209108 0.099341 
0.141364 0.234407 0.103723 
0.141364 0.213555 0.0975311 
0.153614 0.210383 0.0949517 
0.158307 0.218627 0.0949517 
0.154328 0.22975 0.0908766 
0.147403 0.221059 0.0944058 
0.145477 0.219102 0.0903588 
0.153082 0.224298 0.0849422 
0.14616 0.230829 0.0849422 
0.146546 0.238718 0.0903771 
0.145023 0.262252 0.0936905 
0.156071 0.252114 0.0914939 
0.161741 0.258363 0.0883538 
0.164312 0.284572 0.0837548 
0.170018 0.281173 0.079498 
0.148009 0.297988 0.0794127 
0.151958 0.292346 0.0872879 
0.137474 0.243865 0.0872801 
0.161371 0.253576 0.0884883 
0.15646 0.277985 0.0843825 
0.156409 0.292807 0.0888048 
0.155098 0.296231 0.0853482 
0.143624 0.277255 0.0780558 
0.122812 0.269026 0.0784548 
0.125782 0.264631 0.0855786 
0.12183 0.245887 0.080959 
0.12183 0.274653 0.0825052 
0.121494 0.296229 0.0838538 
0.116901 0.300456 0.0799891 
0.121213 0.319081 0.0760216 
0.124426 0.315723 0.0848176 
0.125403 0.313291 0.0896246 
0.125403 0.31664 0.0938969 
0.108095 0.309321 0.0917789 
0.112427 0.309321 0.0917789 
0.110398 0.293651 0.0896531 
0.116781 0.30079 0.0840885 
0.135613 0.274922 0.0906352 
0.132915 0.298519 0.0891591 
0.121398 0.298519 0.0783275 
0.137461 0.289285 0.0783275 
0.130635 0.30017 0.0842281 
0.133045 0.30017 0.0815677 
0.145889 0.30017 0.0792627 
0.157646 0.30385 0.0879111 
0.150782 0.300377 0.0879111 
0.1505 0.289796 0.0879111 
0.152763 0.285924 0.0765252 
0.138949 0.332843 0.0770275 
0.141458 0.327157 0.0706708 
0.147629 0.333937 0.0762624 
0.144042 0.333937 0.0740082 
0.153873 0.314962 0.0719525 
0.153873 0.29359 0.0779264 
0.145642 0.280126 0.0811123 
0.136081 0.304566 0.0880298 
0.124097 0.309689 0.085477 
0.120233 0.320322 0.085477 
0.118841 0.312822 0.0760391 
0.12633 0.287333 0.0803519 
0.125949 0.271794 0.0869749 
0.125949 0.265284 0.0760728 
0.123653 0.246313 0.0771806 
0.1266 0.267819 0.0740898 
0.131612 0.278094 0.0699287 
0.130863 0.272966 0.0699287 
0.121685 0.252527 0.0721714 
0.110921 0.259897 0.0698119 
0.118194 0.264875 0.0675832 
0.116518 0.244887 0.0665598 
0.11805 0.261168 0.0682064 
0.11805 0.236568 0.0666273 
0.113917 0.253048 0.0694142 
0.103959 0.24535 0.0751256 
0.102267 0.253223 0.0784732 
0.103334 0.232779 0.0745656 
0.103379 0.236501 0.0787473 
0.103379 0.221917 0.0821961 
0.101061 0.215878 0.0792597 
0.106429 0.199306 0.0745286 
0.115507 0.194139 0.068017 
0.108353 0.196892 0.068017 
0.104324 0.196892 0.067976 
0.104013 0.196804 0.067976 
0.0984852 0.191661 0.0710701 
0.100829 0.209401 0.0781313 
0.0931864 0.200359 0.0700934 
0.093853 0.202035 0.0745642 
0.0893922 0.191429 0.0753181 
0.0937861 0.189564 0.0698745 
0.0937861 0.175322 0.0679977 
0.0881364 0.164851 0.0661061 
0.0904721 0.188881 0.0654225 
0.0876015 0.199317 0.0668086 
0.0907556 0.216727 0.0651528 
0.0862747 0.217551 0.0664235 
0.0958356 0.200299 0.0664235 
0.0915113 0.193733 0.0654935 
0.0938145 0.187626 0.0612164 
0.0941093 0.185657 0.0665553 
0.0947619 0.186568 0.0693801 
0.0859408 0.203914 0.0711158 
0.0800124 0.202907 0.069639 
0.0800124 0.200517 0.0777151 
0.0773307 0.190497 0.0749193 
0.0783164 0.190618 0.0749193 
0.0695777 0.190754 0.0732014 
0.0659287 0.188147 0.0785727 
0.0688859 0.195748 0.0798275 
0.0802066 0.195748 0.0778678 
0.0802066 0.216142 0.0772856 
0.0816369 0.208453 0.0772856 
0.0767577 0.19137 0.0813424 
0.0735318 0.19137 0.0875085 
0.0756458 0.18485 0.0909549 
0.0759836 0.18485 0.0887313 
0.0759836 0.18485 0.0966858 
0.0825182 0.173271 0.0966858 
0.0825182 0.181212 0.090269 
0.0788436 0.166842 0.0830841 
0.0676087 0.193349 0.077909 
0.0673225 0.206267 0.0762815 
0.0734892 0.219699 0.0767765 
0.0692279 0.221067 0.0760147 
0.0691411 0.204352 0.0778373 
0.0640265 0.21315 0.0851466 
0.063143 0.227369 0.0755605 
0.0603534 0.239892 0.0787663 
0.0603534 0.239892 0.0787663 
0.0618219 0.236633 0.0744666 
0.0598796 0.23363 0.0782004 
0.0650809 0.225359 0.0777181 
0.0625907 0.227813 0.0744828 
0.063606 0.227813 0.0780922 
0.0584557 0.216363 0.0716688 
0.0589114 0.242441 0.0773996 
0.0639926 0.240514 0.0793984 
0.0639926 0.229834 0.0769315 
0.064479 0.220354 0.0731942 
0.064479 0.249295 0.0753465 
0.0640891 0.236946 0.0812839 
0.0658639 0.246602 0.0777266 
0.0661165 0.230299 0.0777266 
0.0673502 0.230299 0.0796239 
0.0715482 0.192731 0.0803984 
0.0778106 0.22426 0.0800828 
0.0778106 0.220662 0.0819834 
0.0758778 0.218525 0.0877037 
0.0694776 0.218525 0.0903094 
0.0694776 0.222989 0.0843423 
0.0770709 0.221399 0.0848593 
0.074378 0.237753 0.0890496 
0.0783322 0.258367 0.0879591 
0.0792495 0.258367 0.0923853 
0.0791512 0.272534 0.0922106 
0.0823927 0.290876 0.0881287 
0.0816749 0.290876 0.0871308 
0.0898038 0.290876 0.0871308 
0.0891839 0.299059 0.0919587 
0.0891839 0.308368 0.0863 
0.0891839 0.286671 0.0863 
0.0817746 0.286671 0.0838968 
0.0865129 0.295217 0.0768919 
0.093407 0.295217 0.0768919 
0.0968865 0.287815 0.0735671 
0.0959947 0.275643 0.0735671 
0.100365 0.258896 0.0757732 
0.09583 0.269991 0.0749326 
0.0957217 0.269991 0.0742014 
0.102605 0.261703 0.0732049 
0.0974271 0.25417 0.0737013 
0.103379 0.25417 0.0797728 
0.0939914 0.237321 0.0728215 
0.0863385 0.243936 0.0750893 
0.09374 0.220777 0.0750893 
0.0849562 0.208958 0.0742397 
0.0895827 0.211941 0.0742397 
0.0816268 0.195047 0.0779706 
0.0961378 0.213888 0.0722143 
0.0978105 0.183944 0.0760847 
0.0855043 0.178833 0.0768616 
0.0911374 0.188453 0.0814225 
0.0901343 0.192347 0.086316 
0.0918672 0.220767 0.0956683 
0.100139 0.21024 0.0934795 
0.106378 0.211467 0.0987756 
0.0998041 0.20074 0.0983975 
0.0927048 0.19057 0.103705 
0.0892042 0.192794 0.0915335 
0.0892042 0.19153 0.0891479 
0.0885675 0.197116 0.0813868 
0.0854741 0.213155 0.0849408 
0.0892957 0.212473 0.08684 
0.0894992 0.215622 0.0856695 
0.0815878 0.212008 0.085294 
0.0788115 0.212008 0.0741658 
0.0807849 0.212223 0.0791102 
0.0764545 0.215258 0.0791102 
0.0844275 0.222908 0.0797284 
0.0894603 0.208128 0.0836227 
0.0876259 0.219947 0.0787545 
0.0898733 0.231491 0.0771563 
0.0861477 0.233677 0.0787112 
0.0895394 0.228992 0.0795281 
0.0905442 0.214677 0.0874101 
0.0933469 0.232375 0.0845742 
0.0839254 0.232375 0.0902689 
0.0817547 0.229118 0.0902689 
0.083105 0.243258 0.0861482 
0.0885345 0.219739 0.0825987 
0.0926431 0.212551 0.086512 
0.0882181 0.215287 0.0794166 
0.0823835 0.205627 0.0830057 
0.0823835 0.191306 0.0872463 
0.0919351 0.1964 0.0817824 
0.0919351 0.176001 0.0792365 
0.0919351 0.156486 0.0865567 
0.0953528 0.167517 0.0841338 
0.0953528 0.175397 0.0802269 
0.102115 0.165807 0.0841682 
0.0924131 0.172204 0.0883369 
0.0925097 0.163767 0.0941708 
0.0891925 0.158188 0.0941708 
0.0882993 0.144011 0.0997676 
0.0880632 0.133311 0.102425 
0.0998053 0.124479 0.0998781 
0.109257 0.118077 0.10406 
0.10275 0.118077 0.0980326 
0.103727 0.119908 0.0932495 
0.109043 0.131167 0.0851382 
0.109043 0.130044 0.0889435 
0.111201 0.136169 0.0811403 
0.122062 0.144921 0.0766203 
0.119405 0.152516 0.0820451 
0.119405 0.156214 0.0847525 
0.110786 0.149431 0.0829402 
0.109027 0.148837 0.0836331 
0.114256 0.15813 0.0809036 
0.122474 0.169963 0.0833999 
0.123887 0.16736 0.0898842 
0.1342 0.169313 0.0861743 
0.135311 0.175723 0.0825205 
0.126385 0.180509 0.0835728 
0.133509 0.179473 0.082855 
0.129122 0.168886 0.0895508 
0.131893 0.173431 0.0892292 
0.124457 0.169184 0.0915299 
0.121756 0.177299 0.0847502 
0.111367 0.169795 0.0821908 
0.116673 0.158732 0.0821908 
0.130673 0.15908 0.0777517 
0.142642 0.160237 0.0777517 
0.147155 0.162155 0.0876367 
0.139369 0.172698 0.095688 
0.13743 0.175503 0.0943251 
0.129951 0.165453 0.0943251 
0.147936 0.17452 0.098681 
0.142682 0.161527 0.102178 
0.144524 0.16126 0.0961914 
0.141714 0.170308 0.0918237 
0.146571 0.174163 0.0874388 
0.146571 0.175747 0.0925258 
0.158411 0.176487 0.0925258 
0.134333 0.176487 0.0871193 
0.133526 0.17438 0.0904523 
0.136744 0.17438 0.0936166 
0.126077 0.171675 0.0889335 
0.128794 0.18574 0.0815332 
0.134985 0.195979 0.0848989 
0.145764 0.184738 0.0922959 
0.139676 0.176808 0.0943286 
0.139707 0.176808 0.109223 
0.139707 0.164976 0.103479 
0.139707 0.169232 0.114337 
0.139753 0.149735 0.114337 
0.127921 0.15012 0.123067 
0.139358 0.139965 0.116443 
0.128721 0.13637 0.116443 
0.126975 0.135547 0.116443 
0.117712 0.144826 0.116443 
0.12261 0.149458 0.111098 
0.111137 0.149458 0.12408 
0.113251 0.143377 0.135374 
0.123496 0.143377 0.124164 
0.120788 0.16011 0.129636 
0.122756 0.177479 0.145381 
0.122756 0.1876 0.144871 
0.122275 0.179082 0.144871 
0.125842 0.174666 0.144871 
0.125842 0.171771 0.154452 
0.121204 0.169423 0.156124 
0.111474 0.165213 0.148502 
0.117811 0.17534 0.153133 
0.108622 0.167362 0.153133 
0.119976 0.167362 0.151956 
0.112411 0.173832 0.145921 
0.116043 0.176835 0.157758 
0.107325 0.166202 0.155778 
0.102498 0.177131 0.164966 
0.110695 0.19026 0.157294 
0.118392 0.191463 0.134765 
0.118392 0.182806 0.150756 
0.118392 0.200124 0.15207 
0.116382 0.194212 0.145578 
0.109651 0.197134 0.155929 
0.109651 0.192522 0.162241 
0.112044 0.19496 0.158805 
0.114403 0.202145 0.152511 
0.110455 0.222072 0.159531 
0.106722 0.215135 0.162184 
0.105414 0.216879 0.139871 
0.101318 0.227663 0.145768 
0.0986242 0.244905 0.164128 
0.0960405 0.241765 0.166172 
0.102836 0.224596 0.156558 
0.107381 0.229127 0.167552 
0.0982817 0.237539 0.155733 
0.0982817 0.240034 0.157053 
0.108388 0.226049 0.155032 
0.103573 0.234495 0.148045 
0.0946543 0.22752 0.166808 
0.103885 0.220239 0.150305 
0.108926 0.223707 0.156834 
0.107318 0.235501 0.155515 
0.105845 0.224136 0.145283 
0.105261 0.228281 0.145839 
0.0970636 0.232743 0.145839 
0.0992861 0.226234 0.150424 
0.0919327 0.239098 0.139304 
0.091919 0.239098 0.139304 
0.0996656 0.21561 0.146922 
0.0947764 0.238159 0.152571 
0.0899865 0.23978 0.157138 
0.0841631 0.218801 0.139123 
0.0841631 0.207852 0.134773 
0.0908619 0.207852 0.146356 
0.0802267 0.189091 0.138466 
0.0792355 0.177587 0.138466 
0.0804611 0.175304 0.138466 
0.0741002 0.169432 0.15333 
0.0660755 0.175936 0.135037 
0.0719261 0.185261 0.125317 
0.0795398 0.18894 0.125317 
0.0712421 0.202597 0.125317 
0.0721793 0.201227 0.130885 
0.0655359 0.188201 0.131701 
0.0607576 0.191329 0.125798 
0.0613763 0.208574 0.13011 
0.0591854 0.227943 0.126622 
0.0573165 0.227943 0.122963 
0.058361 0.21116 0.116085 
0.0568389 0.207279 0.11984 
0.0549554 0.223116 0.128238 
0.0563127 0.237239 0.118257 
0.0550599 0.224008 0.124787 
0.0527702 0.212821 0.124075 
0.0527702 0.217956 0.123301 
0.0557741 0.217956 0.116152 
0.0610803 0.217575 0.118716 
0.0587531 0.20595 0.108202 
0.0587531 0.20595 0.0985322 
0.0579922 0.202742 0.0886909 
0.05615 0.20788 0.0850725 
0.0592329 0.204884 0.0893406 
0.0582467 0.218372 0.0901629 
0.0639025 0.208678 0.0765181 
0.0643165 0.208678 0.076163 
0.070253 0.208678 0.0735553 
0.070253 0.198555 0.0670778 
0.0645582 0.196847 0.0675404 
0.069492 0.220066 0.0605863 
0.0670354 0.218919 0.0621922 
0.0764966 0.231164 0.0637185 
0.0700692 0.219483 0.0637185 
0.0721247 0.223147 0.06296 
0.0668022 0.235123 0.06784 
0.0613307 0.258492 0.0675898 
0.0613307 0.272842 0.0722712 
0.0608823 0.272842 0.0724865 
0.0676843 0.272842 0.0696136 
0.0618102 0.272842 0.0691273 
0.063369 0.236101 0.0773853 
0.0680498 0.218153 0.0781726 
0.0717361 0.222949 0.0781726 
0.0660443 0.23396 0.0716122 
0.0649655 0.228904 0.0716122 
0.0652232 0.228904 0.0772969 
0.0636527 0.221746 0.0793117 
0.0648782 0.230848 0.0856606 
0.0621444 0.251413 0.0839825 
0.0621444 0.263874 0.0802161 
0.0681363 0.267367 0.076375 
0.068063 0.288162 0.0831388 
0.0612918 0.274533 0.0809301 
0.0608296 0.288589 0.0809301 
0.0615269 0.288589 0.0918 
0.0657256 0.284377 0.100085 
0.0613637 0.264233 0.104702 
0.0611917 0.248138 0.10597 
0.0668337 0.231694 0.0962655 
0.0668337 0.248954 0.0970067 
0.0683225 0.215147 0.0841273 
0.0647106 0.219766 0.0865708 
0.06743 0.233952 0.0903017 
0.0622231 0.201514 0.0939061 
0.0653609 0.214679 0.108919 
0.0636078 0.222443 0.104976 
0.0654979 0.240301 0.104179 
0.0633717 0.253815 0.104179 
0.0684533 0.268398 0.105846 
0.065382 0.284595 0.11346 
0.0648022 0.281183 0.114268 
0.0595669 0.275743 0.113124 
0.0643337 0.276706 0.114608 
0.062407 0.309224 0.119727 
0.0596976 0.314918 0.121086 
0.0596976 0.314918 0.121086 
0.0590167 0.322072 0.126395 
0.0587941 0.310763 0.134081 
0.0587941 0.285337 0.133492 
0.0631577 0.285166 0.133824 
0.0610327 0.285166 0.142977 
0.0647013 0.303528 0.149884 
0.0647013 0.312622 0.163415 
0.0597966 0.291243 0.160615 
0.0625568 0.267735 0.143611 
0.0642069 0.284797 0.154529 
0.0542697 0.308678 0.154529 
0.0596475 0.333232 0.15241 
0.0601005 0.320987 0.13342 
0.058862 0.320987 0.134554 
0.058862 0.320987 0.13094 
0.0568877 0.33859 0.138404 
0.0570569 0.356487 0.136303 
0.0570569 0.374294 0.141853 
0.0548289 0.360396 0.140418 
0.0492185 0.358815 0.129194 
0.0549639 0.358815 0.121945 
0.0563721 0.32683 0.124767 
0.0575271 0.321935 0.122874 
0.0518169 0.308086 0.120192 
0.047216 0.291075 0.128936 
0.0463806 0.280807 0.120432 
0.0453453 0.293438 0.129707 
0.0434196 0.320135 0.136006 
0.0406286 0.334692 0.12956 
0.0376364 0.334692 0.133793 
0.0352086 0.305035 0.116566 
0.0347023 0.300972 0.112782 
0.0344292 0.27443 0.121629 
0.0358874 0.269046 0.115265 
0.0376807 0.286183 0.120743 
0.0376807 0.261288 0.122053 
0.0362828 0.261288 0.111264 
0.0401035 0.270332 0.104148 
0.0401035 0.270332 0.0987301 
0.0401035 0.278845 0.112563 
0.0373525 0.251239 0.107584 
0.0358687 0.25554 0.107584 
0.0361268 0.243606 0.108843 
0.033603 0.243606 0.102049 
0.0346264 0.250661 0.102481 
0.038037 0.263842 0.104154 
0.0364259 0.254425 0.0967329 
0.0339968 0.254425 0.0981526 
0.0357096 0.251489 0.0995938 
0.034808 0.251489 0.0959657 
0.0330213 0.250761 0.0997167 
0.0319153 0.240084 0.105826 
0.0342096 0.2384 0.113379 
0.0314679 0.245574 0.110664 
0.0302626 0.256752 0.106332 
0.0302626 0.256282 0.106332 
0.0331608 0.293354 0.102137 
0.035462 0.275168 0.114905 
0.0377644 0.260958 0.111424 
0.0344962 0.268978 0.112795 
0.0331003 0.301344 0.112165 
0.0355274 0.280662 0.101386 
0.0346978 0.296722 0.107133 
0.0351365 0.29439 0.112616 
0.0362254 0.273557 0.109974 
0.0359406 0.251615 0.11983 
0.0360909 0.284254 0.11983 
0.0321716 0.289295 0.120421 
0.0381129 0.290975 0.119496 
0.0375502 0.319421 0.119496 
0.0386263 0.320712 0.119496 
0.0322269 0.345594 0.117044 
0.032314 0.37517 0.103971 
0.0319427 0.34958 0.111349 
0.031231 0.343555 0.115195 
0.0297845 0.338283 0.10684 
0.0302731 0.343578 0.102506 
0.0313376 0.387382 0.0971813 
0.0329984 0.398565 0.0919937 
0.0317645 0.395201 0.0995842 
0.0317645 0.35843 0.092705 
0.0352067 0.328618 0.099471 
0.0302993 0.371107 0.0988829 
0.03491 0.370985 0.0958745 
0.0355171 0.389465 0.088931 
0.0335359 0.3981 0.0853779 
0.0364614 0.345162 0.0858252 
0.0392787 0.334365 0.0858983 
0.0343432 0.334576 0.0860819 
0.0369163 0.330602 0.0863139 
0.0360394 0.330602 0.0913883 
0.0355123 0.3185 0.0932273 
0.0340908 0.302089 0.0860408 
0.0353538 0.294311 0.0872684 
0.0351915 0.294689 0.0926227 
0.0338624 0.29508 0.0913632 
0.0348733 0.29508 0.0860762 
0.0348733 0.291811 0.0870423 
0.0337606 0.291811 0.0870423 
0.0353 0.303374 0.093007 
0.036424 0.276034 0.101521 
0.0340979 0.308158 0.107997 
0.0344628 0.294951 0.105356 
0.0358148 0.302424 0.107034 
0.0385546 0.295725 0.111251 
0.0373286 0.290294 0.105313 
0.0423574 0.272472 0.105592 
0.0407568 0.279141 0.104909 
0.0396182 0.26586 0.111347 
0.0396182 0.291823 0.112708 
0.0392354 0.302487 0.119416 
0.0404367 0.313921 0.107297 
0.0404367 0.337344 0.117875 
0.039406 0.29846 0.117875 
0.0413101 0.326828 0.116408 
0.0422565 0.338709 0.110709 
0.0425137 0.330428 0.107762 
0.042086 0.312017 0.113663 
0.0442603 0.332994 0.115164 
0.0469797 0.31956 0.106665 
0.0513681 0.31335 0.106665 
0.048183 0.31335 0.108423 
0.048183 0.307563 0.108423 
0.0522174 0.347739 0.113276 
0.055013 0.305141 0.120829 
0.0536734 0.305141 0.112152 
0.050843 0.305141 0.108976 
0.0477301 0.31149 0.102749 
0.0517748 0.329731 0.102749 
0.0517748 0.311966 0.111826 
0.0526842 0.320994 0.110486 
0.0555409 0.31081 0.111353 
0.0588469 0.306458 0.109792 
0.0519273 0.282291 0.111786 
0.0519903 0.294113 0.124663 
0.0532217 0.30032 0.129294 
0.0504434 0.296043 0.130628 
0.0504434 0.292661 0.13665 
0.0498904 0.292661 0.13665 
0.053689 0.292661 0.143383 
0.0542033 0.286619 0.13664 
0.0521416 0.303423 0.132816 
0.0555509 0.29173 0.135393 
0.0583224 0.285523 0.148972 
0.0593705 0.292022 0.148972 
0.0573875 0.308283 0.140762 
0.0648811 0.308283 0.126472 
0.0645546 0.308283 0.123324 
0.0672472 0.295872 0.125094 
0.0672472 0.270673 0.127226 
0.0672472 0.274792 0.131371 
0.0693497 0.262945 0.13636 
0.0665168 0.268313 0.13636 
0.0665168 0.273449 0.123998 
0.0695063 0.273449 0.127873 
0.0750547 0.261323 0.132069 
0.0691517 0.263604 0.132069 
0.0689727 0.266515 0.12163 
0.0682803 0.234001 0.116942 
0.0743546 0.216243 0.12679 
0.0640352 0.230671 0.122897 
0.0665643 0.230671 0.114561 
0.0655223 0.24204 0.111247 
0.063182 0.230016 0.111177 
0.0630178 0.213018 0.110092 
0.061441 0.218023 0.120917 
0.061441 0.22964 0.126103 
0.0646637 0.253816 0.128661 
0.0646637 0.244166 0.124333 
0.0545939 0.236282 0.136274 
0.0545939 0.240854 0.131516 
0.0542604 0.249861 0.145416 
0.0542604 0.271513 0.147436 
0.0542604 0.292373 0.156662 
0.0539583 0.30639 0.161102 
0.0637428 0.318806 0.160015 
0.0637508 0.324956 0.132791 
0.0649637 0.304683 0.127445 
0.0631768 0.320745 0.12282 
0.06535 0.316614 0.121517 
0.0643865 0.335345 0.121315 
0.0650362 0.358973 0.122567 
0.0687604 0.354665 0.120412 
0.0746908 0.363922 0.124615 
0.0711358 0.365893 0.131165 
0.0773136 0.340311 0.133553 
0.0773136 0.318213 0.13407 
0.0740241 0.318213 0.126316 
0.0740285 0.324215 0.120421 
0.0729386 0.29838 0.131829 
0.0724218 0.296247 0.131829 
0.0679589 0.291903 0.130991 
0.0678994 0.27695 0.133143 
0.0678047 0.317933 0.131421 
0.0667176 0.324785 0.136853 
0.0729953 0.327912 0.131322 
0.0748098 0.312629 0.141509 
0.0817991 0.329044 0.141705 
0.0775506 0.33137 0.141156 
0.085807 0.29745 0.141913 
0.0842243 0.324086 0.141913 
0.0827672 0.300853 0.136744 
0.0827672 0.319784 0.133049 
0.0770875 0.306795 0.152037 
0.0757732 0.301269 0.144862 
0.0770595 0.300849 0.14064 
0.0826893 0.295549 0.14064 
0.0936469 0.312619 0.138016 
0.088089 0.303505 0.135171 
0.0888676 0.330213 0.124782 
0.082098 0.306767 0.130901 
0.082098 0.301742 0.126318 
0.082098 0.317783 0.13831 
0.0776382 0.312443 0.13612 
0.0815796 0.313997 0.136898 
0.0836838 0.318145 0.126661 
0.0815715 0.325142 0.119517 
0.0846423 0.326885 0.122819 
0.0793798 0.326885 0.122819 
0.0795556 0.316063 0.122819 
0.0746124 0.316063 0.122819 
0.0780959 0.287745 0.113193 
0.0777314 0.290517 0.11309 
0.0834093 0.311585 0.111316 
0.0832135 0.315995 0.103037 
0.0772222 0.329248 0.109299 
0.0767754 0.327328 0.101317 
0.0785492 0.32889 0.107037 
0.0808358 0.326863 0.107037 
0.0792114 0.315916 0.107037 
0.0831621 0.310984 0.11098 
0.0780695 0.310984 0.104257 
0.085488 0.285666 0.104257 
0.0898387 0.270468 0.110902 
0.0817746 0.274434 0.110778 
0.0821662 0.295344 0.109819 
0.0816977 0.285362 0.104703 
0.085554 0.285362 0.104267 
0.0939573 0.277162 0.106931 
0.0936103 0.27557 0.103268 
0.0916822 0.279113 0.105691 
0.0849685 0.271345 0.105691 
0.0926045 0.29667 0.0894198 
0.0839831 0.29667 0.0963674 
0.0864863 0.297824 0.0996061 
0.085333 0.291578 0.100807 
0.0869325 0.290102 0.117994 
0.0892585 0.274191 0.108089 
0.0835545 0.274191 0.114224 
0.08401 0.301139 0.118004 
0.08401 0.30874 0.118004 
0.0802365 0.307697 0.115612 
0.0873744 0.307697 0.116869 
0.0861065 0.290682 0.120666 
0.0869479 0.269295 0.120666 
0.0798118 0.269295 0.133851 
0.0840842 0.248764 0.129087 
0.0883523 0.256533 0.120873 
0.090109 0.256533 0.121512 
0.0903761 0.272264 0.124677 
0.0853659 0.265251 0.124332 
0.0846327 0.284777 0.119687 
0.0821341 0.285015 0.117789 
0.0887415 0.280351 0.124187 
0.0853854 0.27103 0.121911 
0.0818871 0.252548 0.121911 
0.0898517 0.28181 0.116562 
0.0970482 0.278044 0.120862 
0.0840066 0.278044 0.117861 
0.0910627 0.285964 0.124449 
0.0873405 0.300376 0.120326 
0.0838321 0.292901 0.128653 
0.0811759 0.322688 0.129432 
0.0811759 0.33599 0.131894 
0.0776293 0.351937 0.131894 
0.0851396 0.340562 0.13076 
0.0818391 0.356473 0.131615 
0.0748241 0.389625 0.132444 
0.0802704 0.389625 0.127163 
0.0784447 0.403702 0.127763 
0.0818599 0.367798 0.128718 
0.0782236 0.382631 0.12778 
0.0696918 0.366475 0.121489 
0.0690521 0.358288 0.120636 
0.0643016 0.343936 0.120636 
0.0643016 0.35226 0.114171 
0.0624164 0.349511 0.110666 
0.0546665 0.340922 0.106075 
0.0533694 0.333877 0.106075 
0.0551001 0.361471 0.103961 
0.0524031 0.317113 0.0986752 
0.0478578 0.347895 0.0926791 
0.0441762 0.320446 0.0853738 
0.0450394 0.337612 0.0862525 
0.0486915 0.290668 0.0867447 
0.0485293 0.305955 0.0913302 
0.0441699 0.300965 0.0913302 
0.0425973 0.309915 0.0908043 
0.0425973 0.296249 0.0888916 
0.0455167 0.303659 0.088061 
0.0447207 0.301313 0.0791156 
0.0468106 0.274545 0.0804862 
0.0451001 0.292603 0.0726536 
0.0462402 0.276717 0.0770453 
0.044734 0.252522 0.081974 
0.0426962 0.272758 0.0897126 
0.0387363 0.255198 0.0840064 
0.0391995 0.269336 0.0801151 
0.0378796 0.26113 0.0809777 
0.0392613 0.232076 0.0809777 
0.0361666 0.238696 0.078415 
0.0373375 0.238696 0.0859269 
0.0348306 0.240258 0.0877303 
0.0355369 0.227307 0.0834472 
0.039034 0.227307 0.0823444 
0.0359058 0.227138 0.0801673 
0.0344315 0.244189 0.0762122 
0.0341775 0.23876 0.0762122 
0.0368916 0.23876 0.0783587 
0.033578 0.21563 0.0698044 
0.0328739 0.205755 0.0730956 
0.0279228 0.196133 0.0673284 
0.0303034 0.196133 0.0714879 
0.0281245 0.17784 0.0707278 
0.0281245 0.179815 0.0707278 
0.02626 0.17079 0.0707278 
0.0268307 0.173102 0.0774994 
0.0268307 0.185954 0.0771719 
0.0231769 0.183156 0.0713566 
0.0206872 0.180047 0.0664602 
0.0211238 0.195601 0.0628125 
0.0214675 0.187961 0.0689076 
0.0227888 0.200144 0.0634158 
0.022795 0.211918 0.0626145 
0.0208896 0.194786 0.0635087 
0.0213647 0.202747 0.0721245 
0.0215442 0.173072 0.0695383 
0.0204963 0.173072 0.0694298 
0.0204963 0.180964 0.0694298 
0.0211741 0.174791 0.0678154 
0.019956 0.164586 0.0666967 
0.0196241 0.169967 0.0666967 
0.0193361 0.169355 0.0607412 
0.0172657 0.178133 0.0605518 
0.0167894 0.178063 0.0605518 
0.0163292 0.194586 0.0634995 
0.017941 0.194575 0.0688531 
0.0163973 0.209568 0.0679678 
0.0178788 0.223473 0.069841 
0.0181484 0.215286 0.0763165 
0.0181484 0.21291 0.0827567 
0.0180498 0.222667 0.0753336 
0.018371 0.211964 0.07105 
0.0192624 0.211964 0.074885 
0.0178495 0.205983 0.0714025 
0.0178495 0.227486 0.0723748 
0.0170176 0.224201 0.0699083 
0.0154586 0.231027 0.0718262 
0.0140293 0.248393 0.0747488 
0.0143335 0.247905 0.0817103 
0.0143335 0.275536 0.078083 
0.0143335 0.252784 0.0799669 
0.0134767 0.233843 0.0794691 
0.0136181 0.237642 0.0822208 
0.0146202 0.243638 0.0792613 
0.0145996 0.247201 0.0856999 
0.015406 0.234782 0.090585 
