0.199857 
0.256445 
0.219773 
0.222369 
0.192848 
0.122406 
0.124877 
0.126755 
0.11008 
0.100718 
0.103311 
0.0686703 
0.0884973 
0.0642062 
0.0331695 
0.0229875 
0.0133983 
0.0223175 
0.0304884 
0.0320962 
0.0227898 
0.0479676 
0.0367347 
0.023111 
0.0212467 
0.0199596 
0.0164956 
0.0210834 
0.0187733 
0.0440445 
0.0206492 
0.0283527 
0.0444268 
0.0141555 
0.025329 
0.0132731 
0.017343 
0.010068 
0.00352976 
0.0121609 
0.00880603 
0.0102326 
0.0175733 
0.0428672 
0.0382645 
0.0131279 
0.0230333 
0.0246276 
0.0183026 
0.0155344 
0.0241295 
0.00781741 
0.00764652 
0.0269014 
0.0135343 
0.0121925 
0.0177969 
0.0274106 
0.0307046 
0.0481588 
0.0456147 
0.0424716 
0.067542 
0.0829438 
0.0446726 
0.0667591 
0.0899099 
0.0765086 
0.0887502 
0.108447 
0.106003 
0.0921645 
0.0863012 
0.152538 
0.161285 
0.179752 
0.197512 
0.180603 
0.186204 
0.201527 
0.246922 
0.279505 
0.242137 
0.272605 
0.346334 
0.412447 
0.452485 
0.471703 
0.492153 
0.481893 
0.533191 
0.513198 
0.463932 
0.483008 
0.488654 
0.443367 
0.51988 
0.589573 
0.575245 
0.612247 
0.692875 
0.710961 
0.699576 
0.767267 
0.784387 
0.813145 
0.783119 
0.779814 
0.709357 
0.706381 
0.756106 
0.793426 
0.774201 
0.799368 
0.870135 
0.847368 
0.821368 
0.828638 
0.881528 
0.884142 
0.868716 
0.851737 
0.852643 
0.817749 
0.801844 
0.759487 
0.707027 
0.710227 
0.787602 
0.794462 
0.825165 
0.847252 
0.814937 
0.859507 
0.88426 
0.903929 
0.897701 
0.869214 
0.909886 
0.856875 
0.845436 
0.868415 
0.893721 
0.931747 
0.929679 
0.940124 
0.928339 
0.930466 
0.979856 
0.990237 
0.982815 
0.976528 
0.973407 
0.940324 
0.932635 
0.95103 
0.974023 
0.987621 
0.957112 
0.962167 
0.942916 
0.968863 
0.967603 
0.957023 
0.964776 
0.955791 
0.94323 
0.92438 
0.893302 
0.902321 
0.875729 
0.894933 
0.906483 
0.931893 
0.922232 
0.925996 
0.890365 
0.840099 
0.833276 
0.865072 
0.850197 
0.844147 
0.832983 
0.814455 
0.765319 
0.779951 
0.778534 
0.797377 
0.740427 
0.651843 
0.711791 
0.701654 
0.732194 
0.750823 
0.698635 
0.722697 
0.703906 
0.720511 
0.741813 
0.734444 
0.703127 
0.722293 
0.80695 
0.837701 
0.822605 
0.843214 
0.797259 
0.765887 
0.73241 
0.784644 
0.828565 
0.840061 
0.776577 
0.691733 
0.729211 
0.724467 
0.756733 
0.762799 
0.755353 
0.694631 
0.663315 
0.673006 
0.682607 
0.663393 
0.703214 
0.72564 
0.748384 
0.737961 
0.81276 
0.853108 
0.885044 
0.928422 
0.924262 
0.941721 
0.940393 
0.931624 
0.901629 
0.908282 
0.885544 
0.919565 
0.954745 
0.967181 
0.958357 
0.963922 
0.956438 
0.968021 
0.948477 
0.974473 
0.971472 
0.954137 
0.956669 
0.9539 
0.966225 
0.982608 
0.990937 
0.962173 
0.981469 
0.982327 
0.963333 
0.988145 
0.993734 
0.999295 
0.998095 
0.985252 
0.967174 
0.95854 
0.964647 
0.97153 
0.955887 
0.927553 
0.953812 
0.977173 
0.999318 
0.986406 
0.990181 
0.976781 
0.967211 
0.936398 
0.926495 
0.864261 
0.854879 
0.856372 
0.942358 
0.932397 
0.940571 
0.935304 
0.930363 
0.930689 
0.940752 
0.946146 
0.955237 
0.979644 
0.969358 
0.951818 
0.972005 
0.977028 
0.972121 
0.936732 
0.909491 
0.939703 
0.977986 
0.95077 
0.916028 
0.953836 
0.918862 
0.91663 
0.909001 
0.917971 
0.906404 
0.950248 
0.936389 
0.942707 
0.949451 
0.949993 
0.929585 
0.935505 
0.881041 
0.939987 
0.92339 
0.921271 
0.939914 
0.930595 
0.897019 
0.798027 
0.782724 
0.767645 
0.808044 
0.840316 
0.863686 
0.828724 
0.807283 
0.848924 
0.885635 
0.874732 
0.852831 
0.816283 
0.789421 
0.852038 
0.869344 
0.830963 
0.809399 
0.817216 
0.829876 
0.840081 
0.852627 
0.886684 
0.845542 
0.868903 
0.883813 
0.891194 
0.877117 
0.819179 
0.869982 
0.895357 
0.866494 
0.900431 
0.876878 
0.90568 
0.910482 
0.928125 
0.914807 
0.901513 
0.888094 
0.893177 
0.900548 
0.879046 
0.868309 
0.823275 
0.841362 
0.827017 
0.853448 
0.892532 
0.912363 
0.893181 
0.88802 
0.941773 
0.959861 
0.972832 
0.98144 
0.98515 
0.993096 
0.998735 
0.999821 
0.987668 
0.995184 
0.994655 
0.999028 
0.990418 
0.988572 
0.974127 
0.962305 
0.981952 
0.987029 
0.983104 
0.982041 
0.982784 
0.971698 
0.997748 
0.995123 
0.990967 
0.997584 
0.987839 
0.986331 
0.989947 
0.979288 
0.978612 
0.98322 
0.960937 
0.966247 
0.968559 
0.940276 
0.956876 
0.977853 
0.997324 
0.995476 
0.991587 
0.999635 
0.999593 
0.999317 
0.998098 
0.996373 
0.998666 
0.992597 
0.996449 
0.998827 
0.974598 
0.977192 
0.981092 
0.969489 
0.963546 
0.950491 
0.936427 
0.949138 
0.930249 
0.920311 
0.91049 
0.876669 
0.885259 
0.916953 
0.94593 
0.970443 
0.978629 
0.990253 
0.993144 
0.994565 
0.987502 
0.983534 
0.996131 
0.991489 
0.990934 
0.981545 
0.988234 
0.984089 
0.9687 
0.981039 
0.988778 
0.993343 
0.993578 
0.997679 
0.993426 
0.983429 
0.981683 
0.989079 
0.989299 
0.97452 
0.972815 
0.967939 
0.973499 
0.969372 
0.972972 
0.941193 
0.954532 
0.972152 
0.969762 
0.984724 
0.986367 
0.976811 
0.990812 
0.992128 
0.993281 
0.998782 
0.997464 
0.997207 
0.998649 
0.993404 
0.985177 
0.988362 
0.984771 
0.987861 
0.987774 
0.9726 
0.92951 
0.957297 
0.982928 
0.978894 
0.975637 
0.978553 
0.983109 
0.978683 
0.972449 
0.9548 
0.982334 
0.986841 
0.989615 
0.994247 
0.991655 
0.992346 
0.999595 
0.997239 
0.991283 
0.979837 
0.981127 
0.962566 
0.974907 
0.967973 
0.951893 
0.947416 
0.963105 
0.97787 
0.97456 
0.966339 
0.938374 
0.921865 
0.931924 
0.965429 
0.977728 
0.992891 
0.994939 
0.998184 
0.997882 
0.994665 
0.99127 
0.994655 
0.992263 
0.984005 
0.965805 
0.967396 
0.98433 
0.988497 
0.968781 
0.986734 
0.985252 
0.984655 
0.967885 
0.964615 
0.950014 
0.960727 
0.989487 
0.99054 
0.992422 
0.988505 
0.988714 
0.993382 
0.988918 
0.973411 
0.985167 
0.991846 
0.999481 
0.997241 
0.985072 
0.974929 
0.970983 
0.967429 
0.948877 
0.957925 
0.968425 
0.911571 
0.891537 
0.874042 
0.894007 
0.894539 
0.897585 
0.916447 
0.940758 
0.941912 
0.956848 
0.97388 
0.987732 
0.996459 
0.993197 
0.998 
0.993572 
0.997952 
0.999681 
0.997313 
0.988395 
0.999263 
0.998375 
0.992309 
0.989471 
0.980524 
0.95325 
0.955202 
0.930683 
0.899575 
0.910928 
0.890329 
0.890533 
0.918674 
0.893186 
0.900149 
0.903187 
0.899902 
0.919608 
0.916144 
0.930632 
0.896152 
0.88267 
0.891525 
0.894452 
0.942673 
0.920923 
0.938592 
0.948535 
0.946993 
0.90734 
0.904932 
0.892798 
0.85987 
0.830086 
0.897851 
0.849641 
0.861903 
0.847155 
0.830105 
0.844227 
0.814757 
0.83816 
0.830336 
0.849035 
0.871161 
0.896858 
0.893191 
0.904844 
0.900654 
0.892588 
0.947569 
0.933808 
0.933325 
0.943361 
0.943933 
0.918552 
0.881677 
0.835116 
0.819075 
0.76418 
0.8062 
0.817194 
0.88337 
0.88077 
0.872981 
0.849786 
0.862147 
0.907277 
0.918934 
0.847841 
0.846205 
0.818318 
0.841174 
0.828825 
0.855993 
0.884064 
0.816096 
0.854466 
0.873314 
0.866251 
0.830065 
0.823154 
0.852433 
0.799429 
0.859081 
0.838857 
0.891009 
0.903761 
0.858528 
0.824644 
0.836704 
0.888654 
0.91242 
0.898534 
0.904298 
0.87772 
0.880948 
0.915256 
0.915615 
0.917347 
0.931057 
0.933083 
0.919327 
0.921348 
0.94357 
0.935865 
0.94522 
0.947927 
0.95739 
0.965255 
0.95566 
0.965091 
0.946946 
0.919943 
0.907171 
0.929188 
0.916595 
0.927305 
0.937544 
0.931492 
0.960241 
0.973122 
0.963453 
0.944923 
0.928116 
0.950173 
0.960807 
0.954711 
0.957443 
0.946276 
0.952205 
0.975068 
0.975234 
0.991578 
0.996264 
0.994932 
0.996641 
0.98892 
0.998812 
0.998345 
0.989241 
0.986373 
0.996857 
0.975555 
0.979989 
0.966377 
0.958458 
0.95987 
0.958881 
0.989346 
0.980165 
0.939844 
0.923545 
0.946568 
0.919418 
0.897729 
0.887861 
0.915165 
0.911567 
0.919081 
0.921764 
0.944313 
0.954034 
0.972895 
0.952083 
0.947779 
0.899396 
0.906066 
0.892608 
0.9 
0.920073 
0.92604 
0.883195 
0.933114 
0.923607 
0.937937 
0.91884 
0.909758 
0.935723 
0.95498 
0.961463 
0.952478 
0.974613 
0.971409 
0.951969 
0.957931 
0.969015 
0.98109 
0.98887 
0.993099 
0.985309 
0.968364 
0.986178 
0.967945 
0.980211 
0.927318 
0.919624 
0.924685 
0.954259 
0.910384 
0.91909 
0.874381 
0.868975 
0.872962 
0.859757 
0.886026 
0.902513 
0.85742 
0.908107 
0.913154 
0.903675 
0.906926 
0.912757 
0.912764 
0.94082 
0.958685 
0.935344 
0.959615 
0.973144 
0.995388 
0.992131 
0.975575 
0.981608 
0.97724 
0.948421 
0.955572 
0.963932 
0.921751 
0.917434 
0.876853 
0.813365 
0.794826 
0.847096 
0.846713 
0.82515 
0.805195 
0.788726 
0.752189 
0.712959 
0.706207 
0.826362 
0.786588 
0.811548 
0.814032 
0.809044 
0.823771 
0.826102 
0.876244 
0.863025 
0.903043 
0.905762 
0.868199 
0.885489 
0.834964 
0.844543 
0.829484 
0.859797 
0.848198 
0.84552 
0.863434 
0.846712 
0.870484 
0.846857 
0.831724 
0.835853 
0.856024 
0.864436 
0.903616 
0.831018 
0.849672 
0.897609 
0.925731 
0.92927 
0.945541 
0.960953 
0.956087 
0.939926 
0.924675 
0.922529 
0.964403 
0.958123 
0.967517 
0.971145 
0.981826 
0.983977 
0.982453 
0.977136 
0.991954 
0.992684 
0.982636 
0.987066 
0.989087 
0.985357 
0.985983 
0.974632 
0.986413 
0.995194 
0.987731 
0.992622 
0.99227 
0.995394 
0.999959 
0.998978 
0.999536 
0.995312 
0.995886 
0.990819 
0.996336 
0.990669 
0.991327 
0.988214 
0.99663 
0.990061 
0.991876 
0.989529 
0.978914 
0.958672 
0.96951 
0.943455 
0.889071 
0.903343 
0.890131 
0.915934 
0.924836 
0.942584 
0.938042 
0.912495 
0.896443 
0.879451 
0.880759 
0.882332 
0.904512 
0.941614 
0.938651 
0.925255 
0.923232 
0.961283 
0.956547 
0.935864 
0.924769 
0.943758 
0.92467 
0.891204 
0.911633 
0.862619 
0.858966 
0.897574 
0.863801 
0.750464 
0.736014 
0.744953 
0.767341 
0.797098 
0.788155 
0.832407 
0.864425 
0.874931 
0.885006 
0.807914 
0.803213 
0.812931 
0.821536 
0.869288 
0.904763 
0.916501 
0.937472 
0.929002 
0.960955 
0.934068 
0.949767 
0.957585 
0.924347 
0.950119 
0.925053 
0.948516 
0.963688 
0.982287 
0.978816 
0.969522 
0.954524 
0.967517 
0.977586 
0.974132 
0.98805 
0.983688 
0.975192 
0.954147 
0.960184 
0.969211 
0.992422 
0.997863 
0.997707 
0.997607 
0.998509 
0.999146 
0.97929 
0.98023 
0.991194 
0.963536 
0.962031 
0.958641 
0.954718 
0.949559 
0.927318 
0.908774 
0.887257 
0.864833 
0.830304 
0.878958 
0.880215 
0.855725 
0.872841 
0.840505 
0.907044 
